[2023-05-01T06:20:28.335+0000] {taskinstance.py:1125} INFO - Dependencies all met for dep_context=non-requeueable deps ti=<TaskInstance: ingest-data_dag.spark_ingest_submit_task manual__2023-05-01T06:20:26.618033+00:00 [queued]>
[2023-05-01T06:20:28.364+0000] {taskinstance.py:1125} INFO - Dependencies all met for dep_context=requeueable deps ti=<TaskInstance: ingest-data_dag.spark_ingest_submit_task manual__2023-05-01T06:20:26.618033+00:00 [queued]>
[2023-05-01T06:20:28.365+0000] {taskinstance.py:1331} INFO - Starting attempt 1 of 1
[2023-05-01T06:20:28.403+0000] {taskinstance.py:1350} INFO - Executing <Task(SparkSubmitOperator): spark_ingest_submit_task> on 2023-05-01 06:20:26.618033+00:00
[2023-05-01T06:20:28.414+0000] {standard_task_runner.py:57} INFO - Started process 5005 to run task
[2023-05-01T06:20:28.423+0000] {standard_task_runner.py:84} INFO - Running: ['***', 'tasks', 'run', 'ingest-data_dag', 'spark_ingest_submit_task', 'manual__2023-05-01T06:20:26.618033+00:00', '--job-id', '11', '--raw', '--subdir', 'DAGS_FOLDER/ingest_dag.py', '--cfg-path', '/tmp/tmpnek0xofm']
[2023-05-01T06:20:28.425+0000] {standard_task_runner.py:85} INFO - Job 11: Subtask spark_ingest_submit_task
[2023-05-01T06:20:28.457+0000] {warnings.py:109} WARNING - /home/***/.local/lib/python3.8/site-packages/***/settings.py:188: DeprecationWarning: The sql_alchemy_conn option in [core] has been moved to the sql_alchemy_conn option in [database] - the old setting has been used, but please update your config.
  SQL_ALCHEMY_CONN = conf.get("database", "SQL_ALCHEMY_CONN")

[2023-05-01T06:20:28.566+0000] {task_command.py:410} INFO - Running <TaskInstance: ingest-data_dag.spark_ingest_submit_task manual__2023-05-01T06:20:26.618033+00:00 [running]> on host ce04d0bd384a
[2023-05-01T06:20:28.782+0000] {taskinstance.py:1568} INFO - Exporting env vars: AIRFLOW_CTX_DAG_EMAIL='dayookubanjo@yahoo.com' AIRFLOW_CTX_DAG_OWNER='dayookubanjo' AIRFLOW_CTX_DAG_ID='ingest-data_dag' AIRFLOW_CTX_TASK_ID='spark_ingest_submit_task' AIRFLOW_CTX_EXECUTION_DATE='2023-05-01T06:20:26.618033+00:00' AIRFLOW_CTX_TRY_NUMBER='1' AIRFLOW_CTX_DAG_RUN_ID='manual__2023-05-01T06:20:26.618033+00:00'
[2023-05-01T06:20:28.803+0000] {spark_submit.py:217} INFO - Could not load connection string spark_local, defaulting to yarn
[2023-05-01T06:20:28.807+0000] {spark_submit.py:339} INFO - Spark-Submit cmd: spark-submit --master yarn --name arrow-spark /opt/***/dags/ingest_data.py
[2023-05-01T06:20:29.700+0000] {spark_submit.py:490} INFO - /home/***/.local/lib/python3.8/site-packages/pyspark/bin/load-spark-env.sh: line 68: ps: command not found
[2023-05-01T07:20:29.522+0000] {local_task_job_runner.py:292} WARNING - DagRun timed out after 1:00:02.704757.
[2023-05-01T07:20:34.593+0000] {local_task_job_runner.py:292} WARNING - DagRun timed out after 1:00:07.777147.
[2023-05-01T07:20:34.594+0000] {local_task_job_runner.py:298} WARNING - State of this instance has been externally set to skipped. Terminating instance.
[2023-05-01T07:20:34.607+0000] {process_utils.py:131} INFO - Sending Signals.SIGTERM to group 5005. PIDs of all processes in the group: [5007, 5005]
[2023-05-01T07:20:34.609+0000] {process_utils.py:86} INFO - Sending the signal Signals.SIGTERM to group 5005
[2023-05-01T07:20:34.617+0000] {taskinstance.py:1540} ERROR - Received SIGTERM. Terminating subprocesses.
[2023-05-01T07:20:34.626+0000] {spark_submit.py:615} INFO - Sending kill signal to spark-submit
[2023-05-01T07:20:35.040+0000] {process_utils.py:79} INFO - Process psutil.Process(pid=5007, status='terminated', started='06:20:28') (5007) terminated with exit code None
[2023-05-01T07:20:35.044+0000] {process_utils.py:79} INFO - Process psutil.Process(pid=5005, status='terminated', exitcode=0, started='06:20:28') (5005) terminated with exit code 0
