[2023-05-01T04:49:35.374+0000] {taskinstance.py:1125} INFO - Dependencies all met for dep_context=non-requeueable deps ti=<TaskInstance: ingest-data_dag.spark_ingest_submit_task manual__2023-05-01T04:40:44.674162+00:00 [queued]>
[2023-05-01T04:49:35.402+0000] {taskinstance.py:1125} INFO - Dependencies all met for dep_context=requeueable deps ti=<TaskInstance: ingest-data_dag.spark_ingest_submit_task manual__2023-05-01T04:40:44.674162+00:00 [queued]>
[2023-05-01T04:49:35.404+0000] {taskinstance.py:1331} INFO - Starting attempt 5 of 6
[2023-05-01T04:49:35.439+0000] {taskinstance.py:1350} INFO - Executing <Task(SparkSubmitOperator): spark_ingest_submit_task> on 2023-05-01 04:40:44.674162+00:00
[2023-05-01T04:49:35.448+0000] {standard_task_runner.py:57} INFO - Started process 895 to run task
[2023-05-01T04:49:35.456+0000] {standard_task_runner.py:84} INFO - Running: ['***', 'tasks', 'run', 'ingest-data_dag', 'spark_ingest_submit_task', 'manual__2023-05-01T04:40:44.674162+00:00', '--job-id', '9', '--raw', '--subdir', 'DAGS_FOLDER/ingest_dag.py', '--cfg-path', '/tmp/tmpg7x3iuj7']
[2023-05-01T04:49:35.458+0000] {standard_task_runner.py:85} INFO - Job 9: Subtask spark_ingest_submit_task
[2023-05-01T04:49:35.486+0000] {warnings.py:109} WARNING - /home/***/.local/lib/python3.8/site-packages/***/settings.py:188: DeprecationWarning: The sql_alchemy_conn option in [core] has been moved to the sql_alchemy_conn option in [database] - the old setting has been used, but please update your config.
  SQL_ALCHEMY_CONN = conf.get("database", "SQL_ALCHEMY_CONN")

[2023-05-01T04:49:35.582+0000] {task_command.py:410} INFO - Running <TaskInstance: ingest-data_dag.spark_ingest_submit_task manual__2023-05-01T04:40:44.674162+00:00 [running]> on host ce04d0bd384a
[2023-05-01T04:49:35.765+0000] {taskinstance.py:1568} INFO - Exporting env vars: AIRFLOW_CTX_DAG_EMAIL='dayookubanjo@yahoo.com' AIRFLOW_CTX_DAG_OWNER='dayookubanjo' AIRFLOW_CTX_DAG_ID='ingest-data_dag' AIRFLOW_CTX_TASK_ID='spark_ingest_submit_task' AIRFLOW_CTX_EXECUTION_DATE='2023-05-01T04:40:44.674162+00:00' AIRFLOW_CTX_TRY_NUMBER='5' AIRFLOW_CTX_DAG_RUN_ID='manual__2023-05-01T04:40:44.674162+00:00'
[2023-05-01T04:49:35.784+0000] {spark_submit.py:217} INFO - Could not load connection string spark_local, defaulting to yarn
[2023-05-01T04:49:35.788+0000] {spark_submit.py:339} INFO - Spark-Submit cmd: spark-submit --master yarn --name arrow-spark /opt/***/dags/ingest_data.py
[2023-05-01T04:49:36.618+0000] {spark_submit.py:490} INFO - /home/***/.local/lib/python3.8/site-packages/pyspark/bin/load-spark-env.sh: line 68: ps: command not found
[2023-05-01T05:40:48.942+0000] {local_task_job_runner.py:292} WARNING - DagRun timed out after 1:00:03.504131.
[2023-05-01T05:40:54.060+0000] {local_task_job_runner.py:292} WARNING - DagRun timed out after 1:00:08.624553.
[2023-05-01T05:40:54.063+0000] {local_task_job_runner.py:298} WARNING - State of this instance has been externally set to skipped. Terminating instance.
[2023-05-01T05:40:54.075+0000] {process_utils.py:131} INFO - Sending Signals.SIGTERM to group 895. PIDs of all processes in the group: [897, 916, 918, 895]
[2023-05-01T05:40:54.077+0000] {process_utils.py:86} INFO - Sending the signal Signals.SIGTERM to group 895
[2023-05-01T05:40:54.111+0000] {taskinstance.py:1540} ERROR - Received SIGTERM. Terminating subprocesses.
[2023-05-01T05:40:54.327+0000] {process_utils.py:79} INFO - Process psutil.Process(pid=895, status='terminated', exitcode=0, started='04:49:35') (895) terminated with exit code 0
[2023-05-01T05:40:54.589+0000] {process_utils.py:79} INFO - Process psutil.Process(pid=897, status='terminated', started='04:49:35') (897) terminated with exit code None
[2023-05-01T05:40:54.592+0000] {process_utils.py:79} INFO - Process psutil.Process(pid=916, status='terminated', started='04:49:36') (916) terminated with exit code None
[2023-05-01T05:41:54.115+0000] {process_utils.py:149} WARNING - process psutil.Process(pid=918, name='java', status='sleeping', started='04:49:36') did not respond to SIGTERM. Trying SIGKILL
[2023-05-01T05:41:54.154+0000] {process_utils.py:86} INFO - Sending the signal Signals.SIGKILL to group 895
[2023-05-01T05:41:54.505+0000] {process_utils.py:79} INFO - Process psutil.Process(pid=918, name='java', status='terminated', started='04:49:36') (918) terminated with exit code None
