[2023-05-01T04:30:14.931+0000] {processor.py:156} INFO - Started process (PID=102) to work on /home/airflow/.local/lib/python3.8/site-packages/airflow/example_dags/subdags/subdag.py
[2023-05-01T04:30:14.940+0000] {processor.py:799} INFO - Processing file /home/airflow/.local/lib/python3.8/site-packages/airflow/example_dags/subdags/subdag.py for tasks to queue
[2023-05-01T04:30:14.957+0000] {logging_mixin.py:149} INFO - [2023-05-01T04:30:14.944+0000] {dagbag.py:541} INFO - Filling up the DagBag from /home/airflow/.local/lib/python3.8/site-packages/airflow/example_dags/subdags/subdag.py
[2023-05-01T04:30:14.990+0000] {processor.py:811} WARNING - No viable dags retrieved from /home/airflow/.local/lib/python3.8/site-packages/airflow/example_dags/subdags/subdag.py
[2023-05-01T04:30:15.121+0000] {processor.py:178} INFO - Processing /home/airflow/.local/lib/python3.8/site-packages/airflow/example_dags/subdags/subdag.py took 0.295 seconds
[2023-05-01T04:31:19.165+0000] {processor.py:156} INFO - Started process (PID=240) to work on /home/airflow/.local/lib/python3.8/site-packages/airflow/example_dags/subdags/subdag.py
[2023-05-01T04:31:19.175+0000] {processor.py:799} INFO - Processing file /home/airflow/.local/lib/python3.8/site-packages/airflow/example_dags/subdags/subdag.py for tasks to queue
[2023-05-01T04:31:19.185+0000] {logging_mixin.py:149} INFO - [2023-05-01T04:31:19.184+0000] {dagbag.py:541} INFO - Filling up the DagBag from /home/airflow/.local/lib/python3.8/site-packages/airflow/example_dags/subdags/subdag.py
[2023-05-01T04:31:19.212+0000] {processor.py:811} WARNING - No viable dags retrieved from /home/airflow/.local/lib/python3.8/site-packages/airflow/example_dags/subdags/subdag.py
[2023-05-01T04:31:19.300+0000] {processor.py:178} INFO - Processing /home/airflow/.local/lib/python3.8/site-packages/airflow/example_dags/subdags/subdag.py took 0.206 seconds
[2023-05-01T04:31:49.901+0000] {processor.py:156} INFO - Started process (PID=360) to work on /home/airflow/.local/lib/python3.8/site-packages/airflow/example_dags/subdags/subdag.py
[2023-05-01T04:31:49.907+0000] {processor.py:799} INFO - Processing file /home/airflow/.local/lib/python3.8/site-packages/airflow/example_dags/subdags/subdag.py for tasks to queue
[2023-05-01T04:31:49.921+0000] {logging_mixin.py:149} INFO - [2023-05-01T04:31:49.919+0000] {dagbag.py:541} INFO - Filling up the DagBag from /home/airflow/.local/lib/python3.8/site-packages/airflow/example_dags/subdags/subdag.py
[2023-05-01T04:31:49.958+0000] {processor.py:811} WARNING - No viable dags retrieved from /home/airflow/.local/lib/python3.8/site-packages/airflow/example_dags/subdags/subdag.py
[2023-05-01T04:31:50.093+0000] {processor.py:178} INFO - Processing /home/airflow/.local/lib/python3.8/site-packages/airflow/example_dags/subdags/subdag.py took 0.218 seconds
[2023-05-01T04:32:20.536+0000] {processor.py:156} INFO - Started process (PID=473) to work on /home/airflow/.local/lib/python3.8/site-packages/airflow/example_dags/subdags/subdag.py
[2023-05-01T04:32:20.539+0000] {processor.py:799} INFO - Processing file /home/airflow/.local/lib/python3.8/site-packages/airflow/example_dags/subdags/subdag.py for tasks to queue
[2023-05-01T04:32:20.545+0000] {logging_mixin.py:149} INFO - [2023-05-01T04:32:20.543+0000] {dagbag.py:541} INFO - Filling up the DagBag from /home/airflow/.local/lib/python3.8/site-packages/airflow/example_dags/subdags/subdag.py
[2023-05-01T04:32:20.555+0000] {processor.py:811} WARNING - No viable dags retrieved from /home/airflow/.local/lib/python3.8/site-packages/airflow/example_dags/subdags/subdag.py
[2023-05-01T04:32:20.596+0000] {processor.py:178} INFO - Processing /home/airflow/.local/lib/python3.8/site-packages/airflow/example_dags/subdags/subdag.py took 0.080 seconds
[2023-05-01T04:32:50.907+0000] {processor.py:156} INFO - Started process (PID=598) to work on /home/airflow/.local/lib/python3.8/site-packages/airflow/example_dags/subdags/subdag.py
[2023-05-01T04:32:50.910+0000] {processor.py:799} INFO - Processing file /home/airflow/.local/lib/python3.8/site-packages/airflow/example_dags/subdags/subdag.py for tasks to queue
[2023-05-01T04:32:50.919+0000] {logging_mixin.py:149} INFO - [2023-05-01T04:32:50.919+0000] {dagbag.py:541} INFO - Filling up the DagBag from /home/airflow/.local/lib/python3.8/site-packages/airflow/example_dags/subdags/subdag.py
[2023-05-01T04:32:50.939+0000] {processor.py:811} WARNING - No viable dags retrieved from /home/airflow/.local/lib/python3.8/site-packages/airflow/example_dags/subdags/subdag.py
[2023-05-01T04:32:50.994+0000] {processor.py:178} INFO - Processing /home/airflow/.local/lib/python3.8/site-packages/airflow/example_dags/subdags/subdag.py took 0.108 seconds
[2023-05-01T04:33:21.255+0000] {processor.py:156} INFO - Started process (PID=710) to work on /home/airflow/.local/lib/python3.8/site-packages/airflow/example_dags/subdags/subdag.py
[2023-05-01T04:33:21.257+0000] {processor.py:799} INFO - Processing file /home/airflow/.local/lib/python3.8/site-packages/airflow/example_dags/subdags/subdag.py for tasks to queue
[2023-05-01T04:33:21.261+0000] {logging_mixin.py:149} INFO - [2023-05-01T04:33:21.260+0000] {dagbag.py:541} INFO - Filling up the DagBag from /home/airflow/.local/lib/python3.8/site-packages/airflow/example_dags/subdags/subdag.py
[2023-05-01T04:33:21.266+0000] {processor.py:811} WARNING - No viable dags retrieved from /home/airflow/.local/lib/python3.8/site-packages/airflow/example_dags/subdags/subdag.py
[2023-05-01T04:33:21.291+0000] {processor.py:178} INFO - Processing /home/airflow/.local/lib/python3.8/site-packages/airflow/example_dags/subdags/subdag.py took 0.044 seconds
[2023-05-01T04:33:51.706+0000] {processor.py:156} INFO - Started process (PID=833) to work on /home/airflow/.local/lib/python3.8/site-packages/airflow/example_dags/subdags/subdag.py
[2023-05-01T04:33:51.726+0000] {processor.py:799} INFO - Processing file /home/airflow/.local/lib/python3.8/site-packages/airflow/example_dags/subdags/subdag.py for tasks to queue
[2023-05-01T04:33:51.733+0000] {logging_mixin.py:149} INFO - [2023-05-01T04:33:51.733+0000] {dagbag.py:541} INFO - Filling up the DagBag from /home/airflow/.local/lib/python3.8/site-packages/airflow/example_dags/subdags/subdag.py
[2023-05-01T04:33:51.744+0000] {processor.py:811} WARNING - No viable dags retrieved from /home/airflow/.local/lib/python3.8/site-packages/airflow/example_dags/subdags/subdag.py
[2023-05-01T04:33:51.800+0000] {processor.py:178} INFO - Processing /home/airflow/.local/lib/python3.8/site-packages/airflow/example_dags/subdags/subdag.py took 0.104 seconds
[2023-05-01T04:34:22.840+0000] {processor.py:156} INFO - Started process (PID=944) to work on /home/airflow/.local/lib/python3.8/site-packages/airflow/example_dags/subdags/subdag.py
[2023-05-01T04:34:22.854+0000] {processor.py:799} INFO - Processing file /home/airflow/.local/lib/python3.8/site-packages/airflow/example_dags/subdags/subdag.py for tasks to queue
[2023-05-01T04:34:22.899+0000] {logging_mixin.py:149} INFO - [2023-05-01T04:34:22.889+0000] {dagbag.py:541} INFO - Filling up the DagBag from /home/airflow/.local/lib/python3.8/site-packages/airflow/example_dags/subdags/subdag.py
[2023-05-01T04:34:23.004+0000] {processor.py:811} WARNING - No viable dags retrieved from /home/airflow/.local/lib/python3.8/site-packages/airflow/example_dags/subdags/subdag.py
[2023-05-01T04:34:23.135+0000] {processor.py:178} INFO - Processing /home/airflow/.local/lib/python3.8/site-packages/airflow/example_dags/subdags/subdag.py took 0.340 seconds
[2023-05-01T04:34:53.283+0000] {processor.py:156} INFO - Started process (PID=1070) to work on /home/airflow/.local/lib/python3.8/site-packages/airflow/example_dags/subdags/subdag.py
[2023-05-01T04:34:53.293+0000] {processor.py:799} INFO - Processing file /home/airflow/.local/lib/python3.8/site-packages/airflow/example_dags/subdags/subdag.py for tasks to queue
[2023-05-01T04:34:53.299+0000] {logging_mixin.py:149} INFO - [2023-05-01T04:34:53.298+0000] {dagbag.py:541} INFO - Filling up the DagBag from /home/airflow/.local/lib/python3.8/site-packages/airflow/example_dags/subdags/subdag.py
[2023-05-01T04:34:53.313+0000] {processor.py:811} WARNING - No viable dags retrieved from /home/airflow/.local/lib/python3.8/site-packages/airflow/example_dags/subdags/subdag.py
[2023-05-01T04:34:53.337+0000] {processor.py:178} INFO - Processing /home/airflow/.local/lib/python3.8/site-packages/airflow/example_dags/subdags/subdag.py took 0.060 seconds
[2023-05-01T04:35:24.356+0000] {processor.py:156} INFO - Started process (PID=1181) to work on /home/airflow/.local/lib/python3.8/site-packages/airflow/example_dags/subdags/subdag.py
[2023-05-01T04:35:24.366+0000] {processor.py:799} INFO - Processing file /home/airflow/.local/lib/python3.8/site-packages/airflow/example_dags/subdags/subdag.py for tasks to queue
[2023-05-01T04:35:24.370+0000] {logging_mixin.py:149} INFO - [2023-05-01T04:35:24.369+0000] {dagbag.py:541} INFO - Filling up the DagBag from /home/airflow/.local/lib/python3.8/site-packages/airflow/example_dags/subdags/subdag.py
[2023-05-01T04:35:24.377+0000] {processor.py:811} WARNING - No viable dags retrieved from /home/airflow/.local/lib/python3.8/site-packages/airflow/example_dags/subdags/subdag.py
[2023-05-01T04:35:24.406+0000] {processor.py:178} INFO - Processing /home/airflow/.local/lib/python3.8/site-packages/airflow/example_dags/subdags/subdag.py took 0.066 seconds
[2023-05-01T04:35:55.657+0000] {processor.py:156} INFO - Started process (PID=1295) to work on /home/airflow/.local/lib/python3.8/site-packages/airflow/example_dags/subdags/subdag.py
[2023-05-01T04:35:55.659+0000] {processor.py:799} INFO - Processing file /home/airflow/.local/lib/python3.8/site-packages/airflow/example_dags/subdags/subdag.py for tasks to queue
[2023-05-01T04:35:55.663+0000] {logging_mixin.py:149} INFO - [2023-05-01T04:35:55.662+0000] {dagbag.py:541} INFO - Filling up the DagBag from /home/airflow/.local/lib/python3.8/site-packages/airflow/example_dags/subdags/subdag.py
[2023-05-01T04:35:55.669+0000] {processor.py:811} WARNING - No viable dags retrieved from /home/airflow/.local/lib/python3.8/site-packages/airflow/example_dags/subdags/subdag.py
[2023-05-01T04:35:55.717+0000] {processor.py:178} INFO - Processing /home/airflow/.local/lib/python3.8/site-packages/airflow/example_dags/subdags/subdag.py took 0.078 seconds
