[2023-05-01T04:31:05.039+0000] {processor.py:156} INFO - Started process (PID=209) to work on /home/airflow/.local/lib/python3.8/site-packages/airflow/example_dags/example_external_task_marker_dag.py
[2023-05-01T04:31:05.042+0000] {processor.py:799} INFO - Processing file /home/airflow/.local/lib/python3.8/site-packages/airflow/example_dags/example_external_task_marker_dag.py for tasks to queue
[2023-05-01T04:31:05.047+0000] {logging_mixin.py:149} INFO - [2023-05-01T04:31:05.046+0000] {dagbag.py:541} INFO - Filling up the DagBag from /home/airflow/.local/lib/python3.8/site-packages/airflow/example_dags/example_external_task_marker_dag.py
[2023-05-01T04:31:05.545+0000] {processor.py:809} INFO - DAG(s) dict_keys(['example_external_task_marker_parent', 'example_external_task_marker_child']) retrieved from /home/airflow/.local/lib/python3.8/site-packages/airflow/example_dags/example_external_task_marker_dag.py
[2023-05-01T04:31:06.595+0000] {logging_mixin.py:149} INFO - [2023-05-01T04:31:06.594+0000] {manager.py:504} INFO - Created Permission View: can read on DAG:example_external_task_marker_parent
[2023-05-01T04:31:06.700+0000] {logging_mixin.py:149} INFO - [2023-05-01T04:31:06.699+0000] {manager.py:504} INFO - Created Permission View: can delete on DAG:example_external_task_marker_parent
[2023-05-01T04:31:06.763+0000] {logging_mixin.py:149} INFO - [2023-05-01T04:31:06.762+0000] {manager.py:504} INFO - Created Permission View: can edit on DAG:example_external_task_marker_parent
[2023-05-01T04:31:06.889+0000] {logging_mixin.py:149} INFO - [2023-05-01T04:31:06.888+0000] {manager.py:504} INFO - Created Permission View: can read on DAG:example_external_task_marker_child
[2023-05-01T04:31:06.938+0000] {logging_mixin.py:149} INFO - [2023-05-01T04:31:06.937+0000] {manager.py:504} INFO - Created Permission View: can delete on DAG:example_external_task_marker_child
[2023-05-01T04:31:06.978+0000] {logging_mixin.py:149} INFO - [2023-05-01T04:31:06.977+0000] {manager.py:504} INFO - Created Permission View: can edit on DAG:example_external_task_marker_child
[2023-05-01T04:31:06.988+0000] {logging_mixin.py:149} INFO - [2023-05-01T04:31:06.987+0000] {dag.py:2726} INFO - Sync 2 DAGs
[2023-05-01T04:31:07.061+0000] {logging_mixin.py:149} INFO - [2023-05-01T04:31:07.057+0000] {dag.py:2747} INFO - Creating ORM DAG for example_external_task_marker_parent
[2023-05-01T04:31:07.067+0000] {logging_mixin.py:149} INFO - [2023-05-01T04:31:07.065+0000] {dag.py:2747} INFO - Creating ORM DAG for example_external_task_marker_child
[2023-05-01T04:31:07.157+0000] {logging_mixin.py:149} INFO - [2023-05-01T04:31:07.157+0000] {dag.py:3486} INFO - Setting next_dagrun for example_external_task_marker_child to None, run_after=None
[2023-05-01T04:31:07.171+0000] {logging_mixin.py:149} INFO - [2023-05-01T04:31:07.168+0000] {dag.py:3486} INFO - Setting next_dagrun for example_external_task_marker_parent to None, run_after=None
[2023-05-01T04:31:07.288+0000] {processor.py:178} INFO - Processing /home/airflow/.local/lib/python3.8/site-packages/airflow/example_dags/example_external_task_marker_dag.py took 2.278 seconds
[2023-05-01T04:31:37.986+0000] {processor.py:156} INFO - Started process (PID=324) to work on /home/airflow/.local/lib/python3.8/site-packages/airflow/example_dags/example_external_task_marker_dag.py
[2023-05-01T04:31:37.995+0000] {processor.py:799} INFO - Processing file /home/airflow/.local/lib/python3.8/site-packages/airflow/example_dags/example_external_task_marker_dag.py for tasks to queue
[2023-05-01T04:31:38.005+0000] {logging_mixin.py:149} INFO - [2023-05-01T04:31:38.005+0000] {dagbag.py:541} INFO - Filling up the DagBag from /home/airflow/.local/lib/python3.8/site-packages/airflow/example_dags/example_external_task_marker_dag.py
[2023-05-01T04:31:38.059+0000] {processor.py:809} INFO - DAG(s) dict_keys(['example_external_task_marker_parent', 'example_external_task_marker_child']) retrieved from /home/airflow/.local/lib/python3.8/site-packages/airflow/example_dags/example_external_task_marker_dag.py
[2023-05-01T04:31:38.284+0000] {logging_mixin.py:149} INFO - [2023-05-01T04:31:38.283+0000] {dag.py:2726} INFO - Sync 2 DAGs
[2023-05-01T04:31:38.479+0000] {logging_mixin.py:149} INFO - [2023-05-01T04:31:38.478+0000] {dag.py:3486} INFO - Setting next_dagrun for example_external_task_marker_child to None, run_after=None
[2023-05-01T04:31:38.505+0000] {logging_mixin.py:149} INFO - [2023-05-01T04:31:38.504+0000] {dag.py:3486} INFO - Setting next_dagrun for example_external_task_marker_parent to None, run_after=None
[2023-05-01T04:31:38.611+0000] {processor.py:178} INFO - Processing /home/airflow/.local/lib/python3.8/site-packages/airflow/example_dags/example_external_task_marker_dag.py took 0.648 seconds
[2023-05-01T04:32:08.763+0000] {processor.py:156} INFO - Started process (PID=449) to work on /home/airflow/.local/lib/python3.8/site-packages/airflow/example_dags/example_external_task_marker_dag.py
[2023-05-01T04:32:08.772+0000] {processor.py:799} INFO - Processing file /home/airflow/.local/lib/python3.8/site-packages/airflow/example_dags/example_external_task_marker_dag.py for tasks to queue
[2023-05-01T04:32:08.783+0000] {logging_mixin.py:149} INFO - [2023-05-01T04:32:08.783+0000] {dagbag.py:541} INFO - Filling up the DagBag from /home/airflow/.local/lib/python3.8/site-packages/airflow/example_dags/example_external_task_marker_dag.py
[2023-05-01T04:32:08.834+0000] {processor.py:809} INFO - DAG(s) dict_keys(['example_external_task_marker_child', 'example_external_task_marker_parent']) retrieved from /home/airflow/.local/lib/python3.8/site-packages/airflow/example_dags/example_external_task_marker_dag.py
[2023-05-01T04:32:09.145+0000] {logging_mixin.py:149} INFO - [2023-05-01T04:32:09.144+0000] {dag.py:2726} INFO - Sync 2 DAGs
[2023-05-01T04:32:09.315+0000] {logging_mixin.py:149} INFO - [2023-05-01T04:32:09.314+0000] {dag.py:3486} INFO - Setting next_dagrun for example_external_task_marker_child to None, run_after=None
[2023-05-01T04:32:09.378+0000] {logging_mixin.py:149} INFO - [2023-05-01T04:32:09.378+0000] {dag.py:3486} INFO - Setting next_dagrun for example_external_task_marker_parent to None, run_after=None
[2023-05-01T04:32:09.486+0000] {processor.py:178} INFO - Processing /home/airflow/.local/lib/python3.8/site-packages/airflow/example_dags/example_external_task_marker_dag.py took 0.741 seconds
[2023-05-01T04:32:40.232+0000] {processor.py:156} INFO - Started process (PID=561) to work on /home/airflow/.local/lib/python3.8/site-packages/airflow/example_dags/example_external_task_marker_dag.py
[2023-05-01T04:32:40.238+0000] {processor.py:799} INFO - Processing file /home/airflow/.local/lib/python3.8/site-packages/airflow/example_dags/example_external_task_marker_dag.py for tasks to queue
[2023-05-01T04:32:40.248+0000] {logging_mixin.py:149} INFO - [2023-05-01T04:32:40.247+0000] {dagbag.py:541} INFO - Filling up the DagBag from /home/airflow/.local/lib/python3.8/site-packages/airflow/example_dags/example_external_task_marker_dag.py
[2023-05-01T04:32:40.293+0000] {processor.py:809} INFO - DAG(s) dict_keys(['example_external_task_marker_child', 'example_external_task_marker_parent']) retrieved from /home/airflow/.local/lib/python3.8/site-packages/airflow/example_dags/example_external_task_marker_dag.py
[2023-05-01T04:32:40.389+0000] {logging_mixin.py:149} INFO - [2023-05-01T04:32:40.388+0000] {dag.py:2726} INFO - Sync 2 DAGs
[2023-05-01T04:32:40.529+0000] {logging_mixin.py:149} INFO - [2023-05-01T04:32:40.528+0000] {dag.py:3486} INFO - Setting next_dagrun for example_external_task_marker_child to None, run_after=None
[2023-05-01T04:32:40.541+0000] {logging_mixin.py:149} INFO - [2023-05-01T04:32:40.541+0000] {dag.py:3486} INFO - Setting next_dagrun for example_external_task_marker_parent to None, run_after=None
[2023-05-01T04:32:40.589+0000] {processor.py:178} INFO - Processing /home/airflow/.local/lib/python3.8/site-packages/airflow/example_dags/example_external_task_marker_dag.py took 0.388 seconds
[2023-05-01T04:33:12.984+0000] {processor.py:156} INFO - Started process (PID=686) to work on /home/airflow/.local/lib/python3.8/site-packages/airflow/example_dags/example_external_task_marker_dag.py
[2023-05-01T04:33:12.992+0000] {processor.py:799} INFO - Processing file /home/airflow/.local/lib/python3.8/site-packages/airflow/example_dags/example_external_task_marker_dag.py for tasks to queue
[2023-05-01T04:33:13.000+0000] {logging_mixin.py:149} INFO - [2023-05-01T04:33:12.999+0000] {dagbag.py:541} INFO - Filling up the DagBag from /home/airflow/.local/lib/python3.8/site-packages/airflow/example_dags/example_external_task_marker_dag.py
[2023-05-01T04:33:13.056+0000] {processor.py:809} INFO - DAG(s) dict_keys(['example_external_task_marker_child', 'example_external_task_marker_parent']) retrieved from /home/airflow/.local/lib/python3.8/site-packages/airflow/example_dags/example_external_task_marker_dag.py
[2023-05-01T04:33:13.204+0000] {logging_mixin.py:149} INFO - [2023-05-01T04:33:13.201+0000] {dag.py:2726} INFO - Sync 2 DAGs
[2023-05-01T04:33:13.397+0000] {logging_mixin.py:149} INFO - [2023-05-01T04:33:13.397+0000] {dag.py:3486} INFO - Setting next_dagrun for example_external_task_marker_child to None, run_after=None
[2023-05-01T04:33:13.427+0000] {logging_mixin.py:149} INFO - [2023-05-01T04:33:13.426+0000] {dag.py:3486} INFO - Setting next_dagrun for example_external_task_marker_parent to None, run_after=None
[2023-05-01T04:33:13.559+0000] {processor.py:178} INFO - Processing /home/airflow/.local/lib/python3.8/site-packages/airflow/example_dags/example_external_task_marker_dag.py took 0.600 seconds
[2023-05-01T04:33:44.933+0000] {processor.py:156} INFO - Started process (PID=805) to work on /home/airflow/.local/lib/python3.8/site-packages/airflow/example_dags/example_external_task_marker_dag.py
[2023-05-01T04:33:44.952+0000] {processor.py:799} INFO - Processing file /home/airflow/.local/lib/python3.8/site-packages/airflow/example_dags/example_external_task_marker_dag.py for tasks to queue
[2023-05-01T04:33:44.956+0000] {logging_mixin.py:149} INFO - [2023-05-01T04:33:44.955+0000] {dagbag.py:541} INFO - Filling up the DagBag from /home/airflow/.local/lib/python3.8/site-packages/airflow/example_dags/example_external_task_marker_dag.py
[2023-05-01T04:33:44.998+0000] {processor.py:809} INFO - DAG(s) dict_keys(['example_external_task_marker_parent', 'example_external_task_marker_child']) retrieved from /home/airflow/.local/lib/python3.8/site-packages/airflow/example_dags/example_external_task_marker_dag.py
[2023-05-01T04:33:45.222+0000] {logging_mixin.py:149} INFO - [2023-05-01T04:33:45.220+0000] {dag.py:2726} INFO - Sync 2 DAGs
[2023-05-01T04:33:45.446+0000] {logging_mixin.py:149} INFO - [2023-05-01T04:33:45.446+0000] {dag.py:3486} INFO - Setting next_dagrun for example_external_task_marker_child to None, run_after=None
[2023-05-01T04:33:45.496+0000] {logging_mixin.py:149} INFO - [2023-05-01T04:33:45.496+0000] {dag.py:3486} INFO - Setting next_dagrun for example_external_task_marker_parent to None, run_after=None
[2023-05-01T04:33:45.658+0000] {processor.py:178} INFO - Processing /home/airflow/.local/lib/python3.8/site-packages/airflow/example_dags/example_external_task_marker_dag.py took 0.751 seconds
[2023-05-01T04:34:16.054+0000] {processor.py:156} INFO - Started process (PID=923) to work on /home/airflow/.local/lib/python3.8/site-packages/airflow/example_dags/example_external_task_marker_dag.py
[2023-05-01T04:34:16.058+0000] {processor.py:799} INFO - Processing file /home/airflow/.local/lib/python3.8/site-packages/airflow/example_dags/example_external_task_marker_dag.py for tasks to queue
[2023-05-01T04:34:16.064+0000] {logging_mixin.py:149} INFO - [2023-05-01T04:34:16.063+0000] {dagbag.py:541} INFO - Filling up the DagBag from /home/airflow/.local/lib/python3.8/site-packages/airflow/example_dags/example_external_task_marker_dag.py
[2023-05-01T04:34:16.098+0000] {processor.py:809} INFO - DAG(s) dict_keys(['example_external_task_marker_parent', 'example_external_task_marker_child']) retrieved from /home/airflow/.local/lib/python3.8/site-packages/airflow/example_dags/example_external_task_marker_dag.py
[2023-05-01T04:34:16.252+0000] {logging_mixin.py:149} INFO - [2023-05-01T04:34:16.251+0000] {dag.py:2726} INFO - Sync 2 DAGs
[2023-05-01T04:34:16.351+0000] {logging_mixin.py:149} INFO - [2023-05-01T04:34:16.350+0000] {dag.py:3486} INFO - Setting next_dagrun for example_external_task_marker_child to None, run_after=None
[2023-05-01T04:34:16.376+0000] {logging_mixin.py:149} INFO - [2023-05-01T04:34:16.368+0000] {dag.py:3486} INFO - Setting next_dagrun for example_external_task_marker_parent to None, run_after=None
[2023-05-01T04:34:16.435+0000] {processor.py:178} INFO - Processing /home/airflow/.local/lib/python3.8/site-packages/airflow/example_dags/example_external_task_marker_dag.py took 0.393 seconds
[2023-05-01T04:34:49.196+0000] {processor.py:156} INFO - Started process (PID=1050) to work on /home/airflow/.local/lib/python3.8/site-packages/airflow/example_dags/example_external_task_marker_dag.py
[2023-05-01T04:34:49.199+0000] {processor.py:799} INFO - Processing file /home/airflow/.local/lib/python3.8/site-packages/airflow/example_dags/example_external_task_marker_dag.py for tasks to queue
[2023-05-01T04:34:49.207+0000] {logging_mixin.py:149} INFO - [2023-05-01T04:34:49.206+0000] {dagbag.py:541} INFO - Filling up the DagBag from /home/airflow/.local/lib/python3.8/site-packages/airflow/example_dags/example_external_task_marker_dag.py
[2023-05-01T04:34:49.260+0000] {processor.py:809} INFO - DAG(s) dict_keys(['example_external_task_marker_child', 'example_external_task_marker_parent']) retrieved from /home/airflow/.local/lib/python3.8/site-packages/airflow/example_dags/example_external_task_marker_dag.py
[2023-05-01T04:34:49.563+0000] {logging_mixin.py:149} INFO - [2023-05-01T04:34:49.562+0000] {dag.py:2726} INFO - Sync 2 DAGs
[2023-05-01T04:34:49.689+0000] {logging_mixin.py:149} INFO - [2023-05-01T04:34:49.688+0000] {dag.py:3486} INFO - Setting next_dagrun for example_external_task_marker_child to None, run_after=None
[2023-05-01T04:34:49.728+0000] {logging_mixin.py:149} INFO - [2023-05-01T04:34:49.727+0000] {dag.py:3486} INFO - Setting next_dagrun for example_external_task_marker_parent to None, run_after=None
[2023-05-01T04:34:49.846+0000] {processor.py:178} INFO - Processing /home/airflow/.local/lib/python3.8/site-packages/airflow/example_dags/example_external_task_marker_dag.py took 0.661 seconds
[2023-05-01T04:35:21.793+0000] {processor.py:156} INFO - Started process (PID=1163) to work on /home/airflow/.local/lib/python3.8/site-packages/airflow/example_dags/example_external_task_marker_dag.py
[2023-05-01T04:35:21.805+0000] {processor.py:799} INFO - Processing file /home/airflow/.local/lib/python3.8/site-packages/airflow/example_dags/example_external_task_marker_dag.py for tasks to queue
[2023-05-01T04:35:21.812+0000] {logging_mixin.py:149} INFO - [2023-05-01T04:35:21.811+0000] {dagbag.py:541} INFO - Filling up the DagBag from /home/airflow/.local/lib/python3.8/site-packages/airflow/example_dags/example_external_task_marker_dag.py
[2023-05-01T04:35:21.855+0000] {processor.py:809} INFO - DAG(s) dict_keys(['example_external_task_marker_child', 'example_external_task_marker_parent']) retrieved from /home/airflow/.local/lib/python3.8/site-packages/airflow/example_dags/example_external_task_marker_dag.py
[2023-05-01T04:35:21.975+0000] {logging_mixin.py:149} INFO - [2023-05-01T04:35:21.974+0000] {dag.py:2726} INFO - Sync 2 DAGs
[2023-05-01T04:35:22.106+0000] {logging_mixin.py:149} INFO - [2023-05-01T04:35:22.105+0000] {dag.py:3486} INFO - Setting next_dagrun for example_external_task_marker_child to None, run_after=None
[2023-05-01T04:35:22.128+0000] {logging_mixin.py:149} INFO - [2023-05-01T04:35:22.127+0000] {dag.py:3486} INFO - Setting next_dagrun for example_external_task_marker_parent to None, run_after=None
[2023-05-01T04:35:22.221+0000] {processor.py:178} INFO - Processing /home/airflow/.local/lib/python3.8/site-packages/airflow/example_dags/example_external_task_marker_dag.py took 0.446 seconds
[2023-05-01T04:35:53.790+0000] {processor.py:156} INFO - Started process (PID=1289) to work on /home/airflow/.local/lib/python3.8/site-packages/airflow/example_dags/example_external_task_marker_dag.py
[2023-05-01T04:35:53.794+0000] {processor.py:799} INFO - Processing file /home/airflow/.local/lib/python3.8/site-packages/airflow/example_dags/example_external_task_marker_dag.py for tasks to queue
[2023-05-01T04:35:53.802+0000] {logging_mixin.py:149} INFO - [2023-05-01T04:35:53.800+0000] {dagbag.py:541} INFO - Filling up the DagBag from /home/airflow/.local/lib/python3.8/site-packages/airflow/example_dags/example_external_task_marker_dag.py
[2023-05-01T04:35:53.845+0000] {processor.py:809} INFO - DAG(s) dict_keys(['example_external_task_marker_child', 'example_external_task_marker_parent']) retrieved from /home/airflow/.local/lib/python3.8/site-packages/airflow/example_dags/example_external_task_marker_dag.py
[2023-05-01T04:35:54.038+0000] {logging_mixin.py:149} INFO - [2023-05-01T04:35:54.037+0000] {dag.py:2726} INFO - Sync 2 DAGs
[2023-05-01T04:35:54.186+0000] {logging_mixin.py:149} INFO - [2023-05-01T04:35:54.185+0000] {dag.py:3486} INFO - Setting next_dagrun for example_external_task_marker_child to None, run_after=None
[2023-05-01T04:35:54.198+0000] {logging_mixin.py:149} INFO - [2023-05-01T04:35:54.198+0000] {dag.py:3486} INFO - Setting next_dagrun for example_external_task_marker_parent to None, run_after=None
[2023-05-01T04:35:54.325+0000] {processor.py:178} INFO - Processing /home/airflow/.local/lib/python3.8/site-packages/airflow/example_dags/example_external_task_marker_dag.py took 0.554 seconds
