[2023-05-01T04:30:31.490+0000] {processor.py:156} INFO - Started process (PID=139) to work on /home/airflow/.local/lib/python3.8/site-packages/airflow/example_dags/example_xcom.py
[2023-05-01T04:30:31.508+0000] {processor.py:799} INFO - Processing file /home/airflow/.local/lib/python3.8/site-packages/airflow/example_dags/example_xcom.py for tasks to queue
[2023-05-01T04:30:31.515+0000] {logging_mixin.py:149} INFO - [2023-05-01T04:30:31.515+0000] {dagbag.py:541} INFO - Filling up the DagBag from /home/airflow/.local/lib/python3.8/site-packages/airflow/example_dags/example_xcom.py
[2023-05-01T04:30:31.785+0000] {processor.py:809} INFO - DAG(s) dict_keys(['example_xcom']) retrieved from /home/airflow/.local/lib/python3.8/site-packages/airflow/example_dags/example_xcom.py
[2023-05-01T04:30:34.348+0000] {logging_mixin.py:149} INFO - [2023-05-01T04:30:34.346+0000] {manager.py:504} INFO - Created Permission View: can read on DAG:example_xcom
[2023-05-01T04:30:34.446+0000] {logging_mixin.py:149} INFO - [2023-05-01T04:30:34.445+0000] {manager.py:504} INFO - Created Permission View: can delete on DAG:example_xcom
[2023-05-01T04:30:34.505+0000] {logging_mixin.py:149} INFO - [2023-05-01T04:30:34.504+0000] {manager.py:504} INFO - Created Permission View: can edit on DAG:example_xcom
[2023-05-01T04:30:34.518+0000] {logging_mixin.py:149} INFO - [2023-05-01T04:30:34.517+0000] {dag.py:2726} INFO - Sync 1 DAGs
[2023-05-01T04:30:34.674+0000] {logging_mixin.py:149} INFO - [2023-05-01T04:30:34.660+0000] {dag.py:2747} INFO - Creating ORM DAG for example_xcom
[2023-05-01T04:30:34.857+0000] {logging_mixin.py:149} INFO - [2023-05-01T04:30:34.847+0000] {dag.py:3486} INFO - Setting next_dagrun for example_xcom to 2021-01-01T00:00:00+00:00, run_after=2021-01-01T00:00:00+00:00
[2023-05-01T04:30:35.057+0000] {processor.py:178} INFO - Processing /home/airflow/.local/lib/python3.8/site-packages/airflow/example_dags/example_xcom.py took 3.621 seconds
[2023-05-01T04:31:23.989+0000] {processor.py:156} INFO - Started process (PID=264) to work on /home/airflow/.local/lib/python3.8/site-packages/airflow/example_dags/example_xcom.py
[2023-05-01T04:31:24.005+0000] {processor.py:799} INFO - Processing file /home/airflow/.local/lib/python3.8/site-packages/airflow/example_dags/example_xcom.py for tasks to queue
[2023-05-01T04:31:24.012+0000] {logging_mixin.py:149} INFO - [2023-05-01T04:31:24.010+0000] {dagbag.py:541} INFO - Filling up the DagBag from /home/airflow/.local/lib/python3.8/site-packages/airflow/example_dags/example_xcom.py
[2023-05-01T04:31:24.134+0000] {processor.py:809} INFO - DAG(s) dict_keys(['example_xcom']) retrieved from /home/airflow/.local/lib/python3.8/site-packages/airflow/example_dags/example_xcom.py
[2023-05-01T04:31:24.416+0000] {logging_mixin.py:149} INFO - [2023-05-01T04:31:24.415+0000] {dag.py:2726} INFO - Sync 1 DAGs
[2023-05-01T04:31:24.867+0000] {logging_mixin.py:149} INFO - [2023-05-01T04:31:24.866+0000] {dag.py:3486} INFO - Setting next_dagrun for example_xcom to 2021-01-01T00:00:00+00:00, run_after=2021-01-01T00:00:00+00:00
[2023-05-01T04:31:25.185+0000] {processor.py:178} INFO - Processing /home/airflow/.local/lib/python3.8/site-packages/airflow/example_dags/example_xcom.py took 1.219 seconds
[2023-05-01T04:31:55.472+0000] {processor.py:156} INFO - Started process (PID=387) to work on /home/airflow/.local/lib/python3.8/site-packages/airflow/example_dags/example_xcom.py
[2023-05-01T04:31:55.476+0000] {processor.py:799} INFO - Processing file /home/airflow/.local/lib/python3.8/site-packages/airflow/example_dags/example_xcom.py for tasks to queue
[2023-05-01T04:31:55.485+0000] {logging_mixin.py:149} INFO - [2023-05-01T04:31:55.485+0000] {dagbag.py:541} INFO - Filling up the DagBag from /home/airflow/.local/lib/python3.8/site-packages/airflow/example_dags/example_xcom.py
[2023-05-01T04:31:55.535+0000] {processor.py:809} INFO - DAG(s) dict_keys(['example_xcom']) retrieved from /home/airflow/.local/lib/python3.8/site-packages/airflow/example_dags/example_xcom.py
[2023-05-01T04:31:55.681+0000] {logging_mixin.py:149} INFO - [2023-05-01T04:31:55.680+0000] {dag.py:2726} INFO - Sync 1 DAGs
[2023-05-01T04:31:55.812+0000] {logging_mixin.py:149} INFO - [2023-05-01T04:31:55.812+0000] {dag.py:3486} INFO - Setting next_dagrun for example_xcom to 2021-01-01T00:00:00+00:00, run_after=2021-01-01T00:00:00+00:00
[2023-05-01T04:31:55.914+0000] {processor.py:178} INFO - Processing /home/airflow/.local/lib/python3.8/site-packages/airflow/example_dags/example_xcom.py took 0.466 seconds
[2023-05-01T04:32:26.646+0000] {processor.py:156} INFO - Started process (PID=502) to work on /home/airflow/.local/lib/python3.8/site-packages/airflow/example_dags/example_xcom.py
[2023-05-01T04:32:26.661+0000] {processor.py:799} INFO - Processing file /home/airflow/.local/lib/python3.8/site-packages/airflow/example_dags/example_xcom.py for tasks to queue
[2023-05-01T04:32:26.667+0000] {logging_mixin.py:149} INFO - [2023-05-01T04:32:26.667+0000] {dagbag.py:541} INFO - Filling up the DagBag from /home/airflow/.local/lib/python3.8/site-packages/airflow/example_dags/example_xcom.py
[2023-05-01T04:32:26.739+0000] {processor.py:809} INFO - DAG(s) dict_keys(['example_xcom']) retrieved from /home/airflow/.local/lib/python3.8/site-packages/airflow/example_dags/example_xcom.py
[2023-05-01T04:32:26.949+0000] {logging_mixin.py:149} INFO - [2023-05-01T04:32:26.949+0000] {dag.py:2726} INFO - Sync 1 DAGs
[2023-05-01T04:32:27.139+0000] {logging_mixin.py:149} INFO - [2023-05-01T04:32:27.138+0000] {dag.py:3486} INFO - Setting next_dagrun for example_xcom to 2021-01-01T00:00:00+00:00, run_after=2021-01-01T00:00:00+00:00
[2023-05-01T04:32:27.306+0000] {processor.py:178} INFO - Processing /home/airflow/.local/lib/python3.8/site-packages/airflow/example_dags/example_xcom.py took 0.671 seconds
[2023-05-01T04:32:57.715+0000] {processor.py:156} INFO - Started process (PID=620) to work on /home/airflow/.local/lib/python3.8/site-packages/airflow/example_dags/example_xcom.py
[2023-05-01T04:32:57.717+0000] {processor.py:799} INFO - Processing file /home/airflow/.local/lib/python3.8/site-packages/airflow/example_dags/example_xcom.py for tasks to queue
[2023-05-01T04:32:57.722+0000] {logging_mixin.py:149} INFO - [2023-05-01T04:32:57.721+0000] {dagbag.py:541} INFO - Filling up the DagBag from /home/airflow/.local/lib/python3.8/site-packages/airflow/example_dags/example_xcom.py
[2023-05-01T04:32:57.743+0000] {processor.py:809} INFO - DAG(s) dict_keys(['example_xcom']) retrieved from /home/airflow/.local/lib/python3.8/site-packages/airflow/example_dags/example_xcom.py
[2023-05-01T04:32:57.808+0000] {logging_mixin.py:149} INFO - [2023-05-01T04:32:57.808+0000] {dag.py:2726} INFO - Sync 1 DAGs
[2023-05-01T04:32:57.873+0000] {logging_mixin.py:149} INFO - [2023-05-01T04:32:57.872+0000] {dag.py:3486} INFO - Setting next_dagrun for example_xcom to 2021-01-01T00:00:00+00:00, run_after=2021-01-01T00:00:00+00:00
[2023-05-01T04:32:57.914+0000] {processor.py:178} INFO - Processing /home/airflow/.local/lib/python3.8/site-packages/airflow/example_dags/example_xcom.py took 0.208 seconds
[2023-05-01T04:33:28.520+0000] {processor.py:156} INFO - Started process (PID=744) to work on /home/airflow/.local/lib/python3.8/site-packages/airflow/example_dags/example_xcom.py
[2023-05-01T04:33:28.526+0000] {processor.py:799} INFO - Processing file /home/airflow/.local/lib/python3.8/site-packages/airflow/example_dags/example_xcom.py for tasks to queue
[2023-05-01T04:33:28.533+0000] {logging_mixin.py:149} INFO - [2023-05-01T04:33:28.532+0000] {dagbag.py:541} INFO - Filling up the DagBag from /home/airflow/.local/lib/python3.8/site-packages/airflow/example_dags/example_xcom.py
[2023-05-01T04:33:28.608+0000] {processor.py:809} INFO - DAG(s) dict_keys(['example_xcom']) retrieved from /home/airflow/.local/lib/python3.8/site-packages/airflow/example_dags/example_xcom.py
[2023-05-01T04:33:28.940+0000] {logging_mixin.py:149} INFO - [2023-05-01T04:33:28.939+0000] {dag.py:2726} INFO - Sync 1 DAGs
[2023-05-01T04:33:29.187+0000] {logging_mixin.py:149} INFO - [2023-05-01T04:33:29.186+0000] {dag.py:3486} INFO - Setting next_dagrun for example_xcom to 2021-01-01T00:00:00+00:00, run_after=2021-01-01T00:00:00+00:00
[2023-05-01T04:33:29.336+0000] {processor.py:178} INFO - Processing /home/airflow/.local/lib/python3.8/site-packages/airflow/example_dags/example_xcom.py took 0.834 seconds
[2023-05-01T04:33:59.621+0000] {processor.py:156} INFO - Started process (PID=857) to work on /home/airflow/.local/lib/python3.8/site-packages/airflow/example_dags/example_xcom.py
[2023-05-01T04:33:59.623+0000] {processor.py:799} INFO - Processing file /home/airflow/.local/lib/python3.8/site-packages/airflow/example_dags/example_xcom.py for tasks to queue
[2023-05-01T04:33:59.636+0000] {logging_mixin.py:149} INFO - [2023-05-01T04:33:59.635+0000] {dagbag.py:541} INFO - Filling up the DagBag from /home/airflow/.local/lib/python3.8/site-packages/airflow/example_dags/example_xcom.py
[2023-05-01T04:33:59.661+0000] {processor.py:809} INFO - DAG(s) dict_keys(['example_xcom']) retrieved from /home/airflow/.local/lib/python3.8/site-packages/airflow/example_dags/example_xcom.py
[2023-05-01T04:33:59.729+0000] {logging_mixin.py:149} INFO - [2023-05-01T04:33:59.728+0000] {dag.py:2726} INFO - Sync 1 DAGs
[2023-05-01T04:33:59.800+0000] {logging_mixin.py:149} INFO - [2023-05-01T04:33:59.799+0000] {dag.py:3486} INFO - Setting next_dagrun for example_xcom to 2021-01-01T00:00:00+00:00, run_after=2021-01-01T00:00:00+00:00
[2023-05-01T04:33:59.852+0000] {processor.py:178} INFO - Processing /home/airflow/.local/lib/python3.8/site-packages/airflow/example_dags/example_xcom.py took 0.240 seconds
[2023-05-01T04:34:30.662+0000] {processor.py:156} INFO - Started process (PID=983) to work on /home/airflow/.local/lib/python3.8/site-packages/airflow/example_dags/example_xcom.py
[2023-05-01T04:34:30.675+0000] {processor.py:799} INFO - Processing file /home/airflow/.local/lib/python3.8/site-packages/airflow/example_dags/example_xcom.py for tasks to queue
[2023-05-01T04:34:30.684+0000] {logging_mixin.py:149} INFO - [2023-05-01T04:34:30.683+0000] {dagbag.py:541} INFO - Filling up the DagBag from /home/airflow/.local/lib/python3.8/site-packages/airflow/example_dags/example_xcom.py
[2023-05-01T04:34:30.759+0000] {processor.py:809} INFO - DAG(s) dict_keys(['example_xcom']) retrieved from /home/airflow/.local/lib/python3.8/site-packages/airflow/example_dags/example_xcom.py
[2023-05-01T04:34:30.980+0000] {logging_mixin.py:149} INFO - [2023-05-01T04:34:30.978+0000] {dag.py:2726} INFO - Sync 1 DAGs
[2023-05-01T04:34:31.165+0000] {logging_mixin.py:149} INFO - [2023-05-01T04:34:31.164+0000] {dag.py:3486} INFO - Setting next_dagrun for example_xcom to 2021-01-01T00:00:00+00:00, run_after=2021-01-01T00:00:00+00:00
[2023-05-01T04:34:31.281+0000] {processor.py:178} INFO - Processing /home/airflow/.local/lib/python3.8/site-packages/airflow/example_dags/example_xcom.py took 0.649 seconds
[2023-05-01T04:35:01.809+0000] {processor.py:156} INFO - Started process (PID=1096) to work on /home/airflow/.local/lib/python3.8/site-packages/airflow/example_dags/example_xcom.py
[2023-05-01T04:35:01.819+0000] {processor.py:799} INFO - Processing file /home/airflow/.local/lib/python3.8/site-packages/airflow/example_dags/example_xcom.py for tasks to queue
[2023-05-01T04:35:01.829+0000] {logging_mixin.py:149} INFO - [2023-05-01T04:35:01.828+0000] {dagbag.py:541} INFO - Filling up the DagBag from /home/airflow/.local/lib/python3.8/site-packages/airflow/example_dags/example_xcom.py
[2023-05-01T04:35:01.917+0000] {processor.py:809} INFO - DAG(s) dict_keys(['example_xcom']) retrieved from /home/airflow/.local/lib/python3.8/site-packages/airflow/example_dags/example_xcom.py
[2023-05-01T04:35:02.089+0000] {logging_mixin.py:149} INFO - [2023-05-01T04:35:02.088+0000] {dag.py:2726} INFO - Sync 1 DAGs
[2023-05-01T04:35:02.228+0000] {logging_mixin.py:149} INFO - [2023-05-01T04:35:02.227+0000] {dag.py:3486} INFO - Setting next_dagrun for example_xcom to 2021-01-01T00:00:00+00:00, run_after=2021-01-01T00:00:00+00:00
[2023-05-01T04:35:02.310+0000] {processor.py:178} INFO - Processing /home/airflow/.local/lib/python3.8/site-packages/airflow/example_dags/example_xcom.py took 0.519 seconds
[2023-05-01T04:35:32.520+0000] {processor.py:156} INFO - Started process (PID=1222) to work on /home/airflow/.local/lib/python3.8/site-packages/airflow/example_dags/example_xcom.py
[2023-05-01T04:35:32.566+0000] {processor.py:799} INFO - Processing file /home/airflow/.local/lib/python3.8/site-packages/airflow/example_dags/example_xcom.py for tasks to queue
[2023-05-01T04:35:32.596+0000] {logging_mixin.py:149} INFO - [2023-05-01T04:35:32.595+0000] {dagbag.py:541} INFO - Filling up the DagBag from /home/airflow/.local/lib/python3.8/site-packages/airflow/example_dags/example_xcom.py
[2023-05-01T04:35:32.681+0000] {processor.py:809} INFO - DAG(s) dict_keys(['example_xcom']) retrieved from /home/airflow/.local/lib/python3.8/site-packages/airflow/example_dags/example_xcom.py
[2023-05-01T04:35:33.015+0000] {logging_mixin.py:149} INFO - [2023-05-01T04:35:33.015+0000] {dag.py:2726} INFO - Sync 1 DAGs
[2023-05-01T04:35:33.257+0000] {logging_mixin.py:149} INFO - [2023-05-01T04:35:33.256+0000] {dag.py:3486} INFO - Setting next_dagrun for example_xcom to 2021-01-01T00:00:00+00:00, run_after=2021-01-01T00:00:00+00:00
[2023-05-01T04:35:33.383+0000] {processor.py:178} INFO - Processing /home/airflow/.local/lib/python3.8/site-packages/airflow/example_dags/example_xcom.py took 0.884 seconds
