[2023-05-01T04:31:15.272+0000] {processor.py:156} INFO - Started process (PID=232) to work on /home/airflow/.local/lib/python3.8/site-packages/airflow/example_dags/example_branch_datetime_operator.py
[2023-05-01T04:31:15.281+0000] {processor.py:799} INFO - Processing file /home/airflow/.local/lib/python3.8/site-packages/airflow/example_dags/example_branch_datetime_operator.py for tasks to queue
[2023-05-01T04:31:15.283+0000] {logging_mixin.py:149} INFO - [2023-05-01T04:31:15.283+0000] {dagbag.py:541} INFO - Filling up the DagBag from /home/airflow/.local/lib/python3.8/site-packages/airflow/example_dags/example_branch_datetime_operator.py
[2023-05-01T04:31:15.373+0000] {processor.py:809} INFO - DAG(s) dict_keys(['example_branch_datetime_operator_3', 'example_branch_datetime_operator_2', 'example_branch_datetime_operator']) retrieved from /home/airflow/.local/lib/python3.8/site-packages/airflow/example_dags/example_branch_datetime_operator.py
[2023-05-01T04:31:16.153+0000] {logging_mixin.py:149} INFO - [2023-05-01T04:31:16.153+0000] {manager.py:504} INFO - Created Permission View: can read on DAG:example_branch_datetime_operator_3
[2023-05-01T04:31:16.210+0000] {logging_mixin.py:149} INFO - [2023-05-01T04:31:16.209+0000] {manager.py:504} INFO - Created Permission View: can delete on DAG:example_branch_datetime_operator_3
[2023-05-01T04:31:16.240+0000] {logging_mixin.py:149} INFO - [2023-05-01T04:31:16.239+0000] {manager.py:504} INFO - Created Permission View: can edit on DAG:example_branch_datetime_operator_3
[2023-05-01T04:31:16.311+0000] {logging_mixin.py:149} INFO - [2023-05-01T04:31:16.311+0000] {manager.py:504} INFO - Created Permission View: can read on DAG:example_branch_datetime_operator_2
[2023-05-01T04:31:16.343+0000] {logging_mixin.py:149} INFO - [2023-05-01T04:31:16.342+0000] {manager.py:504} INFO - Created Permission View: can delete on DAG:example_branch_datetime_operator_2
[2023-05-01T04:31:16.373+0000] {logging_mixin.py:149} INFO - [2023-05-01T04:31:16.372+0000] {manager.py:504} INFO - Created Permission View: can edit on DAG:example_branch_datetime_operator_2
[2023-05-01T04:31:16.428+0000] {logging_mixin.py:149} INFO - [2023-05-01T04:31:16.427+0000] {manager.py:504} INFO - Created Permission View: can read on DAG:example_branch_datetime_operator
[2023-05-01T04:31:16.451+0000] {logging_mixin.py:149} INFO - [2023-05-01T04:31:16.451+0000] {manager.py:504} INFO - Created Permission View: can delete on DAG:example_branch_datetime_operator
[2023-05-01T04:31:16.472+0000] {logging_mixin.py:149} INFO - [2023-05-01T04:31:16.472+0000] {manager.py:504} INFO - Created Permission View: can edit on DAG:example_branch_datetime_operator
[2023-05-01T04:31:16.474+0000] {logging_mixin.py:149} INFO - [2023-05-01T04:31:16.473+0000] {dag.py:2726} INFO - Sync 3 DAGs
[2023-05-01T04:31:16.523+0000] {logging_mixin.py:149} INFO - [2023-05-01T04:31:16.523+0000] {dag.py:2747} INFO - Creating ORM DAG for example_branch_datetime_operator_3
[2023-05-01T04:31:16.527+0000] {logging_mixin.py:149} INFO - [2023-05-01T04:31:16.527+0000] {dag.py:2747} INFO - Creating ORM DAG for example_branch_datetime_operator
[2023-05-01T04:31:16.531+0000] {logging_mixin.py:149} INFO - [2023-05-01T04:31:16.530+0000] {dag.py:2747} INFO - Creating ORM DAG for example_branch_datetime_operator_2
[2023-05-01T04:31:16.588+0000] {logging_mixin.py:149} INFO - [2023-05-01T04:31:16.588+0000] {dag.py:3486} INFO - Setting next_dagrun for example_branch_datetime_operator to 2023-04-30T00:00:00+00:00, run_after=2023-05-01T00:00:00+00:00
[2023-05-01T04:31:16.602+0000] {logging_mixin.py:149} INFO - [2023-05-01T04:31:16.602+0000] {dag.py:3486} INFO - Setting next_dagrun for example_branch_datetime_operator_2 to 2023-04-30T00:00:00+00:00, run_after=2023-05-01T00:00:00+00:00
[2023-05-01T04:31:16.618+0000] {logging_mixin.py:149} INFO - [2023-05-01T04:31:16.618+0000] {dag.py:3486} INFO - Setting next_dagrun for example_branch_datetime_operator_3 to 2023-04-30T00:00:00+00:00, run_after=2023-05-01T00:00:00+00:00
[2023-05-01T04:31:16.699+0000] {processor.py:178} INFO - Processing /home/airflow/.local/lib/python3.8/site-packages/airflow/example_dags/example_branch_datetime_operator.py took 1.446 seconds
[2023-05-01T04:31:46.937+0000] {processor.py:156} INFO - Started process (PID=353) to work on /home/airflow/.local/lib/python3.8/site-packages/airflow/example_dags/example_branch_datetime_operator.py
[2023-05-01T04:31:46.946+0000] {processor.py:799} INFO - Processing file /home/airflow/.local/lib/python3.8/site-packages/airflow/example_dags/example_branch_datetime_operator.py for tasks to queue
[2023-05-01T04:31:46.962+0000] {logging_mixin.py:149} INFO - [2023-05-01T04:31:46.958+0000] {dagbag.py:541} INFO - Filling up the DagBag from /home/airflow/.local/lib/python3.8/site-packages/airflow/example_dags/example_branch_datetime_operator.py
[2023-05-01T04:31:47.080+0000] {processor.py:809} INFO - DAG(s) dict_keys(['example_branch_datetime_operator', 'example_branch_datetime_operator_2', 'example_branch_datetime_operator_3']) retrieved from /home/airflow/.local/lib/python3.8/site-packages/airflow/example_dags/example_branch_datetime_operator.py
[2023-05-01T04:31:47.358+0000] {logging_mixin.py:149} INFO - [2023-05-01T04:31:47.356+0000] {dag.py:2726} INFO - Sync 3 DAGs
[2023-05-01T04:31:47.567+0000] {logging_mixin.py:149} INFO - [2023-05-01T04:31:47.566+0000] {dag.py:3486} INFO - Setting next_dagrun for example_branch_datetime_operator to 2023-04-30T00:00:00+00:00, run_after=2023-05-01T00:00:00+00:00
[2023-05-01T04:31:47.607+0000] {logging_mixin.py:149} INFO - [2023-05-01T04:31:47.606+0000] {dag.py:3486} INFO - Setting next_dagrun for example_branch_datetime_operator_2 to 2023-04-30T00:00:00+00:00, run_after=2023-05-01T00:00:00+00:00
[2023-05-01T04:31:47.642+0000] {logging_mixin.py:149} INFO - [2023-05-01T04:31:47.631+0000] {dag.py:3486} INFO - Setting next_dagrun for example_branch_datetime_operator_3 to 2023-04-30T00:00:00+00:00, run_after=2023-05-01T00:00:00+00:00
[2023-05-01T04:31:47.757+0000] {processor.py:178} INFO - Processing /home/airflow/.local/lib/python3.8/site-packages/airflow/example_dags/example_branch_datetime_operator.py took 0.851 seconds
[2023-05-01T04:32:18.738+0000] {processor.py:156} INFO - Started process (PID=469) to work on /home/airflow/.local/lib/python3.8/site-packages/airflow/example_dags/example_branch_datetime_operator.py
[2023-05-01T04:32:18.741+0000] {processor.py:799} INFO - Processing file /home/airflow/.local/lib/python3.8/site-packages/airflow/example_dags/example_branch_datetime_operator.py for tasks to queue
[2023-05-01T04:32:18.749+0000] {logging_mixin.py:149} INFO - [2023-05-01T04:32:18.748+0000] {dagbag.py:541} INFO - Filling up the DagBag from /home/airflow/.local/lib/python3.8/site-packages/airflow/example_dags/example_branch_datetime_operator.py
[2023-05-01T04:32:18.789+0000] {processor.py:809} INFO - DAG(s) dict_keys(['example_branch_datetime_operator', 'example_branch_datetime_operator_3', 'example_branch_datetime_operator_2']) retrieved from /home/airflow/.local/lib/python3.8/site-packages/airflow/example_dags/example_branch_datetime_operator.py
[2023-05-01T04:32:18.874+0000] {logging_mixin.py:149} INFO - [2023-05-01T04:32:18.873+0000] {dag.py:2726} INFO - Sync 3 DAGs
[2023-05-01T04:32:18.962+0000] {logging_mixin.py:149} INFO - [2023-05-01T04:32:18.962+0000] {dag.py:3486} INFO - Setting next_dagrun for example_branch_datetime_operator to 2023-04-30T00:00:00+00:00, run_after=2023-05-01T00:00:00+00:00
[2023-05-01T04:32:18.985+0000] {logging_mixin.py:149} INFO - [2023-05-01T04:32:18.985+0000] {dag.py:3486} INFO - Setting next_dagrun for example_branch_datetime_operator_2 to 2023-04-30T00:00:00+00:00, run_after=2023-05-01T00:00:00+00:00
[2023-05-01T04:32:18.999+0000] {logging_mixin.py:149} INFO - [2023-05-01T04:32:18.998+0000] {dag.py:3486} INFO - Setting next_dagrun for example_branch_datetime_operator_3 to 2023-04-30T00:00:00+00:00, run_after=2023-05-01T00:00:00+00:00
[2023-05-01T04:32:19.042+0000] {processor.py:178} INFO - Processing /home/airflow/.local/lib/python3.8/site-packages/airflow/example_dags/example_branch_datetime_operator.py took 0.311 seconds
[2023-05-01T04:32:49.495+0000] {processor.py:156} INFO - Started process (PID=594) to work on /home/airflow/.local/lib/python3.8/site-packages/airflow/example_dags/example_branch_datetime_operator.py
[2023-05-01T04:32:49.498+0000] {processor.py:799} INFO - Processing file /home/airflow/.local/lib/python3.8/site-packages/airflow/example_dags/example_branch_datetime_operator.py for tasks to queue
[2023-05-01T04:32:49.501+0000] {logging_mixin.py:149} INFO - [2023-05-01T04:32:49.501+0000] {dagbag.py:541} INFO - Filling up the DagBag from /home/airflow/.local/lib/python3.8/site-packages/airflow/example_dags/example_branch_datetime_operator.py
[2023-05-01T04:32:49.540+0000] {processor.py:809} INFO - DAG(s) dict_keys(['example_branch_datetime_operator_2', 'example_branch_datetime_operator', 'example_branch_datetime_operator_3']) retrieved from /home/airflow/.local/lib/python3.8/site-packages/airflow/example_dags/example_branch_datetime_operator.py
[2023-05-01T04:32:49.630+0000] {logging_mixin.py:149} INFO - [2023-05-01T04:32:49.629+0000] {dag.py:2726} INFO - Sync 3 DAGs
[2023-05-01T04:32:49.836+0000] {logging_mixin.py:149} INFO - [2023-05-01T04:32:49.822+0000] {dag.py:3486} INFO - Setting next_dagrun for example_branch_datetime_operator to 2023-04-30T00:00:00+00:00, run_after=2023-05-01T00:00:00+00:00
[2023-05-01T04:32:49.911+0000] {logging_mixin.py:149} INFO - [2023-05-01T04:32:49.910+0000] {dag.py:3486} INFO - Setting next_dagrun for example_branch_datetime_operator_2 to 2023-04-30T00:00:00+00:00, run_after=2023-05-01T00:00:00+00:00
[2023-05-01T04:32:49.933+0000] {logging_mixin.py:149} INFO - [2023-05-01T04:32:49.932+0000] {dag.py:3486} INFO - Setting next_dagrun for example_branch_datetime_operator_3 to 2023-04-30T00:00:00+00:00, run_after=2023-05-01T00:00:00+00:00
[2023-05-01T04:32:50.066+0000] {processor.py:178} INFO - Processing /home/airflow/.local/lib/python3.8/site-packages/airflow/example_dags/example_branch_datetime_operator.py took 0.579 seconds
[2023-05-01T04:33:20.583+0000] {processor.py:156} INFO - Started process (PID=706) to work on /home/airflow/.local/lib/python3.8/site-packages/airflow/example_dags/example_branch_datetime_operator.py
[2023-05-01T04:33:20.585+0000] {processor.py:799} INFO - Processing file /home/airflow/.local/lib/python3.8/site-packages/airflow/example_dags/example_branch_datetime_operator.py for tasks to queue
[2023-05-01T04:33:20.589+0000] {logging_mixin.py:149} INFO - [2023-05-01T04:33:20.588+0000] {dagbag.py:541} INFO - Filling up the DagBag from /home/airflow/.local/lib/python3.8/site-packages/airflow/example_dags/example_branch_datetime_operator.py
[2023-05-01T04:33:20.624+0000] {processor.py:809} INFO - DAG(s) dict_keys(['example_branch_datetime_operator', 'example_branch_datetime_operator_2', 'example_branch_datetime_operator_3']) retrieved from /home/airflow/.local/lib/python3.8/site-packages/airflow/example_dags/example_branch_datetime_operator.py
[2023-05-01T04:33:20.708+0000] {logging_mixin.py:149} INFO - [2023-05-01T04:33:20.707+0000] {dag.py:2726} INFO - Sync 3 DAGs
[2023-05-01T04:33:20.788+0000] {logging_mixin.py:149} INFO - [2023-05-01T04:33:20.787+0000] {dag.py:3486} INFO - Setting next_dagrun for example_branch_datetime_operator to 2023-04-30T00:00:00+00:00, run_after=2023-05-01T00:00:00+00:00
[2023-05-01T04:33:20.807+0000] {logging_mixin.py:149} INFO - [2023-05-01T04:33:20.806+0000] {dag.py:3486} INFO - Setting next_dagrun for example_branch_datetime_operator_2 to 2023-04-30T00:00:00+00:00, run_after=2023-05-01T00:00:00+00:00
[2023-05-01T04:33:20.822+0000] {logging_mixin.py:149} INFO - [2023-05-01T04:33:20.818+0000] {dag.py:3486} INFO - Setting next_dagrun for example_branch_datetime_operator_3 to 2023-04-30T00:00:00+00:00, run_after=2023-05-01T00:00:00+00:00
[2023-05-01T04:33:20.867+0000] {processor.py:178} INFO - Processing /home/airflow/.local/lib/python3.8/site-packages/airflow/example_dags/example_branch_datetime_operator.py took 0.290 seconds
[2023-05-01T04:33:51.643+0000] {processor.py:156} INFO - Started process (PID=831) to work on /home/airflow/.local/lib/python3.8/site-packages/airflow/example_dags/example_branch_datetime_operator.py
[2023-05-01T04:33:51.646+0000] {processor.py:799} INFO - Processing file /home/airflow/.local/lib/python3.8/site-packages/airflow/example_dags/example_branch_datetime_operator.py for tasks to queue
[2023-05-01T04:33:51.650+0000] {logging_mixin.py:149} INFO - [2023-05-01T04:33:51.650+0000] {dagbag.py:541} INFO - Filling up the DagBag from /home/airflow/.local/lib/python3.8/site-packages/airflow/example_dags/example_branch_datetime_operator.py
[2023-05-01T04:33:51.710+0000] {processor.py:809} INFO - DAG(s) dict_keys(['example_branch_datetime_operator_2', 'example_branch_datetime_operator_3', 'example_branch_datetime_operator']) retrieved from /home/airflow/.local/lib/python3.8/site-packages/airflow/example_dags/example_branch_datetime_operator.py
[2023-05-01T04:33:51.837+0000] {logging_mixin.py:149} INFO - [2023-05-01T04:33:51.835+0000] {dag.py:2726} INFO - Sync 3 DAGs
[2023-05-01T04:33:51.955+0000] {logging_mixin.py:149} INFO - [2023-05-01T04:33:51.954+0000] {dag.py:3486} INFO - Setting next_dagrun for example_branch_datetime_operator to 2023-04-30T00:00:00+00:00, run_after=2023-05-01T00:00:00+00:00
[2023-05-01T04:33:51.976+0000] {logging_mixin.py:149} INFO - [2023-05-01T04:33:51.976+0000] {dag.py:3486} INFO - Setting next_dagrun for example_branch_datetime_operator_2 to 2023-04-30T00:00:00+00:00, run_after=2023-05-01T00:00:00+00:00
[2023-05-01T04:33:51.990+0000] {logging_mixin.py:149} INFO - [2023-05-01T04:33:51.990+0000] {dag.py:3486} INFO - Setting next_dagrun for example_branch_datetime_operator_3 to 2023-04-30T00:00:00+00:00, run_after=2023-05-01T00:00:00+00:00
[2023-05-01T04:33:52.050+0000] {processor.py:178} INFO - Processing /home/airflow/.local/lib/python3.8/site-packages/airflow/example_dags/example_branch_datetime_operator.py took 0.416 seconds
[2023-05-01T04:34:23.404+0000] {processor.py:156} INFO - Started process (PID=950) to work on /home/airflow/.local/lib/python3.8/site-packages/airflow/example_dags/example_branch_datetime_operator.py
[2023-05-01T04:34:23.435+0000] {processor.py:799} INFO - Processing file /home/airflow/.local/lib/python3.8/site-packages/airflow/example_dags/example_branch_datetime_operator.py for tasks to queue
[2023-05-01T04:34:23.453+0000] {logging_mixin.py:149} INFO - [2023-05-01T04:34:23.444+0000] {dagbag.py:541} INFO - Filling up the DagBag from /home/airflow/.local/lib/python3.8/site-packages/airflow/example_dags/example_branch_datetime_operator.py
[2023-05-01T04:34:23.633+0000] {processor.py:809} INFO - DAG(s) dict_keys(['example_branch_datetime_operator_3', 'example_branch_datetime_operator_2', 'example_branch_datetime_operator']) retrieved from /home/airflow/.local/lib/python3.8/site-packages/airflow/example_dags/example_branch_datetime_operator.py
[2023-05-01T04:34:23.914+0000] {logging_mixin.py:149} INFO - [2023-05-01T04:34:23.913+0000] {dag.py:2726} INFO - Sync 3 DAGs
[2023-05-01T04:34:24.162+0000] {logging_mixin.py:149} INFO - [2023-05-01T04:34:24.153+0000] {dag.py:3486} INFO - Setting next_dagrun for example_branch_datetime_operator to 2023-04-30T00:00:00+00:00, run_after=2023-05-01T00:00:00+00:00
[2023-05-01T04:34:24.239+0000] {logging_mixin.py:149} INFO - [2023-05-01T04:34:24.238+0000] {dag.py:3486} INFO - Setting next_dagrun for example_branch_datetime_operator_2 to 2023-04-30T00:00:00+00:00, run_after=2023-05-01T00:00:00+00:00
[2023-05-01T04:34:24.270+0000] {logging_mixin.py:149} INFO - [2023-05-01T04:34:24.269+0000] {dag.py:3486} INFO - Setting next_dagrun for example_branch_datetime_operator_3 to 2023-04-30T00:00:00+00:00, run_after=2023-05-01T00:00:00+00:00
[2023-05-01T04:34:24.365+0000] {processor.py:178} INFO - Processing /home/airflow/.local/lib/python3.8/site-packages/airflow/example_dags/example_branch_datetime_operator.py took 0.972 seconds
[2023-05-01T04:34:54.461+0000] {processor.py:156} INFO - Started process (PID=1076) to work on /home/airflow/.local/lib/python3.8/site-packages/airflow/example_dags/example_branch_datetime_operator.py
[2023-05-01T04:34:54.468+0000] {processor.py:799} INFO - Processing file /home/airflow/.local/lib/python3.8/site-packages/airflow/example_dags/example_branch_datetime_operator.py for tasks to queue
[2023-05-01T04:34:54.476+0000] {logging_mixin.py:149} INFO - [2023-05-01T04:34:54.475+0000] {dagbag.py:541} INFO - Filling up the DagBag from /home/airflow/.local/lib/python3.8/site-packages/airflow/example_dags/example_branch_datetime_operator.py
[2023-05-01T04:34:54.544+0000] {processor.py:809} INFO - DAG(s) dict_keys(['example_branch_datetime_operator', 'example_branch_datetime_operator_2', 'example_branch_datetime_operator_3']) retrieved from /home/airflow/.local/lib/python3.8/site-packages/airflow/example_dags/example_branch_datetime_operator.py
[2023-05-01T04:34:54.641+0000] {logging_mixin.py:149} INFO - [2023-05-01T04:34:54.640+0000] {dag.py:2726} INFO - Sync 3 DAGs
[2023-05-01T04:34:54.723+0000] {logging_mixin.py:149} INFO - [2023-05-01T04:34:54.722+0000] {dag.py:3486} INFO - Setting next_dagrun for example_branch_datetime_operator to 2023-04-30T00:00:00+00:00, run_after=2023-05-01T00:00:00+00:00
[2023-05-01T04:34:54.747+0000] {logging_mixin.py:149} INFO - [2023-05-01T04:34:54.747+0000] {dag.py:3486} INFO - Setting next_dagrun for example_branch_datetime_operator_2 to 2023-04-30T00:00:00+00:00, run_after=2023-05-01T00:00:00+00:00
[2023-05-01T04:34:54.761+0000] {logging_mixin.py:149} INFO - [2023-05-01T04:34:54.761+0000] {dag.py:3486} INFO - Setting next_dagrun for example_branch_datetime_operator_3 to 2023-04-30T00:00:00+00:00, run_after=2023-05-01T00:00:00+00:00
[2023-05-01T04:34:54.852+0000] {processor.py:178} INFO - Processing /home/airflow/.local/lib/python3.8/site-packages/airflow/example_dags/example_branch_datetime_operator.py took 0.406 seconds
[2023-05-01T04:35:25.717+0000] {processor.py:156} INFO - Started process (PID=1199) to work on /home/airflow/.local/lib/python3.8/site-packages/airflow/example_dags/example_branch_datetime_operator.py
[2023-05-01T04:35:25.724+0000] {processor.py:799} INFO - Processing file /home/airflow/.local/lib/python3.8/site-packages/airflow/example_dags/example_branch_datetime_operator.py for tasks to queue
[2023-05-01T04:35:25.738+0000] {logging_mixin.py:149} INFO - [2023-05-01T04:35:25.738+0000] {dagbag.py:541} INFO - Filling up the DagBag from /home/airflow/.local/lib/python3.8/site-packages/airflow/example_dags/example_branch_datetime_operator.py
[2023-05-01T04:35:25.874+0000] {processor.py:809} INFO - DAG(s) dict_keys(['example_branch_datetime_operator', 'example_branch_datetime_operator_2', 'example_branch_datetime_operator_3']) retrieved from /home/airflow/.local/lib/python3.8/site-packages/airflow/example_dags/example_branch_datetime_operator.py
[2023-05-01T04:35:26.105+0000] {logging_mixin.py:149} INFO - [2023-05-01T04:35:26.103+0000] {dag.py:2726} INFO - Sync 3 DAGs
[2023-05-01T04:35:26.292+0000] {logging_mixin.py:149} INFO - [2023-05-01T04:35:26.291+0000] {dag.py:3486} INFO - Setting next_dagrun for example_branch_datetime_operator to 2023-04-30T00:00:00+00:00, run_after=2023-05-01T00:00:00+00:00
[2023-05-01T04:35:26.343+0000] {logging_mixin.py:149} INFO - [2023-05-01T04:35:26.341+0000] {dag.py:3486} INFO - Setting next_dagrun for example_branch_datetime_operator_2 to 2023-04-30T00:00:00+00:00, run_after=2023-05-01T00:00:00+00:00
[2023-05-01T04:35:26.368+0000] {logging_mixin.py:149} INFO - [2023-05-01T04:35:26.367+0000] {dag.py:3486} INFO - Setting next_dagrun for example_branch_datetime_operator_3 to 2023-04-30T00:00:00+00:00, run_after=2023-05-01T00:00:00+00:00
[2023-05-01T04:35:26.479+0000] {processor.py:178} INFO - Processing /home/airflow/.local/lib/python3.8/site-packages/airflow/example_dags/example_branch_datetime_operator.py took 0.786 seconds
[2023-05-01T04:35:57.701+0000] {processor.py:156} INFO - Started process (PID=1315) to work on /home/airflow/.local/lib/python3.8/site-packages/airflow/example_dags/example_branch_datetime_operator.py
[2023-05-01T04:35:57.714+0000] {processor.py:799} INFO - Processing file /home/airflow/.local/lib/python3.8/site-packages/airflow/example_dags/example_branch_datetime_operator.py for tasks to queue
[2023-05-01T04:35:57.725+0000] {logging_mixin.py:149} INFO - [2023-05-01T04:35:57.725+0000] {dagbag.py:541} INFO - Filling up the DagBag from /home/airflow/.local/lib/python3.8/site-packages/airflow/example_dags/example_branch_datetime_operator.py
[2023-05-01T04:35:57.927+0000] {processor.py:809} INFO - DAG(s) dict_keys(['example_branch_datetime_operator_3', 'example_branch_datetime_operator', 'example_branch_datetime_operator_2']) retrieved from /home/airflow/.local/lib/python3.8/site-packages/airflow/example_dags/example_branch_datetime_operator.py
[2023-05-01T04:35:58.239+0000] {logging_mixin.py:149} INFO - [2023-05-01T04:35:58.237+0000] {dag.py:2726} INFO - Sync 3 DAGs
[2023-05-01T04:35:58.467+0000] {logging_mixin.py:149} INFO - [2023-05-01T04:35:58.462+0000] {dag.py:3486} INFO - Setting next_dagrun for example_branch_datetime_operator to 2023-04-30T00:00:00+00:00, run_after=2023-05-01T00:00:00+00:00
[2023-05-01T04:35:58.553+0000] {logging_mixin.py:149} INFO - [2023-05-01T04:35:58.552+0000] {dag.py:3486} INFO - Setting next_dagrun for example_branch_datetime_operator_2 to 2023-04-30T00:00:00+00:00, run_after=2023-05-01T00:00:00+00:00
[2023-05-01T04:35:58.620+0000] {logging_mixin.py:149} INFO - [2023-05-01T04:35:58.619+0000] {dag.py:3486} INFO - Setting next_dagrun for example_branch_datetime_operator_3 to 2023-04-30T00:00:00+00:00, run_after=2023-05-01T00:00:00+00:00
[2023-05-01T04:35:58.789+0000] {processor.py:178} INFO - Processing /home/airflow/.local/lib/python3.8/site-packages/airflow/example_dags/example_branch_datetime_operator.py took 1.108 seconds
