[2023-05-01T04:30:44.424+0000] {processor.py:156} INFO - Started process (PID=174) to work on /home/airflow/.local/lib/python3.8/site-packages/airflow/example_dags/example_setup_teardown.py
[2023-05-01T04:30:44.427+0000] {processor.py:799} INFO - Processing file /home/airflow/.local/lib/python3.8/site-packages/airflow/example_dags/example_setup_teardown.py for tasks to queue
[2023-05-01T04:30:44.432+0000] {logging_mixin.py:149} INFO - [2023-05-01T04:30:44.430+0000] {dagbag.py:541} INFO - Filling up the DagBag from /home/airflow/.local/lib/python3.8/site-packages/airflow/example_dags/example_setup_teardown.py
[2023-05-01T04:30:44.452+0000] {processor.py:811} WARNING - No viable dags retrieved from /home/airflow/.local/lib/python3.8/site-packages/airflow/example_dags/example_setup_teardown.py
[2023-05-01T04:30:44.565+0000] {processor.py:178} INFO - Processing /home/airflow/.local/lib/python3.8/site-packages/airflow/example_dags/example_setup_teardown.py took 0.184 seconds
[2023-05-01T04:31:30.775+0000] {processor.py:156} INFO - Started process (PID=302) to work on /home/airflow/.local/lib/python3.8/site-packages/airflow/example_dags/example_setup_teardown.py
[2023-05-01T04:31:30.785+0000] {processor.py:799} INFO - Processing file /home/airflow/.local/lib/python3.8/site-packages/airflow/example_dags/example_setup_teardown.py for tasks to queue
[2023-05-01T04:31:30.795+0000] {logging_mixin.py:149} INFO - [2023-05-01T04:31:30.795+0000] {dagbag.py:541} INFO - Filling up the DagBag from /home/airflow/.local/lib/python3.8/site-packages/airflow/example_dags/example_setup_teardown.py
[2023-05-01T04:31:30.816+0000] {processor.py:811} WARNING - No viable dags retrieved from /home/airflow/.local/lib/python3.8/site-packages/airflow/example_dags/example_setup_teardown.py
[2023-05-01T04:31:30.871+0000] {processor.py:178} INFO - Processing /home/airflow/.local/lib/python3.8/site-packages/airflow/example_dags/example_setup_teardown.py took 0.114 seconds
[2023-05-01T04:32:01.676+0000] {processor.py:156} INFO - Started process (PID=414) to work on /home/airflow/.local/lib/python3.8/site-packages/airflow/example_dags/example_setup_teardown.py
[2023-05-01T04:32:01.685+0000] {processor.py:799} INFO - Processing file /home/airflow/.local/lib/python3.8/site-packages/airflow/example_dags/example_setup_teardown.py for tasks to queue
[2023-05-01T04:32:01.688+0000] {logging_mixin.py:149} INFO - [2023-05-01T04:32:01.688+0000] {dagbag.py:541} INFO - Filling up the DagBag from /home/airflow/.local/lib/python3.8/site-packages/airflow/example_dags/example_setup_teardown.py
[2023-05-01T04:32:01.696+0000] {processor.py:811} WARNING - No viable dags retrieved from /home/airflow/.local/lib/python3.8/site-packages/airflow/example_dags/example_setup_teardown.py
[2023-05-01T04:32:01.761+0000] {processor.py:178} INFO - Processing /home/airflow/.local/lib/python3.8/site-packages/airflow/example_dags/example_setup_teardown.py took 0.104 seconds
[2023-05-01T04:32:34.878+0000] {processor.py:156} INFO - Started process (PID=539) to work on /home/airflow/.local/lib/python3.8/site-packages/airflow/example_dags/example_setup_teardown.py
[2023-05-01T04:32:34.883+0000] {processor.py:799} INFO - Processing file /home/airflow/.local/lib/python3.8/site-packages/airflow/example_dags/example_setup_teardown.py for tasks to queue
[2023-05-01T04:32:34.894+0000] {logging_mixin.py:149} INFO - [2023-05-01T04:32:34.894+0000] {dagbag.py:541} INFO - Filling up the DagBag from /home/airflow/.local/lib/python3.8/site-packages/airflow/example_dags/example_setup_teardown.py
[2023-05-01T04:32:34.905+0000] {processor.py:811} WARNING - No viable dags retrieved from /home/airflow/.local/lib/python3.8/site-packages/airflow/example_dags/example_setup_teardown.py
[2023-05-01T04:32:34.980+0000] {processor.py:178} INFO - Processing /home/airflow/.local/lib/python3.8/site-packages/airflow/example_dags/example_setup_teardown.py took 0.119 seconds
[2023-05-01T04:33:07.206+0000] {processor.py:156} INFO - Started process (PID=661) to work on /home/airflow/.local/lib/python3.8/site-packages/airflow/example_dags/example_setup_teardown.py
[2023-05-01T04:33:07.213+0000] {processor.py:799} INFO - Processing file /home/airflow/.local/lib/python3.8/site-packages/airflow/example_dags/example_setup_teardown.py for tasks to queue
[2023-05-01T04:33:07.222+0000] {logging_mixin.py:149} INFO - [2023-05-01T04:33:07.221+0000] {dagbag.py:541} INFO - Filling up the DagBag from /home/airflow/.local/lib/python3.8/site-packages/airflow/example_dags/example_setup_teardown.py
[2023-05-01T04:33:07.232+0000] {processor.py:811} WARNING - No viable dags retrieved from /home/airflow/.local/lib/python3.8/site-packages/airflow/example_dags/example_setup_teardown.py
[2023-05-01T04:33:07.272+0000] {processor.py:178} INFO - Processing /home/airflow/.local/lib/python3.8/site-packages/airflow/example_dags/example_setup_teardown.py took 0.079 seconds
[2023-05-01T04:33:37.598+0000] {processor.py:156} INFO - Started process (PID=768) to work on /home/airflow/.local/lib/python3.8/site-packages/airflow/example_dags/example_setup_teardown.py
[2023-05-01T04:33:37.601+0000] {processor.py:799} INFO - Processing file /home/airflow/.local/lib/python3.8/site-packages/airflow/example_dags/example_setup_teardown.py for tasks to queue
[2023-05-01T04:33:37.604+0000] {logging_mixin.py:149} INFO - [2023-05-01T04:33:37.604+0000] {dagbag.py:541} INFO - Filling up the DagBag from /home/airflow/.local/lib/python3.8/site-packages/airflow/example_dags/example_setup_teardown.py
[2023-05-01T04:33:37.609+0000] {processor.py:811} WARNING - No viable dags retrieved from /home/airflow/.local/lib/python3.8/site-packages/airflow/example_dags/example_setup_teardown.py
[2023-05-01T04:33:37.631+0000] {processor.py:178} INFO - Processing /home/airflow/.local/lib/python3.8/site-packages/airflow/example_dags/example_setup_teardown.py took 0.039 seconds
[2023-05-01T04:34:08.423+0000] {processor.py:156} INFO - Started process (PID=894) to work on /home/airflow/.local/lib/python3.8/site-packages/airflow/example_dags/example_setup_teardown.py
[2023-05-01T04:34:08.428+0000] {processor.py:799} INFO - Processing file /home/airflow/.local/lib/python3.8/site-packages/airflow/example_dags/example_setup_teardown.py for tasks to queue
[2023-05-01T04:34:08.436+0000] {logging_mixin.py:149} INFO - [2023-05-01T04:34:08.436+0000] {dagbag.py:541} INFO - Filling up the DagBag from /home/airflow/.local/lib/python3.8/site-packages/airflow/example_dags/example_setup_teardown.py
[2023-05-01T04:34:08.451+0000] {processor.py:811} WARNING - No viable dags retrieved from /home/airflow/.local/lib/python3.8/site-packages/airflow/example_dags/example_setup_teardown.py
[2023-05-01T04:34:08.576+0000] {processor.py:178} INFO - Processing /home/airflow/.local/lib/python3.8/site-packages/airflow/example_dags/example_setup_teardown.py took 0.167 seconds
[2023-05-01T04:34:39.304+0000] {processor.py:156} INFO - Started process (PID=1007) to work on /home/airflow/.local/lib/python3.8/site-packages/airflow/example_dags/example_setup_teardown.py
[2023-05-01T04:34:39.309+0000] {processor.py:799} INFO - Processing file /home/airflow/.local/lib/python3.8/site-packages/airflow/example_dags/example_setup_teardown.py for tasks to queue
[2023-05-01T04:34:39.315+0000] {logging_mixin.py:149} INFO - [2023-05-01T04:34:39.314+0000] {dagbag.py:541} INFO - Filling up the DagBag from /home/airflow/.local/lib/python3.8/site-packages/airflow/example_dags/example_setup_teardown.py
[2023-05-01T04:34:39.324+0000] {processor.py:811} WARNING - No viable dags retrieved from /home/airflow/.local/lib/python3.8/site-packages/airflow/example_dags/example_setup_teardown.py
[2023-05-01T04:34:39.372+0000] {processor.py:178} INFO - Processing /home/airflow/.local/lib/python3.8/site-packages/airflow/example_dags/example_setup_teardown.py took 0.080 seconds
[2023-05-01T04:35:09.951+0000] {processor.py:156} INFO - Started process (PID=1133) to work on /home/airflow/.local/lib/python3.8/site-packages/airflow/example_dags/example_setup_teardown.py
[2023-05-01T04:35:09.954+0000] {processor.py:799} INFO - Processing file /home/airflow/.local/lib/python3.8/site-packages/airflow/example_dags/example_setup_teardown.py for tasks to queue
[2023-05-01T04:35:09.958+0000] {logging_mixin.py:149} INFO - [2023-05-01T04:35:09.958+0000] {dagbag.py:541} INFO - Filling up the DagBag from /home/airflow/.local/lib/python3.8/site-packages/airflow/example_dags/example_setup_teardown.py
[2023-05-01T04:35:09.964+0000] {processor.py:811} WARNING - No viable dags retrieved from /home/airflow/.local/lib/python3.8/site-packages/airflow/example_dags/example_setup_teardown.py
[2023-05-01T04:35:09.988+0000] {processor.py:178} INFO - Processing /home/airflow/.local/lib/python3.8/site-packages/airflow/example_dags/example_setup_teardown.py took 0.044 seconds
[2023-05-01T04:35:41.030+0000] {processor.py:156} INFO - Started process (PID=1246) to work on /home/airflow/.local/lib/python3.8/site-packages/airflow/example_dags/example_setup_teardown.py
[2023-05-01T04:35:41.033+0000] {processor.py:799} INFO - Processing file /home/airflow/.local/lib/python3.8/site-packages/airflow/example_dags/example_setup_teardown.py for tasks to queue
[2023-05-01T04:35:41.043+0000] {logging_mixin.py:149} INFO - [2023-05-01T04:35:41.042+0000] {dagbag.py:541} INFO - Filling up the DagBag from /home/airflow/.local/lib/python3.8/site-packages/airflow/example_dags/example_setup_teardown.py
[2023-05-01T04:35:41.048+0000] {processor.py:811} WARNING - No viable dags retrieved from /home/airflow/.local/lib/python3.8/site-packages/airflow/example_dags/example_setup_teardown.py
[2023-05-01T04:35:41.072+0000] {processor.py:178} INFO - Processing /home/airflow/.local/lib/python3.8/site-packages/airflow/example_dags/example_setup_teardown.py took 0.049 seconds
