[2023-05-01T04:30:44.722+0000] {processor.py:156} INFO - Started process (PID=176) to work on /home/airflow/.local/lib/python3.8/site-packages/airflow/example_dags/example_sensor_decorator.py
[2023-05-01T04:30:44.724+0000] {processor.py:799} INFO - Processing file /home/airflow/.local/lib/python3.8/site-packages/airflow/example_dags/example_sensor_decorator.py for tasks to queue
[2023-05-01T04:30:44.729+0000] {logging_mixin.py:149} INFO - [2023-05-01T04:30:44.728+0000] {dagbag.py:541} INFO - Filling up the DagBag from /home/airflow/.local/lib/python3.8/site-packages/airflow/example_dags/example_sensor_decorator.py
[2023-05-01T04:30:44.809+0000] {processor.py:809} INFO - DAG(s) dict_keys(['example_sensor_decorator']) retrieved from /home/airflow/.local/lib/python3.8/site-packages/airflow/example_dags/example_sensor_decorator.py
[2023-05-01T04:30:46.882+0000] {logging_mixin.py:149} INFO - [2023-05-01T04:30:46.881+0000] {manager.py:504} INFO - Created Permission View: can read on DAG:example_sensor_decorator
[2023-05-01T04:30:46.996+0000] {logging_mixin.py:149} INFO - [2023-05-01T04:30:46.995+0000] {manager.py:504} INFO - Created Permission View: can delete on DAG:example_sensor_decorator
[2023-05-01T04:30:47.072+0000] {logging_mixin.py:149} INFO - [2023-05-01T04:30:47.071+0000] {manager.py:504} INFO - Created Permission View: can edit on DAG:example_sensor_decorator
[2023-05-01T04:30:47.083+0000] {logging_mixin.py:149} INFO - [2023-05-01T04:30:47.082+0000] {dag.py:2726} INFO - Sync 1 DAGs
[2023-05-01T04:30:47.245+0000] {logging_mixin.py:149} INFO - [2023-05-01T04:30:47.244+0000] {dag.py:2747} INFO - Creating ORM DAG for example_sensor_decorator
[2023-05-01T04:30:47.325+0000] {logging_mixin.py:149} INFO - [2023-05-01T04:30:47.325+0000] {dag.py:3486} INFO - Setting next_dagrun for example_sensor_decorator to None, run_after=None
[2023-05-01T04:30:47.453+0000] {processor.py:178} INFO - Processing /home/airflow/.local/lib/python3.8/site-packages/airflow/example_dags/example_sensor_decorator.py took 2.769 seconds
[2023-05-01T04:31:30.978+0000] {processor.py:156} INFO - Started process (PID=304) to work on /home/airflow/.local/lib/python3.8/site-packages/airflow/example_dags/example_sensor_decorator.py
[2023-05-01T04:31:30.988+0000] {processor.py:799} INFO - Processing file /home/airflow/.local/lib/python3.8/site-packages/airflow/example_dags/example_sensor_decorator.py for tasks to queue
[2023-05-01T04:31:30.995+0000] {logging_mixin.py:149} INFO - [2023-05-01T04:31:30.995+0000] {dagbag.py:541} INFO - Filling up the DagBag from /home/airflow/.local/lib/python3.8/site-packages/airflow/example_dags/example_sensor_decorator.py
[2023-05-01T04:31:31.036+0000] {processor.py:809} INFO - DAG(s) dict_keys(['example_sensor_decorator']) retrieved from /home/airflow/.local/lib/python3.8/site-packages/airflow/example_dags/example_sensor_decorator.py
[2023-05-01T04:31:31.204+0000] {logging_mixin.py:149} INFO - [2023-05-01T04:31:31.203+0000] {dag.py:2726} INFO - Sync 1 DAGs
[2023-05-01T04:31:31.315+0000] {logging_mixin.py:149} INFO - [2023-05-01T04:31:31.314+0000] {dag.py:3486} INFO - Setting next_dagrun for example_sensor_decorator to None, run_after=None
[2023-05-01T04:31:31.403+0000] {processor.py:178} INFO - Processing /home/airflow/.local/lib/python3.8/site-packages/airflow/example_dags/example_sensor_decorator.py took 0.445 seconds
[2023-05-01T04:32:01.882+0000] {processor.py:156} INFO - Started process (PID=416) to work on /home/airflow/.local/lib/python3.8/site-packages/airflow/example_dags/example_sensor_decorator.py
[2023-05-01T04:32:01.886+0000] {processor.py:799} INFO - Processing file /home/airflow/.local/lib/python3.8/site-packages/airflow/example_dags/example_sensor_decorator.py for tasks to queue
[2023-05-01T04:32:01.894+0000] {logging_mixin.py:149} INFO - [2023-05-01T04:32:01.892+0000] {dagbag.py:541} INFO - Filling up the DagBag from /home/airflow/.local/lib/python3.8/site-packages/airflow/example_dags/example_sensor_decorator.py
[2023-05-01T04:32:01.934+0000] {processor.py:809} INFO - DAG(s) dict_keys(['example_sensor_decorator']) retrieved from /home/airflow/.local/lib/python3.8/site-packages/airflow/example_dags/example_sensor_decorator.py
[2023-05-01T04:32:02.014+0000] {logging_mixin.py:149} INFO - [2023-05-01T04:32:02.013+0000] {dag.py:2726} INFO - Sync 1 DAGs
[2023-05-01T04:32:02.244+0000] {logging_mixin.py:149} INFO - [2023-05-01T04:32:02.244+0000] {dag.py:3486} INFO - Setting next_dagrun for example_sensor_decorator to None, run_after=None
[2023-05-01T04:32:02.347+0000] {processor.py:178} INFO - Processing /home/airflow/.local/lib/python3.8/site-packages/airflow/example_dags/example_sensor_decorator.py took 0.478 seconds
[2023-05-01T04:32:35.020+0000] {processor.py:156} INFO - Started process (PID=541) to work on /home/airflow/.local/lib/python3.8/site-packages/airflow/example_dags/example_sensor_decorator.py
[2023-05-01T04:32:35.024+0000] {processor.py:799} INFO - Processing file /home/airflow/.local/lib/python3.8/site-packages/airflow/example_dags/example_sensor_decorator.py for tasks to queue
[2023-05-01T04:32:35.033+0000] {logging_mixin.py:149} INFO - [2023-05-01T04:32:35.032+0000] {dagbag.py:541} INFO - Filling up the DagBag from /home/airflow/.local/lib/python3.8/site-packages/airflow/example_dags/example_sensor_decorator.py
[2023-05-01T04:32:35.085+0000] {processor.py:809} INFO - DAG(s) dict_keys(['example_sensor_decorator']) retrieved from /home/airflow/.local/lib/python3.8/site-packages/airflow/example_dags/example_sensor_decorator.py
[2023-05-01T04:32:35.273+0000] {logging_mixin.py:149} INFO - [2023-05-01T04:32:35.272+0000] {dag.py:2726} INFO - Sync 1 DAGs
[2023-05-01T04:32:35.539+0000] {logging_mixin.py:149} INFO - [2023-05-01T04:32:35.538+0000] {dag.py:3486} INFO - Setting next_dagrun for example_sensor_decorator to None, run_after=None
[2023-05-01T04:32:35.654+0000] {processor.py:178} INFO - Processing /home/airflow/.local/lib/python3.8/site-packages/airflow/example_dags/example_sensor_decorator.py took 0.660 seconds
[2023-05-01T04:33:07.408+0000] {processor.py:156} INFO - Started process (PID=663) to work on /home/airflow/.local/lib/python3.8/site-packages/airflow/example_dags/example_sensor_decorator.py
[2023-05-01T04:33:07.413+0000] {processor.py:799} INFO - Processing file /home/airflow/.local/lib/python3.8/site-packages/airflow/example_dags/example_sensor_decorator.py for tasks to queue
[2023-05-01T04:33:07.424+0000] {logging_mixin.py:149} INFO - [2023-05-01T04:33:07.424+0000] {dagbag.py:541} INFO - Filling up the DagBag from /home/airflow/.local/lib/python3.8/site-packages/airflow/example_dags/example_sensor_decorator.py
[2023-05-01T04:33:07.471+0000] {processor.py:809} INFO - DAG(s) dict_keys(['example_sensor_decorator']) retrieved from /home/airflow/.local/lib/python3.8/site-packages/airflow/example_dags/example_sensor_decorator.py
[2023-05-01T04:33:07.658+0000] {logging_mixin.py:149} INFO - [2023-05-01T04:33:07.656+0000] {dag.py:2726} INFO - Sync 1 DAGs
[2023-05-01T04:33:07.815+0000] {logging_mixin.py:149} INFO - [2023-05-01T04:33:07.815+0000] {dag.py:3486} INFO - Setting next_dagrun for example_sensor_decorator to None, run_after=None
[2023-05-01T04:33:07.945+0000] {processor.py:178} INFO - Processing /home/airflow/.local/lib/python3.8/site-packages/airflow/example_dags/example_sensor_decorator.py took 0.562 seconds
[2023-05-01T04:33:38.627+0000] {processor.py:156} INFO - Started process (PID=772) to work on /home/airflow/.local/lib/python3.8/site-packages/airflow/example_dags/example_sensor_decorator.py
[2023-05-01T04:33:38.629+0000] {processor.py:799} INFO - Processing file /home/airflow/.local/lib/python3.8/site-packages/airflow/example_dags/example_sensor_decorator.py for tasks to queue
[2023-05-01T04:33:38.632+0000] {logging_mixin.py:149} INFO - [2023-05-01T04:33:38.632+0000] {dagbag.py:541} INFO - Filling up the DagBag from /home/airflow/.local/lib/python3.8/site-packages/airflow/example_dags/example_sensor_decorator.py
[2023-05-01T04:33:38.647+0000] {processor.py:809} INFO - DAG(s) dict_keys(['example_sensor_decorator']) retrieved from /home/airflow/.local/lib/python3.8/site-packages/airflow/example_dags/example_sensor_decorator.py
[2023-05-01T04:33:38.757+0000] {logging_mixin.py:149} INFO - [2023-05-01T04:33:38.756+0000] {dag.py:2726} INFO - Sync 1 DAGs
[2023-05-01T04:33:38.953+0000] {logging_mixin.py:149} INFO - [2023-05-01T04:33:38.953+0000] {dag.py:3486} INFO - Setting next_dagrun for example_sensor_decorator to None, run_after=None
[2023-05-01T04:33:38.996+0000] {processor.py:178} INFO - Processing /home/airflow/.local/lib/python3.8/site-packages/airflow/example_dags/example_sensor_decorator.py took 0.376 seconds
[2023-05-01T04:34:09.746+0000] {processor.py:156} INFO - Started process (PID=896) to work on /home/airflow/.local/lib/python3.8/site-packages/airflow/example_dags/example_sensor_decorator.py
[2023-05-01T04:34:09.749+0000] {processor.py:799} INFO - Processing file /home/airflow/.local/lib/python3.8/site-packages/airflow/example_dags/example_sensor_decorator.py for tasks to queue
[2023-05-01T04:34:09.766+0000] {logging_mixin.py:149} INFO - [2023-05-01T04:34:09.765+0000] {dagbag.py:541} INFO - Filling up the DagBag from /home/airflow/.local/lib/python3.8/site-packages/airflow/example_dags/example_sensor_decorator.py
[2023-05-01T04:34:09.823+0000] {processor.py:809} INFO - DAG(s) dict_keys(['example_sensor_decorator']) retrieved from /home/airflow/.local/lib/python3.8/site-packages/airflow/example_dags/example_sensor_decorator.py
[2023-05-01T04:34:09.999+0000] {logging_mixin.py:149} INFO - [2023-05-01T04:34:09.998+0000] {dag.py:2726} INFO - Sync 1 DAGs
[2023-05-01T04:34:10.164+0000] {logging_mixin.py:149} INFO - [2023-05-01T04:34:10.163+0000] {dag.py:3486} INFO - Setting next_dagrun for example_sensor_decorator to None, run_after=None
[2023-05-01T04:34:10.256+0000] {processor.py:178} INFO - Processing /home/airflow/.local/lib/python3.8/site-packages/airflow/example_dags/example_sensor_decorator.py took 0.539 seconds
[2023-05-01T04:34:40.416+0000] {processor.py:156} INFO - Started process (PID=1009) to work on /home/airflow/.local/lib/python3.8/site-packages/airflow/example_dags/example_sensor_decorator.py
[2023-05-01T04:34:40.419+0000] {processor.py:799} INFO - Processing file /home/airflow/.local/lib/python3.8/site-packages/airflow/example_dags/example_sensor_decorator.py for tasks to queue
[2023-05-01T04:34:40.422+0000] {logging_mixin.py:149} INFO - [2023-05-01T04:34:40.422+0000] {dagbag.py:541} INFO - Filling up the DagBag from /home/airflow/.local/lib/python3.8/site-packages/airflow/example_dags/example_sensor_decorator.py
[2023-05-01T04:34:40.438+0000] {processor.py:809} INFO - DAG(s) dict_keys(['example_sensor_decorator']) retrieved from /home/airflow/.local/lib/python3.8/site-packages/airflow/example_dags/example_sensor_decorator.py
[2023-05-01T04:34:40.497+0000] {logging_mixin.py:149} INFO - [2023-05-01T04:34:40.496+0000] {dag.py:2726} INFO - Sync 1 DAGs
[2023-05-01T04:34:40.562+0000] {logging_mixin.py:149} INFO - [2023-05-01T04:34:40.561+0000] {dag.py:3486} INFO - Setting next_dagrun for example_sensor_decorator to None, run_after=None
[2023-05-01T04:34:40.662+0000] {processor.py:178} INFO - Processing /home/airflow/.local/lib/python3.8/site-packages/airflow/example_dags/example_sensor_decorator.py took 0.253 seconds
[2023-05-01T04:35:11.005+0000] {processor.py:156} INFO - Started process (PID=1135) to work on /home/airflow/.local/lib/python3.8/site-packages/airflow/example_dags/example_sensor_decorator.py
[2023-05-01T04:35:11.007+0000] {processor.py:799} INFO - Processing file /home/airflow/.local/lib/python3.8/site-packages/airflow/example_dags/example_sensor_decorator.py for tasks to queue
[2023-05-01T04:35:11.010+0000] {logging_mixin.py:149} INFO - [2023-05-01T04:35:11.009+0000] {dagbag.py:541} INFO - Filling up the DagBag from /home/airflow/.local/lib/python3.8/site-packages/airflow/example_dags/example_sensor_decorator.py
[2023-05-01T04:35:11.034+0000] {processor.py:809} INFO - DAG(s) dict_keys(['example_sensor_decorator']) retrieved from /home/airflow/.local/lib/python3.8/site-packages/airflow/example_dags/example_sensor_decorator.py
[2023-05-01T04:35:11.119+0000] {logging_mixin.py:149} INFO - [2023-05-01T04:35:11.118+0000] {dag.py:2726} INFO - Sync 1 DAGs
[2023-05-01T04:35:11.185+0000] {logging_mixin.py:149} INFO - [2023-05-01T04:35:11.184+0000] {dag.py:3486} INFO - Setting next_dagrun for example_sensor_decorator to None, run_after=None
[2023-05-01T04:35:11.228+0000] {processor.py:178} INFO - Processing /home/airflow/.local/lib/python3.8/site-packages/airflow/example_dags/example_sensor_decorator.py took 0.230 seconds
[2023-05-01T04:35:42.093+0000] {processor.py:156} INFO - Started process (PID=1248) to work on /home/airflow/.local/lib/python3.8/site-packages/airflow/example_dags/example_sensor_decorator.py
[2023-05-01T04:35:42.112+0000] {processor.py:799} INFO - Processing file /home/airflow/.local/lib/python3.8/site-packages/airflow/example_dags/example_sensor_decorator.py for tasks to queue
[2023-05-01T04:35:42.120+0000] {logging_mixin.py:149} INFO - [2023-05-01T04:35:42.119+0000] {dagbag.py:541} INFO - Filling up the DagBag from /home/airflow/.local/lib/python3.8/site-packages/airflow/example_dags/example_sensor_decorator.py
[2023-05-01T04:35:42.166+0000] {processor.py:809} INFO - DAG(s) dict_keys(['example_sensor_decorator']) retrieved from /home/airflow/.local/lib/python3.8/site-packages/airflow/example_dags/example_sensor_decorator.py
[2023-05-01T04:35:42.253+0000] {logging_mixin.py:149} INFO - [2023-05-01T04:35:42.252+0000] {dag.py:2726} INFO - Sync 1 DAGs
[2023-05-01T04:35:42.329+0000] {logging_mixin.py:149} INFO - [2023-05-01T04:35:42.328+0000] {dag.py:3486} INFO - Setting next_dagrun for example_sensor_decorator to None, run_after=None
[2023-05-01T04:35:42.370+0000] {processor.py:178} INFO - Processing /home/airflow/.local/lib/python3.8/site-packages/airflow/example_dags/example_sensor_decorator.py took 0.290 seconds
