[2023-05-01T04:31:12.047+0000] {processor.py:156} INFO - Started process (PID=222) to work on /home/airflow/.local/lib/python3.8/site-packages/airflow/example_dags/example_branch_operator_decorator.py
[2023-05-01T04:31:12.053+0000] {processor.py:799} INFO - Processing file /home/airflow/.local/lib/python3.8/site-packages/airflow/example_dags/example_branch_operator_decorator.py for tasks to queue
[2023-05-01T04:31:12.057+0000] {logging_mixin.py:149} INFO - [2023-05-01T04:31:12.057+0000] {dagbag.py:541} INFO - Filling up the DagBag from /home/airflow/.local/lib/python3.8/site-packages/airflow/example_dags/example_branch_operator_decorator.py
[2023-05-01T04:31:12.127+0000] {processor.py:809} INFO - DAG(s) dict_keys(['example_branch_python_operator_decorator']) retrieved from /home/airflow/.local/lib/python3.8/site-packages/airflow/example_dags/example_branch_operator_decorator.py
[2023-05-01T04:31:12.883+0000] {logging_mixin.py:149} INFO - [2023-05-01T04:31:12.882+0000] {manager.py:504} INFO - Created Permission View: can read on DAG:example_branch_python_operator_decorator
[2023-05-01T04:31:12.929+0000] {logging_mixin.py:149} INFO - [2023-05-01T04:31:12.929+0000] {manager.py:504} INFO - Created Permission View: can delete on DAG:example_branch_python_operator_decorator
[2023-05-01T04:31:12.956+0000] {logging_mixin.py:149} INFO - [2023-05-01T04:31:12.955+0000] {manager.py:504} INFO - Created Permission View: can edit on DAG:example_branch_python_operator_decorator
[2023-05-01T04:31:12.958+0000] {logging_mixin.py:149} INFO - [2023-05-01T04:31:12.958+0000] {dag.py:2726} INFO - Sync 1 DAGs
[2023-05-01T04:31:13.037+0000] {logging_mixin.py:149} INFO - [2023-05-01T04:31:13.036+0000] {dag.py:2747} INFO - Creating ORM DAG for example_branch_python_operator_decorator
[2023-05-01T04:31:13.122+0000] {logging_mixin.py:149} INFO - [2023-05-01T04:31:13.121+0000] {dag.py:3486} INFO - Setting next_dagrun for example_branch_python_operator_decorator to 2023-04-30T00:00:00+00:00, run_after=2023-05-01T00:00:00+00:00
[2023-05-01T04:31:13.242+0000] {processor.py:178} INFO - Processing /home/airflow/.local/lib/python3.8/site-packages/airflow/example_dags/example_branch_operator_decorator.py took 1.202 seconds
[2023-05-01T04:31:44.317+0000] {processor.py:156} INFO - Started process (PID=343) to work on /home/airflow/.local/lib/python3.8/site-packages/airflow/example_dags/example_branch_operator_decorator.py
[2023-05-01T04:31:44.323+0000] {processor.py:799} INFO - Processing file /home/airflow/.local/lib/python3.8/site-packages/airflow/example_dags/example_branch_operator_decorator.py for tasks to queue
[2023-05-01T04:31:44.344+0000] {logging_mixin.py:149} INFO - [2023-05-01T04:31:44.344+0000] {dagbag.py:541} INFO - Filling up the DagBag from /home/airflow/.local/lib/python3.8/site-packages/airflow/example_dags/example_branch_operator_decorator.py
[2023-05-01T04:31:44.472+0000] {processor.py:809} INFO - DAG(s) dict_keys(['example_branch_python_operator_decorator']) retrieved from /home/airflow/.local/lib/python3.8/site-packages/airflow/example_dags/example_branch_operator_decorator.py
[2023-05-01T04:31:44.705+0000] {logging_mixin.py:149} INFO - [2023-05-01T04:31:44.704+0000] {dag.py:2726} INFO - Sync 1 DAGs
[2023-05-01T04:31:44.937+0000] {logging_mixin.py:149} INFO - [2023-05-01T04:31:44.936+0000] {dag.py:3486} INFO - Setting next_dagrun for example_branch_python_operator_decorator to 2023-04-30T00:00:00+00:00, run_after=2023-05-01T00:00:00+00:00
[2023-05-01T04:31:45.053+0000] {processor.py:178} INFO - Processing /home/airflow/.local/lib/python3.8/site-packages/airflow/example_dags/example_branch_operator_decorator.py took 0.764 seconds
[2023-05-01T04:32:16.006+0000] {processor.py:156} INFO - Started process (PID=459) to work on /home/airflow/.local/lib/python3.8/site-packages/airflow/example_dags/example_branch_operator_decorator.py
[2023-05-01T04:32:16.010+0000] {processor.py:799} INFO - Processing file /home/airflow/.local/lib/python3.8/site-packages/airflow/example_dags/example_branch_operator_decorator.py for tasks to queue
[2023-05-01T04:32:16.017+0000] {logging_mixin.py:149} INFO - [2023-05-01T04:32:16.016+0000] {dagbag.py:541} INFO - Filling up the DagBag from /home/airflow/.local/lib/python3.8/site-packages/airflow/example_dags/example_branch_operator_decorator.py
[2023-05-01T04:32:16.133+0000] {processor.py:809} INFO - DAG(s) dict_keys(['example_branch_python_operator_decorator']) retrieved from /home/airflow/.local/lib/python3.8/site-packages/airflow/example_dags/example_branch_operator_decorator.py
[2023-05-01T04:32:16.332+0000] {logging_mixin.py:149} INFO - [2023-05-01T04:32:16.331+0000] {dag.py:2726} INFO - Sync 1 DAGs
[2023-05-01T04:32:16.495+0000] {logging_mixin.py:149} INFO - [2023-05-01T04:32:16.494+0000] {dag.py:3486} INFO - Setting next_dagrun for example_branch_python_operator_decorator to 2023-04-30T00:00:00+00:00, run_after=2023-05-01T00:00:00+00:00
[2023-05-01T04:32:16.631+0000] {processor.py:178} INFO - Processing /home/airflow/.local/lib/python3.8/site-packages/airflow/example_dags/example_branch_operator_decorator.py took 0.647 seconds
[2023-05-01T04:32:47.424+0000] {processor.py:156} INFO - Started process (PID=584) to work on /home/airflow/.local/lib/python3.8/site-packages/airflow/example_dags/example_branch_operator_decorator.py
[2023-05-01T04:32:47.437+0000] {processor.py:799} INFO - Processing file /home/airflow/.local/lib/python3.8/site-packages/airflow/example_dags/example_branch_operator_decorator.py for tasks to queue
[2023-05-01T04:32:47.447+0000] {logging_mixin.py:149} INFO - [2023-05-01T04:32:47.447+0000] {dagbag.py:541} INFO - Filling up the DagBag from /home/airflow/.local/lib/python3.8/site-packages/airflow/example_dags/example_branch_operator_decorator.py
[2023-05-01T04:32:47.575+0000] {processor.py:809} INFO - DAG(s) dict_keys(['example_branch_python_operator_decorator']) retrieved from /home/airflow/.local/lib/python3.8/site-packages/airflow/example_dags/example_branch_operator_decorator.py
[2023-05-01T04:32:47.839+0000] {logging_mixin.py:149} INFO - [2023-05-01T04:32:47.838+0000] {dag.py:2726} INFO - Sync 1 DAGs
[2023-05-01T04:32:48.163+0000] {logging_mixin.py:149} INFO - [2023-05-01T04:32:48.162+0000] {dag.py:3486} INFO - Setting next_dagrun for example_branch_python_operator_decorator to 2023-04-30T00:00:00+00:00, run_after=2023-05-01T00:00:00+00:00
[2023-05-01T04:32:48.337+0000] {processor.py:178} INFO - Processing /home/airflow/.local/lib/python3.8/site-packages/airflow/example_dags/example_branch_operator_decorator.py took 0.941 seconds
[2023-05-01T04:33:18.621+0000] {processor.py:156} INFO - Started process (PID=698) to work on /home/airflow/.local/lib/python3.8/site-packages/airflow/example_dags/example_branch_operator_decorator.py
[2023-05-01T04:33:18.624+0000] {processor.py:799} INFO - Processing file /home/airflow/.local/lib/python3.8/site-packages/airflow/example_dags/example_branch_operator_decorator.py for tasks to queue
[2023-05-01T04:33:18.627+0000] {logging_mixin.py:149} INFO - [2023-05-01T04:33:18.627+0000] {dagbag.py:541} INFO - Filling up the DagBag from /home/airflow/.local/lib/python3.8/site-packages/airflow/example_dags/example_branch_operator_decorator.py
[2023-05-01T04:33:18.660+0000] {processor.py:809} INFO - DAG(s) dict_keys(['example_branch_python_operator_decorator']) retrieved from /home/airflow/.local/lib/python3.8/site-packages/airflow/example_dags/example_branch_operator_decorator.py
[2023-05-01T04:33:18.736+0000] {logging_mixin.py:149} INFO - [2023-05-01T04:33:18.735+0000] {dag.py:2726} INFO - Sync 1 DAGs
[2023-05-01T04:33:18.808+0000] {logging_mixin.py:149} INFO - [2023-05-01T04:33:18.808+0000] {dag.py:3486} INFO - Setting next_dagrun for example_branch_python_operator_decorator to 2023-04-30T00:00:00+00:00, run_after=2023-05-01T00:00:00+00:00
[2023-05-01T04:33:18.854+0000] {processor.py:178} INFO - Processing /home/airflow/.local/lib/python3.8/site-packages/airflow/example_dags/example_branch_operator_decorator.py took 0.238 seconds
[2023-05-01T04:33:49.307+0000] {processor.py:156} INFO - Started process (PID=821) to work on /home/airflow/.local/lib/python3.8/site-packages/airflow/example_dags/example_branch_operator_decorator.py
[2023-05-01T04:33:49.315+0000] {processor.py:799} INFO - Processing file /home/airflow/.local/lib/python3.8/site-packages/airflow/example_dags/example_branch_operator_decorator.py for tasks to queue
[2023-05-01T04:33:49.340+0000] {logging_mixin.py:149} INFO - [2023-05-01T04:33:49.334+0000] {dagbag.py:541} INFO - Filling up the DagBag from /home/airflow/.local/lib/python3.8/site-packages/airflow/example_dags/example_branch_operator_decorator.py
[2023-05-01T04:33:49.575+0000] {processor.py:809} INFO - DAG(s) dict_keys(['example_branch_python_operator_decorator']) retrieved from /home/airflow/.local/lib/python3.8/site-packages/airflow/example_dags/example_branch_operator_decorator.py
[2023-05-01T04:33:49.938+0000] {logging_mixin.py:149} INFO - [2023-05-01T04:33:49.934+0000] {dag.py:2726} INFO - Sync 1 DAGs
[2023-05-01T04:33:50.120+0000] {logging_mixin.py:149} INFO - [2023-05-01T04:33:50.119+0000] {dag.py:3486} INFO - Setting next_dagrun for example_branch_python_operator_decorator to 2023-04-30T00:00:00+00:00, run_after=2023-05-01T00:00:00+00:00
[2023-05-01T04:33:50.224+0000] {processor.py:178} INFO - Processing /home/airflow/.local/lib/python3.8/site-packages/airflow/example_dags/example_branch_operator_decorator.py took 0.959 seconds
[2023-05-01T04:34:20.650+0000] {processor.py:156} INFO - Started process (PID=934) to work on /home/airflow/.local/lib/python3.8/site-packages/airflow/example_dags/example_branch_operator_decorator.py
[2023-05-01T04:34:20.655+0000] {processor.py:799} INFO - Processing file /home/airflow/.local/lib/python3.8/site-packages/airflow/example_dags/example_branch_operator_decorator.py for tasks to queue
[2023-05-01T04:34:20.663+0000] {logging_mixin.py:149} INFO - [2023-05-01T04:34:20.663+0000] {dagbag.py:541} INFO - Filling up the DagBag from /home/airflow/.local/lib/python3.8/site-packages/airflow/example_dags/example_branch_operator_decorator.py
[2023-05-01T04:34:20.754+0000] {processor.py:809} INFO - DAG(s) dict_keys(['example_branch_python_operator_decorator']) retrieved from /home/airflow/.local/lib/python3.8/site-packages/airflow/example_dags/example_branch_operator_decorator.py
[2023-05-01T04:34:20.990+0000] {logging_mixin.py:149} INFO - [2023-05-01T04:34:20.988+0000] {dag.py:2726} INFO - Sync 1 DAGs
[2023-05-01T04:34:21.106+0000] {logging_mixin.py:149} INFO - [2023-05-01T04:34:21.105+0000] {dag.py:3486} INFO - Setting next_dagrun for example_branch_python_operator_decorator to 2023-04-30T00:00:00+00:00, run_after=2023-05-01T00:00:00+00:00
[2023-05-01T04:34:21.187+0000] {processor.py:178} INFO - Processing /home/airflow/.local/lib/python3.8/site-packages/airflow/example_dags/example_branch_operator_decorator.py took 0.551 seconds
[2023-05-01T04:34:52.062+0000] {processor.py:156} INFO - Started process (PID=1060) to work on /home/airflow/.local/lib/python3.8/site-packages/airflow/example_dags/example_branch_operator_decorator.py
[2023-05-01T04:34:52.065+0000] {processor.py:799} INFO - Processing file /home/airflow/.local/lib/python3.8/site-packages/airflow/example_dags/example_branch_operator_decorator.py for tasks to queue
[2023-05-01T04:34:52.069+0000] {logging_mixin.py:149} INFO - [2023-05-01T04:34:52.068+0000] {dagbag.py:541} INFO - Filling up the DagBag from /home/airflow/.local/lib/python3.8/site-packages/airflow/example_dags/example_branch_operator_decorator.py
[2023-05-01T04:34:52.134+0000] {processor.py:809} INFO - DAG(s) dict_keys(['example_branch_python_operator_decorator']) retrieved from /home/airflow/.local/lib/python3.8/site-packages/airflow/example_dags/example_branch_operator_decorator.py
[2023-05-01T04:34:52.314+0000] {logging_mixin.py:149} INFO - [2023-05-01T04:34:52.313+0000] {dag.py:2726} INFO - Sync 1 DAGs
[2023-05-01T04:34:52.455+0000] {logging_mixin.py:149} INFO - [2023-05-01T04:34:52.454+0000] {dag.py:3486} INFO - Setting next_dagrun for example_branch_python_operator_decorator to 2023-04-30T00:00:00+00:00, run_after=2023-05-01T00:00:00+00:00
[2023-05-01T04:34:52.511+0000] {processor.py:178} INFO - Processing /home/airflow/.local/lib/python3.8/site-packages/airflow/example_dags/example_branch_operator_decorator.py took 0.465 seconds
[2023-05-01T04:35:23.151+0000] {processor.py:156} INFO - Started process (PID=1173) to work on /home/airflow/.local/lib/python3.8/site-packages/airflow/example_dags/example_branch_operator_decorator.py
[2023-05-01T04:35:23.159+0000] {processor.py:799} INFO - Processing file /home/airflow/.local/lib/python3.8/site-packages/airflow/example_dags/example_branch_operator_decorator.py for tasks to queue
[2023-05-01T04:35:23.165+0000] {logging_mixin.py:149} INFO - [2023-05-01T04:35:23.165+0000] {dagbag.py:541} INFO - Filling up the DagBag from /home/airflow/.local/lib/python3.8/site-packages/airflow/example_dags/example_branch_operator_decorator.py
[2023-05-01T04:35:23.222+0000] {processor.py:809} INFO - DAG(s) dict_keys(['example_branch_python_operator_decorator']) retrieved from /home/airflow/.local/lib/python3.8/site-packages/airflow/example_dags/example_branch_operator_decorator.py
[2023-05-01T04:35:23.313+0000] {logging_mixin.py:149} INFO - [2023-05-01T04:35:23.312+0000] {dag.py:2726} INFO - Sync 1 DAGs
[2023-05-01T04:35:23.389+0000] {logging_mixin.py:149} INFO - [2023-05-01T04:35:23.389+0000] {dag.py:3486} INFO - Setting next_dagrun for example_branch_python_operator_decorator to 2023-04-30T00:00:00+00:00, run_after=2023-05-01T00:00:00+00:00
[2023-05-01T04:35:23.505+0000] {processor.py:178} INFO - Processing /home/airflow/.local/lib/python3.8/site-packages/airflow/example_dags/example_branch_operator_decorator.py took 0.361 seconds
[2023-05-01T04:35:56.486+0000] {processor.py:156} INFO - Started process (PID=1305) to work on /home/airflow/.local/lib/python3.8/site-packages/airflow/example_dags/example_branch_operator_decorator.py
[2023-05-01T04:35:56.489+0000] {processor.py:799} INFO - Processing file /home/airflow/.local/lib/python3.8/site-packages/airflow/example_dags/example_branch_operator_decorator.py for tasks to queue
[2023-05-01T04:35:56.495+0000] {logging_mixin.py:149} INFO - [2023-05-01T04:35:56.494+0000] {dagbag.py:541} INFO - Filling up the DagBag from /home/airflow/.local/lib/python3.8/site-packages/airflow/example_dags/example_branch_operator_decorator.py
[2023-05-01T04:35:56.569+0000] {processor.py:809} INFO - DAG(s) dict_keys(['example_branch_python_operator_decorator']) retrieved from /home/airflow/.local/lib/python3.8/site-packages/airflow/example_dags/example_branch_operator_decorator.py
[2023-05-01T04:35:56.741+0000] {logging_mixin.py:149} INFO - [2023-05-01T04:35:56.738+0000] {dag.py:2726} INFO - Sync 1 DAGs
[2023-05-01T04:35:56.921+0000] {logging_mixin.py:149} INFO - [2023-05-01T04:35:56.920+0000] {dag.py:3486} INFO - Setting next_dagrun for example_branch_python_operator_decorator to 2023-04-30T00:00:00+00:00, run_after=2023-05-01T00:00:00+00:00
[2023-05-01T04:35:57.029+0000] {processor.py:178} INFO - Processing /home/airflow/.local/lib/python3.8/site-packages/airflow/example_dags/example_branch_operator_decorator.py took 0.559 seconds
