[2023-05-01T04:30:39.965+0000] {processor.py:156} INFO - Started process (PID=151) to work on /home/airflow/.local/lib/python3.8/site-packages/airflow/example_dags/example_sla_dag.py
[2023-05-01T04:30:39.973+0000] {processor.py:799} INFO - Processing file /home/airflow/.local/lib/python3.8/site-packages/airflow/example_dags/example_sla_dag.py for tasks to queue
[2023-05-01T04:30:39.978+0000] {logging_mixin.py:149} INFO - [2023-05-01T04:30:39.978+0000] {dagbag.py:541} INFO - Filling up the DagBag from /home/airflow/.local/lib/python3.8/site-packages/airflow/example_dags/example_sla_dag.py
[2023-05-01T04:30:40.060+0000] {processor.py:809} INFO - DAG(s) dict_keys(['example_sla_dag']) retrieved from /home/airflow/.local/lib/python3.8/site-packages/airflow/example_dags/example_sla_dag.py
[2023-05-01T04:30:41.042+0000] {logging_mixin.py:149} INFO - [2023-05-01T04:30:41.042+0000] {manager.py:504} INFO - Created Permission View: can read on DAG:example_sla_dag
[2023-05-01T04:30:41.067+0000] {logging_mixin.py:149} INFO - [2023-05-01T04:30:41.066+0000] {manager.py:504} INFO - Created Permission View: can delete on DAG:example_sla_dag
[2023-05-01T04:30:41.080+0000] {logging_mixin.py:149} INFO - [2023-05-01T04:30:41.080+0000] {manager.py:504} INFO - Created Permission View: can edit on DAG:example_sla_dag
[2023-05-01T04:30:41.082+0000] {logging_mixin.py:149} INFO - [2023-05-01T04:30:41.081+0000] {dag.py:2726} INFO - Sync 1 DAGs
[2023-05-01T04:30:41.155+0000] {logging_mixin.py:149} INFO - [2023-05-01T04:30:41.154+0000] {dag.py:2747} INFO - Creating ORM DAG for example_sla_dag
[2023-05-01T04:30:41.275+0000] {logging_mixin.py:149} INFO - [2023-05-01T04:30:41.275+0000] {dag.py:3486} INFO - Setting next_dagrun for example_sla_dag to 2023-05-01T04:28:00+00:00, run_after=2023-05-01T04:30:00+00:00
[2023-05-01T04:30:41.373+0000] {processor.py:178} INFO - Processing /home/airflow/.local/lib/python3.8/site-packages/airflow/example_dags/example_sla_dag.py took 1.424 seconds
[2023-05-01T04:31:27.387+0000] {processor.py:156} INFO - Started process (PID=285) to work on /home/airflow/.local/lib/python3.8/site-packages/airflow/example_dags/example_sla_dag.py
[2023-05-01T04:31:27.391+0000] {processor.py:799} INFO - Processing file /home/airflow/.local/lib/python3.8/site-packages/airflow/example_dags/example_sla_dag.py for tasks to queue
[2023-05-01T04:31:27.411+0000] {logging_mixin.py:149} INFO - [2023-05-01T04:31:27.411+0000] {dagbag.py:541} INFO - Filling up the DagBag from /home/airflow/.local/lib/python3.8/site-packages/airflow/example_dags/example_sla_dag.py
[2023-05-01T04:31:27.531+0000] {processor.py:809} INFO - DAG(s) dict_keys(['example_sla_dag']) retrieved from /home/airflow/.local/lib/python3.8/site-packages/airflow/example_dags/example_sla_dag.py
[2023-05-01T04:31:27.796+0000] {logging_mixin.py:149} INFO - [2023-05-01T04:31:27.795+0000] {dag.py:2726} INFO - Sync 1 DAGs
[2023-05-01T04:31:28.012+0000] {logging_mixin.py:149} INFO - [2023-05-01T04:31:28.011+0000] {dag.py:3486} INFO - Setting next_dagrun for example_sla_dag to 2023-05-01T04:28:00+00:00, run_after=2023-05-01T04:30:00+00:00
[2023-05-01T04:31:28.097+0000] {processor.py:178} INFO - Processing /home/airflow/.local/lib/python3.8/site-packages/airflow/example_dags/example_sla_dag.py took 0.743 seconds
[2023-05-01T04:31:59.089+0000] {processor.py:156} INFO - Started process (PID=400) to work on /home/airflow/.local/lib/python3.8/site-packages/airflow/example_dags/example_sla_dag.py
[2023-05-01T04:31:59.105+0000] {processor.py:799} INFO - Processing file /home/airflow/.local/lib/python3.8/site-packages/airflow/example_dags/example_sla_dag.py for tasks to queue
[2023-05-01T04:31:59.113+0000] {logging_mixin.py:149} INFO - [2023-05-01T04:31:59.112+0000] {dagbag.py:541} INFO - Filling up the DagBag from /home/airflow/.local/lib/python3.8/site-packages/airflow/example_dags/example_sla_dag.py
[2023-05-01T04:31:59.252+0000] {processor.py:809} INFO - DAG(s) dict_keys(['example_sla_dag']) retrieved from /home/airflow/.local/lib/python3.8/site-packages/airflow/example_dags/example_sla_dag.py
[2023-05-01T04:31:59.338+0000] {logging_mixin.py:149} INFO - [2023-05-01T04:31:59.336+0000] {dag.py:2726} INFO - Sync 1 DAGs
[2023-05-01T04:31:59.494+0000] {logging_mixin.py:149} INFO - [2023-05-01T04:31:59.493+0000] {dag.py:3486} INFO - Setting next_dagrun for example_sla_dag to 2023-05-01T04:28:00+00:00, run_after=2023-05-01T04:30:00+00:00
[2023-05-01T04:31:59.616+0000] {processor.py:178} INFO - Processing /home/airflow/.local/lib/python3.8/site-packages/airflow/example_dags/example_sla_dag.py took 0.569 seconds
[2023-05-01T04:32:30.725+0000] {processor.py:156} INFO - Started process (PID=524) to work on /home/airflow/.local/lib/python3.8/site-packages/airflow/example_dags/example_sla_dag.py
[2023-05-01T04:32:30.731+0000] {processor.py:799} INFO - Processing file /home/airflow/.local/lib/python3.8/site-packages/airflow/example_dags/example_sla_dag.py for tasks to queue
[2023-05-01T04:32:30.741+0000] {logging_mixin.py:149} INFO - [2023-05-01T04:32:30.738+0000] {dagbag.py:541} INFO - Filling up the DagBag from /home/airflow/.local/lib/python3.8/site-packages/airflow/example_dags/example_sla_dag.py
[2023-05-01T04:32:30.829+0000] {processor.py:809} INFO - DAG(s) dict_keys(['example_sla_dag']) retrieved from /home/airflow/.local/lib/python3.8/site-packages/airflow/example_dags/example_sla_dag.py
[2023-05-01T04:32:31.036+0000] {logging_mixin.py:149} INFO - [2023-05-01T04:32:31.035+0000] {dag.py:2726} INFO - Sync 1 DAGs
[2023-05-01T04:32:31.297+0000] {logging_mixin.py:149} INFO - [2023-05-01T04:32:31.296+0000] {dag.py:3486} INFO - Setting next_dagrun for example_sla_dag to 2023-05-01T04:30:00+00:00, run_after=2023-05-01T04:32:00+00:00
[2023-05-01T04:32:31.452+0000] {processor.py:178} INFO - Processing /home/airflow/.local/lib/python3.8/site-packages/airflow/example_dags/example_sla_dag.py took 0.753 seconds
[2023-05-01T04:33:01.553+0000] {processor.py:156} INFO - Started process (PID=630) to work on /home/airflow/.local/lib/python3.8/site-packages/airflow/example_dags/example_sla_dag.py
[2023-05-01T04:33:01.555+0000] {processor.py:799} INFO - Processing file /home/airflow/.local/lib/python3.8/site-packages/airflow/example_dags/example_sla_dag.py for tasks to queue
[2023-05-01T04:33:01.559+0000] {logging_mixin.py:149} INFO - [2023-05-01T04:33:01.558+0000] {dagbag.py:541} INFO - Filling up the DagBag from /home/airflow/.local/lib/python3.8/site-packages/airflow/example_dags/example_sla_dag.py
[2023-05-01T04:33:01.586+0000] {processor.py:809} INFO - DAG(s) dict_keys(['example_sla_dag']) retrieved from /home/airflow/.local/lib/python3.8/site-packages/airflow/example_dags/example_sla_dag.py
[2023-05-01T04:33:01.645+0000] {logging_mixin.py:149} INFO - [2023-05-01T04:33:01.644+0000] {dag.py:2726} INFO - Sync 1 DAGs
[2023-05-01T04:33:01.732+0000] {logging_mixin.py:149} INFO - [2023-05-01T04:33:01.731+0000] {dag.py:3486} INFO - Setting next_dagrun for example_sla_dag to 2023-05-01T04:30:00+00:00, run_after=2023-05-01T04:32:00+00:00
[2023-05-01T04:33:01.779+0000] {processor.py:178} INFO - Processing /home/airflow/.local/lib/python3.8/site-packages/airflow/example_dags/example_sla_dag.py took 0.232 seconds
[2023-05-01T04:33:32.452+0000] {processor.py:156} INFO - Started process (PID=754) to work on /home/airflow/.local/lib/python3.8/site-packages/airflow/example_dags/example_sla_dag.py
[2023-05-01T04:33:32.455+0000] {processor.py:799} INFO - Processing file /home/airflow/.local/lib/python3.8/site-packages/airflow/example_dags/example_sla_dag.py for tasks to queue
[2023-05-01T04:33:32.460+0000] {logging_mixin.py:149} INFO - [2023-05-01T04:33:32.460+0000] {dagbag.py:541} INFO - Filling up the DagBag from /home/airflow/.local/lib/python3.8/site-packages/airflow/example_dags/example_sla_dag.py
[2023-05-01T04:33:32.493+0000] {processor.py:809} INFO - DAG(s) dict_keys(['example_sla_dag']) retrieved from /home/airflow/.local/lib/python3.8/site-packages/airflow/example_dags/example_sla_dag.py
[2023-05-01T04:33:32.559+0000] {logging_mixin.py:149} INFO - [2023-05-01T04:33:32.558+0000] {dag.py:2726} INFO - Sync 1 DAGs
[2023-05-01T04:33:32.656+0000] {logging_mixin.py:149} INFO - [2023-05-01T04:33:32.655+0000] {dag.py:3486} INFO - Setting next_dagrun for example_sla_dag to 2023-05-01T04:30:00+00:00, run_after=2023-05-01T04:32:00+00:00
[2023-05-01T04:33:32.707+0000] {processor.py:178} INFO - Processing /home/airflow/.local/lib/python3.8/site-packages/airflow/example_dags/example_sla_dag.py took 0.275 seconds
[2023-05-01T04:34:02.823+0000] {processor.py:156} INFO - Started process (PID=867) to work on /home/airflow/.local/lib/python3.8/site-packages/airflow/example_dags/example_sla_dag.py
[2023-05-01T04:34:02.825+0000] {processor.py:799} INFO - Processing file /home/airflow/.local/lib/python3.8/site-packages/airflow/example_dags/example_sla_dag.py for tasks to queue
[2023-05-01T04:34:02.828+0000] {logging_mixin.py:149} INFO - [2023-05-01T04:34:02.828+0000] {dagbag.py:541} INFO - Filling up the DagBag from /home/airflow/.local/lib/python3.8/site-packages/airflow/example_dags/example_sla_dag.py
[2023-05-01T04:34:02.855+0000] {processor.py:809} INFO - DAG(s) dict_keys(['example_sla_dag']) retrieved from /home/airflow/.local/lib/python3.8/site-packages/airflow/example_dags/example_sla_dag.py
[2023-05-01T04:34:02.920+0000] {logging_mixin.py:149} INFO - [2023-05-01T04:34:02.919+0000] {dag.py:2726} INFO - Sync 1 DAGs
[2023-05-01T04:34:03.022+0000] {logging_mixin.py:149} INFO - [2023-05-01T04:34:03.021+0000] {dag.py:3486} INFO - Setting next_dagrun for example_sla_dag to 2023-05-01T04:32:00+00:00, run_after=2023-05-01T04:34:00+00:00
[2023-05-01T04:34:03.081+0000] {processor.py:178} INFO - Processing /home/airflow/.local/lib/python3.8/site-packages/airflow/example_dags/example_sla_dag.py took 0.265 seconds
[2023-05-01T04:34:33.797+0000] {processor.py:156} INFO - Started process (PID=993) to work on /home/airflow/.local/lib/python3.8/site-packages/airflow/example_dags/example_sla_dag.py
[2023-05-01T04:34:33.807+0000] {processor.py:799} INFO - Processing file /home/airflow/.local/lib/python3.8/site-packages/airflow/example_dags/example_sla_dag.py for tasks to queue
[2023-05-01T04:34:33.815+0000] {logging_mixin.py:149} INFO - [2023-05-01T04:34:33.814+0000] {dagbag.py:541} INFO - Filling up the DagBag from /home/airflow/.local/lib/python3.8/site-packages/airflow/example_dags/example_sla_dag.py
[2023-05-01T04:34:33.955+0000] {processor.py:809} INFO - DAG(s) dict_keys(['example_sla_dag']) retrieved from /home/airflow/.local/lib/python3.8/site-packages/airflow/example_dags/example_sla_dag.py
[2023-05-01T04:34:34.114+0000] {logging_mixin.py:149} INFO - [2023-05-01T04:34:34.113+0000] {dag.py:2726} INFO - Sync 1 DAGs
[2023-05-01T04:34:34.304+0000] {logging_mixin.py:149} INFO - [2023-05-01T04:34:34.303+0000] {dag.py:3486} INFO - Setting next_dagrun for example_sla_dag to 2023-05-01T04:32:00+00:00, run_after=2023-05-01T04:34:00+00:00
[2023-05-01T04:34:34.377+0000] {processor.py:178} INFO - Processing /home/airflow/.local/lib/python3.8/site-packages/airflow/example_dags/example_sla_dag.py took 0.604 seconds
[2023-05-01T04:35:05.214+0000] {processor.py:156} INFO - Started process (PID=1106) to work on /home/airflow/.local/lib/python3.8/site-packages/airflow/example_dags/example_sla_dag.py
[2023-05-01T04:35:05.216+0000] {processor.py:799} INFO - Processing file /home/airflow/.local/lib/python3.8/site-packages/airflow/example_dags/example_sla_dag.py for tasks to queue
[2023-05-01T04:35:05.220+0000] {logging_mixin.py:149} INFO - [2023-05-01T04:35:05.219+0000] {dagbag.py:541} INFO - Filling up the DagBag from /home/airflow/.local/lib/python3.8/site-packages/airflow/example_dags/example_sla_dag.py
[2023-05-01T04:35:05.248+0000] {processor.py:809} INFO - DAG(s) dict_keys(['example_sla_dag']) retrieved from /home/airflow/.local/lib/python3.8/site-packages/airflow/example_dags/example_sla_dag.py
[2023-05-01T04:35:05.309+0000] {logging_mixin.py:149} INFO - [2023-05-01T04:35:05.307+0000] {dag.py:2726} INFO - Sync 1 DAGs
[2023-05-01T04:35:05.488+0000] {logging_mixin.py:149} INFO - [2023-05-01T04:35:05.487+0000] {dag.py:3486} INFO - Setting next_dagrun for example_sla_dag to 2023-05-01T04:32:00+00:00, run_after=2023-05-01T04:34:00+00:00
[2023-05-01T04:35:05.564+0000] {processor.py:178} INFO - Processing /home/airflow/.local/lib/python3.8/site-packages/airflow/example_dags/example_sla_dag.py took 0.357 seconds
[2023-05-01T04:35:36.307+0000] {processor.py:156} INFO - Started process (PID=1232) to work on /home/airflow/.local/lib/python3.8/site-packages/airflow/example_dags/example_sla_dag.py
[2023-05-01T04:35:36.310+0000] {processor.py:799} INFO - Processing file /home/airflow/.local/lib/python3.8/site-packages/airflow/example_dags/example_sla_dag.py for tasks to queue
[2023-05-01T04:35:36.315+0000] {logging_mixin.py:149} INFO - [2023-05-01T04:35:36.315+0000] {dagbag.py:541} INFO - Filling up the DagBag from /home/airflow/.local/lib/python3.8/site-packages/airflow/example_dags/example_sla_dag.py
[2023-05-01T04:35:36.378+0000] {processor.py:809} INFO - DAG(s) dict_keys(['example_sla_dag']) retrieved from /home/airflow/.local/lib/python3.8/site-packages/airflow/example_dags/example_sla_dag.py
[2023-05-01T04:35:36.509+0000] {logging_mixin.py:149} INFO - [2023-05-01T04:35:36.508+0000] {dag.py:2726} INFO - Sync 1 DAGs
[2023-05-01T04:35:36.729+0000] {logging_mixin.py:149} INFO - [2023-05-01T04:35:36.728+0000] {dag.py:3486} INFO - Setting next_dagrun for example_sla_dag to 2023-05-01T04:32:00+00:00, run_after=2023-05-01T04:34:00+00:00
[2023-05-01T04:35:36.839+0000] {processor.py:178} INFO - Processing /home/airflow/.local/lib/python3.8/site-packages/airflow/example_dags/example_sla_dag.py took 0.556 seconds
