[2023-05-01T04:30:35.620+0000] {processor.py:156} INFO - Started process (PID=141) to work on /home/airflow/.local/lib/python3.8/site-packages/airflow/example_dags/example_trigger_target_dag.py
[2023-05-01T04:30:35.624+0000] {processor.py:799} INFO - Processing file /home/airflow/.local/lib/python3.8/site-packages/airflow/example_dags/example_trigger_target_dag.py for tasks to queue
[2023-05-01T04:30:35.627+0000] {logging_mixin.py:149} INFO - [2023-05-01T04:30:35.626+0000] {dagbag.py:541} INFO - Filling up the DagBag from /home/airflow/.local/lib/python3.8/site-packages/airflow/example_dags/example_trigger_target_dag.py
[2023-05-01T04:30:35.726+0000] {processor.py:809} INFO - DAG(s) dict_keys(['example_trigger_target_dag']) retrieved from /home/airflow/.local/lib/python3.8/site-packages/airflow/example_dags/example_trigger_target_dag.py
[2023-05-01T04:30:37.866+0000] {logging_mixin.py:149} INFO - [2023-05-01T04:30:37.865+0000] {manager.py:504} INFO - Created Permission View: can read on DAG:example_trigger_target_dag
[2023-05-01T04:30:37.931+0000] {logging_mixin.py:149} INFO - [2023-05-01T04:30:37.930+0000] {manager.py:504} INFO - Created Permission View: can delete on DAG:example_trigger_target_dag
[2023-05-01T04:30:37.977+0000] {logging_mixin.py:149} INFO - [2023-05-01T04:30:37.977+0000] {manager.py:504} INFO - Created Permission View: can edit on DAG:example_trigger_target_dag
[2023-05-01T04:30:37.985+0000] {logging_mixin.py:149} INFO - [2023-05-01T04:30:37.983+0000] {dag.py:2726} INFO - Sync 1 DAGs
[2023-05-01T04:30:38.082+0000] {logging_mixin.py:149} INFO - [2023-05-01T04:30:38.081+0000] {dag.py:2747} INFO - Creating ORM DAG for example_trigger_target_dag
[2023-05-01T04:30:38.177+0000] {logging_mixin.py:149} INFO - [2023-05-01T04:30:38.176+0000] {dag.py:3486} INFO - Setting next_dagrun for example_trigger_target_dag to None, run_after=None
[2023-05-01T04:30:38.267+0000] {processor.py:178} INFO - Processing /home/airflow/.local/lib/python3.8/site-packages/airflow/example_dags/example_trigger_target_dag.py took 2.666 seconds
[2023-05-01T04:31:24.798+0000] {processor.py:156} INFO - Started process (PID=275) to work on /home/airflow/.local/lib/python3.8/site-packages/airflow/example_dags/example_trigger_target_dag.py
[2023-05-01T04:31:24.804+0000] {processor.py:799} INFO - Processing file /home/airflow/.local/lib/python3.8/site-packages/airflow/example_dags/example_trigger_target_dag.py for tasks to queue
[2023-05-01T04:31:24.836+0000] {logging_mixin.py:149} INFO - [2023-05-01T04:31:24.835+0000] {dagbag.py:541} INFO - Filling up the DagBag from /home/airflow/.local/lib/python3.8/site-packages/airflow/example_dags/example_trigger_target_dag.py
[2023-05-01T04:31:24.971+0000] {processor.py:809} INFO - DAG(s) dict_keys(['example_trigger_target_dag']) retrieved from /home/airflow/.local/lib/python3.8/site-packages/airflow/example_dags/example_trigger_target_dag.py
[2023-05-01T04:31:25.404+0000] {logging_mixin.py:149} INFO - [2023-05-01T04:31:25.400+0000] {dag.py:2726} INFO - Sync 1 DAGs
[2023-05-01T04:31:25.726+0000] {logging_mixin.py:149} INFO - [2023-05-01T04:31:25.726+0000] {dag.py:3486} INFO - Setting next_dagrun for example_trigger_target_dag to None, run_after=None
[2023-05-01T04:31:25.870+0000] {processor.py:178} INFO - Processing /home/airflow/.local/lib/python3.8/site-packages/airflow/example_dags/example_trigger_target_dag.py took 1.134 seconds
[2023-05-01T04:31:56.013+0000] {processor.py:156} INFO - Started process (PID=389) to work on /home/airflow/.local/lib/python3.8/site-packages/airflow/example_dags/example_trigger_target_dag.py
[2023-05-01T04:31:56.018+0000] {processor.py:799} INFO - Processing file /home/airflow/.local/lib/python3.8/site-packages/airflow/example_dags/example_trigger_target_dag.py for tasks to queue
[2023-05-01T04:31:56.024+0000] {logging_mixin.py:149} INFO - [2023-05-01T04:31:56.023+0000] {dagbag.py:541} INFO - Filling up the DagBag from /home/airflow/.local/lib/python3.8/site-packages/airflow/example_dags/example_trigger_target_dag.py
[2023-05-01T04:31:56.052+0000] {processor.py:809} INFO - DAG(s) dict_keys(['example_trigger_target_dag']) retrieved from /home/airflow/.local/lib/python3.8/site-packages/airflow/example_dags/example_trigger_target_dag.py
[2023-05-01T04:31:56.120+0000] {logging_mixin.py:149} INFO - [2023-05-01T04:31:56.120+0000] {dag.py:2726} INFO - Sync 1 DAGs
[2023-05-01T04:31:56.241+0000] {logging_mixin.py:149} INFO - [2023-05-01T04:31:56.241+0000] {dag.py:3486} INFO - Setting next_dagrun for example_trigger_target_dag to None, run_after=None
[2023-05-01T04:31:56.338+0000] {processor.py:178} INFO - Processing /home/airflow/.local/lib/python3.8/site-packages/airflow/example_dags/example_trigger_target_dag.py took 0.338 seconds
[2023-05-01T04:32:26.715+0000] {processor.py:156} INFO - Started process (PID=504) to work on /home/airflow/.local/lib/python3.8/site-packages/airflow/example_dags/example_trigger_target_dag.py
[2023-05-01T04:32:26.729+0000] {processor.py:799} INFO - Processing file /home/airflow/.local/lib/python3.8/site-packages/airflow/example_dags/example_trigger_target_dag.py for tasks to queue
[2023-05-01T04:32:26.743+0000] {logging_mixin.py:149} INFO - [2023-05-01T04:32:26.743+0000] {dagbag.py:541} INFO - Filling up the DagBag from /home/airflow/.local/lib/python3.8/site-packages/airflow/example_dags/example_trigger_target_dag.py
[2023-05-01T04:32:26.816+0000] {processor.py:809} INFO - DAG(s) dict_keys(['example_trigger_target_dag']) retrieved from /home/airflow/.local/lib/python3.8/site-packages/airflow/example_dags/example_trigger_target_dag.py
[2023-05-01T04:32:26.967+0000] {logging_mixin.py:149} INFO - [2023-05-01T04:32:26.966+0000] {dag.py:2726} INFO - Sync 1 DAGs
[2023-05-01T04:32:27.126+0000] {logging_mixin.py:149} INFO - [2023-05-01T04:32:27.125+0000] {dag.py:3486} INFO - Setting next_dagrun for example_trigger_target_dag to None, run_after=None
[2023-05-01T04:32:27.209+0000] {processor.py:178} INFO - Processing /home/airflow/.local/lib/python3.8/site-packages/airflow/example_dags/example_trigger_target_dag.py took 0.528 seconds
[2023-05-01T04:32:57.401+0000] {processor.py:156} INFO - Started process (PID=618) to work on /home/airflow/.local/lib/python3.8/site-packages/airflow/example_dags/example_trigger_target_dag.py
[2023-05-01T04:32:57.404+0000] {processor.py:799} INFO - Processing file /home/airflow/.local/lib/python3.8/site-packages/airflow/example_dags/example_trigger_target_dag.py for tasks to queue
[2023-05-01T04:32:57.430+0000] {logging_mixin.py:149} INFO - [2023-05-01T04:32:57.429+0000] {dagbag.py:541} INFO - Filling up the DagBag from /home/airflow/.local/lib/python3.8/site-packages/airflow/example_dags/example_trigger_target_dag.py
[2023-05-01T04:32:57.454+0000] {processor.py:809} INFO - DAG(s) dict_keys(['example_trigger_target_dag']) retrieved from /home/airflow/.local/lib/python3.8/site-packages/airflow/example_dags/example_trigger_target_dag.py
[2023-05-01T04:32:57.547+0000] {logging_mixin.py:149} INFO - [2023-05-01T04:32:57.546+0000] {dag.py:2726} INFO - Sync 1 DAGs
[2023-05-01T04:32:57.615+0000] {logging_mixin.py:149} INFO - [2023-05-01T04:32:57.614+0000] {dag.py:3486} INFO - Setting next_dagrun for example_trigger_target_dag to None, run_after=None
[2023-05-01T04:32:57.659+0000] {processor.py:178} INFO - Processing /home/airflow/.local/lib/python3.8/site-packages/airflow/example_dags/example_trigger_target_dag.py took 0.277 seconds
[2023-05-01T04:33:27.778+0000] {processor.py:156} INFO - Started process (PID=742) to work on /home/airflow/.local/lib/python3.8/site-packages/airflow/example_dags/example_trigger_target_dag.py
[2023-05-01T04:33:27.787+0000] {processor.py:799} INFO - Processing file /home/airflow/.local/lib/python3.8/site-packages/airflow/example_dags/example_trigger_target_dag.py for tasks to queue
[2023-05-01T04:33:27.806+0000] {logging_mixin.py:149} INFO - [2023-05-01T04:33:27.806+0000] {dagbag.py:541} INFO - Filling up the DagBag from /home/airflow/.local/lib/python3.8/site-packages/airflow/example_dags/example_trigger_target_dag.py
[2023-05-01T04:33:27.849+0000] {processor.py:809} INFO - DAG(s) dict_keys(['example_trigger_target_dag']) retrieved from /home/airflow/.local/lib/python3.8/site-packages/airflow/example_dags/example_trigger_target_dag.py
[2023-05-01T04:33:27.970+0000] {logging_mixin.py:149} INFO - [2023-05-01T04:33:27.969+0000] {dag.py:2726} INFO - Sync 1 DAGs
[2023-05-01T04:33:28.208+0000] {logging_mixin.py:149} INFO - [2023-05-01T04:33:28.207+0000] {dag.py:3486} INFO - Setting next_dagrun for example_trigger_target_dag to None, run_after=None
[2023-05-01T04:33:28.388+0000] {processor.py:178} INFO - Processing /home/airflow/.local/lib/python3.8/site-packages/airflow/example_dags/example_trigger_target_dag.py took 0.631 seconds
[2023-05-01T04:33:58.597+0000] {processor.py:156} INFO - Started process (PID=855) to work on /home/airflow/.local/lib/python3.8/site-packages/airflow/example_dags/example_trigger_target_dag.py
[2023-05-01T04:33:58.599+0000] {processor.py:799} INFO - Processing file /home/airflow/.local/lib/python3.8/site-packages/airflow/example_dags/example_trigger_target_dag.py for tasks to queue
[2023-05-01T04:33:58.602+0000] {logging_mixin.py:149} INFO - [2023-05-01T04:33:58.602+0000] {dagbag.py:541} INFO - Filling up the DagBag from /home/airflow/.local/lib/python3.8/site-packages/airflow/example_dags/example_trigger_target_dag.py
[2023-05-01T04:33:58.618+0000] {processor.py:809} INFO - DAG(s) dict_keys(['example_trigger_target_dag']) retrieved from /home/airflow/.local/lib/python3.8/site-packages/airflow/example_dags/example_trigger_target_dag.py
[2023-05-01T04:33:58.676+0000] {logging_mixin.py:149} INFO - [2023-05-01T04:33:58.676+0000] {dag.py:2726} INFO - Sync 1 DAGs
[2023-05-01T04:33:58.736+0000] {logging_mixin.py:149} INFO - [2023-05-01T04:33:58.736+0000] {dag.py:3486} INFO - Setting next_dagrun for example_trigger_target_dag to None, run_after=None
[2023-05-01T04:33:58.776+0000] {processor.py:178} INFO - Processing /home/airflow/.local/lib/python3.8/site-packages/airflow/example_dags/example_trigger_target_dag.py took 0.186 seconds
[2023-05-01T04:34:29.204+0000] {processor.py:156} INFO - Started process (PID=981) to work on /home/airflow/.local/lib/python3.8/site-packages/airflow/example_dags/example_trigger_target_dag.py
[2023-05-01T04:34:29.209+0000] {processor.py:799} INFO - Processing file /home/airflow/.local/lib/python3.8/site-packages/airflow/example_dags/example_trigger_target_dag.py for tasks to queue
[2023-05-01T04:34:29.217+0000] {logging_mixin.py:149} INFO - [2023-05-01T04:34:29.217+0000] {dagbag.py:541} INFO - Filling up the DagBag from /home/airflow/.local/lib/python3.8/site-packages/airflow/example_dags/example_trigger_target_dag.py
[2023-05-01T04:34:29.267+0000] {processor.py:809} INFO - DAG(s) dict_keys(['example_trigger_target_dag']) retrieved from /home/airflow/.local/lib/python3.8/site-packages/airflow/example_dags/example_trigger_target_dag.py
[2023-05-01T04:34:29.461+0000] {logging_mixin.py:149} INFO - [2023-05-01T04:34:29.461+0000] {dag.py:2726} INFO - Sync 1 DAGs
[2023-05-01T04:34:29.614+0000] {logging_mixin.py:149} INFO - [2023-05-01T04:34:29.613+0000] {dag.py:3486} INFO - Setting next_dagrun for example_trigger_target_dag to None, run_after=None
[2023-05-01T04:34:29.705+0000] {processor.py:178} INFO - Processing /home/airflow/.local/lib/python3.8/site-packages/airflow/example_dags/example_trigger_target_dag.py took 0.527 seconds
[2023-05-01T04:35:00.350+0000] {processor.py:156} INFO - Started process (PID=1093) to work on /home/airflow/.local/lib/python3.8/site-packages/airflow/example_dags/example_trigger_target_dag.py
[2023-05-01T04:35:00.362+0000] {processor.py:799} INFO - Processing file /home/airflow/.local/lib/python3.8/site-packages/airflow/example_dags/example_trigger_target_dag.py for tasks to queue
[2023-05-01T04:35:00.368+0000] {logging_mixin.py:149} INFO - [2023-05-01T04:35:00.367+0000] {dagbag.py:541} INFO - Filling up the DagBag from /home/airflow/.local/lib/python3.8/site-packages/airflow/example_dags/example_trigger_target_dag.py
[2023-05-01T04:35:00.404+0000] {processor.py:809} INFO - DAG(s) dict_keys(['example_trigger_target_dag']) retrieved from /home/airflow/.local/lib/python3.8/site-packages/airflow/example_dags/example_trigger_target_dag.py
[2023-05-01T04:35:00.491+0000] {logging_mixin.py:149} INFO - [2023-05-01T04:35:00.490+0000] {dag.py:2726} INFO - Sync 1 DAGs
[2023-05-01T04:35:00.622+0000] {logging_mixin.py:149} INFO - [2023-05-01T04:35:00.621+0000] {dag.py:3486} INFO - Setting next_dagrun for example_trigger_target_dag to None, run_after=None
[2023-05-01T04:35:00.716+0000] {processor.py:178} INFO - Processing /home/airflow/.local/lib/python3.8/site-packages/airflow/example_dags/example_trigger_target_dag.py took 0.374 seconds
[2023-05-01T04:35:31.425+0000] {processor.py:156} INFO - Started process (PID=1220) to work on /home/airflow/.local/lib/python3.8/site-packages/airflow/example_dags/example_trigger_target_dag.py
[2023-05-01T04:35:31.432+0000] {processor.py:799} INFO - Processing file /home/airflow/.local/lib/python3.8/site-packages/airflow/example_dags/example_trigger_target_dag.py for tasks to queue
[2023-05-01T04:35:31.441+0000] {logging_mixin.py:149} INFO - [2023-05-01T04:35:31.441+0000] {dagbag.py:541} INFO - Filling up the DagBag from /home/airflow/.local/lib/python3.8/site-packages/airflow/example_dags/example_trigger_target_dag.py
[2023-05-01T04:35:31.493+0000] {processor.py:809} INFO - DAG(s) dict_keys(['example_trigger_target_dag']) retrieved from /home/airflow/.local/lib/python3.8/site-packages/airflow/example_dags/example_trigger_target_dag.py
[2023-05-01T04:35:31.637+0000] {logging_mixin.py:149} INFO - [2023-05-01T04:35:31.636+0000] {dag.py:2726} INFO - Sync 1 DAGs
[2023-05-01T04:35:31.771+0000] {logging_mixin.py:149} INFO - [2023-05-01T04:35:31.771+0000] {dag.py:3486} INFO - Setting next_dagrun for example_trigger_target_dag to None, run_after=None
[2023-05-01T04:35:31.881+0000] {processor.py:178} INFO - Processing /home/airflow/.local/lib/python3.8/site-packages/airflow/example_dags/example_trigger_target_dag.py took 0.483 seconds
