[2023-05-01T04:30:39.883+0000] {processor.py:156} INFO - Started process (PID=149) to work on /home/airflow/.local/lib/python3.8/site-packages/airflow/example_dags/example_task_group.py
[2023-05-01T04:30:39.887+0000] {processor.py:799} INFO - Processing file /home/airflow/.local/lib/python3.8/site-packages/airflow/example_dags/example_task_group.py for tasks to queue
[2023-05-01T04:30:39.890+0000] {logging_mixin.py:149} INFO - [2023-05-01T04:30:39.889+0000] {dagbag.py:541} INFO - Filling up the DagBag from /home/airflow/.local/lib/python3.8/site-packages/airflow/example_dags/example_task_group.py
[2023-05-01T04:30:39.944+0000] {processor.py:809} INFO - DAG(s) dict_keys(['example_task_group']) retrieved from /home/airflow/.local/lib/python3.8/site-packages/airflow/example_dags/example_task_group.py
[2023-05-01T04:30:40.990+0000] {logging_mixin.py:149} INFO - [2023-05-01T04:30:40.990+0000] {manager.py:504} INFO - Created Permission View: can read on DAG:example_task_group
[2023-05-01T04:30:41.024+0000] {logging_mixin.py:149} INFO - [2023-05-01T04:30:41.023+0000] {manager.py:504} INFO - Created Permission View: can delete on DAG:example_task_group
[2023-05-01T04:30:41.061+0000] {logging_mixin.py:149} INFO - [2023-05-01T04:30:41.060+0000] {manager.py:504} INFO - Created Permission View: can edit on DAG:example_task_group
[2023-05-01T04:30:41.062+0000] {logging_mixin.py:149} INFO - [2023-05-01T04:30:41.062+0000] {dag.py:2726} INFO - Sync 1 DAGs
[2023-05-01T04:30:41.135+0000] {logging_mixin.py:149} INFO - [2023-05-01T04:30:41.134+0000] {dag.py:2747} INFO - Creating ORM DAG for example_task_group
[2023-05-01T04:30:41.206+0000] {logging_mixin.py:149} INFO - [2023-05-01T04:30:41.196+0000] {dag.py:3486} INFO - Setting next_dagrun for example_task_group to 2023-04-30T04:30:41.195192+00:00, run_after=2023-05-01T04:30:41.195192+00:00
[2023-05-01T04:30:41.265+0000] {processor.py:178} INFO - Processing /home/airflow/.local/lib/python3.8/site-packages/airflow/example_dags/example_task_group.py took 1.396 seconds
[2023-05-01T04:31:27.300+0000] {processor.py:156} INFO - Started process (PID=283) to work on /home/airflow/.local/lib/python3.8/site-packages/airflow/example_dags/example_task_group.py
[2023-05-01T04:31:27.308+0000] {processor.py:799} INFO - Processing file /home/airflow/.local/lib/python3.8/site-packages/airflow/example_dags/example_task_group.py for tasks to queue
[2023-05-01T04:31:27.318+0000] {logging_mixin.py:149} INFO - [2023-05-01T04:31:27.317+0000] {dagbag.py:541} INFO - Filling up the DagBag from /home/airflow/.local/lib/python3.8/site-packages/airflow/example_dags/example_task_group.py
[2023-05-01T04:31:27.430+0000] {processor.py:809} INFO - DAG(s) dict_keys(['example_task_group']) retrieved from /home/airflow/.local/lib/python3.8/site-packages/airflow/example_dags/example_task_group.py
[2023-05-01T04:31:27.761+0000] {logging_mixin.py:149} INFO - [2023-05-01T04:31:27.760+0000] {dag.py:2726} INFO - Sync 1 DAGs
[2023-05-01T04:31:27.960+0000] {logging_mixin.py:149} INFO - [2023-05-01T04:31:27.959+0000] {dag.py:3486} INFO - Setting next_dagrun for example_task_group to 2023-04-30T04:31:27.958231+00:00, run_after=2023-05-01T04:31:27.958231+00:00
[2023-05-01T04:31:28.067+0000] {processor.py:178} INFO - Processing /home/airflow/.local/lib/python3.8/site-packages/airflow/example_dags/example_task_group.py took 0.799 seconds
[2023-05-01T04:31:58.923+0000] {processor.py:156} INFO - Started process (PID=398) to work on /home/airflow/.local/lib/python3.8/site-packages/airflow/example_dags/example_task_group.py
[2023-05-01T04:31:58.929+0000] {processor.py:799} INFO - Processing file /home/airflow/.local/lib/python3.8/site-packages/airflow/example_dags/example_task_group.py for tasks to queue
[2023-05-01T04:31:58.940+0000] {logging_mixin.py:149} INFO - [2023-05-01T04:31:58.940+0000] {dagbag.py:541} INFO - Filling up the DagBag from /home/airflow/.local/lib/python3.8/site-packages/airflow/example_dags/example_task_group.py
[2023-05-01T04:31:59.079+0000] {processor.py:809} INFO - DAG(s) dict_keys(['example_task_group']) retrieved from /home/airflow/.local/lib/python3.8/site-packages/airflow/example_dags/example_task_group.py
[2023-05-01T04:31:59.472+0000] {logging_mixin.py:149} INFO - [2023-05-01T04:31:59.471+0000] {dag.py:2726} INFO - Sync 1 DAGs
[2023-05-01T04:31:59.598+0000] {logging_mixin.py:149} INFO - [2023-05-01T04:31:59.598+0000] {dag.py:3486} INFO - Setting next_dagrun for example_task_group to 2023-04-30T04:31:59.596897+00:00, run_after=2023-05-01T04:31:59.596897+00:00
[2023-05-01T04:31:59.703+0000] {processor.py:178} INFO - Processing /home/airflow/.local/lib/python3.8/site-packages/airflow/example_dags/example_task_group.py took 0.826 seconds
[2023-05-01T04:32:29.952+0000] {processor.py:156} INFO - Started process (PID=522) to work on /home/airflow/.local/lib/python3.8/site-packages/airflow/example_dags/example_task_group.py
[2023-05-01T04:32:29.959+0000] {processor.py:799} INFO - Processing file /home/airflow/.local/lib/python3.8/site-packages/airflow/example_dags/example_task_group.py for tasks to queue
[2023-05-01T04:32:29.969+0000] {logging_mixin.py:149} INFO - [2023-05-01T04:32:29.969+0000] {dagbag.py:541} INFO - Filling up the DagBag from /home/airflow/.local/lib/python3.8/site-packages/airflow/example_dags/example_task_group.py
[2023-05-01T04:32:30.036+0000] {processor.py:809} INFO - DAG(s) dict_keys(['example_task_group']) retrieved from /home/airflow/.local/lib/python3.8/site-packages/airflow/example_dags/example_task_group.py
[2023-05-01T04:32:30.248+0000] {logging_mixin.py:149} INFO - [2023-05-01T04:32:30.247+0000] {dag.py:2726} INFO - Sync 1 DAGs
[2023-05-01T04:32:30.439+0000] {logging_mixin.py:149} INFO - [2023-05-01T04:32:30.438+0000] {dag.py:3486} INFO - Setting next_dagrun for example_task_group to 2023-04-30T04:32:30.437488+00:00, run_after=2023-05-01T04:32:30.437488+00:00
[2023-05-01T04:32:30.589+0000] {processor.py:178} INFO - Processing /home/airflow/.local/lib/python3.8/site-packages/airflow/example_dags/example_task_group.py took 0.659 seconds
[2023-05-01T04:33:01.277+0000] {processor.py:156} INFO - Started process (PID=628) to work on /home/airflow/.local/lib/python3.8/site-packages/airflow/example_dags/example_task_group.py
[2023-05-01T04:33:01.280+0000] {processor.py:799} INFO - Processing file /home/airflow/.local/lib/python3.8/site-packages/airflow/example_dags/example_task_group.py for tasks to queue
[2023-05-01T04:33:01.283+0000] {logging_mixin.py:149} INFO - [2023-05-01T04:33:01.283+0000] {dagbag.py:541} INFO - Filling up the DagBag from /home/airflow/.local/lib/python3.8/site-packages/airflow/example_dags/example_task_group.py
[2023-05-01T04:33:01.308+0000] {processor.py:809} INFO - DAG(s) dict_keys(['example_task_group']) retrieved from /home/airflow/.local/lib/python3.8/site-packages/airflow/example_dags/example_task_group.py
[2023-05-01T04:33:01.384+0000] {logging_mixin.py:149} INFO - [2023-05-01T04:33:01.383+0000] {dag.py:2726} INFO - Sync 1 DAGs
[2023-05-01T04:33:01.454+0000] {logging_mixin.py:149} INFO - [2023-05-01T04:33:01.453+0000] {dag.py:3486} INFO - Setting next_dagrun for example_task_group to 2023-04-30T04:33:01.452280+00:00, run_after=2023-05-01T04:33:01.452280+00:00
[2023-05-01T04:33:01.504+0000] {processor.py:178} INFO - Processing /home/airflow/.local/lib/python3.8/site-packages/airflow/example_dags/example_task_group.py took 0.235 seconds
[2023-05-01T04:33:31.737+0000] {processor.py:156} INFO - Started process (PID=752) to work on /home/airflow/.local/lib/python3.8/site-packages/airflow/example_dags/example_task_group.py
[2023-05-01T04:33:31.746+0000] {processor.py:799} INFO - Processing file /home/airflow/.local/lib/python3.8/site-packages/airflow/example_dags/example_task_group.py for tasks to queue
[2023-05-01T04:33:31.752+0000] {logging_mixin.py:149} INFO - [2023-05-01T04:33:31.752+0000] {dagbag.py:541} INFO - Filling up the DagBag from /home/airflow/.local/lib/python3.8/site-packages/airflow/example_dags/example_task_group.py
[2023-05-01T04:33:31.841+0000] {processor.py:809} INFO - DAG(s) dict_keys(['example_task_group']) retrieved from /home/airflow/.local/lib/python3.8/site-packages/airflow/example_dags/example_task_group.py
[2023-05-01T04:33:32.107+0000] {logging_mixin.py:149} INFO - [2023-05-01T04:33:32.107+0000] {dag.py:2726} INFO - Sync 1 DAGs
[2023-05-01T04:33:32.237+0000] {logging_mixin.py:149} INFO - [2023-05-01T04:33:32.236+0000] {dag.py:3486} INFO - Setting next_dagrun for example_task_group to 2023-04-30T04:33:32.234753+00:00, run_after=2023-05-01T04:33:32.234753+00:00
[2023-05-01T04:33:32.329+0000] {processor.py:178} INFO - Processing /home/airflow/.local/lib/python3.8/site-packages/airflow/example_dags/example_task_group.py took 0.606 seconds
[2023-05-01T04:34:02.430+0000] {processor.py:156} INFO - Started process (PID=865) to work on /home/airflow/.local/lib/python3.8/site-packages/airflow/example_dags/example_task_group.py
[2023-05-01T04:34:02.437+0000] {processor.py:799} INFO - Processing file /home/airflow/.local/lib/python3.8/site-packages/airflow/example_dags/example_task_group.py for tasks to queue
[2023-05-01T04:34:02.446+0000] {logging_mixin.py:149} INFO - [2023-05-01T04:34:02.444+0000] {dagbag.py:541} INFO - Filling up the DagBag from /home/airflow/.local/lib/python3.8/site-packages/airflow/example_dags/example_task_group.py
[2023-05-01T04:34:02.489+0000] {processor.py:809} INFO - DAG(s) dict_keys(['example_task_group']) retrieved from /home/airflow/.local/lib/python3.8/site-packages/airflow/example_dags/example_task_group.py
[2023-05-01T04:34:02.639+0000] {logging_mixin.py:149} INFO - [2023-05-01T04:34:02.639+0000] {dag.py:2726} INFO - Sync 1 DAGs
[2023-05-01T04:34:02.720+0000] {logging_mixin.py:149} INFO - [2023-05-01T04:34:02.719+0000] {dag.py:3486} INFO - Setting next_dagrun for example_task_group to 2023-04-30T04:34:02.718261+00:00, run_after=2023-05-01T04:34:02.718261+00:00
[2023-05-01T04:34:02.772+0000] {processor.py:178} INFO - Processing /home/airflow/.local/lib/python3.8/site-packages/airflow/example_dags/example_task_group.py took 0.354 seconds
[2023-05-01T04:34:33.760+0000] {processor.py:156} INFO - Started process (PID=991) to work on /home/airflow/.local/lib/python3.8/site-packages/airflow/example_dags/example_task_group.py
[2023-05-01T04:34:33.769+0000] {processor.py:799} INFO - Processing file /home/airflow/.local/lib/python3.8/site-packages/airflow/example_dags/example_task_group.py for tasks to queue
[2023-05-01T04:34:33.776+0000] {logging_mixin.py:149} INFO - [2023-05-01T04:34:33.775+0000] {dagbag.py:541} INFO - Filling up the DagBag from /home/airflow/.local/lib/python3.8/site-packages/airflow/example_dags/example_task_group.py
[2023-05-01T04:34:33.866+0000] {processor.py:809} INFO - DAG(s) dict_keys(['example_task_group']) retrieved from /home/airflow/.local/lib/python3.8/site-packages/airflow/example_dags/example_task_group.py
[2023-05-01T04:34:34.045+0000] {logging_mixin.py:149} INFO - [2023-05-01T04:34:34.044+0000] {dag.py:2726} INFO - Sync 1 DAGs
[2023-05-01T04:34:34.200+0000] {logging_mixin.py:149} INFO - [2023-05-01T04:34:34.199+0000] {dag.py:3486} INFO - Setting next_dagrun for example_task_group to 2023-04-30T04:34:34.197714+00:00, run_after=2023-05-01T04:34:34.197714+00:00
[2023-05-01T04:34:34.307+0000] {processor.py:178} INFO - Processing /home/airflow/.local/lib/python3.8/site-packages/airflow/example_dags/example_task_group.py took 0.562 seconds
[2023-05-01T04:35:04.923+0000] {processor.py:156} INFO - Started process (PID=1104) to work on /home/airflow/.local/lib/python3.8/site-packages/airflow/example_dags/example_task_group.py
[2023-05-01T04:35:04.925+0000] {processor.py:799} INFO - Processing file /home/airflow/.local/lib/python3.8/site-packages/airflow/example_dags/example_task_group.py for tasks to queue
[2023-05-01T04:35:04.929+0000] {logging_mixin.py:149} INFO - [2023-05-01T04:35:04.928+0000] {dagbag.py:541} INFO - Filling up the DagBag from /home/airflow/.local/lib/python3.8/site-packages/airflow/example_dags/example_task_group.py
[2023-05-01T04:35:04.950+0000] {processor.py:809} INFO - DAG(s) dict_keys(['example_task_group']) retrieved from /home/airflow/.local/lib/python3.8/site-packages/airflow/example_dags/example_task_group.py
[2023-05-01T04:35:05.029+0000] {logging_mixin.py:149} INFO - [2023-05-01T04:35:05.028+0000] {dag.py:2726} INFO - Sync 1 DAGs
[2023-05-01T04:35:05.109+0000] {logging_mixin.py:149} INFO - [2023-05-01T04:35:05.108+0000] {dag.py:3486} INFO - Setting next_dagrun for example_task_group to 2023-04-30T04:35:05.107480+00:00, run_after=2023-05-01T04:35:05.107480+00:00
[2023-05-01T04:35:05.154+0000] {processor.py:178} INFO - Processing /home/airflow/.local/lib/python3.8/site-packages/airflow/example_dags/example_task_group.py took 0.238 seconds
[2023-05-01T04:35:35.826+0000] {processor.py:156} INFO - Started process (PID=1230) to work on /home/airflow/.local/lib/python3.8/site-packages/airflow/example_dags/example_task_group.py
[2023-05-01T04:35:35.832+0000] {processor.py:799} INFO - Processing file /home/airflow/.local/lib/python3.8/site-packages/airflow/example_dags/example_task_group.py for tasks to queue
[2023-05-01T04:35:35.850+0000] {logging_mixin.py:149} INFO - [2023-05-01T04:35:35.847+0000] {dagbag.py:541} INFO - Filling up the DagBag from /home/airflow/.local/lib/python3.8/site-packages/airflow/example_dags/example_task_group.py
[2023-05-01T04:35:35.937+0000] {processor.py:809} INFO - DAG(s) dict_keys(['example_task_group']) retrieved from /home/airflow/.local/lib/python3.8/site-packages/airflow/example_dags/example_task_group.py
[2023-05-01T04:35:36.224+0000] {logging_mixin.py:149} INFO - [2023-05-01T04:35:36.223+0000] {dag.py:2726} INFO - Sync 1 DAGs
[2023-05-01T04:35:36.381+0000] {logging_mixin.py:149} INFO - [2023-05-01T04:35:36.380+0000] {dag.py:3486} INFO - Setting next_dagrun for example_task_group to 2023-04-30T04:35:36.379381+00:00, run_after=2023-05-01T04:35:36.379381+00:00
[2023-05-01T04:35:36.554+0000] {processor.py:178} INFO - Processing /home/airflow/.local/lib/python3.8/site-packages/airflow/example_dags/example_task_group.py took 0.759 seconds
