[2023-05-01T04:31:10.180+0000] {processor.py:156} INFO - Started process (PID=218) to work on /home/airflow/.local/lib/python3.8/site-packages/airflow/example_dags/example_complex.py
[2023-05-01T04:31:10.182+0000] {processor.py:799} INFO - Processing file /home/airflow/.local/lib/python3.8/site-packages/airflow/example_dags/example_complex.py for tasks to queue
[2023-05-01T04:31:10.186+0000] {logging_mixin.py:149} INFO - [2023-05-01T04:31:10.186+0000] {dagbag.py:541} INFO - Filling up the DagBag from /home/airflow/.local/lib/python3.8/site-packages/airflow/example_dags/example_complex.py
[2023-05-01T04:31:10.268+0000] {logging_mixin.py:149} INFO - [2023-05-01T04:31:10.265+0000] {taskmixin.py:211} WARNING - Dependency <Task(BashOperator): create_entry_group>, delete_entry_group already registered for DAG: example_complex
[2023-05-01T04:31:10.271+0000] {logging_mixin.py:149} INFO - [2023-05-01T04:31:10.270+0000] {taskmixin.py:211} WARNING - Dependency <Task(BashOperator): delete_entry_group>, create_entry_group already registered for DAG: example_complex
[2023-05-01T04:31:10.276+0000] {logging_mixin.py:149} INFO - [2023-05-01T04:31:10.274+0000] {taskmixin.py:211} WARNING - Dependency <Task(BashOperator): create_entry_gcs>, delete_entry already registered for DAG: example_complex
[2023-05-01T04:31:10.278+0000] {logging_mixin.py:149} INFO - [2023-05-01T04:31:10.277+0000] {taskmixin.py:211} WARNING - Dependency <Task(BashOperator): delete_entry>, create_entry_gcs already registered for DAG: example_complex
[2023-05-01T04:31:10.280+0000] {logging_mixin.py:149} INFO - [2023-05-01T04:31:10.280+0000] {taskmixin.py:211} WARNING - Dependency <Task(BashOperator): create_tag>, delete_tag already registered for DAG: example_complex
[2023-05-01T04:31:10.281+0000] {logging_mixin.py:149} INFO - [2023-05-01T04:31:10.281+0000] {taskmixin.py:211} WARNING - Dependency <Task(BashOperator): delete_tag>, create_tag already registered for DAG: example_complex
[2023-05-01T04:31:10.293+0000] {processor.py:809} INFO - DAG(s) dict_keys(['example_complex']) retrieved from /home/airflow/.local/lib/python3.8/site-packages/airflow/example_dags/example_complex.py
[2023-05-01T04:31:11.597+0000] {logging_mixin.py:149} INFO - [2023-05-01T04:31:11.596+0000] {manager.py:504} INFO - Created Permission View: can read on DAG:example_complex
[2023-05-01T04:31:11.634+0000] {logging_mixin.py:149} INFO - [2023-05-01T04:31:11.633+0000] {manager.py:504} INFO - Created Permission View: can delete on DAG:example_complex
[2023-05-01T04:31:11.669+0000] {logging_mixin.py:149} INFO - [2023-05-01T04:31:11.668+0000] {manager.py:504} INFO - Created Permission View: can edit on DAG:example_complex
[2023-05-01T04:31:11.674+0000] {logging_mixin.py:149} INFO - [2023-05-01T04:31:11.674+0000] {dag.py:2726} INFO - Sync 1 DAGs
[2023-05-01T04:31:11.761+0000] {logging_mixin.py:149} INFO - [2023-05-01T04:31:11.760+0000] {dag.py:2747} INFO - Creating ORM DAG for example_complex
[2023-05-01T04:31:11.858+0000] {logging_mixin.py:149} INFO - [2023-05-01T04:31:11.858+0000] {dag.py:3486} INFO - Setting next_dagrun for example_complex to None, run_after=None
[2023-05-01T04:31:11.966+0000] {processor.py:178} INFO - Processing /home/airflow/.local/lib/python3.8/site-packages/airflow/example_dags/example_complex.py took 1.797 seconds
[2023-05-01T04:31:42.396+0000] {processor.py:156} INFO - Started process (PID=330) to work on /home/airflow/.local/lib/python3.8/site-packages/airflow/example_dags/example_complex.py
[2023-05-01T04:31:42.401+0000] {processor.py:799} INFO - Processing file /home/airflow/.local/lib/python3.8/site-packages/airflow/example_dags/example_complex.py for tasks to queue
[2023-05-01T04:31:42.427+0000] {logging_mixin.py:149} INFO - [2023-05-01T04:31:42.423+0000] {dagbag.py:541} INFO - Filling up the DagBag from /home/airflow/.local/lib/python3.8/site-packages/airflow/example_dags/example_complex.py
[2023-05-01T04:31:42.632+0000] {logging_mixin.py:149} INFO - [2023-05-01T04:31:42.618+0000] {taskmixin.py:211} WARNING - Dependency <Task(BashOperator): create_entry_group>, delete_entry_group already registered for DAG: example_complex
[2023-05-01T04:31:42.635+0000] {logging_mixin.py:149} INFO - [2023-05-01T04:31:42.634+0000] {taskmixin.py:211} WARNING - Dependency <Task(BashOperator): delete_entry_group>, create_entry_group already registered for DAG: example_complex
[2023-05-01T04:31:42.638+0000] {logging_mixin.py:149} INFO - [2023-05-01T04:31:42.637+0000] {taskmixin.py:211} WARNING - Dependency <Task(BashOperator): create_entry_gcs>, delete_entry already registered for DAG: example_complex
[2023-05-01T04:31:42.640+0000] {logging_mixin.py:149} INFO - [2023-05-01T04:31:42.639+0000] {taskmixin.py:211} WARNING - Dependency <Task(BashOperator): delete_entry>, create_entry_gcs already registered for DAG: example_complex
[2023-05-01T04:31:42.645+0000] {logging_mixin.py:149} INFO - [2023-05-01T04:31:42.644+0000] {taskmixin.py:211} WARNING - Dependency <Task(BashOperator): create_tag>, delete_tag already registered for DAG: example_complex
[2023-05-01T04:31:42.648+0000] {logging_mixin.py:149} INFO - [2023-05-01T04:31:42.648+0000] {taskmixin.py:211} WARNING - Dependency <Task(BashOperator): delete_tag>, create_tag already registered for DAG: example_complex
[2023-05-01T04:31:42.659+0000] {processor.py:809} INFO - DAG(s) dict_keys(['example_complex']) retrieved from /home/airflow/.local/lib/python3.8/site-packages/airflow/example_dags/example_complex.py
[2023-05-01T04:31:42.855+0000] {logging_mixin.py:149} INFO - [2023-05-01T04:31:42.854+0000] {dag.py:2726} INFO - Sync 1 DAGs
[2023-05-01T04:31:43.099+0000] {logging_mixin.py:149} INFO - [2023-05-01T04:31:43.098+0000] {dag.py:3486} INFO - Setting next_dagrun for example_complex to None, run_after=None
[2023-05-01T04:31:43.184+0000] {processor.py:178} INFO - Processing /home/airflow/.local/lib/python3.8/site-packages/airflow/example_dags/example_complex.py took 0.827 seconds
[2023-05-01T04:32:13.369+0000] {processor.py:156} INFO - Started process (PID=455) to work on /home/airflow/.local/lib/python3.8/site-packages/airflow/example_dags/example_complex.py
[2023-05-01T04:32:13.377+0000] {processor.py:799} INFO - Processing file /home/airflow/.local/lib/python3.8/site-packages/airflow/example_dags/example_complex.py for tasks to queue
[2023-05-01T04:32:13.393+0000] {logging_mixin.py:149} INFO - [2023-05-01T04:32:13.391+0000] {dagbag.py:541} INFO - Filling up the DagBag from /home/airflow/.local/lib/python3.8/site-packages/airflow/example_dags/example_complex.py
[2023-05-01T04:32:13.542+0000] {logging_mixin.py:149} INFO - [2023-05-01T04:32:13.541+0000] {taskmixin.py:211} WARNING - Dependency <Task(BashOperator): create_entry_group>, delete_entry_group already registered for DAG: example_complex
[2023-05-01T04:32:13.550+0000] {logging_mixin.py:149} INFO - [2023-05-01T04:32:13.549+0000] {taskmixin.py:211} WARNING - Dependency <Task(BashOperator): delete_entry_group>, create_entry_group already registered for DAG: example_complex
[2023-05-01T04:32:13.557+0000] {logging_mixin.py:149} INFO - [2023-05-01T04:32:13.553+0000] {taskmixin.py:211} WARNING - Dependency <Task(BashOperator): create_entry_gcs>, delete_entry already registered for DAG: example_complex
[2023-05-01T04:32:13.559+0000] {logging_mixin.py:149} INFO - [2023-05-01T04:32:13.558+0000] {taskmixin.py:211} WARNING - Dependency <Task(BashOperator): delete_entry>, create_entry_gcs already registered for DAG: example_complex
[2023-05-01T04:32:13.567+0000] {logging_mixin.py:149} INFO - [2023-05-01T04:32:13.567+0000] {taskmixin.py:211} WARNING - Dependency <Task(BashOperator): create_tag>, delete_tag already registered for DAG: example_complex
[2023-05-01T04:32:13.569+0000] {logging_mixin.py:149} INFO - [2023-05-01T04:32:13.568+0000] {taskmixin.py:211} WARNING - Dependency <Task(BashOperator): delete_tag>, create_tag already registered for DAG: example_complex
[2023-05-01T04:32:13.592+0000] {processor.py:809} INFO - DAG(s) dict_keys(['example_complex']) retrieved from /home/airflow/.local/lib/python3.8/site-packages/airflow/example_dags/example_complex.py
[2023-05-01T04:32:13.738+0000] {logging_mixin.py:149} INFO - [2023-05-01T04:32:13.737+0000] {dag.py:2726} INFO - Sync 1 DAGs
[2023-05-01T04:32:13.799+0000] {logging_mixin.py:149} INFO - [2023-05-01T04:32:13.798+0000] {dag.py:3486} INFO - Setting next_dagrun for example_complex to None, run_after=None
[2023-05-01T04:32:13.891+0000] {processor.py:178} INFO - Processing /home/airflow/.local/lib/python3.8/site-packages/airflow/example_dags/example_complex.py took 0.550 seconds
[2023-05-01T04:32:44.549+0000] {processor.py:156} INFO - Started process (PID=577) to work on /home/airflow/.local/lib/python3.8/site-packages/airflow/example_dags/example_complex.py
[2023-05-01T04:32:44.553+0000] {processor.py:799} INFO - Processing file /home/airflow/.local/lib/python3.8/site-packages/airflow/example_dags/example_complex.py for tasks to queue
[2023-05-01T04:32:44.564+0000] {logging_mixin.py:149} INFO - [2023-05-01T04:32:44.563+0000] {dagbag.py:541} INFO - Filling up the DagBag from /home/airflow/.local/lib/python3.8/site-packages/airflow/example_dags/example_complex.py
[2023-05-01T04:32:44.678+0000] {logging_mixin.py:149} INFO - [2023-05-01T04:32:44.677+0000] {taskmixin.py:211} WARNING - Dependency <Task(BashOperator): create_entry_group>, delete_entry_group already registered for DAG: example_complex
[2023-05-01T04:32:44.686+0000] {logging_mixin.py:149} INFO - [2023-05-01T04:32:44.685+0000] {taskmixin.py:211} WARNING - Dependency <Task(BashOperator): delete_entry_group>, create_entry_group already registered for DAG: example_complex
[2023-05-01T04:32:44.689+0000] {logging_mixin.py:149} INFO - [2023-05-01T04:32:44.688+0000] {taskmixin.py:211} WARNING - Dependency <Task(BashOperator): create_entry_gcs>, delete_entry already registered for DAG: example_complex
[2023-05-01T04:32:44.694+0000] {logging_mixin.py:149} INFO - [2023-05-01T04:32:44.694+0000] {taskmixin.py:211} WARNING - Dependency <Task(BashOperator): delete_entry>, create_entry_gcs already registered for DAG: example_complex
[2023-05-01T04:32:44.701+0000] {logging_mixin.py:149} INFO - [2023-05-01T04:32:44.700+0000] {taskmixin.py:211} WARNING - Dependency <Task(BashOperator): create_tag>, delete_tag already registered for DAG: example_complex
[2023-05-01T04:32:44.702+0000] {logging_mixin.py:149} INFO - [2023-05-01T04:32:44.701+0000] {taskmixin.py:211} WARNING - Dependency <Task(BashOperator): delete_tag>, create_tag already registered for DAG: example_complex
[2023-05-01T04:32:44.720+0000] {processor.py:809} INFO - DAG(s) dict_keys(['example_complex']) retrieved from /home/airflow/.local/lib/python3.8/site-packages/airflow/example_dags/example_complex.py
[2023-05-01T04:32:45.042+0000] {logging_mixin.py:149} INFO - [2023-05-01T04:32:45.041+0000] {dag.py:2726} INFO - Sync 1 DAGs
[2023-05-01T04:32:45.166+0000] {logging_mixin.py:149} INFO - [2023-05-01T04:32:45.166+0000] {dag.py:3486} INFO - Setting next_dagrun for example_complex to None, run_after=None
[2023-05-01T04:32:45.291+0000] {processor.py:178} INFO - Processing /home/airflow/.local/lib/python3.8/site-packages/airflow/example_dags/example_complex.py took 0.774 seconds
[2023-05-01T04:33:15.738+0000] {processor.py:156} INFO - Started process (PID=692) to work on /home/airflow/.local/lib/python3.8/site-packages/airflow/example_dags/example_complex.py
[2023-05-01T04:33:15.747+0000] {processor.py:799} INFO - Processing file /home/airflow/.local/lib/python3.8/site-packages/airflow/example_dags/example_complex.py for tasks to queue
[2023-05-01T04:33:15.750+0000] {logging_mixin.py:149} INFO - [2023-05-01T04:33:15.750+0000] {dagbag.py:541} INFO - Filling up the DagBag from /home/airflow/.local/lib/python3.8/site-packages/airflow/example_dags/example_complex.py
[2023-05-01T04:33:15.843+0000] {logging_mixin.py:149} INFO - [2023-05-01T04:33:15.842+0000] {taskmixin.py:211} WARNING - Dependency <Task(BashOperator): create_entry_group>, delete_entry_group already registered for DAG: example_complex
[2023-05-01T04:33:15.848+0000] {logging_mixin.py:149} INFO - [2023-05-01T04:33:15.846+0000] {taskmixin.py:211} WARNING - Dependency <Task(BashOperator): delete_entry_group>, create_entry_group already registered for DAG: example_complex
[2023-05-01T04:33:15.850+0000] {logging_mixin.py:149} INFO - [2023-05-01T04:33:15.850+0000] {taskmixin.py:211} WARNING - Dependency <Task(BashOperator): create_entry_gcs>, delete_entry already registered for DAG: example_complex
[2023-05-01T04:33:15.854+0000] {logging_mixin.py:149} INFO - [2023-05-01T04:33:15.854+0000] {taskmixin.py:211} WARNING - Dependency <Task(BashOperator): delete_entry>, create_entry_gcs already registered for DAG: example_complex
[2023-05-01T04:33:15.856+0000] {logging_mixin.py:149} INFO - [2023-05-01T04:33:15.856+0000] {taskmixin.py:211} WARNING - Dependency <Task(BashOperator): create_tag>, delete_tag already registered for DAG: example_complex
[2023-05-01T04:33:15.859+0000] {logging_mixin.py:149} INFO - [2023-05-01T04:33:15.858+0000] {taskmixin.py:211} WARNING - Dependency <Task(BashOperator): delete_tag>, create_tag already registered for DAG: example_complex
[2023-05-01T04:33:15.875+0000] {processor.py:809} INFO - DAG(s) dict_keys(['example_complex']) retrieved from /home/airflow/.local/lib/python3.8/site-packages/airflow/example_dags/example_complex.py
[2023-05-01T04:33:16.124+0000] {logging_mixin.py:149} INFO - [2023-05-01T04:33:16.124+0000] {dag.py:2726} INFO - Sync 1 DAGs
[2023-05-01T04:33:16.238+0000] {logging_mixin.py:149} INFO - [2023-05-01T04:33:16.238+0000] {dag.py:3486} INFO - Setting next_dagrun for example_complex to None, run_after=None
[2023-05-01T04:33:16.286+0000] {processor.py:178} INFO - Processing /home/airflow/.local/lib/python3.8/site-packages/airflow/example_dags/example_complex.py took 0.562 seconds
[2023-05-01T04:33:46.556+0000] {processor.py:156} INFO - Started process (PID=814) to work on /home/airflow/.local/lib/python3.8/site-packages/airflow/example_dags/example_complex.py
[2023-05-01T04:33:46.567+0000] {processor.py:799} INFO - Processing file /home/airflow/.local/lib/python3.8/site-packages/airflow/example_dags/example_complex.py for tasks to queue
[2023-05-01T04:33:46.585+0000] {logging_mixin.py:149} INFO - [2023-05-01T04:33:46.582+0000] {dagbag.py:541} INFO - Filling up the DagBag from /home/airflow/.local/lib/python3.8/site-packages/airflow/example_dags/example_complex.py
[2023-05-01T04:33:46.760+0000] {logging_mixin.py:149} INFO - [2023-05-01T04:33:46.756+0000] {taskmixin.py:211} WARNING - Dependency <Task(BashOperator): create_entry_group>, delete_entry_group already registered for DAG: example_complex
[2023-05-01T04:33:46.766+0000] {logging_mixin.py:149} INFO - [2023-05-01T04:33:46.763+0000] {taskmixin.py:211} WARNING - Dependency <Task(BashOperator): delete_entry_group>, create_entry_group already registered for DAG: example_complex
[2023-05-01T04:33:46.772+0000] {logging_mixin.py:149} INFO - [2023-05-01T04:33:46.768+0000] {taskmixin.py:211} WARNING - Dependency <Task(BashOperator): create_entry_gcs>, delete_entry already registered for DAG: example_complex
[2023-05-01T04:33:46.778+0000] {logging_mixin.py:149} INFO - [2023-05-01T04:33:46.777+0000] {taskmixin.py:211} WARNING - Dependency <Task(BashOperator): delete_entry>, create_entry_gcs already registered for DAG: example_complex
[2023-05-01T04:33:46.781+0000] {logging_mixin.py:149} INFO - [2023-05-01T04:33:46.780+0000] {taskmixin.py:211} WARNING - Dependency <Task(BashOperator): create_tag>, delete_tag already registered for DAG: example_complex
[2023-05-01T04:33:46.790+0000] {logging_mixin.py:149} INFO - [2023-05-01T04:33:46.789+0000] {taskmixin.py:211} WARNING - Dependency <Task(BashOperator): delete_tag>, create_tag already registered for DAG: example_complex
[2023-05-01T04:33:46.817+0000] {processor.py:809} INFO - DAG(s) dict_keys(['example_complex']) retrieved from /home/airflow/.local/lib/python3.8/site-packages/airflow/example_dags/example_complex.py
[2023-05-01T04:33:47.252+0000] {logging_mixin.py:149} INFO - [2023-05-01T04:33:47.252+0000] {dag.py:2726} INFO - Sync 1 DAGs
[2023-05-01T04:33:47.448+0000] {logging_mixin.py:149} INFO - [2023-05-01T04:33:47.448+0000] {dag.py:3486} INFO - Setting next_dagrun for example_complex to None, run_after=None
[2023-05-01T04:33:47.623+0000] {processor.py:178} INFO - Processing /home/airflow/.local/lib/python3.8/site-packages/airflow/example_dags/example_complex.py took 1.082 seconds
[2023-05-01T04:34:17.797+0000] {processor.py:156} INFO - Started process (PID=930) to work on /home/airflow/.local/lib/python3.8/site-packages/airflow/example_dags/example_complex.py
[2023-05-01T04:34:17.800+0000] {processor.py:799} INFO - Processing file /home/airflow/.local/lib/python3.8/site-packages/airflow/example_dags/example_complex.py for tasks to queue
[2023-05-01T04:34:17.803+0000] {logging_mixin.py:149} INFO - [2023-05-01T04:34:17.803+0000] {dagbag.py:541} INFO - Filling up the DagBag from /home/airflow/.local/lib/python3.8/site-packages/airflow/example_dags/example_complex.py
[2023-05-01T04:34:17.848+0000] {logging_mixin.py:149} INFO - [2023-05-01T04:34:17.847+0000] {taskmixin.py:211} WARNING - Dependency <Task(BashOperator): create_entry_group>, delete_entry_group already registered for DAG: example_complex
[2023-05-01T04:34:17.849+0000] {logging_mixin.py:149} INFO - [2023-05-01T04:34:17.849+0000] {taskmixin.py:211} WARNING - Dependency <Task(BashOperator): delete_entry_group>, create_entry_group already registered for DAG: example_complex
[2023-05-01T04:34:17.851+0000] {logging_mixin.py:149} INFO - [2023-05-01T04:34:17.851+0000] {taskmixin.py:211} WARNING - Dependency <Task(BashOperator): create_entry_gcs>, delete_entry already registered for DAG: example_complex
[2023-05-01T04:34:17.852+0000] {logging_mixin.py:149} INFO - [2023-05-01T04:34:17.852+0000] {taskmixin.py:211} WARNING - Dependency <Task(BashOperator): delete_entry>, create_entry_gcs already registered for DAG: example_complex
[2023-05-01T04:34:17.855+0000] {logging_mixin.py:149} INFO - [2023-05-01T04:34:17.854+0000] {taskmixin.py:211} WARNING - Dependency <Task(BashOperator): create_tag>, delete_tag already registered for DAG: example_complex
[2023-05-01T04:34:17.856+0000] {logging_mixin.py:149} INFO - [2023-05-01T04:34:17.855+0000] {taskmixin.py:211} WARNING - Dependency <Task(BashOperator): delete_tag>, create_tag already registered for DAG: example_complex
[2023-05-01T04:34:17.863+0000] {processor.py:809} INFO - DAG(s) dict_keys(['example_complex']) retrieved from /home/airflow/.local/lib/python3.8/site-packages/airflow/example_dags/example_complex.py
[2023-05-01T04:34:17.985+0000] {logging_mixin.py:149} INFO - [2023-05-01T04:34:17.985+0000] {dag.py:2726} INFO - Sync 1 DAGs
[2023-05-01T04:34:18.050+0000] {logging_mixin.py:149} INFO - [2023-05-01T04:34:18.050+0000] {dag.py:3486} INFO - Setting next_dagrun for example_complex to None, run_after=None
[2023-05-01T04:34:18.094+0000] {processor.py:178} INFO - Processing /home/airflow/.local/lib/python3.8/site-packages/airflow/example_dags/example_complex.py took 0.306 seconds
[2023-05-01T04:34:50.273+0000] {processor.py:156} INFO - Started process (PID=1056) to work on /home/airflow/.local/lib/python3.8/site-packages/airflow/example_dags/example_complex.py
[2023-05-01T04:34:50.290+0000] {processor.py:799} INFO - Processing file /home/airflow/.local/lib/python3.8/site-packages/airflow/example_dags/example_complex.py for tasks to queue
[2023-05-01T04:34:50.306+0000] {logging_mixin.py:149} INFO - [2023-05-01T04:34:50.304+0000] {dagbag.py:541} INFO - Filling up the DagBag from /home/airflow/.local/lib/python3.8/site-packages/airflow/example_dags/example_complex.py
[2023-05-01T04:34:50.438+0000] {logging_mixin.py:149} INFO - [2023-05-01T04:34:50.424+0000] {taskmixin.py:211} WARNING - Dependency <Task(BashOperator): create_entry_group>, delete_entry_group already registered for DAG: example_complex
[2023-05-01T04:34:50.443+0000] {logging_mixin.py:149} INFO - [2023-05-01T04:34:50.442+0000] {taskmixin.py:211} WARNING - Dependency <Task(BashOperator): delete_entry_group>, create_entry_group already registered for DAG: example_complex
[2023-05-01T04:34:50.451+0000] {logging_mixin.py:149} INFO - [2023-05-01T04:34:50.450+0000] {taskmixin.py:211} WARNING - Dependency <Task(BashOperator): create_entry_gcs>, delete_entry already registered for DAG: example_complex
[2023-05-01T04:34:50.457+0000] {logging_mixin.py:149} INFO - [2023-05-01T04:34:50.457+0000] {taskmixin.py:211} WARNING - Dependency <Task(BashOperator): delete_entry>, create_entry_gcs already registered for DAG: example_complex
[2023-05-01T04:34:50.466+0000] {logging_mixin.py:149} INFO - [2023-05-01T04:34:50.465+0000] {taskmixin.py:211} WARNING - Dependency <Task(BashOperator): create_tag>, delete_tag already registered for DAG: example_complex
[2023-05-01T04:34:50.468+0000] {logging_mixin.py:149} INFO - [2023-05-01T04:34:50.467+0000] {taskmixin.py:211} WARNING - Dependency <Task(BashOperator): delete_tag>, create_tag already registered for DAG: example_complex
[2023-05-01T04:34:50.477+0000] {processor.py:809} INFO - DAG(s) dict_keys(['example_complex']) retrieved from /home/airflow/.local/lib/python3.8/site-packages/airflow/example_dags/example_complex.py
[2023-05-01T04:34:50.681+0000] {logging_mixin.py:149} INFO - [2023-05-01T04:34:50.680+0000] {dag.py:2726} INFO - Sync 1 DAGs
[2023-05-01T04:34:50.821+0000] {logging_mixin.py:149} INFO - [2023-05-01T04:34:50.820+0000] {dag.py:3486} INFO - Setting next_dagrun for example_complex to None, run_after=None
[2023-05-01T04:34:50.965+0000] {processor.py:178} INFO - Processing /home/airflow/.local/lib/python3.8/site-packages/airflow/example_dags/example_complex.py took 0.710 seconds
[2023-05-01T04:35:22.702+0000] {processor.py:156} INFO - Started process (PID=1169) to work on /home/airflow/.local/lib/python3.8/site-packages/airflow/example_dags/example_complex.py
[2023-05-01T04:35:22.706+0000] {processor.py:799} INFO - Processing file /home/airflow/.local/lib/python3.8/site-packages/airflow/example_dags/example_complex.py for tasks to queue
[2023-05-01T04:35:22.713+0000] {logging_mixin.py:149} INFO - [2023-05-01T04:35:22.712+0000] {dagbag.py:541} INFO - Filling up the DagBag from /home/airflow/.local/lib/python3.8/site-packages/airflow/example_dags/example_complex.py
[2023-05-01T04:35:22.805+0000] {logging_mixin.py:149} INFO - [2023-05-01T04:35:22.804+0000] {taskmixin.py:211} WARNING - Dependency <Task(BashOperator): create_entry_group>, delete_entry_group already registered for DAG: example_complex
[2023-05-01T04:35:22.807+0000] {logging_mixin.py:149} INFO - [2023-05-01T04:35:22.806+0000] {taskmixin.py:211} WARNING - Dependency <Task(BashOperator): delete_entry_group>, create_entry_group already registered for DAG: example_complex
[2023-05-01T04:35:22.809+0000] {logging_mixin.py:149} INFO - [2023-05-01T04:35:22.808+0000] {taskmixin.py:211} WARNING - Dependency <Task(BashOperator): create_entry_gcs>, delete_entry already registered for DAG: example_complex
[2023-05-01T04:35:22.810+0000] {logging_mixin.py:149} INFO - [2023-05-01T04:35:22.810+0000] {taskmixin.py:211} WARNING - Dependency <Task(BashOperator): delete_entry>, create_entry_gcs already registered for DAG: example_complex
[2023-05-01T04:35:22.813+0000] {logging_mixin.py:149} INFO - [2023-05-01T04:35:22.812+0000] {taskmixin.py:211} WARNING - Dependency <Task(BashOperator): create_tag>, delete_tag already registered for DAG: example_complex
[2023-05-01T04:35:22.816+0000] {logging_mixin.py:149} INFO - [2023-05-01T04:35:22.816+0000] {taskmixin.py:211} WARNING - Dependency <Task(BashOperator): delete_tag>, create_tag already registered for DAG: example_complex
[2023-05-01T04:35:22.830+0000] {processor.py:809} INFO - DAG(s) dict_keys(['example_complex']) retrieved from /home/airflow/.local/lib/python3.8/site-packages/airflow/example_dags/example_complex.py
[2023-05-01T04:35:22.959+0000] {logging_mixin.py:149} INFO - [2023-05-01T04:35:22.958+0000] {dag.py:2726} INFO - Sync 1 DAGs
[2023-05-01T04:35:23.024+0000] {logging_mixin.py:149} INFO - [2023-05-01T04:35:23.024+0000] {dag.py:3486} INFO - Setting next_dagrun for example_complex to None, run_after=None
[2023-05-01T04:35:23.072+0000] {processor.py:178} INFO - Processing /home/airflow/.local/lib/python3.8/site-packages/airflow/example_dags/example_complex.py took 0.382 seconds
[2023-05-01T04:35:55.867+0000] {processor.py:156} INFO - Started process (PID=1301) to work on /home/airflow/.local/lib/python3.8/site-packages/airflow/example_dags/example_complex.py
[2023-05-01T04:35:55.870+0000] {processor.py:799} INFO - Processing file /home/airflow/.local/lib/python3.8/site-packages/airflow/example_dags/example_complex.py for tasks to queue
[2023-05-01T04:35:55.880+0000] {logging_mixin.py:149} INFO - [2023-05-01T04:35:55.879+0000] {dagbag.py:541} INFO - Filling up the DagBag from /home/airflow/.local/lib/python3.8/site-packages/airflow/example_dags/example_complex.py
[2023-05-01T04:35:55.923+0000] {logging_mixin.py:149} INFO - [2023-05-01T04:35:55.922+0000] {taskmixin.py:211} WARNING - Dependency <Task(BashOperator): create_entry_group>, delete_entry_group already registered for DAG: example_complex
[2023-05-01T04:35:55.925+0000] {logging_mixin.py:149} INFO - [2023-05-01T04:35:55.924+0000] {taskmixin.py:211} WARNING - Dependency <Task(BashOperator): delete_entry_group>, create_entry_group already registered for DAG: example_complex
[2023-05-01T04:35:55.927+0000] {logging_mixin.py:149} INFO - [2023-05-01T04:35:55.926+0000] {taskmixin.py:211} WARNING - Dependency <Task(BashOperator): create_entry_gcs>, delete_entry already registered for DAG: example_complex
[2023-05-01T04:35:55.928+0000] {logging_mixin.py:149} INFO - [2023-05-01T04:35:55.927+0000] {taskmixin.py:211} WARNING - Dependency <Task(BashOperator): delete_entry>, create_entry_gcs already registered for DAG: example_complex
[2023-05-01T04:35:55.930+0000] {logging_mixin.py:149} INFO - [2023-05-01T04:35:55.930+0000] {taskmixin.py:211} WARNING - Dependency <Task(BashOperator): create_tag>, delete_tag already registered for DAG: example_complex
[2023-05-01T04:35:55.931+0000] {logging_mixin.py:149} INFO - [2023-05-01T04:35:55.931+0000] {taskmixin.py:211} WARNING - Dependency <Task(BashOperator): delete_tag>, create_tag already registered for DAG: example_complex
[2023-05-01T04:35:55.939+0000] {processor.py:809} INFO - DAG(s) dict_keys(['example_complex']) retrieved from /home/airflow/.local/lib/python3.8/site-packages/airflow/example_dags/example_complex.py
[2023-05-01T04:35:56.076+0000] {logging_mixin.py:149} INFO - [2023-05-01T04:35:56.075+0000] {dag.py:2726} INFO - Sync 1 DAGs
[2023-05-01T04:35:56.228+0000] {logging_mixin.py:149} INFO - [2023-05-01T04:35:56.227+0000] {dag.py:3486} INFO - Setting next_dagrun for example_complex to None, run_after=None
[2023-05-01T04:35:56.372+0000] {processor.py:178} INFO - Processing /home/airflow/.local/lib/python3.8/site-packages/airflow/example_dags/example_complex.py took 0.517 seconds
