[2023-05-01T04:30:49.914+0000] {processor.py:156} INFO - Started process (PID=187) to work on /home/airflow/.local/lib/python3.8/site-packages/airflow/example_dags/example_params_ui_tutorial.py
[2023-05-01T04:30:49.920+0000] {processor.py:799} INFO - Processing file /home/airflow/.local/lib/python3.8/site-packages/airflow/example_dags/example_params_ui_tutorial.py for tasks to queue
[2023-05-01T04:30:49.938+0000] {logging_mixin.py:149} INFO - [2023-05-01T04:30:49.936+0000] {dagbag.py:541} INFO - Filling up the DagBag from /home/airflow/.local/lib/python3.8/site-packages/airflow/example_dags/example_params_ui_tutorial.py
[2023-05-01T04:30:51.022+0000] {processor.py:809} INFO - DAG(s) dict_keys(['example_params_ui_tutorial']) retrieved from /home/airflow/.local/lib/python3.8/site-packages/airflow/example_dags/example_params_ui_tutorial.py
[2023-05-01T04:30:54.187+0000] {logging_mixin.py:149} INFO - [2023-05-01T04:30:54.186+0000] {manager.py:504} INFO - Created Permission View: can read on DAG:example_params_ui_tutorial
[2023-05-01T04:30:54.261+0000] {logging_mixin.py:149} INFO - [2023-05-01T04:30:54.260+0000] {manager.py:504} INFO - Created Permission View: can delete on DAG:example_params_ui_tutorial
[2023-05-01T04:30:54.308+0000] {logging_mixin.py:149} INFO - [2023-05-01T04:30:54.308+0000] {manager.py:504} INFO - Created Permission View: can edit on DAG:example_params_ui_tutorial
[2023-05-01T04:30:54.310+0000] {logging_mixin.py:149} INFO - [2023-05-01T04:30:54.310+0000] {dag.py:2726} INFO - Sync 1 DAGs
[2023-05-01T04:30:54.372+0000] {logging_mixin.py:149} INFO - [2023-05-01T04:30:54.371+0000] {dag.py:2747} INFO - Creating ORM DAG for example_params_ui_tutorial
[2023-05-01T04:30:54.421+0000] {logging_mixin.py:149} INFO - [2023-05-01T04:30:54.420+0000] {dag.py:3486} INFO - Setting next_dagrun for example_params_ui_tutorial to None, run_after=None
[2023-05-01T04:30:54.503+0000] {processor.py:178} INFO - Processing /home/airflow/.local/lib/python3.8/site-packages/airflow/example_dags/example_params_ui_tutorial.py took 4.609 seconds
[2023-05-01T04:31:32.726+0000] {processor.py:156} INFO - Started process (PID=312) to work on /home/airflow/.local/lib/python3.8/site-packages/airflow/example_dags/example_params_ui_tutorial.py
[2023-05-01T04:31:32.730+0000] {processor.py:799} INFO - Processing file /home/airflow/.local/lib/python3.8/site-packages/airflow/example_dags/example_params_ui_tutorial.py for tasks to queue
[2023-05-01T04:31:32.738+0000] {logging_mixin.py:149} INFO - [2023-05-01T04:31:32.738+0000] {dagbag.py:541} INFO - Filling up the DagBag from /home/airflow/.local/lib/python3.8/site-packages/airflow/example_dags/example_params_ui_tutorial.py
[2023-05-01T04:31:33.245+0000] {processor.py:809} INFO - DAG(s) dict_keys(['example_params_ui_tutorial']) retrieved from /home/airflow/.local/lib/python3.8/site-packages/airflow/example_dags/example_params_ui_tutorial.py
[2023-05-01T04:31:33.609+0000] {logging_mixin.py:149} INFO - [2023-05-01T04:31:33.608+0000] {dag.py:2726} INFO - Sync 1 DAGs
[2023-05-01T04:31:33.761+0000] {logging_mixin.py:149} INFO - [2023-05-01T04:31:33.760+0000] {dag.py:3486} INFO - Setting next_dagrun for example_params_ui_tutorial to None, run_after=None
[2023-05-01T04:31:33.900+0000] {processor.py:178} INFO - Processing /home/airflow/.local/lib/python3.8/site-packages/airflow/example_dags/example_params_ui_tutorial.py took 1.191 seconds
[2023-05-01T04:32:04.219+0000] {processor.py:156} INFO - Started process (PID=424) to work on /home/airflow/.local/lib/python3.8/site-packages/airflow/example_dags/example_params_ui_tutorial.py
[2023-05-01T04:32:04.230+0000] {processor.py:799} INFO - Processing file /home/airflow/.local/lib/python3.8/site-packages/airflow/example_dags/example_params_ui_tutorial.py for tasks to queue
[2023-05-01T04:32:04.237+0000] {logging_mixin.py:149} INFO - [2023-05-01T04:32:04.237+0000] {dagbag.py:541} INFO - Filling up the DagBag from /home/airflow/.local/lib/python3.8/site-packages/airflow/example_dags/example_params_ui_tutorial.py
[2023-05-01T04:32:04.981+0000] {processor.py:809} INFO - DAG(s) dict_keys(['example_params_ui_tutorial']) retrieved from /home/airflow/.local/lib/python3.8/site-packages/airflow/example_dags/example_params_ui_tutorial.py
[2023-05-01T04:32:06.056+0000] {logging_mixin.py:149} INFO - [2023-05-01T04:32:06.055+0000] {dag.py:2726} INFO - Sync 1 DAGs
[2023-05-01T04:32:06.373+0000] {logging_mixin.py:149} INFO - [2023-05-01T04:32:06.373+0000] {dag.py:3486} INFO - Setting next_dagrun for example_params_ui_tutorial to None, run_after=None
[2023-05-01T04:32:06.519+0000] {processor.py:178} INFO - Processing /home/airflow/.local/lib/python3.8/site-packages/airflow/example_dags/example_params_ui_tutorial.py took 2.319 seconds
[2023-05-01T04:32:36.957+0000] {processor.py:156} INFO - Started process (PID=549) to work on /home/airflow/.local/lib/python3.8/site-packages/airflow/example_dags/example_params_ui_tutorial.py
[2023-05-01T04:32:36.964+0000] {processor.py:799} INFO - Processing file /home/airflow/.local/lib/python3.8/site-packages/airflow/example_dags/example_params_ui_tutorial.py for tasks to queue
[2023-05-01T04:32:36.972+0000] {logging_mixin.py:149} INFO - [2023-05-01T04:32:36.972+0000] {dagbag.py:541} INFO - Filling up the DagBag from /home/airflow/.local/lib/python3.8/site-packages/airflow/example_dags/example_params_ui_tutorial.py
[2023-05-01T04:32:37.701+0000] {processor.py:809} INFO - DAG(s) dict_keys(['example_params_ui_tutorial']) retrieved from /home/airflow/.local/lib/python3.8/site-packages/airflow/example_dags/example_params_ui_tutorial.py
[2023-05-01T04:32:38.338+0000] {logging_mixin.py:149} INFO - [2023-05-01T04:32:38.336+0000] {dag.py:2726} INFO - Sync 1 DAGs
[2023-05-01T04:32:38.566+0000] {logging_mixin.py:149} INFO - [2023-05-01T04:32:38.565+0000] {dag.py:3486} INFO - Setting next_dagrun for example_params_ui_tutorial to None, run_after=None
[2023-05-01T04:32:38.714+0000] {processor.py:178} INFO - Processing /home/airflow/.local/lib/python3.8/site-packages/airflow/example_dags/example_params_ui_tutorial.py took 1.773 seconds
[2023-05-01T04:33:09.145+0000] {processor.py:156} INFO - Started process (PID=674) to work on /home/airflow/.local/lib/python3.8/site-packages/airflow/example_dags/example_params_ui_tutorial.py
[2023-05-01T04:33:09.162+0000] {processor.py:799} INFO - Processing file /home/airflow/.local/lib/python3.8/site-packages/airflow/example_dags/example_params_ui_tutorial.py for tasks to queue
[2023-05-01T04:33:09.171+0000] {logging_mixin.py:149} INFO - [2023-05-01T04:33:09.171+0000] {dagbag.py:541} INFO - Filling up the DagBag from /home/airflow/.local/lib/python3.8/site-packages/airflow/example_dags/example_params_ui_tutorial.py
[2023-05-01T04:33:09.773+0000] {processor.py:809} INFO - DAG(s) dict_keys(['example_params_ui_tutorial']) retrieved from /home/airflow/.local/lib/python3.8/site-packages/airflow/example_dags/example_params_ui_tutorial.py
[2023-05-01T04:33:10.673+0000] {logging_mixin.py:149} INFO - [2023-05-01T04:33:10.672+0000] {dag.py:2726} INFO - Sync 1 DAGs
[2023-05-01T04:33:10.863+0000] {logging_mixin.py:149} INFO - [2023-05-01T04:33:10.861+0000] {dag.py:3486} INFO - Setting next_dagrun for example_params_ui_tutorial to None, run_after=None
[2023-05-01T04:33:11.009+0000] {processor.py:178} INFO - Processing /home/airflow/.local/lib/python3.8/site-packages/airflow/example_dags/example_params_ui_tutorial.py took 1.902 seconds
[2023-05-01T04:33:41.447+0000] {processor.py:156} INFO - Started process (PID=785) to work on /home/airflow/.local/lib/python3.8/site-packages/airflow/example_dags/example_params_ui_tutorial.py
[2023-05-01T04:33:41.450+0000] {processor.py:799} INFO - Processing file /home/airflow/.local/lib/python3.8/site-packages/airflow/example_dags/example_params_ui_tutorial.py for tasks to queue
[2023-05-01T04:33:41.458+0000] {logging_mixin.py:149} INFO - [2023-05-01T04:33:41.457+0000] {dagbag.py:541} INFO - Filling up the DagBag from /home/airflow/.local/lib/python3.8/site-packages/airflow/example_dags/example_params_ui_tutorial.py
[2023-05-01T04:33:41.826+0000] {processor.py:809} INFO - DAG(s) dict_keys(['example_params_ui_tutorial']) retrieved from /home/airflow/.local/lib/python3.8/site-packages/airflow/example_dags/example_params_ui_tutorial.py
[2023-05-01T04:33:42.106+0000] {logging_mixin.py:149} INFO - [2023-05-01T04:33:42.105+0000] {dag.py:2726} INFO - Sync 1 DAGs
[2023-05-01T04:33:42.189+0000] {logging_mixin.py:149} INFO - [2023-05-01T04:33:42.189+0000] {dag.py:3486} INFO - Setting next_dagrun for example_params_ui_tutorial to None, run_after=None
[2023-05-01T04:33:42.264+0000] {processor.py:178} INFO - Processing /home/airflow/.local/lib/python3.8/site-packages/airflow/example_dags/example_params_ui_tutorial.py took 0.825 seconds
[2023-05-01T04:34:13.394+0000] {processor.py:156} INFO - Started process (PID=912) to work on /home/airflow/.local/lib/python3.8/site-packages/airflow/example_dags/example_params_ui_tutorial.py
[2023-05-01T04:34:13.406+0000] {processor.py:799} INFO - Processing file /home/airflow/.local/lib/python3.8/site-packages/airflow/example_dags/example_params_ui_tutorial.py for tasks to queue
[2023-05-01T04:34:13.409+0000] {logging_mixin.py:149} INFO - [2023-05-01T04:34:13.409+0000] {dagbag.py:541} INFO - Filling up the DagBag from /home/airflow/.local/lib/python3.8/site-packages/airflow/example_dags/example_params_ui_tutorial.py
[2023-05-01T04:34:13.807+0000] {processor.py:809} INFO - DAG(s) dict_keys(['example_params_ui_tutorial']) retrieved from /home/airflow/.local/lib/python3.8/site-packages/airflow/example_dags/example_params_ui_tutorial.py
[2023-05-01T04:34:14.387+0000] {logging_mixin.py:149} INFO - [2023-05-01T04:34:14.386+0000] {dag.py:2726} INFO - Sync 1 DAGs
[2023-05-01T04:34:14.524+0000] {logging_mixin.py:149} INFO - [2023-05-01T04:34:14.523+0000] {dag.py:3486} INFO - Setting next_dagrun for example_params_ui_tutorial to None, run_after=None
[2023-05-01T04:34:14.624+0000] {processor.py:178} INFO - Processing /home/airflow/.local/lib/python3.8/site-packages/airflow/example_dags/example_params_ui_tutorial.py took 1.236 seconds
[2023-05-01T04:34:46.264+0000] {processor.py:156} INFO - Started process (PID=1037) to work on /home/airflow/.local/lib/python3.8/site-packages/airflow/example_dags/example_params_ui_tutorial.py
[2023-05-01T04:34:46.266+0000] {processor.py:799} INFO - Processing file /home/airflow/.local/lib/python3.8/site-packages/airflow/example_dags/example_params_ui_tutorial.py for tasks to queue
[2023-05-01T04:34:46.271+0000] {logging_mixin.py:149} INFO - [2023-05-01T04:34:46.270+0000] {dagbag.py:541} INFO - Filling up the DagBag from /home/airflow/.local/lib/python3.8/site-packages/airflow/example_dags/example_params_ui_tutorial.py
[2023-05-01T04:34:46.664+0000] {processor.py:809} INFO - DAG(s) dict_keys(['example_params_ui_tutorial']) retrieved from /home/airflow/.local/lib/python3.8/site-packages/airflow/example_dags/example_params_ui_tutorial.py
[2023-05-01T04:34:47.405+0000] {logging_mixin.py:149} INFO - [2023-05-01T04:34:47.403+0000] {dag.py:2726} INFO - Sync 1 DAGs
[2023-05-01T04:34:47.545+0000] {logging_mixin.py:149} INFO - [2023-05-01T04:34:47.544+0000] {dag.py:3486} INFO - Setting next_dagrun for example_params_ui_tutorial to None, run_after=None
[2023-05-01T04:34:47.655+0000] {processor.py:178} INFO - Processing /home/airflow/.local/lib/python3.8/site-packages/airflow/example_dags/example_params_ui_tutorial.py took 1.411 seconds
[2023-05-01T04:35:18.494+0000] {processor.py:156} INFO - Started process (PID=1147) to work on /home/airflow/.local/lib/python3.8/site-packages/airflow/example_dags/example_params_ui_tutorial.py
[2023-05-01T04:35:18.497+0000] {processor.py:799} INFO - Processing file /home/airflow/.local/lib/python3.8/site-packages/airflow/example_dags/example_params_ui_tutorial.py for tasks to queue
[2023-05-01T04:35:18.502+0000] {logging_mixin.py:149} INFO - [2023-05-01T04:35:18.502+0000] {dagbag.py:541} INFO - Filling up the DagBag from /home/airflow/.local/lib/python3.8/site-packages/airflow/example_dags/example_params_ui_tutorial.py
[2023-05-01T04:35:18.968+0000] {processor.py:809} INFO - DAG(s) dict_keys(['example_params_ui_tutorial']) retrieved from /home/airflow/.local/lib/python3.8/site-packages/airflow/example_dags/example_params_ui_tutorial.py
[2023-05-01T04:35:19.589+0000] {logging_mixin.py:149} INFO - [2023-05-01T04:35:19.588+0000] {dag.py:2726} INFO - Sync 1 DAGs
[2023-05-01T04:35:19.750+0000] {logging_mixin.py:149} INFO - [2023-05-01T04:35:19.750+0000] {dag.py:3486} INFO - Setting next_dagrun for example_params_ui_tutorial to None, run_after=None
[2023-05-01T04:35:19.851+0000] {processor.py:178} INFO - Processing /home/airflow/.local/lib/python3.8/site-packages/airflow/example_dags/example_params_ui_tutorial.py took 1.372 seconds
[2023-05-01T04:35:50.658+0000] {processor.py:156} INFO - Started process (PID=1271) to work on /home/airflow/.local/lib/python3.8/site-packages/airflow/example_dags/example_params_ui_tutorial.py
[2023-05-01T04:35:50.669+0000] {processor.py:799} INFO - Processing file /home/airflow/.local/lib/python3.8/site-packages/airflow/example_dags/example_params_ui_tutorial.py for tasks to queue
[2023-05-01T04:35:50.677+0000] {logging_mixin.py:149} INFO - [2023-05-01T04:35:50.677+0000] {dagbag.py:541} INFO - Filling up the DagBag from /home/airflow/.local/lib/python3.8/site-packages/airflow/example_dags/example_params_ui_tutorial.py
[2023-05-01T04:35:51.196+0000] {processor.py:809} INFO - DAG(s) dict_keys(['example_params_ui_tutorial']) retrieved from /home/airflow/.local/lib/python3.8/site-packages/airflow/example_dags/example_params_ui_tutorial.py
[2023-05-01T04:35:51.770+0000] {logging_mixin.py:149} INFO - [2023-05-01T04:35:51.769+0000] {dag.py:2726} INFO - Sync 1 DAGs
[2023-05-01T04:35:51.890+0000] {logging_mixin.py:149} INFO - [2023-05-01T04:35:51.890+0000] {dag.py:3486} INFO - Setting next_dagrun for example_params_ui_tutorial to None, run_after=None
[2023-05-01T04:35:51.978+0000] {processor.py:178} INFO - Processing /home/airflow/.local/lib/python3.8/site-packages/airflow/example_dags/example_params_ui_tutorial.py took 1.337 seconds
