[2023-05-01T04:30:41.459+0000] {processor.py:156} INFO - Started process (PID=155) to work on /home/airflow/.local/lib/python3.8/site-packages/airflow/example_dags/example_short_circuit_operator.py
[2023-05-01T04:30:41.463+0000] {processor.py:799} INFO - Processing file /home/airflow/.local/lib/python3.8/site-packages/airflow/example_dags/example_short_circuit_operator.py for tasks to queue
[2023-05-01T04:30:41.465+0000] {logging_mixin.py:149} INFO - [2023-05-01T04:30:41.465+0000] {dagbag.py:541} INFO - Filling up the DagBag from /home/airflow/.local/lib/python3.8/site-packages/airflow/example_dags/example_short_circuit_operator.py
[2023-05-01T04:30:41.495+0000] {processor.py:809} INFO - DAG(s) dict_keys(['example_short_circuit_operator']) retrieved from /home/airflow/.local/lib/python3.8/site-packages/airflow/example_dags/example_short_circuit_operator.py
[2023-05-01T04:30:42.267+0000] {logging_mixin.py:149} INFO - [2023-05-01T04:30:42.266+0000] {manager.py:504} INFO - Created Permission View: can read on DAG:example_short_circuit_operator
[2023-05-01T04:30:42.301+0000] {logging_mixin.py:149} INFO - [2023-05-01T04:30:42.300+0000] {manager.py:504} INFO - Created Permission View: can delete on DAG:example_short_circuit_operator
[2023-05-01T04:30:42.319+0000] {logging_mixin.py:149} INFO - [2023-05-01T04:30:42.318+0000] {manager.py:504} INFO - Created Permission View: can edit on DAG:example_short_circuit_operator
[2023-05-01T04:30:42.321+0000] {logging_mixin.py:149} INFO - [2023-05-01T04:30:42.320+0000] {dag.py:2726} INFO - Sync 1 DAGs
[2023-05-01T04:30:42.396+0000] {logging_mixin.py:149} INFO - [2023-05-01T04:30:42.395+0000] {dag.py:2747} INFO - Creating ORM DAG for example_short_circuit_operator
[2023-05-01T04:30:42.489+0000] {logging_mixin.py:149} INFO - [2023-05-01T04:30:42.488+0000] {dag.py:3486} INFO - Setting next_dagrun for example_short_circuit_operator to 2023-04-30T04:30:42.487503+00:00, run_after=2023-05-01T04:30:42.487503+00:00
[2023-05-01T04:30:42.567+0000] {processor.py:178} INFO - Processing /home/airflow/.local/lib/python3.8/site-packages/airflow/example_dags/example_short_circuit_operator.py took 1.115 seconds
[2023-05-01T04:31:28.245+0000] {processor.py:156} INFO - Started process (PID=289) to work on /home/airflow/.local/lib/python3.8/site-packages/airflow/example_dags/example_short_circuit_operator.py
[2023-05-01T04:31:28.252+0000] {processor.py:799} INFO - Processing file /home/airflow/.local/lib/python3.8/site-packages/airflow/example_dags/example_short_circuit_operator.py for tasks to queue
[2023-05-01T04:31:28.261+0000] {logging_mixin.py:149} INFO - [2023-05-01T04:31:28.260+0000] {dagbag.py:541} INFO - Filling up the DagBag from /home/airflow/.local/lib/python3.8/site-packages/airflow/example_dags/example_short_circuit_operator.py
[2023-05-01T04:31:28.337+0000] {processor.py:809} INFO - DAG(s) dict_keys(['example_short_circuit_operator']) retrieved from /home/airflow/.local/lib/python3.8/site-packages/airflow/example_dags/example_short_circuit_operator.py
[2023-05-01T04:31:28.633+0000] {logging_mixin.py:149} INFO - [2023-05-01T04:31:28.632+0000] {dag.py:2726} INFO - Sync 1 DAGs
[2023-05-01T04:31:28.872+0000] {logging_mixin.py:149} INFO - [2023-05-01T04:31:28.871+0000] {dag.py:3486} INFO - Setting next_dagrun for example_short_circuit_operator to 2023-04-30T04:31:28.866132+00:00, run_after=2023-05-01T04:31:28.866132+00:00
[2023-05-01T04:31:29.013+0000] {processor.py:178} INFO - Processing /home/airflow/.local/lib/python3.8/site-packages/airflow/example_dags/example_short_circuit_operator.py took 0.776 seconds
[2023-05-01T04:31:59.868+0000] {processor.py:156} INFO - Started process (PID=404) to work on /home/airflow/.local/lib/python3.8/site-packages/airflow/example_dags/example_short_circuit_operator.py
[2023-05-01T04:31:59.877+0000] {processor.py:799} INFO - Processing file /home/airflow/.local/lib/python3.8/site-packages/airflow/example_dags/example_short_circuit_operator.py for tasks to queue
[2023-05-01T04:31:59.889+0000] {logging_mixin.py:149} INFO - [2023-05-01T04:31:59.888+0000] {dagbag.py:541} INFO - Filling up the DagBag from /home/airflow/.local/lib/python3.8/site-packages/airflow/example_dags/example_short_circuit_operator.py
[2023-05-01T04:31:59.961+0000] {processor.py:809} INFO - DAG(s) dict_keys(['example_short_circuit_operator']) retrieved from /home/airflow/.local/lib/python3.8/site-packages/airflow/example_dags/example_short_circuit_operator.py
[2023-05-01T04:32:00.204+0000] {logging_mixin.py:149} INFO - [2023-05-01T04:32:00.203+0000] {dag.py:2726} INFO - Sync 1 DAGs
[2023-05-01T04:32:00.388+0000] {logging_mixin.py:149} INFO - [2023-05-01T04:32:00.388+0000] {dag.py:3486} INFO - Setting next_dagrun for example_short_circuit_operator to 2023-04-30T04:32:00.386977+00:00, run_after=2023-05-01T04:32:00.386977+00:00
[2023-05-01T04:32:00.518+0000] {processor.py:178} INFO - Processing /home/airflow/.local/lib/python3.8/site-packages/airflow/example_dags/example_short_circuit_operator.py took 0.670 seconds
[2023-05-01T04:32:32.579+0000] {processor.py:156} INFO - Started process (PID=529) to work on /home/airflow/.local/lib/python3.8/site-packages/airflow/example_dags/example_short_circuit_operator.py
[2023-05-01T04:32:32.585+0000] {processor.py:799} INFO - Processing file /home/airflow/.local/lib/python3.8/site-packages/airflow/example_dags/example_short_circuit_operator.py for tasks to queue
[2023-05-01T04:32:32.590+0000] {logging_mixin.py:149} INFO - [2023-05-01T04:32:32.590+0000] {dagbag.py:541} INFO - Filling up the DagBag from /home/airflow/.local/lib/python3.8/site-packages/airflow/example_dags/example_short_circuit_operator.py
[2023-05-01T04:32:32.646+0000] {processor.py:809} INFO - DAG(s) dict_keys(['example_short_circuit_operator']) retrieved from /home/airflow/.local/lib/python3.8/site-packages/airflow/example_dags/example_short_circuit_operator.py
[2023-05-01T04:32:32.908+0000] {logging_mixin.py:149} INFO - [2023-05-01T04:32:32.907+0000] {dag.py:2726} INFO - Sync 1 DAGs
[2023-05-01T04:32:33.165+0000] {logging_mixin.py:149} INFO - [2023-05-01T04:32:33.165+0000] {dag.py:3486} INFO - Setting next_dagrun for example_short_circuit_operator to 2023-04-30T04:32:33.163847+00:00, run_after=2023-05-01T04:32:33.163847+00:00
[2023-05-01T04:32:33.336+0000] {processor.py:178} INFO - Processing /home/airflow/.local/lib/python3.8/site-packages/airflow/example_dags/example_short_circuit_operator.py took 0.766 seconds
[2023-05-01T04:33:03.866+0000] {processor.py:156} INFO - Started process (PID=634) to work on /home/airflow/.local/lib/python3.8/site-packages/airflow/example_dags/example_short_circuit_operator.py
[2023-05-01T04:33:03.869+0000] {processor.py:799} INFO - Processing file /home/airflow/.local/lib/python3.8/site-packages/airflow/example_dags/example_short_circuit_operator.py for tasks to queue
[2023-05-01T04:33:03.881+0000] {logging_mixin.py:149} INFO - [2023-05-01T04:33:03.878+0000] {dagbag.py:541} INFO - Filling up the DagBag from /home/airflow/.local/lib/python3.8/site-packages/airflow/example_dags/example_short_circuit_operator.py
[2023-05-01T04:33:03.913+0000] {processor.py:809} INFO - DAG(s) dict_keys(['example_short_circuit_operator']) retrieved from /home/airflow/.local/lib/python3.8/site-packages/airflow/example_dags/example_short_circuit_operator.py
[2023-05-01T04:33:04.016+0000] {logging_mixin.py:149} INFO - [2023-05-01T04:33:04.015+0000] {dag.py:2726} INFO - Sync 1 DAGs
[2023-05-01T04:33:04.277+0000] {logging_mixin.py:149} INFO - [2023-05-01T04:33:04.277+0000] {dag.py:3486} INFO - Setting next_dagrun for example_short_circuit_operator to 2023-04-30T04:33:04.271322+00:00, run_after=2023-05-01T04:33:04.271322+00:00
[2023-05-01T04:33:04.483+0000] {processor.py:178} INFO - Processing /home/airflow/.local/lib/python3.8/site-packages/airflow/example_dags/example_short_circuit_operator.py took 0.625 seconds
[2023-05-01T04:33:34.793+0000] {processor.py:156} INFO - Started process (PID=758) to work on /home/airflow/.local/lib/python3.8/site-packages/airflow/example_dags/example_short_circuit_operator.py
[2023-05-01T04:33:34.797+0000] {processor.py:799} INFO - Processing file /home/airflow/.local/lib/python3.8/site-packages/airflow/example_dags/example_short_circuit_operator.py for tasks to queue
[2023-05-01T04:33:34.801+0000] {logging_mixin.py:149} INFO - [2023-05-01T04:33:34.801+0000] {dagbag.py:541} INFO - Filling up the DagBag from /home/airflow/.local/lib/python3.8/site-packages/airflow/example_dags/example_short_circuit_operator.py
[2023-05-01T04:33:34.825+0000] {processor.py:809} INFO - DAG(s) dict_keys(['example_short_circuit_operator']) retrieved from /home/airflow/.local/lib/python3.8/site-packages/airflow/example_dags/example_short_circuit_operator.py
[2023-05-01T04:33:34.926+0000] {logging_mixin.py:149} INFO - [2023-05-01T04:33:34.924+0000] {dag.py:2726} INFO - Sync 1 DAGs
[2023-05-01T04:33:35.017+0000] {logging_mixin.py:149} INFO - [2023-05-01T04:33:35.016+0000] {dag.py:3486} INFO - Setting next_dagrun for example_short_circuit_operator to 2023-04-30T04:33:35.015433+00:00, run_after=2023-05-01T04:33:35.015433+00:00
[2023-05-01T04:33:35.063+0000] {processor.py:178} INFO - Processing /home/airflow/.local/lib/python3.8/site-packages/airflow/example_dags/example_short_circuit_operator.py took 0.276 seconds
[2023-05-01T04:34:05.228+0000] {processor.py:156} INFO - Started process (PID=881) to work on /home/airflow/.local/lib/python3.8/site-packages/airflow/example_dags/example_short_circuit_operator.py
[2023-05-01T04:34:05.238+0000] {processor.py:799} INFO - Processing file /home/airflow/.local/lib/python3.8/site-packages/airflow/example_dags/example_short_circuit_operator.py for tasks to queue
[2023-05-01T04:34:05.248+0000] {logging_mixin.py:149} INFO - [2023-05-01T04:34:05.248+0000] {dagbag.py:541} INFO - Filling up the DagBag from /home/airflow/.local/lib/python3.8/site-packages/airflow/example_dags/example_short_circuit_operator.py
[2023-05-01T04:34:05.314+0000] {processor.py:809} INFO - DAG(s) dict_keys(['example_short_circuit_operator']) retrieved from /home/airflow/.local/lib/python3.8/site-packages/airflow/example_dags/example_short_circuit_operator.py
[2023-05-01T04:34:05.546+0000] {logging_mixin.py:149} INFO - [2023-05-01T04:34:05.536+0000] {dag.py:2726} INFO - Sync 1 DAGs
[2023-05-01T04:34:05.809+0000] {logging_mixin.py:149} INFO - [2023-05-01T04:34:05.808+0000] {dag.py:3486} INFO - Setting next_dagrun for example_short_circuit_operator to 2023-04-30T04:34:05.807342+00:00, run_after=2023-05-01T04:34:05.807342+00:00
[2023-05-01T04:34:05.956+0000] {processor.py:178} INFO - Processing /home/airflow/.local/lib/python3.8/site-packages/airflow/example_dags/example_short_circuit_operator.py took 0.761 seconds
[2023-05-01T04:34:36.522+0000] {processor.py:156} INFO - Started process (PID=997) to work on /home/airflow/.local/lib/python3.8/site-packages/airflow/example_dags/example_short_circuit_operator.py
[2023-05-01T04:34:36.528+0000] {processor.py:799} INFO - Processing file /home/airflow/.local/lib/python3.8/site-packages/airflow/example_dags/example_short_circuit_operator.py for tasks to queue
[2023-05-01T04:34:36.535+0000] {logging_mixin.py:149} INFO - [2023-05-01T04:34:36.534+0000] {dagbag.py:541} INFO - Filling up the DagBag from /home/airflow/.local/lib/python3.8/site-packages/airflow/example_dags/example_short_circuit_operator.py
[2023-05-01T04:34:36.586+0000] {processor.py:809} INFO - DAG(s) dict_keys(['example_short_circuit_operator']) retrieved from /home/airflow/.local/lib/python3.8/site-packages/airflow/example_dags/example_short_circuit_operator.py
[2023-05-01T04:34:36.690+0000] {logging_mixin.py:149} INFO - [2023-05-01T04:34:36.689+0000] {dag.py:2726} INFO - Sync 1 DAGs
[2023-05-01T04:34:36.763+0000] {logging_mixin.py:149} INFO - [2023-05-01T04:34:36.762+0000] {dag.py:3486} INFO - Setting next_dagrun for example_short_circuit_operator to 2023-04-30T04:34:36.761064+00:00, run_after=2023-05-01T04:34:36.761064+00:00
[2023-05-01T04:34:36.812+0000] {processor.py:178} INFO - Processing /home/airflow/.local/lib/python3.8/site-packages/airflow/example_dags/example_short_circuit_operator.py took 0.317 seconds
[2023-05-01T04:35:07.750+0000] {processor.py:156} INFO - Started process (PID=1125) to work on /home/airflow/.local/lib/python3.8/site-packages/airflow/example_dags/example_short_circuit_operator.py
[2023-05-01T04:35:07.754+0000] {processor.py:799} INFO - Processing file /home/airflow/.local/lib/python3.8/site-packages/airflow/example_dags/example_short_circuit_operator.py for tasks to queue
[2023-05-01T04:35:07.771+0000] {logging_mixin.py:149} INFO - [2023-05-01T04:35:07.768+0000] {dagbag.py:541} INFO - Filling up the DagBag from /home/airflow/.local/lib/python3.8/site-packages/airflow/example_dags/example_short_circuit_operator.py
[2023-05-01T04:35:07.879+0000] {processor.py:809} INFO - DAG(s) dict_keys(['example_short_circuit_operator']) retrieved from /home/airflow/.local/lib/python3.8/site-packages/airflow/example_dags/example_short_circuit_operator.py
[2023-05-01T04:35:08.085+0000] {logging_mixin.py:149} INFO - [2023-05-01T04:35:08.084+0000] {dag.py:2726} INFO - Sync 1 DAGs
[2023-05-01T04:35:08.260+0000] {logging_mixin.py:149} INFO - [2023-05-01T04:35:08.260+0000] {dag.py:3486} INFO - Setting next_dagrun for example_short_circuit_operator to 2023-04-30T04:35:08.258737+00:00, run_after=2023-05-01T04:35:08.258737+00:00
[2023-05-01T04:35:08.393+0000] {processor.py:178} INFO - Processing /home/airflow/.local/lib/python3.8/site-packages/airflow/example_dags/example_short_circuit_operator.py took 0.685 seconds
[2023-05-01T04:35:39.211+0000] {processor.py:156} INFO - Started process (PID=1238) to work on /home/airflow/.local/lib/python3.8/site-packages/airflow/example_dags/example_short_circuit_operator.py
[2023-05-01T04:35:39.215+0000] {processor.py:799} INFO - Processing file /home/airflow/.local/lib/python3.8/site-packages/airflow/example_dags/example_short_circuit_operator.py for tasks to queue
[2023-05-01T04:35:39.224+0000] {logging_mixin.py:149} INFO - [2023-05-01T04:35:39.224+0000] {dagbag.py:541} INFO - Filling up the DagBag from /home/airflow/.local/lib/python3.8/site-packages/airflow/example_dags/example_short_circuit_operator.py
[2023-05-01T04:35:39.292+0000] {processor.py:809} INFO - DAG(s) dict_keys(['example_short_circuit_operator']) retrieved from /home/airflow/.local/lib/python3.8/site-packages/airflow/example_dags/example_short_circuit_operator.py
[2023-05-01T04:35:39.457+0000] {logging_mixin.py:149} INFO - [2023-05-01T04:35:39.456+0000] {dag.py:2726} INFO - Sync 1 DAGs
[2023-05-01T04:35:39.538+0000] {logging_mixin.py:149} INFO - [2023-05-01T04:35:39.537+0000] {dag.py:3486} INFO - Setting next_dagrun for example_short_circuit_operator to 2023-04-30T04:35:39.536622+00:00, run_after=2023-05-01T04:35:39.536622+00:00
[2023-05-01T04:35:39.580+0000] {processor.py:178} INFO - Processing /home/airflow/.local/lib/python3.8/site-packages/airflow/example_dags/example_short_circuit_operator.py took 0.390 seconds
