[2023-05-01T04:30:47.625+0000] {processor.py:156} INFO - Started process (PID=180) to work on /home/airflow/.local/lib/python3.8/site-packages/airflow/example_dags/example_python_operator.py
[2023-05-01T04:30:47.629+0000] {processor.py:799} INFO - Processing file /home/airflow/.local/lib/python3.8/site-packages/airflow/example_dags/example_python_operator.py for tasks to queue
[2023-05-01T04:30:47.634+0000] {logging_mixin.py:149} INFO - [2023-05-01T04:30:47.634+0000] {dagbag.py:541} INFO - Filling up the DagBag from /home/airflow/.local/lib/python3.8/site-packages/airflow/example_dags/example_python_operator.py
[2023-05-01T04:30:47.681+0000] {logging_mixin.py:149} INFO - [2023-05-01T04:30:47.680+0000] {taskmixin.py:211} WARNING - Dependency <Task(_PythonDecoratedOperator): print_the_context>, log_sql_query already registered for DAG: example_python_operator
[2023-05-01T04:30:47.685+0000] {logging_mixin.py:149} INFO - [2023-05-01T04:30:47.684+0000] {taskmixin.py:211} WARNING - Dependency <Task(_PythonDecoratedOperator): log_sql_query>, print_the_context already registered for DAG: example_python_operator
[2023-05-01T04:30:47.701+0000] {logging_mixin.py:149} INFO - [2023-05-01T04:30:47.701+0000] {taskmixin.py:211} WARNING - Dependency <Task(_PythonDecoratedOperator): print_the_context>, log_sql_query already registered for DAG: example_python_operator
[2023-05-01T04:30:47.707+0000] {logging_mixin.py:149} INFO - [2023-05-01T04:30:47.706+0000] {taskmixin.py:211} WARNING - Dependency <Task(_PythonDecoratedOperator): log_sql_query>, print_the_context already registered for DAG: example_python_operator
[2023-05-01T04:30:47.716+0000] {logging_mixin.py:149} INFO - [2023-05-01T04:30:47.716+0000] {taskmixin.py:211} WARNING - Dependency <Task(_PythonDecoratedOperator): print_the_context>, log_sql_query already registered for DAG: example_python_operator
[2023-05-01T04:30:47.718+0000] {logging_mixin.py:149} INFO - [2023-05-01T04:30:47.717+0000] {taskmixin.py:211} WARNING - Dependency <Task(_PythonDecoratedOperator): log_sql_query>, print_the_context already registered for DAG: example_python_operator
[2023-05-01T04:30:47.721+0000] {logging_mixin.py:149} INFO - [2023-05-01T04:30:47.720+0000] {taskmixin.py:211} WARNING - Dependency <Task(_PythonDecoratedOperator): print_the_context>, log_sql_query already registered for DAG: example_python_operator
[2023-05-01T04:30:47.732+0000] {logging_mixin.py:149} INFO - [2023-05-01T04:30:47.732+0000] {taskmixin.py:211} WARNING - Dependency <Task(_PythonDecoratedOperator): log_sql_query>, print_the_context already registered for DAG: example_python_operator
[2023-05-01T04:30:47.778+0000] {processor.py:809} INFO - DAG(s) dict_keys(['example_python_operator']) retrieved from /home/airflow/.local/lib/python3.8/site-packages/airflow/example_dags/example_python_operator.py
[2023-05-01T04:30:49.313+0000] {logging_mixin.py:149} INFO - [2023-05-01T04:30:49.312+0000] {manager.py:504} INFO - Created Permission View: can read on DAG:example_python_operator
[2023-05-01T04:30:49.362+0000] {logging_mixin.py:149} INFO - [2023-05-01T04:30:49.361+0000] {manager.py:504} INFO - Created Permission View: can delete on DAG:example_python_operator
[2023-05-01T04:30:49.398+0000] {logging_mixin.py:149} INFO - [2023-05-01T04:30:49.397+0000] {manager.py:504} INFO - Created Permission View: can edit on DAG:example_python_operator
[2023-05-01T04:30:49.400+0000] {logging_mixin.py:149} INFO - [2023-05-01T04:30:49.399+0000] {dag.py:2726} INFO - Sync 1 DAGs
[2023-05-01T04:30:49.571+0000] {logging_mixin.py:149} INFO - [2023-05-01T04:30:49.570+0000] {dag.py:2747} INFO - Creating ORM DAG for example_python_operator
[2023-05-01T04:30:49.646+0000] {logging_mixin.py:149} INFO - [2023-05-01T04:30:49.645+0000] {dag.py:3486} INFO - Setting next_dagrun for example_python_operator to None, run_after=None
[2023-05-01T04:30:49.758+0000] {processor.py:178} INFO - Processing /home/airflow/.local/lib/python3.8/site-packages/airflow/example_dags/example_python_operator.py took 2.149 seconds
[2023-05-01T04:31:32.033+0000] {processor.py:156} INFO - Started process (PID=308) to work on /home/airflow/.local/lib/python3.8/site-packages/airflow/example_dags/example_python_operator.py
[2023-05-01T04:31:32.040+0000] {processor.py:799} INFO - Processing file /home/airflow/.local/lib/python3.8/site-packages/airflow/example_dags/example_python_operator.py for tasks to queue
[2023-05-01T04:31:32.048+0000] {logging_mixin.py:149} INFO - [2023-05-01T04:31:32.047+0000] {dagbag.py:541} INFO - Filling up the DagBag from /home/airflow/.local/lib/python3.8/site-packages/airflow/example_dags/example_python_operator.py
[2023-05-01T04:31:32.087+0000] {logging_mixin.py:149} INFO - [2023-05-01T04:31:32.087+0000] {taskmixin.py:211} WARNING - Dependency <Task(_PythonDecoratedOperator): print_the_context>, log_sql_query already registered for DAG: example_python_operator
[2023-05-01T04:31:32.093+0000] {logging_mixin.py:149} INFO - [2023-05-01T04:31:32.092+0000] {taskmixin.py:211} WARNING - Dependency <Task(_PythonDecoratedOperator): log_sql_query>, print_the_context already registered for DAG: example_python_operator
[2023-05-01T04:31:32.097+0000] {logging_mixin.py:149} INFO - [2023-05-01T04:31:32.097+0000] {taskmixin.py:211} WARNING - Dependency <Task(_PythonDecoratedOperator): print_the_context>, log_sql_query already registered for DAG: example_python_operator
[2023-05-01T04:31:32.104+0000] {logging_mixin.py:149} INFO - [2023-05-01T04:31:32.104+0000] {taskmixin.py:211} WARNING - Dependency <Task(_PythonDecoratedOperator): log_sql_query>, print_the_context already registered for DAG: example_python_operator
[2023-05-01T04:31:32.109+0000] {logging_mixin.py:149} INFO - [2023-05-01T04:31:32.108+0000] {taskmixin.py:211} WARNING - Dependency <Task(_PythonDecoratedOperator): print_the_context>, log_sql_query already registered for DAG: example_python_operator
[2023-05-01T04:31:32.112+0000] {logging_mixin.py:149} INFO - [2023-05-01T04:31:32.111+0000] {taskmixin.py:211} WARNING - Dependency <Task(_PythonDecoratedOperator): log_sql_query>, print_the_context already registered for DAG: example_python_operator
[2023-05-01T04:31:32.119+0000] {logging_mixin.py:149} INFO - [2023-05-01T04:31:32.118+0000] {taskmixin.py:211} WARNING - Dependency <Task(_PythonDecoratedOperator): print_the_context>, log_sql_query already registered for DAG: example_python_operator
[2023-05-01T04:31:32.122+0000] {logging_mixin.py:149} INFO - [2023-05-01T04:31:32.121+0000] {taskmixin.py:211} WARNING - Dependency <Task(_PythonDecoratedOperator): log_sql_query>, print_the_context already registered for DAG: example_python_operator
[2023-05-01T04:31:32.143+0000] {processor.py:809} INFO - DAG(s) dict_keys(['example_python_operator']) retrieved from /home/airflow/.local/lib/python3.8/site-packages/airflow/example_dags/example_python_operator.py
[2023-05-01T04:31:32.305+0000] {logging_mixin.py:149} INFO - [2023-05-01T04:31:32.304+0000] {dag.py:2726} INFO - Sync 1 DAGs
[2023-05-01T04:31:32.493+0000] {logging_mixin.py:149} INFO - [2023-05-01T04:31:32.492+0000] {dag.py:3486} INFO - Setting next_dagrun for example_python_operator to None, run_after=None
[2023-05-01T04:31:32.593+0000] {processor.py:178} INFO - Processing /home/airflow/.local/lib/python3.8/site-packages/airflow/example_dags/example_python_operator.py took 0.572 seconds
[2023-05-01T04:32:03.457+0000] {processor.py:156} INFO - Started process (PID=420) to work on /home/airflow/.local/lib/python3.8/site-packages/airflow/example_dags/example_python_operator.py
[2023-05-01T04:32:03.466+0000] {processor.py:799} INFO - Processing file /home/airflow/.local/lib/python3.8/site-packages/airflow/example_dags/example_python_operator.py for tasks to queue
[2023-05-01T04:32:03.472+0000] {logging_mixin.py:149} INFO - [2023-05-01T04:32:03.471+0000] {dagbag.py:541} INFO - Filling up the DagBag from /home/airflow/.local/lib/python3.8/site-packages/airflow/example_dags/example_python_operator.py
[2023-05-01T04:32:03.500+0000] {logging_mixin.py:149} INFO - [2023-05-01T04:32:03.499+0000] {taskmixin.py:211} WARNING - Dependency <Task(_PythonDecoratedOperator): print_the_context>, log_sql_query already registered for DAG: example_python_operator
[2023-05-01T04:32:03.503+0000] {logging_mixin.py:149} INFO - [2023-05-01T04:32:03.502+0000] {taskmixin.py:211} WARNING - Dependency <Task(_PythonDecoratedOperator): log_sql_query>, print_the_context already registered for DAG: example_python_operator
[2023-05-01T04:32:03.506+0000] {logging_mixin.py:149} INFO - [2023-05-01T04:32:03.506+0000] {taskmixin.py:211} WARNING - Dependency <Task(_PythonDecoratedOperator): print_the_context>, log_sql_query already registered for DAG: example_python_operator
[2023-05-01T04:32:03.509+0000] {logging_mixin.py:149} INFO - [2023-05-01T04:32:03.508+0000] {taskmixin.py:211} WARNING - Dependency <Task(_PythonDecoratedOperator): log_sql_query>, print_the_context already registered for DAG: example_python_operator
[2023-05-01T04:32:03.512+0000] {logging_mixin.py:149} INFO - [2023-05-01T04:32:03.511+0000] {taskmixin.py:211} WARNING - Dependency <Task(_PythonDecoratedOperator): print_the_context>, log_sql_query already registered for DAG: example_python_operator
[2023-05-01T04:32:03.515+0000] {logging_mixin.py:149} INFO - [2023-05-01T04:32:03.514+0000] {taskmixin.py:211} WARNING - Dependency <Task(_PythonDecoratedOperator): log_sql_query>, print_the_context already registered for DAG: example_python_operator
[2023-05-01T04:32:03.518+0000] {logging_mixin.py:149} INFO - [2023-05-01T04:32:03.518+0000] {taskmixin.py:211} WARNING - Dependency <Task(_PythonDecoratedOperator): print_the_context>, log_sql_query already registered for DAG: example_python_operator
[2023-05-01T04:32:03.521+0000] {logging_mixin.py:149} INFO - [2023-05-01T04:32:03.521+0000] {taskmixin.py:211} WARNING - Dependency <Task(_PythonDecoratedOperator): log_sql_query>, print_the_context already registered for DAG: example_python_operator
[2023-05-01T04:32:03.542+0000] {processor.py:809} INFO - DAG(s) dict_keys(['example_python_operator']) retrieved from /home/airflow/.local/lib/python3.8/site-packages/airflow/example_dags/example_python_operator.py
[2023-05-01T04:32:03.766+0000] {logging_mixin.py:149} INFO - [2023-05-01T04:32:03.764+0000] {dag.py:2726} INFO - Sync 1 DAGs
[2023-05-01T04:32:03.943+0000] {logging_mixin.py:149} INFO - [2023-05-01T04:32:03.942+0000] {dag.py:3486} INFO - Setting next_dagrun for example_python_operator to None, run_after=None
[2023-05-01T04:32:04.083+0000] {processor.py:178} INFO - Processing /home/airflow/.local/lib/python3.8/site-packages/airflow/example_dags/example_python_operator.py took 0.633 seconds
[2023-05-01T04:32:35.853+0000] {processor.py:156} INFO - Started process (PID=545) to work on /home/airflow/.local/lib/python3.8/site-packages/airflow/example_dags/example_python_operator.py
[2023-05-01T04:32:35.871+0000] {processor.py:799} INFO - Processing file /home/airflow/.local/lib/python3.8/site-packages/airflow/example_dags/example_python_operator.py for tasks to queue
[2023-05-01T04:32:35.891+0000] {logging_mixin.py:149} INFO - [2023-05-01T04:32:35.882+0000] {dagbag.py:541} INFO - Filling up the DagBag from /home/airflow/.local/lib/python3.8/site-packages/airflow/example_dags/example_python_operator.py
[2023-05-01T04:32:35.996+0000] {logging_mixin.py:149} INFO - [2023-05-01T04:32:35.986+0000] {taskmixin.py:211} WARNING - Dependency <Task(_PythonDecoratedOperator): print_the_context>, log_sql_query already registered for DAG: example_python_operator
[2023-05-01T04:32:36.004+0000] {logging_mixin.py:149} INFO - [2023-05-01T04:32:36.003+0000] {taskmixin.py:211} WARNING - Dependency <Task(_PythonDecoratedOperator): log_sql_query>, print_the_context already registered for DAG: example_python_operator
[2023-05-01T04:32:36.017+0000] {logging_mixin.py:149} INFO - [2023-05-01T04:32:36.016+0000] {taskmixin.py:211} WARNING - Dependency <Task(_PythonDecoratedOperator): print_the_context>, log_sql_query already registered for DAG: example_python_operator
[2023-05-01T04:32:36.020+0000] {logging_mixin.py:149} INFO - [2023-05-01T04:32:36.019+0000] {taskmixin.py:211} WARNING - Dependency <Task(_PythonDecoratedOperator): log_sql_query>, print_the_context already registered for DAG: example_python_operator
[2023-05-01T04:32:36.044+0000] {logging_mixin.py:149} INFO - [2023-05-01T04:32:36.044+0000] {taskmixin.py:211} WARNING - Dependency <Task(_PythonDecoratedOperator): print_the_context>, log_sql_query already registered for DAG: example_python_operator
[2023-05-01T04:32:36.048+0000] {logging_mixin.py:149} INFO - [2023-05-01T04:32:36.047+0000] {taskmixin.py:211} WARNING - Dependency <Task(_PythonDecoratedOperator): log_sql_query>, print_the_context already registered for DAG: example_python_operator
[2023-05-01T04:32:36.058+0000] {logging_mixin.py:149} INFO - [2023-05-01T04:32:36.057+0000] {taskmixin.py:211} WARNING - Dependency <Task(_PythonDecoratedOperator): print_the_context>, log_sql_query already registered for DAG: example_python_operator
[2023-05-01T04:32:36.068+0000] {logging_mixin.py:149} INFO - [2023-05-01T04:32:36.067+0000] {taskmixin.py:211} WARNING - Dependency <Task(_PythonDecoratedOperator): log_sql_query>, print_the_context already registered for DAG: example_python_operator
[2023-05-01T04:32:36.118+0000] {processor.py:809} INFO - DAG(s) dict_keys(['example_python_operator']) retrieved from /home/airflow/.local/lib/python3.8/site-packages/airflow/example_dags/example_python_operator.py
[2023-05-01T04:32:36.393+0000] {logging_mixin.py:149} INFO - [2023-05-01T04:32:36.392+0000] {dag.py:2726} INFO - Sync 1 DAGs
[2023-05-01T04:32:36.627+0000] {logging_mixin.py:149} INFO - [2023-05-01T04:32:36.620+0000] {dag.py:3486} INFO - Setting next_dagrun for example_python_operator to None, run_after=None
[2023-05-01T04:32:36.769+0000] {processor.py:178} INFO - Processing /home/airflow/.local/lib/python3.8/site-packages/airflow/example_dags/example_python_operator.py took 0.955 seconds
[2023-05-01T04:33:08.100+0000] {processor.py:156} INFO - Started process (PID=670) to work on /home/airflow/.local/lib/python3.8/site-packages/airflow/example_dags/example_python_operator.py
[2023-05-01T04:33:08.109+0000] {processor.py:799} INFO - Processing file /home/airflow/.local/lib/python3.8/site-packages/airflow/example_dags/example_python_operator.py for tasks to queue
[2023-05-01T04:33:08.123+0000] {logging_mixin.py:149} INFO - [2023-05-01T04:33:08.118+0000] {dagbag.py:541} INFO - Filling up the DagBag from /home/airflow/.local/lib/python3.8/site-packages/airflow/example_dags/example_python_operator.py
[2023-05-01T04:33:08.203+0000] {logging_mixin.py:149} INFO - [2023-05-01T04:33:08.201+0000] {taskmixin.py:211} WARNING - Dependency <Task(_PythonDecoratedOperator): print_the_context>, log_sql_query already registered for DAG: example_python_operator
[2023-05-01T04:33:08.207+0000] {logging_mixin.py:149} INFO - [2023-05-01T04:33:08.207+0000] {taskmixin.py:211} WARNING - Dependency <Task(_PythonDecoratedOperator): log_sql_query>, print_the_context already registered for DAG: example_python_operator
[2023-05-01T04:33:08.221+0000] {logging_mixin.py:149} INFO - [2023-05-01T04:33:08.210+0000] {taskmixin.py:211} WARNING - Dependency <Task(_PythonDecoratedOperator): print_the_context>, log_sql_query already registered for DAG: example_python_operator
[2023-05-01T04:33:08.223+0000] {logging_mixin.py:149} INFO - [2023-05-01T04:33:08.223+0000] {taskmixin.py:211} WARNING - Dependency <Task(_PythonDecoratedOperator): log_sql_query>, print_the_context already registered for DAG: example_python_operator
[2023-05-01T04:33:08.228+0000] {logging_mixin.py:149} INFO - [2023-05-01T04:33:08.228+0000] {taskmixin.py:211} WARNING - Dependency <Task(_PythonDecoratedOperator): print_the_context>, log_sql_query already registered for DAG: example_python_operator
[2023-05-01T04:33:08.232+0000] {logging_mixin.py:149} INFO - [2023-05-01T04:33:08.232+0000] {taskmixin.py:211} WARNING - Dependency <Task(_PythonDecoratedOperator): log_sql_query>, print_the_context already registered for DAG: example_python_operator
[2023-05-01T04:33:08.236+0000] {logging_mixin.py:149} INFO - [2023-05-01T04:33:08.235+0000] {taskmixin.py:211} WARNING - Dependency <Task(_PythonDecoratedOperator): print_the_context>, log_sql_query already registered for DAG: example_python_operator
[2023-05-01T04:33:08.247+0000] {logging_mixin.py:149} INFO - [2023-05-01T04:33:08.243+0000] {taskmixin.py:211} WARNING - Dependency <Task(_PythonDecoratedOperator): log_sql_query>, print_the_context already registered for DAG: example_python_operator
[2023-05-01T04:33:08.273+0000] {processor.py:809} INFO - DAG(s) dict_keys(['example_python_operator']) retrieved from /home/airflow/.local/lib/python3.8/site-packages/airflow/example_dags/example_python_operator.py
[2023-05-01T04:33:08.498+0000] {logging_mixin.py:149} INFO - [2023-05-01T04:33:08.497+0000] {dag.py:2726} INFO - Sync 1 DAGs
[2023-05-01T04:33:08.728+0000] {logging_mixin.py:149} INFO - [2023-05-01T04:33:08.728+0000] {dag.py:3486} INFO - Setting next_dagrun for example_python_operator to None, run_after=None
[2023-05-01T04:33:08.940+0000] {processor.py:178} INFO - Processing /home/airflow/.local/lib/python3.8/site-packages/airflow/example_dags/example_python_operator.py took 0.864 seconds
[2023-05-01T04:33:39.392+0000] {processor.py:156} INFO - Started process (PID=781) to work on /home/airflow/.local/lib/python3.8/site-packages/airflow/example_dags/example_python_operator.py
[2023-05-01T04:33:39.394+0000] {processor.py:799} INFO - Processing file /home/airflow/.local/lib/python3.8/site-packages/airflow/example_dags/example_python_operator.py for tasks to queue
[2023-05-01T04:33:39.398+0000] {logging_mixin.py:149} INFO - [2023-05-01T04:33:39.398+0000] {dagbag.py:541} INFO - Filling up the DagBag from /home/airflow/.local/lib/python3.8/site-packages/airflow/example_dags/example_python_operator.py
[2023-05-01T04:33:39.420+0000] {logging_mixin.py:149} INFO - [2023-05-01T04:33:39.419+0000] {taskmixin.py:211} WARNING - Dependency <Task(_PythonDecoratedOperator): print_the_context>, log_sql_query already registered for DAG: example_python_operator
[2023-05-01T04:33:39.421+0000] {logging_mixin.py:149} INFO - [2023-05-01T04:33:39.421+0000] {taskmixin.py:211} WARNING - Dependency <Task(_PythonDecoratedOperator): log_sql_query>, print_the_context already registered for DAG: example_python_operator
[2023-05-01T04:33:39.425+0000] {logging_mixin.py:149} INFO - [2023-05-01T04:33:39.424+0000] {taskmixin.py:211} WARNING - Dependency <Task(_PythonDecoratedOperator): print_the_context>, log_sql_query already registered for DAG: example_python_operator
[2023-05-01T04:33:39.426+0000] {logging_mixin.py:149} INFO - [2023-05-01T04:33:39.426+0000] {taskmixin.py:211} WARNING - Dependency <Task(_PythonDecoratedOperator): log_sql_query>, print_the_context already registered for DAG: example_python_operator
[2023-05-01T04:33:39.429+0000] {logging_mixin.py:149} INFO - [2023-05-01T04:33:39.429+0000] {taskmixin.py:211} WARNING - Dependency <Task(_PythonDecoratedOperator): print_the_context>, log_sql_query already registered for DAG: example_python_operator
[2023-05-01T04:33:39.430+0000] {logging_mixin.py:149} INFO - [2023-05-01T04:33:39.430+0000] {taskmixin.py:211} WARNING - Dependency <Task(_PythonDecoratedOperator): log_sql_query>, print_the_context already registered for DAG: example_python_operator
[2023-05-01T04:33:39.433+0000] {logging_mixin.py:149} INFO - [2023-05-01T04:33:39.433+0000] {taskmixin.py:211} WARNING - Dependency <Task(_PythonDecoratedOperator): print_the_context>, log_sql_query already registered for DAG: example_python_operator
[2023-05-01T04:33:39.434+0000] {logging_mixin.py:149} INFO - [2023-05-01T04:33:39.434+0000] {taskmixin.py:211} WARNING - Dependency <Task(_PythonDecoratedOperator): log_sql_query>, print_the_context already registered for DAG: example_python_operator
[2023-05-01T04:33:39.445+0000] {processor.py:809} INFO - DAG(s) dict_keys(['example_python_operator']) retrieved from /home/airflow/.local/lib/python3.8/site-packages/airflow/example_dags/example_python_operator.py
[2023-05-01T04:33:39.526+0000] {logging_mixin.py:149} INFO - [2023-05-01T04:33:39.525+0000] {dag.py:2726} INFO - Sync 1 DAGs
[2023-05-01T04:33:39.591+0000] {logging_mixin.py:149} INFO - [2023-05-01T04:33:39.591+0000] {dag.py:3486} INFO - Setting next_dagrun for example_python_operator to None, run_after=None
[2023-05-01T04:33:39.643+0000] {processor.py:178} INFO - Processing /home/airflow/.local/lib/python3.8/site-packages/airflow/example_dags/example_python_operator.py took 0.257 seconds
[2023-05-01T04:34:10.325+0000] {processor.py:156} INFO - Started process (PID=900) to work on /home/airflow/.local/lib/python3.8/site-packages/airflow/example_dags/example_python_operator.py
[2023-05-01T04:34:10.328+0000] {processor.py:799} INFO - Processing file /home/airflow/.local/lib/python3.8/site-packages/airflow/example_dags/example_python_operator.py for tasks to queue
[2023-05-01T04:34:10.345+0000] {logging_mixin.py:149} INFO - [2023-05-01T04:34:10.345+0000] {dagbag.py:541} INFO - Filling up the DagBag from /home/airflow/.local/lib/python3.8/site-packages/airflow/example_dags/example_python_operator.py
[2023-05-01T04:34:10.401+0000] {logging_mixin.py:149} INFO - [2023-05-01T04:34:10.401+0000] {taskmixin.py:211} WARNING - Dependency <Task(_PythonDecoratedOperator): print_the_context>, log_sql_query already registered for DAG: example_python_operator
[2023-05-01T04:34:10.416+0000] {logging_mixin.py:149} INFO - [2023-05-01T04:34:10.416+0000] {taskmixin.py:211} WARNING - Dependency <Task(_PythonDecoratedOperator): log_sql_query>, print_the_context already registered for DAG: example_python_operator
[2023-05-01T04:34:10.420+0000] {logging_mixin.py:149} INFO - [2023-05-01T04:34:10.420+0000] {taskmixin.py:211} WARNING - Dependency <Task(_PythonDecoratedOperator): print_the_context>, log_sql_query already registered for DAG: example_python_operator
[2023-05-01T04:34:10.421+0000] {logging_mixin.py:149} INFO - [2023-05-01T04:34:10.421+0000] {taskmixin.py:211} WARNING - Dependency <Task(_PythonDecoratedOperator): log_sql_query>, print_the_context already registered for DAG: example_python_operator
[2023-05-01T04:34:10.426+0000] {logging_mixin.py:149} INFO - [2023-05-01T04:34:10.426+0000] {taskmixin.py:211} WARNING - Dependency <Task(_PythonDecoratedOperator): print_the_context>, log_sql_query already registered for DAG: example_python_operator
[2023-05-01T04:34:10.437+0000] {logging_mixin.py:149} INFO - [2023-05-01T04:34:10.437+0000] {taskmixin.py:211} WARNING - Dependency <Task(_PythonDecoratedOperator): log_sql_query>, print_the_context already registered for DAG: example_python_operator
[2023-05-01T04:34:10.441+0000] {logging_mixin.py:149} INFO - [2023-05-01T04:34:10.440+0000] {taskmixin.py:211} WARNING - Dependency <Task(_PythonDecoratedOperator): print_the_context>, log_sql_query already registered for DAG: example_python_operator
[2023-05-01T04:34:10.444+0000] {logging_mixin.py:149} INFO - [2023-05-01T04:34:10.444+0000] {taskmixin.py:211} WARNING - Dependency <Task(_PythonDecoratedOperator): log_sql_query>, print_the_context already registered for DAG: example_python_operator
[2023-05-01T04:34:10.476+0000] {processor.py:809} INFO - DAG(s) dict_keys(['example_python_operator']) retrieved from /home/airflow/.local/lib/python3.8/site-packages/airflow/example_dags/example_python_operator.py
[2023-05-01T04:34:10.660+0000] {logging_mixin.py:149} INFO - [2023-05-01T04:34:10.643+0000] {dag.py:2726} INFO - Sync 1 DAGs
[2023-05-01T04:34:10.848+0000] {logging_mixin.py:149} INFO - [2023-05-01T04:34:10.847+0000] {dag.py:3486} INFO - Setting next_dagrun for example_python_operator to None, run_after=None
[2023-05-01T04:34:10.944+0000] {processor.py:178} INFO - Processing /home/airflow/.local/lib/python3.8/site-packages/airflow/example_dags/example_python_operator.py took 0.640 seconds
[2023-05-01T04:34:41.288+0000] {processor.py:156} INFO - Started process (PID=1013) to work on /home/airflow/.local/lib/python3.8/site-packages/airflow/example_dags/example_python_operator.py
[2023-05-01T04:34:41.296+0000] {processor.py:799} INFO - Processing file /home/airflow/.local/lib/python3.8/site-packages/airflow/example_dags/example_python_operator.py for tasks to queue
[2023-05-01T04:34:41.300+0000] {logging_mixin.py:149} INFO - [2023-05-01T04:34:41.299+0000] {dagbag.py:541} INFO - Filling up the DagBag from /home/airflow/.local/lib/python3.8/site-packages/airflow/example_dags/example_python_operator.py
[2023-05-01T04:34:41.340+0000] {logging_mixin.py:149} INFO - [2023-05-01T04:34:41.339+0000] {taskmixin.py:211} WARNING - Dependency <Task(_PythonDecoratedOperator): print_the_context>, log_sql_query already registered for DAG: example_python_operator
[2023-05-01T04:34:41.350+0000] {logging_mixin.py:149} INFO - [2023-05-01T04:34:41.350+0000] {taskmixin.py:211} WARNING - Dependency <Task(_PythonDecoratedOperator): log_sql_query>, print_the_context already registered for DAG: example_python_operator
[2023-05-01T04:34:41.355+0000] {logging_mixin.py:149} INFO - [2023-05-01T04:34:41.354+0000] {taskmixin.py:211} WARNING - Dependency <Task(_PythonDecoratedOperator): print_the_context>, log_sql_query already registered for DAG: example_python_operator
[2023-05-01T04:34:41.359+0000] {logging_mixin.py:149} INFO - [2023-05-01T04:34:41.359+0000] {taskmixin.py:211} WARNING - Dependency <Task(_PythonDecoratedOperator): log_sql_query>, print_the_context already registered for DAG: example_python_operator
[2023-05-01T04:34:41.363+0000] {logging_mixin.py:149} INFO - [2023-05-01T04:34:41.362+0000] {taskmixin.py:211} WARNING - Dependency <Task(_PythonDecoratedOperator): print_the_context>, log_sql_query already registered for DAG: example_python_operator
[2023-05-01T04:34:41.366+0000] {logging_mixin.py:149} INFO - [2023-05-01T04:34:41.366+0000] {taskmixin.py:211} WARNING - Dependency <Task(_PythonDecoratedOperator): log_sql_query>, print_the_context already registered for DAG: example_python_operator
[2023-05-01T04:34:41.370+0000] {logging_mixin.py:149} INFO - [2023-05-01T04:34:41.370+0000] {taskmixin.py:211} WARNING - Dependency <Task(_PythonDecoratedOperator): print_the_context>, log_sql_query already registered for DAG: example_python_operator
[2023-05-01T04:34:41.372+0000] {logging_mixin.py:149} INFO - [2023-05-01T04:34:41.371+0000] {taskmixin.py:211} WARNING - Dependency <Task(_PythonDecoratedOperator): log_sql_query>, print_the_context already registered for DAG: example_python_operator
[2023-05-01T04:34:41.387+0000] {processor.py:809} INFO - DAG(s) dict_keys(['example_python_operator']) retrieved from /home/airflow/.local/lib/python3.8/site-packages/airflow/example_dags/example_python_operator.py
[2023-05-01T04:34:41.505+0000] {logging_mixin.py:149} INFO - [2023-05-01T04:34:41.503+0000] {dag.py:2726} INFO - Sync 1 DAGs
[2023-05-01T04:34:41.577+0000] {logging_mixin.py:149} INFO - [2023-05-01T04:34:41.576+0000] {dag.py:3486} INFO - Setting next_dagrun for example_python_operator to None, run_after=None
[2023-05-01T04:34:41.645+0000] {processor.py:178} INFO - Processing /home/airflow/.local/lib/python3.8/site-packages/airflow/example_dags/example_python_operator.py took 0.373 seconds
[2023-05-01T04:35:12.345+0000] {processor.py:156} INFO - Started process (PID=1139) to work on /home/airflow/.local/lib/python3.8/site-packages/airflow/example_dags/example_python_operator.py
[2023-05-01T04:35:12.353+0000] {processor.py:799} INFO - Processing file /home/airflow/.local/lib/python3.8/site-packages/airflow/example_dags/example_python_operator.py for tasks to queue
[2023-05-01T04:35:12.359+0000] {logging_mixin.py:149} INFO - [2023-05-01T04:35:12.358+0000] {dagbag.py:541} INFO - Filling up the DagBag from /home/airflow/.local/lib/python3.8/site-packages/airflow/example_dags/example_python_operator.py
[2023-05-01T04:35:12.449+0000] {logging_mixin.py:149} INFO - [2023-05-01T04:35:12.443+0000] {taskmixin.py:211} WARNING - Dependency <Task(_PythonDecoratedOperator): print_the_context>, log_sql_query already registered for DAG: example_python_operator
[2023-05-01T04:35:12.451+0000] {logging_mixin.py:149} INFO - [2023-05-01T04:35:12.451+0000] {taskmixin.py:211} WARNING - Dependency <Task(_PythonDecoratedOperator): log_sql_query>, print_the_context already registered for DAG: example_python_operator
[2023-05-01T04:35:12.456+0000] {logging_mixin.py:149} INFO - [2023-05-01T04:35:12.456+0000] {taskmixin.py:211} WARNING - Dependency <Task(_PythonDecoratedOperator): print_the_context>, log_sql_query already registered for DAG: example_python_operator
[2023-05-01T04:35:12.463+0000] {logging_mixin.py:149} INFO - [2023-05-01T04:35:12.462+0000] {taskmixin.py:211} WARNING - Dependency <Task(_PythonDecoratedOperator): log_sql_query>, print_the_context already registered for DAG: example_python_operator
[2023-05-01T04:35:12.467+0000] {logging_mixin.py:149} INFO - [2023-05-01T04:35:12.466+0000] {taskmixin.py:211} WARNING - Dependency <Task(_PythonDecoratedOperator): print_the_context>, log_sql_query already registered for DAG: example_python_operator
[2023-05-01T04:35:12.473+0000] {logging_mixin.py:149} INFO - [2023-05-01T04:35:12.473+0000] {taskmixin.py:211} WARNING - Dependency <Task(_PythonDecoratedOperator): log_sql_query>, print_the_context already registered for DAG: example_python_operator
[2023-05-01T04:35:12.478+0000] {logging_mixin.py:149} INFO - [2023-05-01T04:35:12.478+0000] {taskmixin.py:211} WARNING - Dependency <Task(_PythonDecoratedOperator): print_the_context>, log_sql_query already registered for DAG: example_python_operator
[2023-05-01T04:35:12.484+0000] {logging_mixin.py:149} INFO - [2023-05-01T04:35:12.484+0000] {taskmixin.py:211} WARNING - Dependency <Task(_PythonDecoratedOperator): log_sql_query>, print_the_context already registered for DAG: example_python_operator
[2023-05-01T04:35:12.506+0000] {processor.py:809} INFO - DAG(s) dict_keys(['example_python_operator']) retrieved from /home/airflow/.local/lib/python3.8/site-packages/airflow/example_dags/example_python_operator.py
[2023-05-01T04:35:12.683+0000] {logging_mixin.py:149} INFO - [2023-05-01T04:35:12.681+0000] {dag.py:2726} INFO - Sync 1 DAGs
[2023-05-01T04:35:12.831+0000] {logging_mixin.py:149} INFO - [2023-05-01T04:35:12.830+0000] {dag.py:3486} INFO - Setting next_dagrun for example_python_operator to None, run_after=None
[2023-05-01T04:35:12.959+0000] {processor.py:178} INFO - Processing /home/airflow/.local/lib/python3.8/site-packages/airflow/example_dags/example_python_operator.py took 0.631 seconds
[2023-05-01T04:35:43.444+0000] {processor.py:156} INFO - Started process (PID=1252) to work on /home/airflow/.local/lib/python3.8/site-packages/airflow/example_dags/example_python_operator.py
[2023-05-01T04:35:43.447+0000] {processor.py:799} INFO - Processing file /home/airflow/.local/lib/python3.8/site-packages/airflow/example_dags/example_python_operator.py for tasks to queue
[2023-05-01T04:35:43.451+0000] {logging_mixin.py:149} INFO - [2023-05-01T04:35:43.450+0000] {dagbag.py:541} INFO - Filling up the DagBag from /home/airflow/.local/lib/python3.8/site-packages/airflow/example_dags/example_python_operator.py
[2023-05-01T04:35:43.476+0000] {logging_mixin.py:149} INFO - [2023-05-01T04:35:43.475+0000] {taskmixin.py:211} WARNING - Dependency <Task(_PythonDecoratedOperator): print_the_context>, log_sql_query already registered for DAG: example_python_operator
[2023-05-01T04:35:43.478+0000] {logging_mixin.py:149} INFO - [2023-05-01T04:35:43.477+0000] {taskmixin.py:211} WARNING - Dependency <Task(_PythonDecoratedOperator): log_sql_query>, print_the_context already registered for DAG: example_python_operator
[2023-05-01T04:35:43.482+0000] {logging_mixin.py:149} INFO - [2023-05-01T04:35:43.482+0000] {taskmixin.py:211} WARNING - Dependency <Task(_PythonDecoratedOperator): print_the_context>, log_sql_query already registered for DAG: example_python_operator
[2023-05-01T04:35:43.494+0000] {logging_mixin.py:149} INFO - [2023-05-01T04:35:43.483+0000] {taskmixin.py:211} WARNING - Dependency <Task(_PythonDecoratedOperator): log_sql_query>, print_the_context already registered for DAG: example_python_operator
[2023-05-01T04:35:43.498+0000] {logging_mixin.py:149} INFO - [2023-05-01T04:35:43.497+0000] {taskmixin.py:211} WARNING - Dependency <Task(_PythonDecoratedOperator): print_the_context>, log_sql_query already registered for DAG: example_python_operator
[2023-05-01T04:35:43.499+0000] {logging_mixin.py:149} INFO - [2023-05-01T04:35:43.499+0000] {taskmixin.py:211} WARNING - Dependency <Task(_PythonDecoratedOperator): log_sql_query>, print_the_context already registered for DAG: example_python_operator
[2023-05-01T04:35:43.502+0000] {logging_mixin.py:149} INFO - [2023-05-01T04:35:43.502+0000] {taskmixin.py:211} WARNING - Dependency <Task(_PythonDecoratedOperator): print_the_context>, log_sql_query already registered for DAG: example_python_operator
[2023-05-01T04:35:43.504+0000] {logging_mixin.py:149} INFO - [2023-05-01T04:35:43.503+0000] {taskmixin.py:211} WARNING - Dependency <Task(_PythonDecoratedOperator): log_sql_query>, print_the_context already registered for DAG: example_python_operator
[2023-05-01T04:35:43.515+0000] {processor.py:809} INFO - DAG(s) dict_keys(['example_python_operator']) retrieved from /home/airflow/.local/lib/python3.8/site-packages/airflow/example_dags/example_python_operator.py
[2023-05-01T04:35:43.602+0000] {logging_mixin.py:149} INFO - [2023-05-01T04:35:43.601+0000] {dag.py:2726} INFO - Sync 1 DAGs
[2023-05-01T04:35:43.684+0000] {logging_mixin.py:149} INFO - [2023-05-01T04:35:43.684+0000] {dag.py:3486} INFO - Setting next_dagrun for example_python_operator to None, run_after=None
[2023-05-01T04:35:43.731+0000] {processor.py:178} INFO - Processing /home/airflow/.local/lib/python3.8/site-packages/airflow/example_dags/example_python_operator.py took 0.294 seconds
