[2023-05-01T04:30:36.223+0000] {processor.py:156} INFO - Started process (PID=143) to work on /home/airflow/.local/lib/python3.8/site-packages/airflow/example_dags/example_trigger_controller_dag.py
[2023-05-01T04:30:36.226+0000] {processor.py:799} INFO - Processing file /home/airflow/.local/lib/python3.8/site-packages/airflow/example_dags/example_trigger_controller_dag.py for tasks to queue
[2023-05-01T04:30:36.235+0000] {logging_mixin.py:149} INFO - [2023-05-01T04:30:36.234+0000] {dagbag.py:541} INFO - Filling up the DagBag from /home/airflow/.local/lib/python3.8/site-packages/airflow/example_dags/example_trigger_controller_dag.py
[2023-05-01T04:30:36.292+0000] {processor.py:809} INFO - DAG(s) dict_keys(['example_trigger_controller_dag']) retrieved from /home/airflow/.local/lib/python3.8/site-packages/airflow/example_dags/example_trigger_controller_dag.py
[2023-05-01T04:30:38.096+0000] {logging_mixin.py:149} INFO - [2023-05-01T04:30:38.095+0000] {manager.py:504} INFO - Created Permission View: can read on DAG:example_trigger_controller_dag
[2023-05-01T04:30:38.176+0000] {logging_mixin.py:149} INFO - [2023-05-01T04:30:38.175+0000] {manager.py:504} INFO - Created Permission View: can delete on DAG:example_trigger_controller_dag
[2023-05-01T04:30:38.208+0000] {logging_mixin.py:149} INFO - [2023-05-01T04:30:38.208+0000] {manager.py:504} INFO - Created Permission View: can edit on DAG:example_trigger_controller_dag
[2023-05-01T04:30:38.212+0000] {logging_mixin.py:149} INFO - [2023-05-01T04:30:38.212+0000] {dag.py:2726} INFO - Sync 1 DAGs
[2023-05-01T04:30:38.285+0000] {logging_mixin.py:149} INFO - [2023-05-01T04:30:38.285+0000] {dag.py:2747} INFO - Creating ORM DAG for example_trigger_controller_dag
[2023-05-01T04:30:38.382+0000] {logging_mixin.py:149} INFO - [2023-05-01T04:30:38.381+0000] {dag.py:3486} INFO - Setting next_dagrun for example_trigger_controller_dag to 2021-01-01T00:00:00+00:00, run_after=2021-01-01T00:00:00+00:00
[2023-05-01T04:30:38.531+0000] {processor.py:178} INFO - Processing /home/airflow/.local/lib/python3.8/site-packages/airflow/example_dags/example_trigger_controller_dag.py took 2.327 seconds
[2023-05-01T04:31:25.469+0000] {processor.py:156} INFO - Started process (PID=277) to work on /home/airflow/.local/lib/python3.8/site-packages/airflow/example_dags/example_trigger_controller_dag.py
[2023-05-01T04:31:25.474+0000] {processor.py:799} INFO - Processing file /home/airflow/.local/lib/python3.8/site-packages/airflow/example_dags/example_trigger_controller_dag.py for tasks to queue
[2023-05-01T04:31:25.503+0000] {logging_mixin.py:149} INFO - [2023-05-01T04:31:25.496+0000] {dagbag.py:541} INFO - Filling up the DagBag from /home/airflow/.local/lib/python3.8/site-packages/airflow/example_dags/example_trigger_controller_dag.py
[2023-05-01T04:31:25.557+0000] {processor.py:809} INFO - DAG(s) dict_keys(['example_trigger_controller_dag']) retrieved from /home/airflow/.local/lib/python3.8/site-packages/airflow/example_dags/example_trigger_controller_dag.py
[2023-05-01T04:31:25.757+0000] {logging_mixin.py:149} INFO - [2023-05-01T04:31:25.756+0000] {dag.py:2726} INFO - Sync 1 DAGs
[2023-05-01T04:31:26.062+0000] {logging_mixin.py:149} INFO - [2023-05-01T04:31:26.057+0000] {dag.py:3486} INFO - Setting next_dagrun for example_trigger_controller_dag to 2021-01-01T00:00:00+00:00, run_after=2021-01-01T00:00:00+00:00
[2023-05-01T04:31:26.266+0000] {processor.py:178} INFO - Processing /home/airflow/.local/lib/python3.8/site-packages/airflow/example_dags/example_trigger_controller_dag.py took 0.846 seconds
[2023-05-01T04:31:56.419+0000] {processor.py:156} INFO - Started process (PID=391) to work on /home/airflow/.local/lib/python3.8/site-packages/airflow/example_dags/example_trigger_controller_dag.py
[2023-05-01T04:31:56.422+0000] {processor.py:799} INFO - Processing file /home/airflow/.local/lib/python3.8/site-packages/airflow/example_dags/example_trigger_controller_dag.py for tasks to queue
[2023-05-01T04:31:56.426+0000] {logging_mixin.py:149} INFO - [2023-05-01T04:31:56.425+0000] {dagbag.py:541} INFO - Filling up the DagBag from /home/airflow/.local/lib/python3.8/site-packages/airflow/example_dags/example_trigger_controller_dag.py
[2023-05-01T04:31:56.455+0000] {processor.py:809} INFO - DAG(s) dict_keys(['example_trigger_controller_dag']) retrieved from /home/airflow/.local/lib/python3.8/site-packages/airflow/example_dags/example_trigger_controller_dag.py
[2023-05-01T04:31:56.590+0000] {logging_mixin.py:149} INFO - [2023-05-01T04:31:56.589+0000] {dag.py:2726} INFO - Sync 1 DAGs
[2023-05-01T04:31:56.748+0000] {logging_mixin.py:149} INFO - [2023-05-01T04:31:56.747+0000] {dag.py:3486} INFO - Setting next_dagrun for example_trigger_controller_dag to 2021-01-01T00:00:00+00:00, run_after=2021-01-01T00:00:00+00:00
[2023-05-01T04:31:56.838+0000] {processor.py:178} INFO - Processing /home/airflow/.local/lib/python3.8/site-packages/airflow/example_dags/example_trigger_controller_dag.py took 0.438 seconds
[2023-05-01T04:32:27.303+0000] {processor.py:156} INFO - Started process (PID=509) to work on /home/airflow/.local/lib/python3.8/site-packages/airflow/example_dags/example_trigger_controller_dag.py
[2023-05-01T04:32:27.312+0000] {processor.py:799} INFO - Processing file /home/airflow/.local/lib/python3.8/site-packages/airflow/example_dags/example_trigger_controller_dag.py for tasks to queue
[2023-05-01T04:32:27.321+0000] {logging_mixin.py:149} INFO - [2023-05-01T04:32:27.321+0000] {dagbag.py:541} INFO - Filling up the DagBag from /home/airflow/.local/lib/python3.8/site-packages/airflow/example_dags/example_trigger_controller_dag.py
[2023-05-01T04:32:27.357+0000] {processor.py:809} INFO - DAG(s) dict_keys(['example_trigger_controller_dag']) retrieved from /home/airflow/.local/lib/python3.8/site-packages/airflow/example_dags/example_trigger_controller_dag.py
[2023-05-01T04:32:27.484+0000] {logging_mixin.py:149} INFO - [2023-05-01T04:32:27.483+0000] {dag.py:2726} INFO - Sync 1 DAGs
[2023-05-01T04:32:27.617+0000] {logging_mixin.py:149} INFO - [2023-05-01T04:32:27.616+0000] {dag.py:3486} INFO - Setting next_dagrun for example_trigger_controller_dag to 2021-01-01T00:00:00+00:00, run_after=2021-01-01T00:00:00+00:00
[2023-05-01T04:32:27.706+0000] {processor.py:178} INFO - Processing /home/airflow/.local/lib/python3.8/site-packages/airflow/example_dags/example_trigger_controller_dag.py took 0.426 seconds
[2023-05-01T04:32:57.964+0000] {processor.py:156} INFO - Started process (PID=622) to work on /home/airflow/.local/lib/python3.8/site-packages/airflow/example_dags/example_trigger_controller_dag.py
[2023-05-01T04:32:57.967+0000] {processor.py:799} INFO - Processing file /home/airflow/.local/lib/python3.8/site-packages/airflow/example_dags/example_trigger_controller_dag.py for tasks to queue
[2023-05-01T04:32:57.972+0000] {logging_mixin.py:149} INFO - [2023-05-01T04:32:57.971+0000] {dagbag.py:541} INFO - Filling up the DagBag from /home/airflow/.local/lib/python3.8/site-packages/airflow/example_dags/example_trigger_controller_dag.py
[2023-05-01T04:32:57.985+0000] {processor.py:809} INFO - DAG(s) dict_keys(['example_trigger_controller_dag']) retrieved from /home/airflow/.local/lib/python3.8/site-packages/airflow/example_dags/example_trigger_controller_dag.py
[2023-05-01T04:32:58.058+0000] {logging_mixin.py:149} INFO - [2023-05-01T04:32:58.057+0000] {dag.py:2726} INFO - Sync 1 DAGs
[2023-05-01T04:32:58.132+0000] {logging_mixin.py:149} INFO - [2023-05-01T04:32:58.131+0000] {dag.py:3486} INFO - Setting next_dagrun for example_trigger_controller_dag to 2021-01-01T00:00:00+00:00, run_after=2021-01-01T00:00:00+00:00
[2023-05-01T04:32:58.177+0000] {processor.py:178} INFO - Processing /home/airflow/.local/lib/python3.8/site-packages/airflow/example_dags/example_trigger_controller_dag.py took 0.222 seconds
[2023-05-01T04:33:28.537+0000] {processor.py:156} INFO - Started process (PID=746) to work on /home/airflow/.local/lib/python3.8/site-packages/airflow/example_dags/example_trigger_controller_dag.py
[2023-05-01T04:33:28.549+0000] {processor.py:799} INFO - Processing file /home/airflow/.local/lib/python3.8/site-packages/airflow/example_dags/example_trigger_controller_dag.py for tasks to queue
[2023-05-01T04:33:28.555+0000] {logging_mixin.py:149} INFO - [2023-05-01T04:33:28.554+0000] {dagbag.py:541} INFO - Filling up the DagBag from /home/airflow/.local/lib/python3.8/site-packages/airflow/example_dags/example_trigger_controller_dag.py
[2023-05-01T04:33:28.597+0000] {processor.py:809} INFO - DAG(s) dict_keys(['example_trigger_controller_dag']) retrieved from /home/airflow/.local/lib/python3.8/site-packages/airflow/example_dags/example_trigger_controller_dag.py
[2023-05-01T04:33:28.777+0000] {logging_mixin.py:149} INFO - [2023-05-01T04:33:28.775+0000] {dag.py:2726} INFO - Sync 1 DAGs
[2023-05-01T04:33:29.104+0000] {logging_mixin.py:149} INFO - [2023-05-01T04:33:29.103+0000] {dag.py:3486} INFO - Setting next_dagrun for example_trigger_controller_dag to 2021-01-01T00:00:00+00:00, run_after=2021-01-01T00:00:00+00:00
[2023-05-01T04:33:29.240+0000] {processor.py:178} INFO - Processing /home/airflow/.local/lib/python3.8/site-packages/airflow/example_dags/example_trigger_controller_dag.py took 0.716 seconds
[2023-05-01T04:33:59.634+0000] {processor.py:156} INFO - Started process (PID=859) to work on /home/airflow/.local/lib/python3.8/site-packages/airflow/example_dags/example_trigger_controller_dag.py
[2023-05-01T04:33:59.637+0000] {processor.py:799} INFO - Processing file /home/airflow/.local/lib/python3.8/site-packages/airflow/example_dags/example_trigger_controller_dag.py for tasks to queue
[2023-05-01T04:33:59.641+0000] {logging_mixin.py:149} INFO - [2023-05-01T04:33:59.640+0000] {dagbag.py:541} INFO - Filling up the DagBag from /home/airflow/.local/lib/python3.8/site-packages/airflow/example_dags/example_trigger_controller_dag.py
[2023-05-01T04:33:59.651+0000] {processor.py:809} INFO - DAG(s) dict_keys(['example_trigger_controller_dag']) retrieved from /home/airflow/.local/lib/python3.8/site-packages/airflow/example_dags/example_trigger_controller_dag.py
[2023-05-01T04:33:59.716+0000] {logging_mixin.py:149} INFO - [2023-05-01T04:33:59.715+0000] {dag.py:2726} INFO - Sync 1 DAGs
[2023-05-01T04:33:59.784+0000] {logging_mixin.py:149} INFO - [2023-05-01T04:33:59.784+0000] {dag.py:3486} INFO - Setting next_dagrun for example_trigger_controller_dag to 2021-01-01T00:00:00+00:00, run_after=2021-01-01T00:00:00+00:00
[2023-05-01T04:33:59.827+0000] {processor.py:178} INFO - Processing /home/airflow/.local/lib/python3.8/site-packages/airflow/example_dags/example_trigger_controller_dag.py took 0.207 seconds
[2023-05-01T04:34:30.665+0000] {processor.py:156} INFO - Started process (PID=985) to work on /home/airflow/.local/lib/python3.8/site-packages/airflow/example_dags/example_trigger_controller_dag.py
[2023-05-01T04:34:30.668+0000] {processor.py:799} INFO - Processing file /home/airflow/.local/lib/python3.8/site-packages/airflow/example_dags/example_trigger_controller_dag.py for tasks to queue
[2023-05-01T04:34:30.675+0000] {logging_mixin.py:149} INFO - [2023-05-01T04:34:30.675+0000] {dagbag.py:541} INFO - Filling up the DagBag from /home/airflow/.local/lib/python3.8/site-packages/airflow/example_dags/example_trigger_controller_dag.py
[2023-05-01T04:34:30.701+0000] {processor.py:809} INFO - DAG(s) dict_keys(['example_trigger_controller_dag']) retrieved from /home/airflow/.local/lib/python3.8/site-packages/airflow/example_dags/example_trigger_controller_dag.py
[2023-05-01T04:34:30.869+0000] {logging_mixin.py:149} INFO - [2023-05-01T04:34:30.868+0000] {dag.py:2726} INFO - Sync 1 DAGs
[2023-05-01T04:34:31.050+0000] {logging_mixin.py:149} INFO - [2023-05-01T04:34:31.045+0000] {dag.py:3486} INFO - Setting next_dagrun for example_trigger_controller_dag to 2021-01-01T00:00:00+00:00, run_after=2021-01-01T00:00:00+00:00
[2023-05-01T04:34:31.150+0000] {processor.py:178} INFO - Processing /home/airflow/.local/lib/python3.8/site-packages/airflow/example_dags/example_trigger_controller_dag.py took 0.510 seconds
[2023-05-01T04:35:01.869+0000] {processor.py:156} INFO - Started process (PID=1098) to work on /home/airflow/.local/lib/python3.8/site-packages/airflow/example_dags/example_trigger_controller_dag.py
[2023-05-01T04:35:01.872+0000] {processor.py:799} INFO - Processing file /home/airflow/.local/lib/python3.8/site-packages/airflow/example_dags/example_trigger_controller_dag.py for tasks to queue
[2023-05-01T04:35:01.883+0000] {logging_mixin.py:149} INFO - [2023-05-01T04:35:01.881+0000] {dagbag.py:541} INFO - Filling up the DagBag from /home/airflow/.local/lib/python3.8/site-packages/airflow/example_dags/example_trigger_controller_dag.py
[2023-05-01T04:35:01.913+0000] {processor.py:809} INFO - DAG(s) dict_keys(['example_trigger_controller_dag']) retrieved from /home/airflow/.local/lib/python3.8/site-packages/airflow/example_dags/example_trigger_controller_dag.py
[2023-05-01T04:35:02.118+0000] {logging_mixin.py:149} INFO - [2023-05-01T04:35:02.117+0000] {dag.py:2726} INFO - Sync 1 DAGs
[2023-05-01T04:35:02.243+0000] {logging_mixin.py:149} INFO - [2023-05-01T04:35:02.243+0000] {dag.py:3486} INFO - Setting next_dagrun for example_trigger_controller_dag to 2021-01-01T00:00:00+00:00, run_after=2021-01-01T00:00:00+00:00
[2023-05-01T04:35:02.329+0000] {processor.py:178} INFO - Processing /home/airflow/.local/lib/python3.8/site-packages/airflow/example_dags/example_trigger_controller_dag.py took 0.505 seconds
[2023-05-01T04:35:32.592+0000] {processor.py:156} INFO - Started process (PID=1224) to work on /home/airflow/.local/lib/python3.8/site-packages/airflow/example_dags/example_trigger_controller_dag.py
[2023-05-01T04:35:32.618+0000] {processor.py:799} INFO - Processing file /home/airflow/.local/lib/python3.8/site-packages/airflow/example_dags/example_trigger_controller_dag.py for tasks to queue
[2023-05-01T04:35:32.675+0000] {logging_mixin.py:149} INFO - [2023-05-01T04:35:32.670+0000] {dagbag.py:541} INFO - Filling up the DagBag from /home/airflow/.local/lib/python3.8/site-packages/airflow/example_dags/example_trigger_controller_dag.py
[2023-05-01T04:35:32.784+0000] {processor.py:809} INFO - DAG(s) dict_keys(['example_trigger_controller_dag']) retrieved from /home/airflow/.local/lib/python3.8/site-packages/airflow/example_dags/example_trigger_controller_dag.py
[2023-05-01T04:35:33.074+0000] {logging_mixin.py:149} INFO - [2023-05-01T04:35:33.073+0000] {dag.py:2726} INFO - Sync 1 DAGs
[2023-05-01T04:35:33.280+0000] {logging_mixin.py:149} INFO - [2023-05-01T04:35:33.280+0000] {dag.py:3486} INFO - Setting next_dagrun for example_trigger_controller_dag to 2021-01-01T00:00:00+00:00, run_after=2021-01-01T00:00:00+00:00
[2023-05-01T04:35:33.409+0000] {processor.py:178} INFO - Processing /home/airflow/.local/lib/python3.8/site-packages/airflow/example_dags/example_trigger_controller_dag.py took 0.906 seconds
