[2023-05-01T04:30:38.467+0000] {processor.py:156} INFO - Started process (PID=145) to work on /home/airflow/.local/lib/python3.8/site-packages/airflow/example_dags/example_task_group_decorator.py
[2023-05-01T04:30:38.481+0000] {processor.py:799} INFO - Processing file /home/airflow/.local/lib/python3.8/site-packages/airflow/example_dags/example_task_group_decorator.py for tasks to queue
[2023-05-01T04:30:38.484+0000] {logging_mixin.py:149} INFO - [2023-05-01T04:30:38.483+0000] {dagbag.py:541} INFO - Filling up the DagBag from /home/airflow/.local/lib/python3.8/site-packages/airflow/example_dags/example_task_group_decorator.py
[2023-05-01T04:30:38.669+0000] {processor.py:809} INFO - DAG(s) dict_keys(['example_task_group_decorator']) retrieved from /home/airflow/.local/lib/python3.8/site-packages/airflow/example_dags/example_task_group_decorator.py
[2023-05-01T04:30:39.590+0000] {logging_mixin.py:149} INFO - [2023-05-01T04:30:39.589+0000] {manager.py:504} INFO - Created Permission View: can read on DAG:example_task_group_decorator
[2023-05-01T04:30:39.615+0000] {logging_mixin.py:149} INFO - [2023-05-01T04:30:39.614+0000] {manager.py:504} INFO - Created Permission View: can delete on DAG:example_task_group_decorator
[2023-05-01T04:30:39.635+0000] {logging_mixin.py:149} INFO - [2023-05-01T04:30:39.634+0000] {manager.py:504} INFO - Created Permission View: can edit on DAG:example_task_group_decorator
[2023-05-01T04:30:39.637+0000] {logging_mixin.py:149} INFO - [2023-05-01T04:30:39.636+0000] {dag.py:2726} INFO - Sync 1 DAGs
[2023-05-01T04:30:39.690+0000] {logging_mixin.py:149} INFO - [2023-05-01T04:30:39.685+0000] {dag.py:2747} INFO - Creating ORM DAG for example_task_group_decorator
[2023-05-01T04:30:39.731+0000] {logging_mixin.py:149} INFO - [2023-05-01T04:30:39.731+0000] {dag.py:3486} INFO - Setting next_dagrun for example_task_group_decorator to 2023-04-30T04:30:39.729998+00:00, run_after=2023-05-01T04:30:39.729998+00:00
[2023-05-01T04:30:39.787+0000] {processor.py:178} INFO - Processing /home/airflow/.local/lib/python3.8/site-packages/airflow/example_dags/example_task_group_decorator.py took 1.356 seconds
[2023-05-01T04:31:26.035+0000] {processor.py:156} INFO - Started process (PID=279) to work on /home/airflow/.local/lib/python3.8/site-packages/airflow/example_dags/example_task_group_decorator.py
[2023-05-01T04:31:26.070+0000] {processor.py:799} INFO - Processing file /home/airflow/.local/lib/python3.8/site-packages/airflow/example_dags/example_task_group_decorator.py for tasks to queue
[2023-05-01T04:31:26.081+0000] {logging_mixin.py:149} INFO - [2023-05-01T04:31:26.080+0000] {dagbag.py:541} INFO - Filling up the DagBag from /home/airflow/.local/lib/python3.8/site-packages/airflow/example_dags/example_task_group_decorator.py
[2023-05-01T04:31:26.144+0000] {processor.py:809} INFO - DAG(s) dict_keys(['example_task_group_decorator']) retrieved from /home/airflow/.local/lib/python3.8/site-packages/airflow/example_dags/example_task_group_decorator.py
[2023-05-01T04:31:26.514+0000] {logging_mixin.py:149} INFO - [2023-05-01T04:31:26.510+0000] {dag.py:2726} INFO - Sync 1 DAGs
[2023-05-01T04:31:26.918+0000] {logging_mixin.py:149} INFO - [2023-05-01T04:31:26.917+0000] {dag.py:3486} INFO - Setting next_dagrun for example_task_group_decorator to 2023-04-30T04:31:26.899667+00:00, run_after=2023-05-01T04:31:26.899667+00:00
[2023-05-01T04:31:27.157+0000] {processor.py:178} INFO - Processing /home/airflow/.local/lib/python3.8/site-packages/airflow/example_dags/example_task_group_decorator.py took 1.149 seconds
[2023-05-01T04:31:57.464+0000] {processor.py:156} INFO - Started process (PID=394) to work on /home/airflow/.local/lib/python3.8/site-packages/airflow/example_dags/example_task_group_decorator.py
[2023-05-01T04:31:57.468+0000] {processor.py:799} INFO - Processing file /home/airflow/.local/lib/python3.8/site-packages/airflow/example_dags/example_task_group_decorator.py for tasks to queue
[2023-05-01T04:31:57.476+0000] {logging_mixin.py:149} INFO - [2023-05-01T04:31:57.476+0000] {dagbag.py:541} INFO - Filling up the DagBag from /home/airflow/.local/lib/python3.8/site-packages/airflow/example_dags/example_task_group_decorator.py
[2023-05-01T04:31:57.576+0000] {processor.py:809} INFO - DAG(s) dict_keys(['example_task_group_decorator']) retrieved from /home/airflow/.local/lib/python3.8/site-packages/airflow/example_dags/example_task_group_decorator.py
[2023-05-01T04:31:57.800+0000] {logging_mixin.py:149} INFO - [2023-05-01T04:31:57.798+0000] {dag.py:2726} INFO - Sync 1 DAGs
[2023-05-01T04:31:57.990+0000] {logging_mixin.py:149} INFO - [2023-05-01T04:31:57.989+0000] {dag.py:3486} INFO - Setting next_dagrun for example_task_group_decorator to 2023-04-30T04:31:57.988231+00:00, run_after=2023-05-01T04:31:57.988231+00:00
[2023-05-01T04:31:58.171+0000] {processor.py:178} INFO - Processing /home/airflow/.local/lib/python3.8/site-packages/airflow/example_dags/example_task_group_decorator.py took 0.724 seconds
[2023-05-01T04:32:28.437+0000] {processor.py:156} INFO - Started process (PID=511) to work on /home/airflow/.local/lib/python3.8/site-packages/airflow/example_dags/example_task_group_decorator.py
[2023-05-01T04:32:28.442+0000] {processor.py:799} INFO - Processing file /home/airflow/.local/lib/python3.8/site-packages/airflow/example_dags/example_task_group_decorator.py for tasks to queue
[2023-05-01T04:32:28.454+0000] {logging_mixin.py:149} INFO - [2023-05-01T04:32:28.453+0000] {dagbag.py:541} INFO - Filling up the DagBag from /home/airflow/.local/lib/python3.8/site-packages/airflow/example_dags/example_task_group_decorator.py
[2023-05-01T04:32:28.592+0000] {processor.py:809} INFO - DAG(s) dict_keys(['example_task_group_decorator']) retrieved from /home/airflow/.local/lib/python3.8/site-packages/airflow/example_dags/example_task_group_decorator.py
[2023-05-01T04:32:28.781+0000] {logging_mixin.py:149} INFO - [2023-05-01T04:32:28.780+0000] {dag.py:2726} INFO - Sync 1 DAGs
[2023-05-01T04:32:28.924+0000] {logging_mixin.py:149} INFO - [2023-05-01T04:32:28.924+0000] {dag.py:3486} INFO - Setting next_dagrun for example_task_group_decorator to 2023-04-30T04:32:28.922620+00:00, run_after=2023-05-01T04:32:28.922620+00:00
[2023-05-01T04:32:29.026+0000] {processor.py:178} INFO - Processing /home/airflow/.local/lib/python3.8/site-packages/airflow/example_dags/example_task_group_decorator.py took 0.603 seconds
[2023-05-01T04:32:59.234+0000] {processor.py:156} INFO - Started process (PID=624) to work on /home/airflow/.local/lib/python3.8/site-packages/airflow/example_dags/example_task_group_decorator.py
[2023-05-01T04:32:59.237+0000] {processor.py:799} INFO - Processing file /home/airflow/.local/lib/python3.8/site-packages/airflow/example_dags/example_task_group_decorator.py for tasks to queue
[2023-05-01T04:32:59.240+0000] {logging_mixin.py:149} INFO - [2023-05-01T04:32:59.240+0000] {dagbag.py:541} INFO - Filling up the DagBag from /home/airflow/.local/lib/python3.8/site-packages/airflow/example_dags/example_task_group_decorator.py
[2023-05-01T04:32:59.287+0000] {processor.py:809} INFO - DAG(s) dict_keys(['example_task_group_decorator']) retrieved from /home/airflow/.local/lib/python3.8/site-packages/airflow/example_dags/example_task_group_decorator.py
[2023-05-01T04:32:59.375+0000] {logging_mixin.py:149} INFO - [2023-05-01T04:32:59.374+0000] {dag.py:2726} INFO - Sync 1 DAGs
[2023-05-01T04:32:59.442+0000] {logging_mixin.py:149} INFO - [2023-05-01T04:32:59.441+0000] {dag.py:3486} INFO - Setting next_dagrun for example_task_group_decorator to 2023-04-30T04:32:59.440423+00:00, run_after=2023-05-01T04:32:59.440423+00:00
[2023-05-01T04:32:59.492+0000] {processor.py:178} INFO - Processing /home/airflow/.local/lib/python3.8/site-packages/airflow/example_dags/example_task_group_decorator.py took 0.265 seconds
[2023-05-01T04:33:30.407+0000] {processor.py:156} INFO - Started process (PID=748) to work on /home/airflow/.local/lib/python3.8/site-packages/airflow/example_dags/example_task_group_decorator.py
[2023-05-01T04:33:30.412+0000] {processor.py:799} INFO - Processing file /home/airflow/.local/lib/python3.8/site-packages/airflow/example_dags/example_task_group_decorator.py for tasks to queue
[2023-05-01T04:33:30.424+0000] {logging_mixin.py:149} INFO - [2023-05-01T04:33:30.423+0000] {dagbag.py:541} INFO - Filling up the DagBag from /home/airflow/.local/lib/python3.8/site-packages/airflow/example_dags/example_task_group_decorator.py
[2023-05-01T04:33:30.543+0000] {processor.py:809} INFO - DAG(s) dict_keys(['example_task_group_decorator']) retrieved from /home/airflow/.local/lib/python3.8/site-packages/airflow/example_dags/example_task_group_decorator.py
[2023-05-01T04:33:30.782+0000] {logging_mixin.py:149} INFO - [2023-05-01T04:33:30.781+0000] {dag.py:2726} INFO - Sync 1 DAGs
[2023-05-01T04:33:30.981+0000] {logging_mixin.py:149} INFO - [2023-05-01T04:33:30.981+0000] {dag.py:3486} INFO - Setting next_dagrun for example_task_group_decorator to 2023-04-30T04:33:30.979498+00:00, run_after=2023-05-01T04:33:30.979498+00:00
[2023-05-01T04:33:31.091+0000] {processor.py:178} INFO - Processing /home/airflow/.local/lib/python3.8/site-packages/airflow/example_dags/example_task_group_decorator.py took 0.713 seconds
[2023-05-01T04:34:01.924+0000] {processor.py:156} INFO - Started process (PID=861) to work on /home/airflow/.local/lib/python3.8/site-packages/airflow/example_dags/example_task_group_decorator.py
[2023-05-01T04:34:01.934+0000] {processor.py:799} INFO - Processing file /home/airflow/.local/lib/python3.8/site-packages/airflow/example_dags/example_task_group_decorator.py for tasks to queue
[2023-05-01T04:34:01.947+0000] {logging_mixin.py:149} INFO - [2023-05-01T04:34:01.943+0000] {dagbag.py:541} INFO - Filling up the DagBag from /home/airflow/.local/lib/python3.8/site-packages/airflow/example_dags/example_task_group_decorator.py
[2023-05-01T04:34:02.035+0000] {processor.py:809} INFO - DAG(s) dict_keys(['example_task_group_decorator']) retrieved from /home/airflow/.local/lib/python3.8/site-packages/airflow/example_dags/example_task_group_decorator.py
[2023-05-01T04:34:02.166+0000] {logging_mixin.py:149} INFO - [2023-05-01T04:34:02.165+0000] {dag.py:2726} INFO - Sync 1 DAGs
[2023-05-01T04:34:02.241+0000] {logging_mixin.py:149} INFO - [2023-05-01T04:34:02.241+0000] {dag.py:3486} INFO - Setting next_dagrun for example_task_group_decorator to 2023-04-30T04:34:02.239665+00:00, run_after=2023-05-01T04:34:02.239665+00:00
[2023-05-01T04:34:02.366+0000] {processor.py:178} INFO - Processing /home/airflow/.local/lib/python3.8/site-packages/airflow/example_dags/example_task_group_decorator.py took 0.460 seconds
[2023-05-01T04:34:33.263+0000] {processor.py:156} INFO - Started process (PID=987) to work on /home/airflow/.local/lib/python3.8/site-packages/airflow/example_dags/example_task_group_decorator.py
[2023-05-01T04:34:33.266+0000] {processor.py:799} INFO - Processing file /home/airflow/.local/lib/python3.8/site-packages/airflow/example_dags/example_task_group_decorator.py for tasks to queue
[2023-05-01T04:34:33.275+0000] {logging_mixin.py:149} INFO - [2023-05-01T04:34:33.274+0000] {dagbag.py:541} INFO - Filling up the DagBag from /home/airflow/.local/lib/python3.8/site-packages/airflow/example_dags/example_task_group_decorator.py
[2023-05-01T04:34:33.390+0000] {processor.py:809} INFO - DAG(s) dict_keys(['example_task_group_decorator']) retrieved from /home/airflow/.local/lib/python3.8/site-packages/airflow/example_dags/example_task_group_decorator.py
[2023-05-01T04:34:33.522+0000] {logging_mixin.py:149} INFO - [2023-05-01T04:34:33.521+0000] {dag.py:2726} INFO - Sync 1 DAGs
[2023-05-01T04:34:33.621+0000] {logging_mixin.py:149} INFO - [2023-05-01T04:34:33.620+0000] {dag.py:3486} INFO - Setting next_dagrun for example_task_group_decorator to 2023-04-30T04:34:33.619283+00:00, run_after=2023-05-01T04:34:33.619283+00:00
[2023-05-01T04:34:33.687+0000] {processor.py:178} INFO - Processing /home/airflow/.local/lib/python3.8/site-packages/airflow/example_dags/example_task_group_decorator.py took 0.442 seconds
[2023-05-01T04:35:04.445+0000] {processor.py:156} INFO - Started process (PID=1100) to work on /home/airflow/.local/lib/python3.8/site-packages/airflow/example_dags/example_task_group_decorator.py
[2023-05-01T04:35:04.452+0000] {processor.py:799} INFO - Processing file /home/airflow/.local/lib/python3.8/site-packages/airflow/example_dags/example_task_group_decorator.py for tasks to queue
[2023-05-01T04:35:04.465+0000] {logging_mixin.py:149} INFO - [2023-05-01T04:35:04.461+0000] {dagbag.py:541} INFO - Filling up the DagBag from /home/airflow/.local/lib/python3.8/site-packages/airflow/example_dags/example_task_group_decorator.py
[2023-05-01T04:35:04.548+0000] {processor.py:809} INFO - DAG(s) dict_keys(['example_task_group_decorator']) retrieved from /home/airflow/.local/lib/python3.8/site-packages/airflow/example_dags/example_task_group_decorator.py
[2023-05-01T04:35:04.694+0000] {logging_mixin.py:149} INFO - [2023-05-01T04:35:04.693+0000] {dag.py:2726} INFO - Sync 1 DAGs
[2023-05-01T04:35:04.806+0000] {logging_mixin.py:149} INFO - [2023-05-01T04:35:04.805+0000] {dag.py:3486} INFO - Setting next_dagrun for example_task_group_decorator to 2023-04-30T04:35:04.804351+00:00, run_after=2023-05-01T04:35:04.804351+00:00
[2023-05-01T04:35:04.862+0000] {processor.py:178} INFO - Processing /home/airflow/.local/lib/python3.8/site-packages/airflow/example_dags/example_task_group_decorator.py took 0.437 seconds
[2023-05-01T04:35:35.057+0000] {processor.py:156} INFO - Started process (PID=1226) to work on /home/airflow/.local/lib/python3.8/site-packages/airflow/example_dags/example_task_group_decorator.py
[2023-05-01T04:35:35.068+0000] {processor.py:799} INFO - Processing file /home/airflow/.local/lib/python3.8/site-packages/airflow/example_dags/example_task_group_decorator.py for tasks to queue
[2023-05-01T04:35:35.077+0000] {logging_mixin.py:149} INFO - [2023-05-01T04:35:35.077+0000] {dagbag.py:541} INFO - Filling up the DagBag from /home/airflow/.local/lib/python3.8/site-packages/airflow/example_dags/example_task_group_decorator.py
[2023-05-01T04:35:35.253+0000] {processor.py:809} INFO - DAG(s) dict_keys(['example_task_group_decorator']) retrieved from /home/airflow/.local/lib/python3.8/site-packages/airflow/example_dags/example_task_group_decorator.py
[2023-05-01T04:35:35.514+0000] {logging_mixin.py:149} INFO - [2023-05-01T04:35:35.510+0000] {dag.py:2726} INFO - Sync 1 DAGs
[2023-05-01T04:35:35.817+0000] {logging_mixin.py:149} INFO - [2023-05-01T04:35:35.799+0000] {dag.py:3486} INFO - Setting next_dagrun for example_task_group_decorator to 2023-04-30T04:35:35.798254+00:00, run_after=2023-05-01T04:35:35.798254+00:00
[2023-05-01T04:35:36.169+0000] {processor.py:178} INFO - Processing /home/airflow/.local/lib/python3.8/site-packages/airflow/example_dags/example_task_group_decorator.py took 1.141 seconds
