[2023-05-01T04:30:56.165+0000] {processor.py:156} INFO - Started process (PID=195) to work on /home/airflow/.local/lib/python3.8/site-packages/airflow/example_dags/example_kubernetes_executor.py
[2023-05-01T04:30:56.169+0000] {processor.py:799} INFO - Processing file /home/airflow/.local/lib/python3.8/site-packages/airflow/example_dags/example_kubernetes_executor.py for tasks to queue
[2023-05-01T04:30:56.172+0000] {logging_mixin.py:149} INFO - [2023-05-01T04:30:56.172+0000] {dagbag.py:541} INFO - Filling up the DagBag from /home/airflow/.local/lib/python3.8/site-packages/airflow/example_dags/example_kubernetes_executor.py
[2023-05-01T04:31:03.254+0000] {processor.py:809} INFO - DAG(s) dict_keys(['example_kubernetes_executor']) retrieved from /home/airflow/.local/lib/python3.8/site-packages/airflow/example_dags/example_kubernetes_executor.py
[2023-05-01T04:31:04.544+0000] {logging_mixin.py:149} INFO - [2023-05-01T04:31:04.543+0000] {manager.py:504} INFO - Created Permission View: can read on DAG:example_kubernetes_executor
[2023-05-01T04:31:04.577+0000] {logging_mixin.py:149} INFO - [2023-05-01T04:31:04.576+0000] {manager.py:504} INFO - Created Permission View: can delete on DAG:example_kubernetes_executor
[2023-05-01T04:31:04.597+0000] {logging_mixin.py:149} INFO - [2023-05-01T04:31:04.596+0000] {manager.py:504} INFO - Created Permission View: can edit on DAG:example_kubernetes_executor
[2023-05-01T04:31:04.600+0000] {logging_mixin.py:149} INFO - [2023-05-01T04:31:04.598+0000] {dag.py:2726} INFO - Sync 1 DAGs
[2023-05-01T04:31:04.646+0000] {logging_mixin.py:149} INFO - [2023-05-01T04:31:04.645+0000] {dag.py:2747} INFO - Creating ORM DAG for example_kubernetes_executor
[2023-05-01T04:31:04.684+0000] {logging_mixin.py:149} INFO - [2023-05-01T04:31:04.683+0000] {dag.py:3486} INFO - Setting next_dagrun for example_kubernetes_executor to None, run_after=None
[2023-05-01T04:31:04.735+0000] {processor.py:178} INFO - Processing /home/airflow/.local/lib/python3.8/site-packages/airflow/example_dags/example_kubernetes_executor.py took 8.582 seconds
[2023-05-01T04:31:35.369+0000] {processor.py:156} INFO - Started process (PID=319) to work on /home/airflow/.local/lib/python3.8/site-packages/airflow/example_dags/example_kubernetes_executor.py
[2023-05-01T04:31:35.375+0000] {processor.py:799} INFO - Processing file /home/airflow/.local/lib/python3.8/site-packages/airflow/example_dags/example_kubernetes_executor.py for tasks to queue
[2023-05-01T04:31:35.384+0000] {logging_mixin.py:149} INFO - [2023-05-01T04:31:35.383+0000] {dagbag.py:541} INFO - Filling up the DagBag from /home/airflow/.local/lib/python3.8/site-packages/airflow/example_dags/example_kubernetes_executor.py
[2023-05-01T04:31:35.444+0000] {processor.py:809} INFO - DAG(s) dict_keys(['example_kubernetes_executor']) retrieved from /home/airflow/.local/lib/python3.8/site-packages/airflow/example_dags/example_kubernetes_executor.py
[2023-05-01T04:31:35.686+0000] {logging_mixin.py:149} INFO - [2023-05-01T04:31:35.683+0000] {dag.py:2726} INFO - Sync 1 DAGs
[2023-05-01T04:31:35.799+0000] {logging_mixin.py:149} INFO - [2023-05-01T04:31:35.798+0000] {dag.py:3486} INFO - Setting next_dagrun for example_kubernetes_executor to None, run_after=None
[2023-05-01T04:31:35.883+0000] {processor.py:178} INFO - Processing /home/airflow/.local/lib/python3.8/site-packages/airflow/example_dags/example_kubernetes_executor.py took 0.532 seconds
[2023-05-01T04:32:07.320+0000] {processor.py:156} INFO - Started process (PID=442) to work on /home/airflow/.local/lib/python3.8/site-packages/airflow/example_dags/example_kubernetes_executor.py
[2023-05-01T04:32:07.324+0000] {processor.py:799} INFO - Processing file /home/airflow/.local/lib/python3.8/site-packages/airflow/example_dags/example_kubernetes_executor.py for tasks to queue
[2023-05-01T04:32:07.330+0000] {logging_mixin.py:149} INFO - [2023-05-01T04:32:07.329+0000] {dagbag.py:541} INFO - Filling up the DagBag from /home/airflow/.local/lib/python3.8/site-packages/airflow/example_dags/example_kubernetes_executor.py
[2023-05-01T04:32:07.392+0000] {processor.py:809} INFO - DAG(s) dict_keys(['example_kubernetes_executor']) retrieved from /home/airflow/.local/lib/python3.8/site-packages/airflow/example_dags/example_kubernetes_executor.py
[2023-05-01T04:32:07.664+0000] {logging_mixin.py:149} INFO - [2023-05-01T04:32:07.663+0000] {dag.py:2726} INFO - Sync 1 DAGs
[2023-05-01T04:32:07.815+0000] {logging_mixin.py:149} INFO - [2023-05-01T04:32:07.815+0000] {dag.py:3486} INFO - Setting next_dagrun for example_kubernetes_executor to None, run_after=None
[2023-05-01T04:32:07.909+0000] {processor.py:178} INFO - Processing /home/airflow/.local/lib/python3.8/site-packages/airflow/example_dags/example_kubernetes_executor.py took 0.613 seconds
[2023-05-01T04:32:39.397+0000] {processor.py:156} INFO - Started process (PID=557) to work on /home/airflow/.local/lib/python3.8/site-packages/airflow/example_dags/example_kubernetes_executor.py
[2023-05-01T04:32:39.400+0000] {processor.py:799} INFO - Processing file /home/airflow/.local/lib/python3.8/site-packages/airflow/example_dags/example_kubernetes_executor.py for tasks to queue
[2023-05-01T04:32:39.405+0000] {logging_mixin.py:149} INFO - [2023-05-01T04:32:39.404+0000] {dagbag.py:541} INFO - Filling up the DagBag from /home/airflow/.local/lib/python3.8/site-packages/airflow/example_dags/example_kubernetes_executor.py
[2023-05-01T04:32:39.433+0000] {processor.py:809} INFO - DAG(s) dict_keys(['example_kubernetes_executor']) retrieved from /home/airflow/.local/lib/python3.8/site-packages/airflow/example_dags/example_kubernetes_executor.py
[2023-05-01T04:32:39.574+0000] {logging_mixin.py:149} INFO - [2023-05-01T04:32:39.573+0000] {dag.py:2726} INFO - Sync 1 DAGs
[2023-05-01T04:32:39.714+0000] {logging_mixin.py:149} INFO - [2023-05-01T04:32:39.713+0000] {dag.py:3486} INFO - Setting next_dagrun for example_kubernetes_executor to None, run_after=None
[2023-05-01T04:32:39.815+0000] {processor.py:178} INFO - Processing /home/airflow/.local/lib/python3.8/site-packages/airflow/example_dags/example_kubernetes_executor.py took 0.427 seconds
[2023-05-01T04:33:12.160+0000] {processor.py:156} INFO - Started process (PID=680) to work on /home/airflow/.local/lib/python3.8/site-packages/airflow/example_dags/example_kubernetes_executor.py
[2023-05-01T04:33:12.190+0000] {processor.py:799} INFO - Processing file /home/airflow/.local/lib/python3.8/site-packages/airflow/example_dags/example_kubernetes_executor.py for tasks to queue
[2023-05-01T04:33:12.199+0000] {logging_mixin.py:149} INFO - [2023-05-01T04:33:12.199+0000] {dagbag.py:541} INFO - Filling up the DagBag from /home/airflow/.local/lib/python3.8/site-packages/airflow/example_dags/example_kubernetes_executor.py
[2023-05-01T04:33:12.310+0000] {processor.py:809} INFO - DAG(s) dict_keys(['example_kubernetes_executor']) retrieved from /home/airflow/.local/lib/python3.8/site-packages/airflow/example_dags/example_kubernetes_executor.py
[2023-05-01T04:33:12.621+0000] {logging_mixin.py:149} INFO - [2023-05-01T04:33:12.619+0000] {dag.py:2726} INFO - Sync 1 DAGs
[2023-05-01T04:33:12.745+0000] {logging_mixin.py:149} INFO - [2023-05-01T04:33:12.745+0000] {dag.py:3486} INFO - Setting next_dagrun for example_kubernetes_executor to None, run_after=None
[2023-05-01T04:33:12.878+0000] {processor.py:178} INFO - Processing /home/airflow/.local/lib/python3.8/site-packages/airflow/example_dags/example_kubernetes_executor.py took 0.731 seconds
[2023-05-01T04:33:43.895+0000] {processor.py:156} INFO - Started process (PID=794) to work on /home/airflow/.local/lib/python3.8/site-packages/airflow/example_dags/example_kubernetes_executor.py
[2023-05-01T04:33:43.910+0000] {processor.py:799} INFO - Processing file /home/airflow/.local/lib/python3.8/site-packages/airflow/example_dags/example_kubernetes_executor.py for tasks to queue
[2023-05-01T04:33:43.922+0000] {logging_mixin.py:149} INFO - [2023-05-01T04:33:43.921+0000] {dagbag.py:541} INFO - Filling up the DagBag from /home/airflow/.local/lib/python3.8/site-packages/airflow/example_dags/example_kubernetes_executor.py
[2023-05-01T04:33:44.060+0000] {processor.py:809} INFO - DAG(s) dict_keys(['example_kubernetes_executor']) retrieved from /home/airflow/.local/lib/python3.8/site-packages/airflow/example_dags/example_kubernetes_executor.py
[2023-05-01T04:33:44.461+0000] {logging_mixin.py:149} INFO - [2023-05-01T04:33:44.460+0000] {dag.py:2726} INFO - Sync 1 DAGs
[2023-05-01T04:33:44.609+0000] {logging_mixin.py:149} INFO - [2023-05-01T04:33:44.606+0000] {dag.py:3486} INFO - Setting next_dagrun for example_kubernetes_executor to None, run_after=None
[2023-05-01T04:33:44.771+0000] {processor.py:178} INFO - Processing /home/airflow/.local/lib/python3.8/site-packages/airflow/example_dags/example_kubernetes_executor.py took 0.903 seconds
[2023-05-01T04:34:15.013+0000] {processor.py:156} INFO - Started process (PID=920) to work on /home/airflow/.local/lib/python3.8/site-packages/airflow/example_dags/example_kubernetes_executor.py
[2023-05-01T04:34:15.015+0000] {processor.py:799} INFO - Processing file /home/airflow/.local/lib/python3.8/site-packages/airflow/example_dags/example_kubernetes_executor.py for tasks to queue
[2023-05-01T04:34:15.019+0000] {logging_mixin.py:149} INFO - [2023-05-01T04:34:15.018+0000] {dagbag.py:541} INFO - Filling up the DagBag from /home/airflow/.local/lib/python3.8/site-packages/airflow/example_dags/example_kubernetes_executor.py
[2023-05-01T04:34:15.043+0000] {processor.py:809} INFO - DAG(s) dict_keys(['example_kubernetes_executor']) retrieved from /home/airflow/.local/lib/python3.8/site-packages/airflow/example_dags/example_kubernetes_executor.py
[2023-05-01T04:34:15.162+0000] {logging_mixin.py:149} INFO - [2023-05-01T04:34:15.161+0000] {dag.py:2726} INFO - Sync 1 DAGs
[2023-05-01T04:34:15.225+0000] {logging_mixin.py:149} INFO - [2023-05-01T04:34:15.224+0000] {dag.py:3486} INFO - Setting next_dagrun for example_kubernetes_executor to None, run_after=None
[2023-05-01T04:34:15.270+0000] {processor.py:178} INFO - Processing /home/airflow/.local/lib/python3.8/site-packages/airflow/example_dags/example_kubernetes_executor.py took 0.263 seconds
[2023-05-01T04:34:48.443+0000] {processor.py:156} INFO - Started process (PID=1046) to work on /home/airflow/.local/lib/python3.8/site-packages/airflow/example_dags/example_kubernetes_executor.py
[2023-05-01T04:34:48.450+0000] {processor.py:799} INFO - Processing file /home/airflow/.local/lib/python3.8/site-packages/airflow/example_dags/example_kubernetes_executor.py for tasks to queue
[2023-05-01T04:34:48.457+0000] {logging_mixin.py:149} INFO - [2023-05-01T04:34:48.457+0000] {dagbag.py:541} INFO - Filling up the DagBag from /home/airflow/.local/lib/python3.8/site-packages/airflow/example_dags/example_kubernetes_executor.py
[2023-05-01T04:34:48.571+0000] {processor.py:809} INFO - DAG(s) dict_keys(['example_kubernetes_executor']) retrieved from /home/airflow/.local/lib/python3.8/site-packages/airflow/example_dags/example_kubernetes_executor.py
[2023-05-01T04:34:48.929+0000] {logging_mixin.py:149} INFO - [2023-05-01T04:34:48.928+0000] {dag.py:2726} INFO - Sync 1 DAGs
[2023-05-01T04:34:49.094+0000] {logging_mixin.py:149} INFO - [2023-05-01T04:34:49.094+0000] {dag.py:3486} INFO - Setting next_dagrun for example_kubernetes_executor to None, run_after=None
[2023-05-01T04:34:49.137+0000] {processor.py:178} INFO - Processing /home/airflow/.local/lib/python3.8/site-packages/airflow/example_dags/example_kubernetes_executor.py took 0.707 seconds
[2023-05-01T04:35:21.106+0000] {processor.py:156} INFO - Started process (PID=1159) to work on /home/airflow/.local/lib/python3.8/site-packages/airflow/example_dags/example_kubernetes_executor.py
[2023-05-01T04:35:21.113+0000] {processor.py:799} INFO - Processing file /home/airflow/.local/lib/python3.8/site-packages/airflow/example_dags/example_kubernetes_executor.py for tasks to queue
[2023-05-01T04:35:21.120+0000] {logging_mixin.py:149} INFO - [2023-05-01T04:35:21.120+0000] {dagbag.py:541} INFO - Filling up the DagBag from /home/airflow/.local/lib/python3.8/site-packages/airflow/example_dags/example_kubernetes_executor.py
[2023-05-01T04:35:21.183+0000] {processor.py:809} INFO - DAG(s) dict_keys(['example_kubernetes_executor']) retrieved from /home/airflow/.local/lib/python3.8/site-packages/airflow/example_dags/example_kubernetes_executor.py
[2023-05-01T04:35:21.431+0000] {logging_mixin.py:149} INFO - [2023-05-01T04:35:21.428+0000] {dag.py:2726} INFO - Sync 1 DAGs
[2023-05-01T04:35:21.531+0000] {logging_mixin.py:149} INFO - [2023-05-01T04:35:21.530+0000] {dag.py:3486} INFO - Setting next_dagrun for example_kubernetes_executor to None, run_after=None
[2023-05-01T04:35:21.683+0000] {processor.py:178} INFO - Processing /home/airflow/.local/lib/python3.8/site-packages/airflow/example_dags/example_kubernetes_executor.py took 0.587 seconds
[2023-05-01T04:35:52.204+0000] {processor.py:156} INFO - Started process (PID=1284) to work on /home/airflow/.local/lib/python3.8/site-packages/airflow/example_dags/example_kubernetes_executor.py
[2023-05-01T04:35:52.209+0000] {processor.py:799} INFO - Processing file /home/airflow/.local/lib/python3.8/site-packages/airflow/example_dags/example_kubernetes_executor.py for tasks to queue
[2023-05-01T04:35:52.229+0000] {logging_mixin.py:149} INFO - [2023-05-01T04:35:52.228+0000] {dagbag.py:541} INFO - Filling up the DagBag from /home/airflow/.local/lib/python3.8/site-packages/airflow/example_dags/example_kubernetes_executor.py
[2023-05-01T04:35:52.426+0000] {processor.py:809} INFO - DAG(s) dict_keys(['example_kubernetes_executor']) retrieved from /home/airflow/.local/lib/python3.8/site-packages/airflow/example_dags/example_kubernetes_executor.py
[2023-05-01T04:35:52.869+0000] {logging_mixin.py:149} INFO - [2023-05-01T04:35:52.868+0000] {dag.py:2726} INFO - Sync 1 DAGs
[2023-05-01T04:35:53.076+0000] {logging_mixin.py:149} INFO - [2023-05-01T04:35:53.073+0000] {dag.py:3486} INFO - Setting next_dagrun for example_kubernetes_executor to None, run_after=None
[2023-05-01T04:35:53.218+0000] {processor.py:178} INFO - Processing /home/airflow/.local/lib/python3.8/site-packages/airflow/example_dags/example_kubernetes_executor.py took 1.060 seconds
