[2023-05-01T04:31:07.437+0000] {processor.py:156} INFO - Started process (PID=213) to work on /home/airflow/.local/lib/python3.8/site-packages/airflow/example_dags/example_dynamic_task_mapping.py
[2023-05-01T04:31:07.440+0000] {processor.py:799} INFO - Processing file /home/airflow/.local/lib/python3.8/site-packages/airflow/example_dags/example_dynamic_task_mapping.py for tasks to queue
[2023-05-01T04:31:07.446+0000] {logging_mixin.py:149} INFO - [2023-05-01T04:31:07.446+0000] {dagbag.py:541} INFO - Filling up the DagBag from /home/airflow/.local/lib/python3.8/site-packages/airflow/example_dags/example_dynamic_task_mapping.py
[2023-05-01T04:31:07.847+0000] {processor.py:809} INFO - DAG(s) dict_keys(['example_dynamic_task_mapping']) retrieved from /home/airflow/.local/lib/python3.8/site-packages/airflow/example_dags/example_dynamic_task_mapping.py
[2023-05-01T04:31:09.123+0000] {logging_mixin.py:149} INFO - [2023-05-01T04:31:09.122+0000] {manager.py:504} INFO - Created Permission View: can read on DAG:example_dynamic_task_mapping
[2023-05-01T04:31:09.181+0000] {logging_mixin.py:149} INFO - [2023-05-01T04:31:09.181+0000] {manager.py:504} INFO - Created Permission View: can delete on DAG:example_dynamic_task_mapping
[2023-05-01T04:31:09.222+0000] {logging_mixin.py:149} INFO - [2023-05-01T04:31:09.221+0000] {manager.py:504} INFO - Created Permission View: can edit on DAG:example_dynamic_task_mapping
[2023-05-01T04:31:09.226+0000] {logging_mixin.py:149} INFO - [2023-05-01T04:31:09.224+0000] {dag.py:2726} INFO - Sync 1 DAGs
[2023-05-01T04:31:09.351+0000] {logging_mixin.py:149} INFO - [2023-05-01T04:31:09.350+0000] {dag.py:2747} INFO - Creating ORM DAG for example_dynamic_task_mapping
[2023-05-01T04:31:09.444+0000] {logging_mixin.py:149} INFO - [2023-05-01T04:31:09.443+0000] {dag.py:3486} INFO - Setting next_dagrun for example_dynamic_task_mapping to 2022-03-04T00:00:00+00:00, run_after=2022-03-05T00:00:00+00:00
[2023-05-01T04:31:09.551+0000] {processor.py:178} INFO - Processing /home/airflow/.local/lib/python3.8/site-packages/airflow/example_dags/example_dynamic_task_mapping.py took 2.145 seconds
[2023-05-01T04:31:39.692+0000] {processor.py:156} INFO - Started process (PID=326) to work on /home/airflow/.local/lib/python3.8/site-packages/airflow/example_dags/example_dynamic_task_mapping.py
[2023-05-01T04:31:39.695+0000] {processor.py:799} INFO - Processing file /home/airflow/.local/lib/python3.8/site-packages/airflow/example_dags/example_dynamic_task_mapping.py for tasks to queue
[2023-05-01T04:31:39.699+0000] {logging_mixin.py:149} INFO - [2023-05-01T04:31:39.698+0000] {dagbag.py:541} INFO - Filling up the DagBag from /home/airflow/.local/lib/python3.8/site-packages/airflow/example_dags/example_dynamic_task_mapping.py
[2023-05-01T04:31:39.716+0000] {processor.py:809} INFO - DAG(s) dict_keys(['example_dynamic_task_mapping']) retrieved from /home/airflow/.local/lib/python3.8/site-packages/airflow/example_dags/example_dynamic_task_mapping.py
[2023-05-01T04:31:39.794+0000] {logging_mixin.py:149} INFO - [2023-05-01T04:31:39.793+0000] {dag.py:2726} INFO - Sync 1 DAGs
[2023-05-01T04:31:39.863+0000] {logging_mixin.py:149} INFO - [2023-05-01T04:31:39.862+0000] {dag.py:3486} INFO - Setting next_dagrun for example_dynamic_task_mapping to 2022-03-04T00:00:00+00:00, run_after=2022-03-05T00:00:00+00:00
[2023-05-01T04:31:39.904+0000] {processor.py:178} INFO - Processing /home/airflow/.local/lib/python3.8/site-packages/airflow/example_dags/example_dynamic_task_mapping.py took 0.219 seconds
[2023-05-01T04:32:10.463+0000] {processor.py:156} INFO - Started process (PID=451) to work on /home/airflow/.local/lib/python3.8/site-packages/airflow/example_dags/example_dynamic_task_mapping.py
[2023-05-01T04:32:10.470+0000] {processor.py:799} INFO - Processing file /home/airflow/.local/lib/python3.8/site-packages/airflow/example_dags/example_dynamic_task_mapping.py for tasks to queue
[2023-05-01T04:32:10.477+0000] {logging_mixin.py:149} INFO - [2023-05-01T04:32:10.476+0000] {dagbag.py:541} INFO - Filling up the DagBag from /home/airflow/.local/lib/python3.8/site-packages/airflow/example_dags/example_dynamic_task_mapping.py
[2023-05-01T04:32:10.522+0000] {processor.py:809} INFO - DAG(s) dict_keys(['example_dynamic_task_mapping']) retrieved from /home/airflow/.local/lib/python3.8/site-packages/airflow/example_dags/example_dynamic_task_mapping.py
[2023-05-01T04:32:10.670+0000] {logging_mixin.py:149} INFO - [2023-05-01T04:32:10.668+0000] {dag.py:2726} INFO - Sync 1 DAGs
[2023-05-01T04:32:10.810+0000] {logging_mixin.py:149} INFO - [2023-05-01T04:32:10.809+0000] {dag.py:3486} INFO - Setting next_dagrun for example_dynamic_task_mapping to 2022-03-04T00:00:00+00:00, run_after=2022-03-05T00:00:00+00:00
[2023-05-01T04:32:10.918+0000] {processor.py:178} INFO - Processing /home/airflow/.local/lib/python3.8/site-packages/airflow/example_dags/example_dynamic_task_mapping.py took 0.473 seconds
[2023-05-01T04:32:41.215+0000] {processor.py:156} INFO - Started process (PID=563) to work on /home/airflow/.local/lib/python3.8/site-packages/airflow/example_dags/example_dynamic_task_mapping.py
[2023-05-01T04:32:41.217+0000] {processor.py:799} INFO - Processing file /home/airflow/.local/lib/python3.8/site-packages/airflow/example_dags/example_dynamic_task_mapping.py for tasks to queue
[2023-05-01T04:32:41.221+0000] {logging_mixin.py:149} INFO - [2023-05-01T04:32:41.220+0000] {dagbag.py:541} INFO - Filling up the DagBag from /home/airflow/.local/lib/python3.8/site-packages/airflow/example_dags/example_dynamic_task_mapping.py
[2023-05-01T04:32:41.236+0000] {processor.py:809} INFO - DAG(s) dict_keys(['example_dynamic_task_mapping']) retrieved from /home/airflow/.local/lib/python3.8/site-packages/airflow/example_dags/example_dynamic_task_mapping.py
[2023-05-01T04:32:41.295+0000] {logging_mixin.py:149} INFO - [2023-05-01T04:32:41.294+0000] {dag.py:2726} INFO - Sync 1 DAGs
[2023-05-01T04:32:41.359+0000] {logging_mixin.py:149} INFO - [2023-05-01T04:32:41.358+0000] {dag.py:3486} INFO - Setting next_dagrun for example_dynamic_task_mapping to 2022-03-04T00:00:00+00:00, run_after=2022-03-05T00:00:00+00:00
[2023-05-01T04:32:41.401+0000] {processor.py:178} INFO - Processing /home/airflow/.local/lib/python3.8/site-packages/airflow/example_dags/example_dynamic_task_mapping.py took 0.193 seconds
[2023-05-01T04:33:13.503+0000] {processor.py:156} INFO - Started process (PID=688) to work on /home/airflow/.local/lib/python3.8/site-packages/airflow/example_dags/example_dynamic_task_mapping.py
[2023-05-01T04:33:13.509+0000] {processor.py:799} INFO - Processing file /home/airflow/.local/lib/python3.8/site-packages/airflow/example_dags/example_dynamic_task_mapping.py for tasks to queue
[2023-05-01T04:33:13.523+0000] {logging_mixin.py:149} INFO - [2023-05-01T04:33:13.523+0000] {dagbag.py:541} INFO - Filling up the DagBag from /home/airflow/.local/lib/python3.8/site-packages/airflow/example_dags/example_dynamic_task_mapping.py
[2023-05-01T04:33:13.571+0000] {processor.py:809} INFO - DAG(s) dict_keys(['example_dynamic_task_mapping']) retrieved from /home/airflow/.local/lib/python3.8/site-packages/airflow/example_dags/example_dynamic_task_mapping.py
[2023-05-01T04:33:13.679+0000] {logging_mixin.py:149} INFO - [2023-05-01T04:33:13.678+0000] {dag.py:2726} INFO - Sync 1 DAGs
[2023-05-01T04:33:13.783+0000] {logging_mixin.py:149} INFO - [2023-05-01T04:33:13.783+0000] {dag.py:3486} INFO - Setting next_dagrun for example_dynamic_task_mapping to 2022-03-04T00:00:00+00:00, run_after=2022-03-05T00:00:00+00:00
[2023-05-01T04:33:13.932+0000] {processor.py:178} INFO - Processing /home/airflow/.local/lib/python3.8/site-packages/airflow/example_dags/example_dynamic_task_mapping.py took 0.457 seconds
[2023-05-01T04:33:45.781+0000] {processor.py:156} INFO - Started process (PID=812) to work on /home/airflow/.local/lib/python3.8/site-packages/airflow/example_dags/example_dynamic_task_mapping.py
[2023-05-01T04:33:45.789+0000] {processor.py:799} INFO - Processing file /home/airflow/.local/lib/python3.8/site-packages/airflow/example_dags/example_dynamic_task_mapping.py for tasks to queue
[2023-05-01T04:33:45.801+0000] {logging_mixin.py:149} INFO - [2023-05-01T04:33:45.801+0000] {dagbag.py:541} INFO - Filling up the DagBag from /home/airflow/.local/lib/python3.8/site-packages/airflow/example_dags/example_dynamic_task_mapping.py
[2023-05-01T04:33:45.838+0000] {processor.py:809} INFO - DAG(s) dict_keys(['example_dynamic_task_mapping']) retrieved from /home/airflow/.local/lib/python3.8/site-packages/airflow/example_dags/example_dynamic_task_mapping.py
[2023-05-01T04:33:46.016+0000] {logging_mixin.py:149} INFO - [2023-05-01T04:33:46.015+0000] {dag.py:2726} INFO - Sync 1 DAGs
[2023-05-01T04:33:46.207+0000] {logging_mixin.py:149} INFO - [2023-05-01T04:33:46.206+0000] {dag.py:3486} INFO - Setting next_dagrun for example_dynamic_task_mapping to 2022-03-04T00:00:00+00:00, run_after=2022-03-05T00:00:00+00:00
[2023-05-01T04:33:46.329+0000] {processor.py:178} INFO - Processing /home/airflow/.local/lib/python3.8/site-packages/airflow/example_dags/example_dynamic_task_mapping.py took 0.575 seconds
[2023-05-01T04:34:16.493+0000] {processor.py:156} INFO - Started process (PID=926) to work on /home/airflow/.local/lib/python3.8/site-packages/airflow/example_dags/example_dynamic_task_mapping.py
[2023-05-01T04:34:16.495+0000] {processor.py:799} INFO - Processing file /home/airflow/.local/lib/python3.8/site-packages/airflow/example_dags/example_dynamic_task_mapping.py for tasks to queue
[2023-05-01T04:34:16.501+0000] {logging_mixin.py:149} INFO - [2023-05-01T04:34:16.500+0000] {dagbag.py:541} INFO - Filling up the DagBag from /home/airflow/.local/lib/python3.8/site-packages/airflow/example_dags/example_dynamic_task_mapping.py
[2023-05-01T04:34:16.529+0000] {processor.py:809} INFO - DAG(s) dict_keys(['example_dynamic_task_mapping']) retrieved from /home/airflow/.local/lib/python3.8/site-packages/airflow/example_dags/example_dynamic_task_mapping.py
[2023-05-01T04:34:16.600+0000] {logging_mixin.py:149} INFO - [2023-05-01T04:34:16.599+0000] {dag.py:2726} INFO - Sync 1 DAGs
[2023-05-01T04:34:16.669+0000] {logging_mixin.py:149} INFO - [2023-05-01T04:34:16.669+0000] {dag.py:3486} INFO - Setting next_dagrun for example_dynamic_task_mapping to 2022-03-04T00:00:00+00:00, run_after=2022-03-05T00:00:00+00:00
[2023-05-01T04:34:16.733+0000] {processor.py:178} INFO - Processing /home/airflow/.local/lib/python3.8/site-packages/airflow/example_dags/example_dynamic_task_mapping.py took 0.263 seconds
[2023-05-01T04:34:49.947+0000] {processor.py:156} INFO - Started process (PID=1054) to work on /home/airflow/.local/lib/python3.8/site-packages/airflow/example_dags/example_dynamic_task_mapping.py
[2023-05-01T04:34:49.951+0000] {processor.py:799} INFO - Processing file /home/airflow/.local/lib/python3.8/site-packages/airflow/example_dags/example_dynamic_task_mapping.py for tasks to queue
[2023-05-01T04:34:49.976+0000] {logging_mixin.py:149} INFO - [2023-05-01T04:34:49.975+0000] {dagbag.py:541} INFO - Filling up the DagBag from /home/airflow/.local/lib/python3.8/site-packages/airflow/example_dags/example_dynamic_task_mapping.py
[2023-05-01T04:34:50.052+0000] {processor.py:809} INFO - DAG(s) dict_keys(['example_dynamic_task_mapping']) retrieved from /home/airflow/.local/lib/python3.8/site-packages/airflow/example_dags/example_dynamic_task_mapping.py
[2023-05-01T04:34:50.217+0000] {logging_mixin.py:149} INFO - [2023-05-01T04:34:50.213+0000] {dag.py:2726} INFO - Sync 1 DAGs
[2023-05-01T04:34:50.442+0000] {logging_mixin.py:149} INFO - [2023-05-01T04:34:50.441+0000] {dag.py:3486} INFO - Setting next_dagrun for example_dynamic_task_mapping to 2022-03-04T00:00:00+00:00, run_after=2022-03-05T00:00:00+00:00
[2023-05-01T04:34:50.552+0000] {processor.py:178} INFO - Processing /home/airflow/.local/lib/python3.8/site-packages/airflow/example_dags/example_dynamic_task_mapping.py took 0.631 seconds
[2023-05-01T04:35:22.309+0000] {processor.py:156} INFO - Started process (PID=1167) to work on /home/airflow/.local/lib/python3.8/site-packages/airflow/example_dags/example_dynamic_task_mapping.py
[2023-05-01T04:35:22.312+0000] {processor.py:799} INFO - Processing file /home/airflow/.local/lib/python3.8/site-packages/airflow/example_dags/example_dynamic_task_mapping.py for tasks to queue
[2023-05-01T04:35:22.318+0000] {logging_mixin.py:149} INFO - [2023-05-01T04:35:22.317+0000] {dagbag.py:541} INFO - Filling up the DagBag from /home/airflow/.local/lib/python3.8/site-packages/airflow/example_dags/example_dynamic_task_mapping.py
[2023-05-01T04:35:22.339+0000] {processor.py:809} INFO - DAG(s) dict_keys(['example_dynamic_task_mapping']) retrieved from /home/airflow/.local/lib/python3.8/site-packages/airflow/example_dags/example_dynamic_task_mapping.py
[2023-05-01T04:35:22.424+0000] {logging_mixin.py:149} INFO - [2023-05-01T04:35:22.423+0000] {dag.py:2726} INFO - Sync 1 DAGs
[2023-05-01T04:35:22.504+0000] {logging_mixin.py:149} INFO - [2023-05-01T04:35:22.504+0000] {dag.py:3486} INFO - Setting next_dagrun for example_dynamic_task_mapping to 2022-03-04T00:00:00+00:00, run_after=2022-03-05T00:00:00+00:00
[2023-05-01T04:35:22.601+0000] {processor.py:178} INFO - Processing /home/airflow/.local/lib/python3.8/site-packages/airflow/example_dags/example_dynamic_task_mapping.py took 0.302 seconds
[2023-05-01T04:35:55.259+0000] {processor.py:156} INFO - Started process (PID=1293) to work on /home/airflow/.local/lib/python3.8/site-packages/airflow/example_dags/example_dynamic_task_mapping.py
[2023-05-01T04:35:55.262+0000] {processor.py:799} INFO - Processing file /home/airflow/.local/lib/python3.8/site-packages/airflow/example_dags/example_dynamic_task_mapping.py for tasks to queue
[2023-05-01T04:35:55.270+0000] {logging_mixin.py:149} INFO - [2023-05-01T04:35:55.268+0000] {dagbag.py:541} INFO - Filling up the DagBag from /home/airflow/.local/lib/python3.8/site-packages/airflow/example_dags/example_dynamic_task_mapping.py
[2023-05-01T04:35:55.301+0000] {processor.py:809} INFO - DAG(s) dict_keys(['example_dynamic_task_mapping']) retrieved from /home/airflow/.local/lib/python3.8/site-packages/airflow/example_dags/example_dynamic_task_mapping.py
[2023-05-01T04:35:55.424+0000] {logging_mixin.py:149} INFO - [2023-05-01T04:35:55.423+0000] {dag.py:2726} INFO - Sync 1 DAGs
[2023-05-01T04:35:55.494+0000] {logging_mixin.py:149} INFO - [2023-05-01T04:35:55.494+0000] {dag.py:3486} INFO - Setting next_dagrun for example_dynamic_task_mapping to 2022-03-04T00:00:00+00:00, run_after=2022-03-05T00:00:00+00:00
[2023-05-01T04:35:55.589+0000] {processor.py:178} INFO - Processing /home/airflow/.local/lib/python3.8/site-packages/airflow/example_dags/example_dynamic_task_mapping.py took 0.339 seconds
