[2023-05-01T04:30:38.689+0000] {processor.py:156} INFO - Started process (PID=147) to work on /home/airflow/.local/lib/python3.8/site-packages/airflow/example_dags/example_time_delta_sensor_async.py
[2023-05-01T04:30:38.698+0000] {processor.py:799} INFO - Processing file /home/airflow/.local/lib/python3.8/site-packages/airflow/example_dags/example_time_delta_sensor_async.py for tasks to queue
[2023-05-01T04:30:38.701+0000] {logging_mixin.py:149} INFO - [2023-05-01T04:30:38.700+0000] {dagbag.py:541} INFO - Filling up the DagBag from /home/airflow/.local/lib/python3.8/site-packages/airflow/example_dags/example_time_delta_sensor_async.py
[2023-05-01T04:30:38.735+0000] {processor.py:809} INFO - DAG(s) dict_keys(['example_time_delta_sensor_async']) retrieved from /home/airflow/.local/lib/python3.8/site-packages/airflow/example_dags/example_time_delta_sensor_async.py
[2023-05-01T04:30:39.602+0000] {logging_mixin.py:149} INFO - [2023-05-01T04:30:39.601+0000] {manager.py:504} INFO - Created Permission View: can read on DAG:example_time_delta_sensor_async
[2023-05-01T04:30:39.632+0000] {logging_mixin.py:149} INFO - [2023-05-01T04:30:39.631+0000] {manager.py:504} INFO - Created Permission View: can delete on DAG:example_time_delta_sensor_async
[2023-05-01T04:30:39.654+0000] {logging_mixin.py:149} INFO - [2023-05-01T04:30:39.654+0000] {manager.py:504} INFO - Created Permission View: can edit on DAG:example_time_delta_sensor_async
[2023-05-01T04:30:39.657+0000] {logging_mixin.py:149} INFO - [2023-05-01T04:30:39.657+0000] {dag.py:2726} INFO - Sync 1 DAGs
[2023-05-01T04:30:39.712+0000] {logging_mixin.py:149} INFO - [2023-05-01T04:30:39.711+0000] {dag.py:2747} INFO - Creating ORM DAG for example_time_delta_sensor_async
[2023-05-01T04:30:39.764+0000] {logging_mixin.py:149} INFO - [2023-05-01T04:30:39.764+0000] {dag.py:3486} INFO - Setting next_dagrun for example_time_delta_sensor_async to None, run_after=None
[2023-05-01T04:30:39.829+0000] {processor.py:178} INFO - Processing /home/airflow/.local/lib/python3.8/site-packages/airflow/example_dags/example_time_delta_sensor_async.py took 1.160 seconds
[2023-05-01T04:31:26.488+0000] {processor.py:156} INFO - Started process (PID=281) to work on /home/airflow/.local/lib/python3.8/site-packages/airflow/example_dags/example_time_delta_sensor_async.py
[2023-05-01T04:31:26.512+0000] {processor.py:799} INFO - Processing file /home/airflow/.local/lib/python3.8/site-packages/airflow/example_dags/example_time_delta_sensor_async.py for tasks to queue
[2023-05-01T04:31:26.519+0000] {logging_mixin.py:149} INFO - [2023-05-01T04:31:26.518+0000] {dagbag.py:541} INFO - Filling up the DagBag from /home/airflow/.local/lib/python3.8/site-packages/airflow/example_dags/example_time_delta_sensor_async.py
[2023-05-01T04:31:26.603+0000] {processor.py:809} INFO - DAG(s) dict_keys(['example_time_delta_sensor_async']) retrieved from /home/airflow/.local/lib/python3.8/site-packages/airflow/example_dags/example_time_delta_sensor_async.py
[2023-05-01T04:31:26.765+0000] {logging_mixin.py:149} INFO - [2023-05-01T04:31:26.764+0000] {dag.py:2726} INFO - Sync 1 DAGs
[2023-05-01T04:31:27.066+0000] {logging_mixin.py:149} INFO - [2023-05-01T04:31:27.065+0000] {dag.py:3486} INFO - Setting next_dagrun for example_time_delta_sensor_async to None, run_after=None
[2023-05-01T04:31:27.199+0000] {processor.py:178} INFO - Processing /home/airflow/.local/lib/python3.8/site-packages/airflow/example_dags/example_time_delta_sensor_async.py took 0.749 seconds
[2023-05-01T04:31:58.282+0000] {processor.py:156} INFO - Started process (PID=396) to work on /home/airflow/.local/lib/python3.8/site-packages/airflow/example_dags/example_time_delta_sensor_async.py
[2023-05-01T04:31:58.287+0000] {processor.py:799} INFO - Processing file /home/airflow/.local/lib/python3.8/site-packages/airflow/example_dags/example_time_delta_sensor_async.py for tasks to queue
[2023-05-01T04:31:58.298+0000] {logging_mixin.py:149} INFO - [2023-05-01T04:31:58.297+0000] {dagbag.py:541} INFO - Filling up the DagBag from /home/airflow/.local/lib/python3.8/site-packages/airflow/example_dags/example_time_delta_sensor_async.py
[2023-05-01T04:31:58.366+0000] {processor.py:809} INFO - DAG(s) dict_keys(['example_time_delta_sensor_async']) retrieved from /home/airflow/.local/lib/python3.8/site-packages/airflow/example_dags/example_time_delta_sensor_async.py
[2023-05-01T04:31:58.495+0000] {logging_mixin.py:149} INFO - [2023-05-01T04:31:58.494+0000] {dag.py:2726} INFO - Sync 1 DAGs
[2023-05-01T04:31:58.673+0000] {logging_mixin.py:149} INFO - [2023-05-01T04:31:58.673+0000] {dag.py:3486} INFO - Setting next_dagrun for example_time_delta_sensor_async to None, run_after=None
[2023-05-01T04:31:58.807+0000] {processor.py:178} INFO - Processing /home/airflow/.local/lib/python3.8/site-packages/airflow/example_dags/example_time_delta_sensor_async.py took 0.554 seconds
[2023-05-01T04:32:29.109+0000] {processor.py:156} INFO - Started process (PID=514) to work on /home/airflow/.local/lib/python3.8/site-packages/airflow/example_dags/example_time_delta_sensor_async.py
[2023-05-01T04:32:29.118+0000] {processor.py:799} INFO - Processing file /home/airflow/.local/lib/python3.8/site-packages/airflow/example_dags/example_time_delta_sensor_async.py for tasks to queue
[2023-05-01T04:32:29.122+0000] {logging_mixin.py:149} INFO - [2023-05-01T04:32:29.121+0000] {dagbag.py:541} INFO - Filling up the DagBag from /home/airflow/.local/lib/python3.8/site-packages/airflow/example_dags/example_time_delta_sensor_async.py
[2023-05-01T04:32:29.153+0000] {processor.py:809} INFO - DAG(s) dict_keys(['example_time_delta_sensor_async']) retrieved from /home/airflow/.local/lib/python3.8/site-packages/airflow/example_dags/example_time_delta_sensor_async.py
[2023-05-01T04:32:29.395+0000] {logging_mixin.py:149} INFO - [2023-05-01T04:32:29.393+0000] {dag.py:2726} INFO - Sync 1 DAGs
[2023-05-01T04:32:29.688+0000] {logging_mixin.py:149} INFO - [2023-05-01T04:32:29.683+0000] {dag.py:3486} INFO - Setting next_dagrun for example_time_delta_sensor_async to None, run_after=None
[2023-05-01T04:32:29.810+0000] {processor.py:178} INFO - Processing /home/airflow/.local/lib/python3.8/site-packages/airflow/example_dags/example_time_delta_sensor_async.py took 0.713 seconds
[2023-05-01T04:33:00.253+0000] {processor.py:156} INFO - Started process (PID=626) to work on /home/airflow/.local/lib/python3.8/site-packages/airflow/example_dags/example_time_delta_sensor_async.py
[2023-05-01T04:33:00.255+0000] {processor.py:799} INFO - Processing file /home/airflow/.local/lib/python3.8/site-packages/airflow/example_dags/example_time_delta_sensor_async.py for tasks to queue
[2023-05-01T04:33:00.259+0000] {logging_mixin.py:149} INFO - [2023-05-01T04:33:00.258+0000] {dagbag.py:541} INFO - Filling up the DagBag from /home/airflow/.local/lib/python3.8/site-packages/airflow/example_dags/example_time_delta_sensor_async.py
[2023-05-01T04:33:00.272+0000] {processor.py:809} INFO - DAG(s) dict_keys(['example_time_delta_sensor_async']) retrieved from /home/airflow/.local/lib/python3.8/site-packages/airflow/example_dags/example_time_delta_sensor_async.py
[2023-05-01T04:33:00.335+0000] {logging_mixin.py:149} INFO - [2023-05-01T04:33:00.334+0000] {dag.py:2726} INFO - Sync 1 DAGs
[2023-05-01T04:33:00.401+0000] {logging_mixin.py:149} INFO - [2023-05-01T04:33:00.401+0000] {dag.py:3486} INFO - Setting next_dagrun for example_time_delta_sensor_async to None, run_after=None
[2023-05-01T04:33:00.444+0000] {processor.py:178} INFO - Processing /home/airflow/.local/lib/python3.8/site-packages/airflow/example_dags/example_time_delta_sensor_async.py took 0.198 seconds
[2023-05-01T04:33:31.180+0000] {processor.py:156} INFO - Started process (PID=750) to work on /home/airflow/.local/lib/python3.8/site-packages/airflow/example_dags/example_time_delta_sensor_async.py
[2023-05-01T04:33:31.192+0000] {processor.py:799} INFO - Processing file /home/airflow/.local/lib/python3.8/site-packages/airflow/example_dags/example_time_delta_sensor_async.py for tasks to queue
[2023-05-01T04:33:31.209+0000] {logging_mixin.py:149} INFO - [2023-05-01T04:33:31.207+0000] {dagbag.py:541} INFO - Filling up the DagBag from /home/airflow/.local/lib/python3.8/site-packages/airflow/example_dags/example_time_delta_sensor_async.py
[2023-05-01T04:33:31.250+0000] {processor.py:809} INFO - DAG(s) dict_keys(['example_time_delta_sensor_async']) retrieved from /home/airflow/.local/lib/python3.8/site-packages/airflow/example_dags/example_time_delta_sensor_async.py
[2023-05-01T04:33:31.429+0000] {logging_mixin.py:149} INFO - [2023-05-01T04:33:31.428+0000] {dag.py:2726} INFO - Sync 1 DAGs
[2023-05-01T04:33:31.602+0000] {logging_mixin.py:149} INFO - [2023-05-01T04:33:31.602+0000] {dag.py:3486} INFO - Setting next_dagrun for example_time_delta_sensor_async to None, run_after=None
[2023-05-01T04:33:31.651+0000] {processor.py:178} INFO - Processing /home/airflow/.local/lib/python3.8/site-packages/airflow/example_dags/example_time_delta_sensor_async.py took 0.500 seconds
[2023-05-01T04:34:02.018+0000] {processor.py:156} INFO - Started process (PID=863) to work on /home/airflow/.local/lib/python3.8/site-packages/airflow/example_dags/example_time_delta_sensor_async.py
[2023-05-01T04:34:02.030+0000] {processor.py:799} INFO - Processing file /home/airflow/.local/lib/python3.8/site-packages/airflow/example_dags/example_time_delta_sensor_async.py for tasks to queue
[2023-05-01T04:34:02.047+0000] {logging_mixin.py:149} INFO - [2023-05-01T04:34:02.039+0000] {dagbag.py:541} INFO - Filling up the DagBag from /home/airflow/.local/lib/python3.8/site-packages/airflow/example_dags/example_time_delta_sensor_async.py
[2023-05-01T04:34:02.075+0000] {processor.py:809} INFO - DAG(s) dict_keys(['example_time_delta_sensor_async']) retrieved from /home/airflow/.local/lib/python3.8/site-packages/airflow/example_dags/example_time_delta_sensor_async.py
[2023-05-01T04:34:02.302+0000] {logging_mixin.py:149} INFO - [2023-05-01T04:34:02.301+0000] {dag.py:2726} INFO - Sync 1 DAGs
[2023-05-01T04:34:02.388+0000] {logging_mixin.py:149} INFO - [2023-05-01T04:34:02.388+0000] {dag.py:3486} INFO - Setting next_dagrun for example_time_delta_sensor_async to None, run_after=None
[2023-05-01T04:34:02.483+0000] {processor.py:178} INFO - Processing /home/airflow/.local/lib/python3.8/site-packages/airflow/example_dags/example_time_delta_sensor_async.py took 0.497 seconds
[2023-05-01T04:34:33.268+0000] {processor.py:156} INFO - Started process (PID=988) to work on /home/airflow/.local/lib/python3.8/site-packages/airflow/example_dags/example_time_delta_sensor_async.py
[2023-05-01T04:34:33.272+0000] {processor.py:799} INFO - Processing file /home/airflow/.local/lib/python3.8/site-packages/airflow/example_dags/example_time_delta_sensor_async.py for tasks to queue
[2023-05-01T04:34:33.286+0000] {logging_mixin.py:149} INFO - [2023-05-01T04:34:33.280+0000] {dagbag.py:541} INFO - Filling up the DagBag from /home/airflow/.local/lib/python3.8/site-packages/airflow/example_dags/example_time_delta_sensor_async.py
[2023-05-01T04:34:33.311+0000] {processor.py:809} INFO - DAG(s) dict_keys(['example_time_delta_sensor_async']) retrieved from /home/airflow/.local/lib/python3.8/site-packages/airflow/example_dags/example_time_delta_sensor_async.py
[2023-05-01T04:34:33.444+0000] {logging_mixin.py:149} INFO - [2023-05-01T04:34:33.443+0000] {dag.py:2726} INFO - Sync 1 DAGs
[2023-05-01T04:34:33.562+0000] {logging_mixin.py:149} INFO - [2023-05-01T04:34:33.561+0000] {dag.py:3486} INFO - Setting next_dagrun for example_time_delta_sensor_async to None, run_after=None
[2023-05-01T04:34:33.652+0000] {processor.py:178} INFO - Processing /home/airflow/.local/lib/python3.8/site-packages/airflow/example_dags/example_time_delta_sensor_async.py took 0.396 seconds
[2023-05-01T04:35:04.457+0000] {processor.py:156} INFO - Started process (PID=1101) to work on /home/airflow/.local/lib/python3.8/site-packages/airflow/example_dags/example_time_delta_sensor_async.py
[2023-05-01T04:35:04.463+0000] {processor.py:799} INFO - Processing file /home/airflow/.local/lib/python3.8/site-packages/airflow/example_dags/example_time_delta_sensor_async.py for tasks to queue
[2023-05-01T04:35:04.469+0000] {logging_mixin.py:149} INFO - [2023-05-01T04:35:04.469+0000] {dagbag.py:541} INFO - Filling up the DagBag from /home/airflow/.local/lib/python3.8/site-packages/airflow/example_dags/example_time_delta_sensor_async.py
[2023-05-01T04:35:04.500+0000] {processor.py:809} INFO - DAG(s) dict_keys(['example_time_delta_sensor_async']) retrieved from /home/airflow/.local/lib/python3.8/site-packages/airflow/example_dags/example_time_delta_sensor_async.py
[2023-05-01T04:35:04.613+0000] {logging_mixin.py:149} INFO - [2023-05-01T04:35:04.612+0000] {dag.py:2726} INFO - Sync 1 DAGs
[2023-05-01T04:35:04.757+0000] {logging_mixin.py:149} INFO - [2023-05-01T04:35:04.756+0000] {dag.py:3486} INFO - Setting next_dagrun for example_time_delta_sensor_async to None, run_after=None
[2023-05-01T04:35:04.860+0000] {processor.py:178} INFO - Processing /home/airflow/.local/lib/python3.8/site-packages/airflow/example_dags/example_time_delta_sensor_async.py took 0.422 seconds
[2023-05-01T04:35:35.075+0000] {processor.py:156} INFO - Started process (PID=1228) to work on /home/airflow/.local/lib/python3.8/site-packages/airflow/example_dags/example_time_delta_sensor_async.py
[2023-05-01T04:35:35.080+0000] {processor.py:799} INFO - Processing file /home/airflow/.local/lib/python3.8/site-packages/airflow/example_dags/example_time_delta_sensor_async.py for tasks to queue
[2023-05-01T04:35:35.086+0000] {logging_mixin.py:149} INFO - [2023-05-01T04:35:35.086+0000] {dagbag.py:541} INFO - Filling up the DagBag from /home/airflow/.local/lib/python3.8/site-packages/airflow/example_dags/example_time_delta_sensor_async.py
[2023-05-01T04:35:35.116+0000] {processor.py:809} INFO - DAG(s) dict_keys(['example_time_delta_sensor_async']) retrieved from /home/airflow/.local/lib/python3.8/site-packages/airflow/example_dags/example_time_delta_sensor_async.py
[2023-05-01T04:35:35.316+0000] {logging_mixin.py:149} INFO - [2023-05-01T04:35:35.315+0000] {dag.py:2726} INFO - Sync 1 DAGs
[2023-05-01T04:35:35.509+0000] {logging_mixin.py:149} INFO - [2023-05-01T04:35:35.508+0000] {dag.py:3486} INFO - Setting next_dagrun for example_time_delta_sensor_async to None, run_after=None
[2023-05-01T04:35:35.655+0000] {processor.py:178} INFO - Processing /home/airflow/.local/lib/python3.8/site-packages/airflow/example_dags/example_time_delta_sensor_async.py took 0.592 seconds
