[2023-05-01T04:30:42.888+0000] {processor.py:156} INFO - Started process (PID=161) to work on /home/airflow/.local/lib/python3.8/site-packages/airflow/example_dags/example_short_circuit_decorator.py
[2023-05-01T04:30:42.898+0000] {processor.py:799} INFO - Processing file /home/airflow/.local/lib/python3.8/site-packages/airflow/example_dags/example_short_circuit_decorator.py for tasks to queue
[2023-05-01T04:30:42.902+0000] {logging_mixin.py:149} INFO - [2023-05-01T04:30:42.902+0000] {dagbag.py:541} INFO - Filling up the DagBag from /home/airflow/.local/lib/python3.8/site-packages/airflow/example_dags/example_short_circuit_decorator.py
[2023-05-01T04:30:42.961+0000] {processor.py:809} INFO - DAG(s) dict_keys(['example_short_circuit_decorator']) retrieved from /home/airflow/.local/lib/python3.8/site-packages/airflow/example_dags/example_short_circuit_decorator.py
[2023-05-01T04:30:43.779+0000] {logging_mixin.py:149} INFO - [2023-05-01T04:30:43.778+0000] {manager.py:504} INFO - Created Permission View: can read on DAG:example_short_circuit_decorator
[2023-05-01T04:30:43.833+0000] {logging_mixin.py:149} INFO - [2023-05-01T04:30:43.832+0000] {manager.py:504} INFO - Created Permission View: can delete on DAG:example_short_circuit_decorator
[2023-05-01T04:30:43.867+0000] {logging_mixin.py:149} INFO - [2023-05-01T04:30:43.866+0000] {manager.py:504} INFO - Created Permission View: can edit on DAG:example_short_circuit_decorator
[2023-05-01T04:30:43.869+0000] {logging_mixin.py:149} INFO - [2023-05-01T04:30:43.868+0000] {dag.py:2726} INFO - Sync 1 DAGs
[2023-05-01T04:30:44.039+0000] {logging_mixin.py:149} INFO - [2023-05-01T04:30:44.032+0000] {dag.py:2747} INFO - Creating ORM DAG for example_short_circuit_decorator
[2023-05-01T04:30:44.137+0000] {logging_mixin.py:149} INFO - [2023-05-01T04:30:44.136+0000] {dag.py:3486} INFO - Setting next_dagrun for example_short_circuit_decorator to 2023-04-30T04:30:44.135138+00:00, run_after=2023-05-01T04:30:44.135138+00:00
[2023-05-01T04:30:44.305+0000] {processor.py:178} INFO - Processing /home/airflow/.local/lib/python3.8/site-packages/airflow/example_dags/example_short_circuit_decorator.py took 1.435 seconds
[2023-05-01T04:31:29.852+0000] {processor.py:156} INFO - Started process (PID=298) to work on /home/airflow/.local/lib/python3.8/site-packages/airflow/example_dags/example_short_circuit_decorator.py
[2023-05-01T04:31:29.868+0000] {processor.py:799} INFO - Processing file /home/airflow/.local/lib/python3.8/site-packages/airflow/example_dags/example_short_circuit_decorator.py for tasks to queue
[2023-05-01T04:31:29.889+0000] {logging_mixin.py:149} INFO - [2023-05-01T04:31:29.888+0000] {dagbag.py:541} INFO - Filling up the DagBag from /home/airflow/.local/lib/python3.8/site-packages/airflow/example_dags/example_short_circuit_decorator.py
[2023-05-01T04:31:30.003+0000] {processor.py:809} INFO - DAG(s) dict_keys(['example_short_circuit_decorator']) retrieved from /home/airflow/.local/lib/python3.8/site-packages/airflow/example_dags/example_short_circuit_decorator.py
[2023-05-01T04:31:30.329+0000] {logging_mixin.py:149} INFO - [2023-05-01T04:31:30.319+0000] {dag.py:2726} INFO - Sync 1 DAGs
[2023-05-01T04:31:30.550+0000] {logging_mixin.py:149} INFO - [2023-05-01T04:31:30.549+0000] {dag.py:3486} INFO - Setting next_dagrun for example_short_circuit_decorator to 2023-04-30T04:31:30.548162+00:00, run_after=2023-05-01T04:31:30.548162+00:00
[2023-05-01T04:31:30.681+0000] {processor.py:178} INFO - Processing /home/airflow/.local/lib/python3.8/site-packages/airflow/example_dags/example_short_circuit_decorator.py took 0.859 seconds
[2023-05-01T04:32:01.215+0000] {processor.py:156} INFO - Started process (PID=410) to work on /home/airflow/.local/lib/python3.8/site-packages/airflow/example_dags/example_short_circuit_decorator.py
[2023-05-01T04:32:01.225+0000] {processor.py:799} INFO - Processing file /home/airflow/.local/lib/python3.8/site-packages/airflow/example_dags/example_short_circuit_decorator.py for tasks to queue
[2023-05-01T04:32:01.231+0000] {logging_mixin.py:149} INFO - [2023-05-01T04:32:01.231+0000] {dagbag.py:541} INFO - Filling up the DagBag from /home/airflow/.local/lib/python3.8/site-packages/airflow/example_dags/example_short_circuit_decorator.py
[2023-05-01T04:32:01.285+0000] {processor.py:809} INFO - DAG(s) dict_keys(['example_short_circuit_decorator']) retrieved from /home/airflow/.local/lib/python3.8/site-packages/airflow/example_dags/example_short_circuit_decorator.py
[2023-05-01T04:32:01.426+0000] {logging_mixin.py:149} INFO - [2023-05-01T04:32:01.425+0000] {dag.py:2726} INFO - Sync 1 DAGs
[2023-05-01T04:32:01.522+0000] {logging_mixin.py:149} INFO - [2023-05-01T04:32:01.521+0000] {dag.py:3486} INFO - Setting next_dagrun for example_short_circuit_decorator to 2023-04-30T04:32:01.519771+00:00, run_after=2023-05-01T04:32:01.519771+00:00
[2023-05-01T04:32:01.573+0000] {processor.py:178} INFO - Processing /home/airflow/.local/lib/python3.8/site-packages/airflow/example_dags/example_short_circuit_decorator.py took 0.366 seconds
[2023-05-01T04:32:34.193+0000] {processor.py:156} INFO - Started process (PID=535) to work on /home/airflow/.local/lib/python3.8/site-packages/airflow/example_dags/example_short_circuit_decorator.py
[2023-05-01T04:32:34.206+0000] {processor.py:799} INFO - Processing file /home/airflow/.local/lib/python3.8/site-packages/airflow/example_dags/example_short_circuit_decorator.py for tasks to queue
[2023-05-01T04:32:34.209+0000] {logging_mixin.py:149} INFO - [2023-05-01T04:32:34.209+0000] {dagbag.py:541} INFO - Filling up the DagBag from /home/airflow/.local/lib/python3.8/site-packages/airflow/example_dags/example_short_circuit_decorator.py
[2023-05-01T04:32:34.275+0000] {processor.py:809} INFO - DAG(s) dict_keys(['example_short_circuit_decorator']) retrieved from /home/airflow/.local/lib/python3.8/site-packages/airflow/example_dags/example_short_circuit_decorator.py
[2023-05-01T04:32:34.450+0000] {logging_mixin.py:149} INFO - [2023-05-01T04:32:34.449+0000] {dag.py:2726} INFO - Sync 1 DAGs
[2023-05-01T04:32:34.601+0000] {logging_mixin.py:149} INFO - [2023-05-01T04:32:34.600+0000] {dag.py:3486} INFO - Setting next_dagrun for example_short_circuit_decorator to 2023-04-30T04:32:34.599594+00:00, run_after=2023-05-01T04:32:34.599594+00:00
[2023-05-01T04:32:34.763+0000] {processor.py:178} INFO - Processing /home/airflow/.local/lib/python3.8/site-packages/airflow/example_dags/example_short_circuit_decorator.py took 0.578 seconds
[2023-05-01T04:33:05.677+0000] {processor.py:156} INFO - Started process (PID=656) to work on /home/airflow/.local/lib/python3.8/site-packages/airflow/example_dags/example_short_circuit_decorator.py
[2023-05-01T04:33:05.687+0000] {processor.py:799} INFO - Processing file /home/airflow/.local/lib/python3.8/site-packages/airflow/example_dags/example_short_circuit_decorator.py for tasks to queue
[2023-05-01T04:33:05.691+0000] {logging_mixin.py:149} INFO - [2023-05-01T04:33:05.690+0000] {dagbag.py:541} INFO - Filling up the DagBag from /home/airflow/.local/lib/python3.8/site-packages/airflow/example_dags/example_short_circuit_decorator.py
[2023-05-01T04:33:05.794+0000] {processor.py:809} INFO - DAG(s) dict_keys(['example_short_circuit_decorator']) retrieved from /home/airflow/.local/lib/python3.8/site-packages/airflow/example_dags/example_short_circuit_decorator.py
[2023-05-01T04:33:06.071+0000] {logging_mixin.py:149} INFO - [2023-05-01T04:33:06.069+0000] {dag.py:2726} INFO - Sync 1 DAGs
[2023-05-01T04:33:06.220+0000] {logging_mixin.py:149} INFO - [2023-05-01T04:33:06.220+0000] {dag.py:3486} INFO - Setting next_dagrun for example_short_circuit_decorator to 2023-04-30T04:33:06.218735+00:00, run_after=2023-05-01T04:33:06.218735+00:00
[2023-05-01T04:33:06.351+0000] {processor.py:178} INFO - Processing /home/airflow/.local/lib/python3.8/site-packages/airflow/example_dags/example_short_circuit_decorator.py took 0.693 seconds
[2023-05-01T04:33:36.988+0000] {processor.py:156} INFO - Started process (PID=764) to work on /home/airflow/.local/lib/python3.8/site-packages/airflow/example_dags/example_short_circuit_decorator.py
[2023-05-01T04:33:36.991+0000] {processor.py:799} INFO - Processing file /home/airflow/.local/lib/python3.8/site-packages/airflow/example_dags/example_short_circuit_decorator.py for tasks to queue
[2023-05-01T04:33:36.996+0000] {logging_mixin.py:149} INFO - [2023-05-01T04:33:36.995+0000] {dagbag.py:541} INFO - Filling up the DagBag from /home/airflow/.local/lib/python3.8/site-packages/airflow/example_dags/example_short_circuit_decorator.py
[2023-05-01T04:33:37.025+0000] {processor.py:809} INFO - DAG(s) dict_keys(['example_short_circuit_decorator']) retrieved from /home/airflow/.local/lib/python3.8/site-packages/airflow/example_dags/example_short_circuit_decorator.py
[2023-05-01T04:33:37.110+0000] {logging_mixin.py:149} INFO - [2023-05-01T04:33:37.109+0000] {dag.py:2726} INFO - Sync 1 DAGs
[2023-05-01T04:33:37.206+0000] {logging_mixin.py:149} INFO - [2023-05-01T04:33:37.206+0000] {dag.py:3486} INFO - Setting next_dagrun for example_short_circuit_decorator to 2023-04-30T04:33:37.204860+00:00, run_after=2023-05-01T04:33:37.204860+00:00
[2023-05-01T04:33:37.255+0000] {processor.py:178} INFO - Processing /home/airflow/.local/lib/python3.8/site-packages/airflow/example_dags/example_short_circuit_decorator.py took 0.275 seconds
[2023-05-01T04:34:07.904+0000] {processor.py:156} INFO - Started process (PID=890) to work on /home/airflow/.local/lib/python3.8/site-packages/airflow/example_dags/example_short_circuit_decorator.py
[2023-05-01T04:34:07.911+0000] {processor.py:799} INFO - Processing file /home/airflow/.local/lib/python3.8/site-packages/airflow/example_dags/example_short_circuit_decorator.py for tasks to queue
[2023-05-01T04:34:07.923+0000] {logging_mixin.py:149} INFO - [2023-05-01T04:34:07.922+0000] {dagbag.py:541} INFO - Filling up the DagBag from /home/airflow/.local/lib/python3.8/site-packages/airflow/example_dags/example_short_circuit_decorator.py
[2023-05-01T04:34:08.031+0000] {processor.py:809} INFO - DAG(s) dict_keys(['example_short_circuit_decorator']) retrieved from /home/airflow/.local/lib/python3.8/site-packages/airflow/example_dags/example_short_circuit_decorator.py
[2023-05-01T04:34:08.187+0000] {logging_mixin.py:149} INFO - [2023-05-01T04:34:08.185+0000] {dag.py:2726} INFO - Sync 1 DAGs
[2023-05-01T04:34:08.285+0000] {logging_mixin.py:149} INFO - [2023-05-01T04:34:08.284+0000] {dag.py:3486} INFO - Setting next_dagrun for example_short_circuit_decorator to 2023-04-30T04:34:08.282894+00:00, run_after=2023-05-01T04:34:08.282894+00:00
[2023-05-01T04:34:08.339+0000] {processor.py:178} INFO - Processing /home/airflow/.local/lib/python3.8/site-packages/airflow/example_dags/example_short_circuit_decorator.py took 0.471 seconds
[2023-05-01T04:34:38.917+0000] {processor.py:156} INFO - Started process (PID=1003) to work on /home/airflow/.local/lib/python3.8/site-packages/airflow/example_dags/example_short_circuit_decorator.py
[2023-05-01T04:34:38.921+0000] {processor.py:799} INFO - Processing file /home/airflow/.local/lib/python3.8/site-packages/airflow/example_dags/example_short_circuit_decorator.py for tasks to queue
[2023-05-01T04:34:38.928+0000] {logging_mixin.py:149} INFO - [2023-05-01T04:34:38.927+0000] {dagbag.py:541} INFO - Filling up the DagBag from /home/airflow/.local/lib/python3.8/site-packages/airflow/example_dags/example_short_circuit_decorator.py
[2023-05-01T04:34:38.984+0000] {processor.py:809} INFO - DAG(s) dict_keys(['example_short_circuit_decorator']) retrieved from /home/airflow/.local/lib/python3.8/site-packages/airflow/example_dags/example_short_circuit_decorator.py
[2023-05-01T04:34:39.163+0000] {logging_mixin.py:149} INFO - [2023-05-01T04:34:39.162+0000] {dag.py:2726} INFO - Sync 1 DAGs
[2023-05-01T04:34:39.260+0000] {logging_mixin.py:149} INFO - [2023-05-01T04:34:39.260+0000] {dag.py:3486} INFO - Setting next_dagrun for example_short_circuit_decorator to 2023-04-30T04:34:39.258744+00:00, run_after=2023-05-01T04:34:39.258744+00:00
[2023-05-01T04:34:39.338+0000] {processor.py:178} INFO - Processing /home/airflow/.local/lib/python3.8/site-packages/airflow/example_dags/example_short_circuit_decorator.py took 0.437 seconds
[2023-05-01T04:35:09.488+0000] {processor.py:156} INFO - Started process (PID=1129) to work on /home/airflow/.local/lib/python3.8/site-packages/airflow/example_dags/example_short_circuit_decorator.py
[2023-05-01T04:35:09.496+0000] {processor.py:799} INFO - Processing file /home/airflow/.local/lib/python3.8/site-packages/airflow/example_dags/example_short_circuit_decorator.py for tasks to queue
[2023-05-01T04:35:09.499+0000] {logging_mixin.py:149} INFO - [2023-05-01T04:35:09.499+0000] {dagbag.py:541} INFO - Filling up the DagBag from /home/airflow/.local/lib/python3.8/site-packages/airflow/example_dags/example_short_circuit_decorator.py
[2023-05-01T04:35:09.562+0000] {processor.py:809} INFO - DAG(s) dict_keys(['example_short_circuit_decorator']) retrieved from /home/airflow/.local/lib/python3.8/site-packages/airflow/example_dags/example_short_circuit_decorator.py
[2023-05-01T04:35:09.728+0000] {logging_mixin.py:149} INFO - [2023-05-01T04:35:09.727+0000] {dag.py:2726} INFO - Sync 1 DAGs
[2023-05-01T04:35:09.831+0000] {logging_mixin.py:149} INFO - [2023-05-01T04:35:09.830+0000] {dag.py:3486} INFO - Setting next_dagrun for example_short_circuit_decorator to 2023-04-30T04:35:09.829485+00:00, run_after=2023-05-01T04:35:09.829485+00:00
[2023-05-01T04:35:09.919+0000] {processor.py:178} INFO - Processing /home/airflow/.local/lib/python3.8/site-packages/airflow/example_dags/example_short_circuit_decorator.py took 0.448 seconds
[2023-05-01T04:35:40.562+0000] {processor.py:156} INFO - Started process (PID=1242) to work on /home/airflow/.local/lib/python3.8/site-packages/airflow/example_dags/example_short_circuit_decorator.py
[2023-05-01T04:35:40.566+0000] {processor.py:799} INFO - Processing file /home/airflow/.local/lib/python3.8/site-packages/airflow/example_dags/example_short_circuit_decorator.py for tasks to queue
[2023-05-01T04:35:40.574+0000] {logging_mixin.py:149} INFO - [2023-05-01T04:35:40.573+0000] {dagbag.py:541} INFO - Filling up the DagBag from /home/airflow/.local/lib/python3.8/site-packages/airflow/example_dags/example_short_circuit_decorator.py
[2023-05-01T04:35:40.636+0000] {processor.py:809} INFO - DAG(s) dict_keys(['example_short_circuit_decorator']) retrieved from /home/airflow/.local/lib/python3.8/site-packages/airflow/example_dags/example_short_circuit_decorator.py
[2023-05-01T04:35:40.797+0000] {logging_mixin.py:149} INFO - [2023-05-01T04:35:40.796+0000] {dag.py:2726} INFO - Sync 1 DAGs
[2023-05-01T04:35:40.954+0000] {logging_mixin.py:149} INFO - [2023-05-01T04:35:40.953+0000] {dag.py:3486} INFO - Setting next_dagrun for example_short_circuit_decorator to 2023-04-30T04:35:40.949250+00:00, run_after=2023-05-01T04:35:40.949250+00:00
[2023-05-01T04:35:41.007+0000] {processor.py:178} INFO - Processing /home/airflow/.local/lib/python3.8/site-packages/airflow/example_dags/example_short_circuit_decorator.py took 0.458 seconds
