[2023-05-01T04:30:24.001+0000] {processor.py:156} INFO - Started process (PID=132) to work on /home/airflow/.local/lib/python3.8/site-packages/airflow/example_dags/example_xcomargs.py
[2023-05-01T04:30:24.009+0000] {processor.py:799} INFO - Processing file /home/airflow/.local/lib/python3.8/site-packages/airflow/example_dags/example_xcomargs.py for tasks to queue
[2023-05-01T04:30:24.014+0000] {logging_mixin.py:149} INFO - [2023-05-01T04:30:24.014+0000] {dagbag.py:541} INFO - Filling up the DagBag from /home/airflow/.local/lib/python3.8/site-packages/airflow/example_dags/example_xcomargs.py
[2023-05-01T04:30:24.150+0000] {processor.py:809} INFO - DAG(s) dict_keys(['example_xcom_args', 'example_xcom_args_with_operators']) retrieved from /home/airflow/.local/lib/python3.8/site-packages/airflow/example_dags/example_xcomargs.py
[2023-05-01T04:30:25.734+0000] {logging_mixin.py:149} INFO - [2023-05-01T04:30:25.733+0000] {manager.py:504} INFO - Created Permission View: can read on DAG:example_xcom_args
[2023-05-01T04:30:25.805+0000] {logging_mixin.py:149} INFO - [2023-05-01T04:30:25.804+0000] {manager.py:504} INFO - Created Permission View: can delete on DAG:example_xcom_args
[2023-05-01T04:30:25.878+0000] {logging_mixin.py:149} INFO - [2023-05-01T04:30:25.878+0000] {manager.py:504} INFO - Created Permission View: can edit on DAG:example_xcom_args
[2023-05-01T04:30:26.211+0000] {logging_mixin.py:149} INFO - [2023-05-01T04:30:26.202+0000] {manager.py:504} INFO - Created Permission View: can read on DAG:example_xcom_args_with_operators
[2023-05-01T04:30:26.332+0000] {logging_mixin.py:149} INFO - [2023-05-01T04:30:26.331+0000] {manager.py:504} INFO - Created Permission View: can delete on DAG:example_xcom_args_with_operators
[2023-05-01T04:30:26.432+0000] {logging_mixin.py:149} INFO - [2023-05-01T04:30:26.432+0000] {manager.py:504} INFO - Created Permission View: can edit on DAG:example_xcom_args_with_operators
[2023-05-01T04:30:26.439+0000] {logging_mixin.py:149} INFO - [2023-05-01T04:30:26.438+0000] {dag.py:2726} INFO - Sync 2 DAGs
[2023-05-01T04:30:26.628+0000] {logging_mixin.py:149} INFO - [2023-05-01T04:30:26.627+0000] {dag.py:2747} INFO - Creating ORM DAG for example_xcom_args
[2023-05-01T04:30:26.646+0000] {logging_mixin.py:149} INFO - [2023-05-01T04:30:26.642+0000] {dag.py:2747} INFO - Creating ORM DAG for example_xcom_args_with_operators
[2023-05-01T04:30:26.843+0000] {logging_mixin.py:149} INFO - [2023-05-01T04:30:26.832+0000] {dag.py:3486} INFO - Setting next_dagrun for example_xcom_args to None, run_after=None
[2023-05-01T04:30:26.860+0000] {logging_mixin.py:149} INFO - [2023-05-01T04:30:26.853+0000] {dag.py:3486} INFO - Setting next_dagrun for example_xcom_args_with_operators to None, run_after=None
[2023-05-01T04:30:27.221+0000] {processor.py:178} INFO - Processing /home/airflow/.local/lib/python3.8/site-packages/airflow/example_dags/example_xcomargs.py took 3.244 seconds
[2023-05-01T04:31:22.501+0000] {processor.py:156} INFO - Started process (PID=260) to work on /home/airflow/.local/lib/python3.8/site-packages/airflow/example_dags/example_xcomargs.py
[2023-05-01T04:31:22.506+0000] {processor.py:799} INFO - Processing file /home/airflow/.local/lib/python3.8/site-packages/airflow/example_dags/example_xcomargs.py for tasks to queue
[2023-05-01T04:31:22.514+0000] {logging_mixin.py:149} INFO - [2023-05-01T04:31:22.514+0000] {dagbag.py:541} INFO - Filling up the DagBag from /home/airflow/.local/lib/python3.8/site-packages/airflow/example_dags/example_xcomargs.py
[2023-05-01T04:31:22.580+0000] {processor.py:809} INFO - DAG(s) dict_keys(['example_xcom_args_with_operators', 'example_xcom_args']) retrieved from /home/airflow/.local/lib/python3.8/site-packages/airflow/example_dags/example_xcomargs.py
[2023-05-01T04:31:22.799+0000] {logging_mixin.py:149} INFO - [2023-05-01T04:31:22.799+0000] {dag.py:2726} INFO - Sync 2 DAGs
[2023-05-01T04:31:22.971+0000] {logging_mixin.py:149} INFO - [2023-05-01T04:31:22.971+0000] {dag.py:3486} INFO - Setting next_dagrun for example_xcom_args to None, run_after=None
[2023-05-01T04:31:23.003+0000] {logging_mixin.py:149} INFO - [2023-05-01T04:31:23.002+0000] {dag.py:3486} INFO - Setting next_dagrun for example_xcom_args_with_operators to None, run_after=None
[2023-05-01T04:31:23.113+0000] {processor.py:178} INFO - Processing /home/airflow/.local/lib/python3.8/site-packages/airflow/example_dags/example_xcomargs.py took 0.633 seconds
[2023-05-01T04:31:53.553+0000] {processor.py:156} INFO - Started process (PID=376) to work on /home/airflow/.local/lib/python3.8/site-packages/airflow/example_dags/example_xcomargs.py
[2023-05-01T04:31:53.557+0000] {processor.py:799} INFO - Processing file /home/airflow/.local/lib/python3.8/site-packages/airflow/example_dags/example_xcomargs.py for tasks to queue
[2023-05-01T04:31:53.568+0000] {logging_mixin.py:149} INFO - [2023-05-01T04:31:53.567+0000] {dagbag.py:541} INFO - Filling up the DagBag from /home/airflow/.local/lib/python3.8/site-packages/airflow/example_dags/example_xcomargs.py
[2023-05-01T04:31:53.630+0000] {processor.py:809} INFO - DAG(s) dict_keys(['example_xcom_args_with_operators', 'example_xcom_args']) retrieved from /home/airflow/.local/lib/python3.8/site-packages/airflow/example_dags/example_xcomargs.py
[2023-05-01T04:31:53.762+0000] {logging_mixin.py:149} INFO - [2023-05-01T04:31:53.761+0000] {dag.py:2726} INFO - Sync 2 DAGs
[2023-05-01T04:31:53.864+0000] {logging_mixin.py:149} INFO - [2023-05-01T04:31:53.864+0000] {dag.py:3486} INFO - Setting next_dagrun for example_xcom_args to None, run_after=None
[2023-05-01T04:31:53.881+0000] {logging_mixin.py:149} INFO - [2023-05-01T04:31:53.880+0000] {dag.py:3486} INFO - Setting next_dagrun for example_xcom_args_with_operators to None, run_after=None
[2023-05-01T04:31:53.944+0000] {processor.py:178} INFO - Processing /home/airflow/.local/lib/python3.8/site-packages/airflow/example_dags/example_xcomargs.py took 0.415 seconds
[2023-05-01T04:32:24.783+0000] {processor.py:156} INFO - Started process (PID=498) to work on /home/airflow/.local/lib/python3.8/site-packages/airflow/example_dags/example_xcomargs.py
[2023-05-01T04:32:24.797+0000] {processor.py:799} INFO - Processing file /home/airflow/.local/lib/python3.8/site-packages/airflow/example_dags/example_xcomargs.py for tasks to queue
[2023-05-01T04:32:24.824+0000] {logging_mixin.py:149} INFO - [2023-05-01T04:32:24.823+0000] {dagbag.py:541} INFO - Filling up the DagBag from /home/airflow/.local/lib/python3.8/site-packages/airflow/example_dags/example_xcomargs.py
[2023-05-01T04:32:24.979+0000] {processor.py:809} INFO - DAG(s) dict_keys(['example_xcom_args_with_operators', 'example_xcom_args']) retrieved from /home/airflow/.local/lib/python3.8/site-packages/airflow/example_dags/example_xcomargs.py
[2023-05-01T04:32:25.172+0000] {logging_mixin.py:149} INFO - [2023-05-01T04:32:25.171+0000] {dag.py:2726} INFO - Sync 2 DAGs
[2023-05-01T04:32:25.504+0000] {logging_mixin.py:149} INFO - [2023-05-01T04:32:25.503+0000] {dag.py:3486} INFO - Setting next_dagrun for example_xcom_args to None, run_after=None
[2023-05-01T04:32:25.530+0000] {logging_mixin.py:149} INFO - [2023-05-01T04:32:25.530+0000] {dag.py:3486} INFO - Setting next_dagrun for example_xcom_args_with_operators to None, run_after=None
[2023-05-01T04:32:25.614+0000] {processor.py:178} INFO - Processing /home/airflow/.local/lib/python3.8/site-packages/airflow/example_dags/example_xcomargs.py took 0.857 seconds
[2023-05-01T04:32:55.799+0000] {processor.py:156} INFO - Started process (PID=614) to work on /home/airflow/.local/lib/python3.8/site-packages/airflow/example_dags/example_xcomargs.py
[2023-05-01T04:32:55.806+0000] {processor.py:799} INFO - Processing file /home/airflow/.local/lib/python3.8/site-packages/airflow/example_dags/example_xcomargs.py for tasks to queue
[2023-05-01T04:32:55.820+0000] {logging_mixin.py:149} INFO - [2023-05-01T04:32:55.819+0000] {dagbag.py:541} INFO - Filling up the DagBag from /home/airflow/.local/lib/python3.8/site-packages/airflow/example_dags/example_xcomargs.py
[2023-05-01T04:32:55.911+0000] {processor.py:809} INFO - DAG(s) dict_keys(['example_xcom_args_with_operators', 'example_xcom_args']) retrieved from /home/airflow/.local/lib/python3.8/site-packages/airflow/example_dags/example_xcomargs.py
[2023-05-01T04:32:56.076+0000] {logging_mixin.py:149} INFO - [2023-05-01T04:32:56.075+0000] {dag.py:2726} INFO - Sync 2 DAGs
[2023-05-01T04:32:56.219+0000] {logging_mixin.py:149} INFO - [2023-05-01T04:32:56.218+0000] {dag.py:3486} INFO - Setting next_dagrun for example_xcom_args to None, run_after=None
[2023-05-01T04:32:56.239+0000] {logging_mixin.py:149} INFO - [2023-05-01T04:32:56.239+0000] {dag.py:3486} INFO - Setting next_dagrun for example_xcom_args_with_operators to None, run_after=None
[2023-05-01T04:32:56.311+0000] {processor.py:178} INFO - Processing /home/airflow/.local/lib/python3.8/site-packages/airflow/example_dags/example_xcomargs.py took 0.541 seconds
[2023-05-01T04:33:26.951+0000] {processor.py:156} INFO - Started process (PID=735) to work on /home/airflow/.local/lib/python3.8/site-packages/airflow/example_dags/example_xcomargs.py
[2023-05-01T04:33:26.959+0000] {processor.py:799} INFO - Processing file /home/airflow/.local/lib/python3.8/site-packages/airflow/example_dags/example_xcomargs.py for tasks to queue
[2023-05-01T04:33:26.970+0000] {logging_mixin.py:149} INFO - [2023-05-01T04:33:26.969+0000] {dagbag.py:541} INFO - Filling up the DagBag from /home/airflow/.local/lib/python3.8/site-packages/airflow/example_dags/example_xcomargs.py
[2023-05-01T04:33:27.055+0000] {processor.py:809} INFO - DAG(s) dict_keys(['example_xcom_args', 'example_xcom_args_with_operators']) retrieved from /home/airflow/.local/lib/python3.8/site-packages/airflow/example_dags/example_xcomargs.py
[2023-05-01T04:33:27.419+0000] {logging_mixin.py:149} INFO - [2023-05-01T04:33:27.418+0000] {dag.py:2726} INFO - Sync 2 DAGs
[2023-05-01T04:33:27.649+0000] {logging_mixin.py:149} INFO - [2023-05-01T04:33:27.649+0000] {dag.py:3486} INFO - Setting next_dagrun for example_xcom_args to None, run_after=None
[2023-05-01T04:33:27.668+0000] {logging_mixin.py:149} INFO - [2023-05-01T04:33:27.668+0000] {dag.py:3486} INFO - Setting next_dagrun for example_xcom_args_with_operators to None, run_after=None
[2023-05-01T04:33:27.780+0000] {processor.py:178} INFO - Processing /home/airflow/.local/lib/python3.8/site-packages/airflow/example_dags/example_xcomargs.py took 0.846 seconds
[2023-05-01T04:33:58.323+0000] {processor.py:156} INFO - Started process (PID=851) to work on /home/airflow/.local/lib/python3.8/site-packages/airflow/example_dags/example_xcomargs.py
[2023-05-01T04:33:58.326+0000] {processor.py:799} INFO - Processing file /home/airflow/.local/lib/python3.8/site-packages/airflow/example_dags/example_xcomargs.py for tasks to queue
[2023-05-01T04:33:58.330+0000] {logging_mixin.py:149} INFO - [2023-05-01T04:33:58.329+0000] {dagbag.py:541} INFO - Filling up the DagBag from /home/airflow/.local/lib/python3.8/site-packages/airflow/example_dags/example_xcomargs.py
[2023-05-01T04:33:58.357+0000] {processor.py:809} INFO - DAG(s) dict_keys(['example_xcom_args', 'example_xcom_args_with_operators']) retrieved from /home/airflow/.local/lib/python3.8/site-packages/airflow/example_dags/example_xcomargs.py
[2023-05-01T04:33:58.440+0000] {logging_mixin.py:149} INFO - [2023-05-01T04:33:58.440+0000] {dag.py:2726} INFO - Sync 2 DAGs
[2023-05-01T04:33:58.503+0000] {logging_mixin.py:149} INFO - [2023-05-01T04:33:58.503+0000] {dag.py:3486} INFO - Setting next_dagrun for example_xcom_args to None, run_after=None
[2023-05-01T04:33:58.513+0000] {logging_mixin.py:149} INFO - [2023-05-01T04:33:58.513+0000] {dag.py:3486} INFO - Setting next_dagrun for example_xcom_args_with_operators to None, run_after=None
[2023-05-01T04:33:58.549+0000] {processor.py:178} INFO - Processing /home/airflow/.local/lib/python3.8/site-packages/airflow/example_dags/example_xcomargs.py took 0.232 seconds
[2023-05-01T04:34:28.731+0000] {processor.py:156} INFO - Started process (PID=977) to work on /home/airflow/.local/lib/python3.8/site-packages/airflow/example_dags/example_xcomargs.py
[2023-05-01T04:34:28.736+0000] {processor.py:799} INFO - Processing file /home/airflow/.local/lib/python3.8/site-packages/airflow/example_dags/example_xcomargs.py for tasks to queue
[2023-05-01T04:34:28.745+0000] {logging_mixin.py:149} INFO - [2023-05-01T04:34:28.744+0000] {dagbag.py:541} INFO - Filling up the DagBag from /home/airflow/.local/lib/python3.8/site-packages/airflow/example_dags/example_xcomargs.py
[2023-05-01T04:34:28.824+0000] {processor.py:809} INFO - DAG(s) dict_keys(['example_xcom_args', 'example_xcom_args_with_operators']) retrieved from /home/airflow/.local/lib/python3.8/site-packages/airflow/example_dags/example_xcomargs.py
[2023-05-01T04:34:29.046+0000] {logging_mixin.py:149} INFO - [2023-05-01T04:34:29.045+0000] {dag.py:2726} INFO - Sync 2 DAGs
[2023-05-01T04:34:29.279+0000] {logging_mixin.py:149} INFO - [2023-05-01T04:34:29.278+0000] {dag.py:3486} INFO - Setting next_dagrun for example_xcom_args to None, run_after=None
[2023-05-01T04:34:29.308+0000] {logging_mixin.py:149} INFO - [2023-05-01T04:34:29.308+0000] {dag.py:3486} INFO - Setting next_dagrun for example_xcom_args_with_operators to None, run_after=None
[2023-05-01T04:34:29.505+0000] {processor.py:178} INFO - Processing /home/airflow/.local/lib/python3.8/site-packages/airflow/example_dags/example_xcomargs.py took 0.788 seconds
[2023-05-01T04:35:00.355+0000] {processor.py:156} INFO - Started process (PID=1092) to work on /home/airflow/.local/lib/python3.8/site-packages/airflow/example_dags/example_xcomargs.py
[2023-05-01T04:35:00.358+0000] {processor.py:799} INFO - Processing file /home/airflow/.local/lib/python3.8/site-packages/airflow/example_dags/example_xcomargs.py for tasks to queue
[2023-05-01T04:35:00.362+0000] {logging_mixin.py:149} INFO - [2023-05-01T04:35:00.361+0000] {dagbag.py:541} INFO - Filling up the DagBag from /home/airflow/.local/lib/python3.8/site-packages/airflow/example_dags/example_xcomargs.py
[2023-05-01T04:35:00.421+0000] {processor.py:809} INFO - DAG(s) dict_keys(['example_xcom_args', 'example_xcom_args_with_operators']) retrieved from /home/airflow/.local/lib/python3.8/site-packages/airflow/example_dags/example_xcomargs.py
[2023-05-01T04:35:00.576+0000] {logging_mixin.py:149} INFO - [2023-05-01T04:35:00.576+0000] {dag.py:2726} INFO - Sync 2 DAGs
[2023-05-01T04:35:00.715+0000] {logging_mixin.py:149} INFO - [2023-05-01T04:35:00.714+0000] {dag.py:3486} INFO - Setting next_dagrun for example_xcom_args to None, run_after=None
[2023-05-01T04:35:00.736+0000] {logging_mixin.py:149} INFO - [2023-05-01T04:35:00.736+0000] {dag.py:3486} INFO - Setting next_dagrun for example_xcom_args_with_operators to None, run_after=None
[2023-05-01T04:35:00.811+0000] {processor.py:178} INFO - Processing /home/airflow/.local/lib/python3.8/site-packages/airflow/example_dags/example_xcomargs.py took 0.476 seconds
[2023-05-01T04:35:31.412+0000] {processor.py:156} INFO - Started process (PID=1218) to work on /home/airflow/.local/lib/python3.8/site-packages/airflow/example_dags/example_xcomargs.py
[2023-05-01T04:35:31.419+0000] {processor.py:799} INFO - Processing file /home/airflow/.local/lib/python3.8/site-packages/airflow/example_dags/example_xcomargs.py for tasks to queue
[2023-05-01T04:35:31.427+0000] {logging_mixin.py:149} INFO - [2023-05-01T04:35:31.426+0000] {dagbag.py:541} INFO - Filling up the DagBag from /home/airflow/.local/lib/python3.8/site-packages/airflow/example_dags/example_xcomargs.py
[2023-05-01T04:35:31.497+0000] {processor.py:809} INFO - DAG(s) dict_keys(['example_xcom_args', 'example_xcom_args_with_operators']) retrieved from /home/airflow/.local/lib/python3.8/site-packages/airflow/example_dags/example_xcomargs.py
[2023-05-01T04:35:31.722+0000] {logging_mixin.py:149} INFO - [2023-05-01T04:35:31.722+0000] {dag.py:2726} INFO - Sync 2 DAGs
[2023-05-01T04:35:31.807+0000] {logging_mixin.py:149} INFO - [2023-05-01T04:35:31.807+0000] {dag.py:3486} INFO - Setting next_dagrun for example_xcom_args to None, run_after=None
[2023-05-01T04:35:31.820+0000] {logging_mixin.py:149} INFO - [2023-05-01T04:35:31.819+0000] {dag.py:3486} INFO - Setting next_dagrun for example_xcom_args_with_operators to None, run_after=None
[2023-05-01T04:35:31.865+0000] {processor.py:178} INFO - Processing /home/airflow/.local/lib/python3.8/site-packages/airflow/example_dags/example_xcomargs.py took 0.482 seconds
