[2023-05-01T04:31:12.126+0000] {processor.py:156} INFO - Started process (PID=224) to work on /home/airflow/.local/lib/python3.8/site-packages/airflow/example_dags/example_branch_python_dop_operator_3.py
[2023-05-01T04:31:12.131+0000] {processor.py:799} INFO - Processing file /home/airflow/.local/lib/python3.8/site-packages/airflow/example_dags/example_branch_python_dop_operator_3.py for tasks to queue
[2023-05-01T04:31:12.134+0000] {logging_mixin.py:149} INFO - [2023-05-01T04:31:12.134+0000] {dagbag.py:541} INFO - Filling up the DagBag from /home/airflow/.local/lib/python3.8/site-packages/airflow/example_dags/example_branch_python_dop_operator_3.py
[2023-05-01T04:31:12.211+0000] {processor.py:809} INFO - DAG(s) dict_keys(['example_branch_dop_operator_v3']) retrieved from /home/airflow/.local/lib/python3.8/site-packages/airflow/example_dags/example_branch_python_dop_operator_3.py
[2023-05-01T04:31:12.957+0000] {logging_mixin.py:149} INFO - [2023-05-01T04:31:12.957+0000] {manager.py:504} INFO - Created Permission View: can read on DAG:example_branch_dop_operator_v3
[2023-05-01T04:31:13.001+0000] {logging_mixin.py:149} INFO - [2023-05-01T04:31:13.000+0000] {manager.py:504} INFO - Created Permission View: can delete on DAG:example_branch_dop_operator_v3
[2023-05-01T04:31:13.033+0000] {logging_mixin.py:149} INFO - [2023-05-01T04:31:13.033+0000] {manager.py:504} INFO - Created Permission View: can edit on DAG:example_branch_dop_operator_v3
[2023-05-01T04:31:13.035+0000] {logging_mixin.py:149} INFO - [2023-05-01T04:31:13.034+0000] {dag.py:2726} INFO - Sync 1 DAGs
[2023-05-01T04:31:13.109+0000] {logging_mixin.py:149} INFO - [2023-05-01T04:31:13.108+0000] {dag.py:2747} INFO - Creating ORM DAG for example_branch_dop_operator_v3
[2023-05-01T04:31:13.274+0000] {logging_mixin.py:149} INFO - [2023-05-01T04:31:13.273+0000] {dag.py:3486} INFO - Setting next_dagrun for example_branch_dop_operator_v3 to 2023-05-01T04:30:00+00:00, run_after=2023-05-01T04:31:00+00:00
[2023-05-01T04:31:13.374+0000] {processor.py:178} INFO - Processing /home/airflow/.local/lib/python3.8/site-packages/airflow/example_dags/example_branch_python_dop_operator_3.py took 1.264 seconds
[2023-05-01T04:31:44.371+0000] {processor.py:156} INFO - Started process (PID=345) to work on /home/airflow/.local/lib/python3.8/site-packages/airflow/example_dags/example_branch_python_dop_operator_3.py
[2023-05-01T04:31:44.378+0000] {processor.py:799} INFO - Processing file /home/airflow/.local/lib/python3.8/site-packages/airflow/example_dags/example_branch_python_dop_operator_3.py for tasks to queue
[2023-05-01T04:31:44.390+0000] {logging_mixin.py:149} INFO - [2023-05-01T04:31:44.389+0000] {dagbag.py:541} INFO - Filling up the DagBag from /home/airflow/.local/lib/python3.8/site-packages/airflow/example_dags/example_branch_python_dop_operator_3.py
[2023-05-01T04:31:44.479+0000] {processor.py:809} INFO - DAG(s) dict_keys(['example_branch_dop_operator_v3']) retrieved from /home/airflow/.local/lib/python3.8/site-packages/airflow/example_dags/example_branch_python_dop_operator_3.py
[2023-05-01T04:31:44.665+0000] {logging_mixin.py:149} INFO - [2023-05-01T04:31:44.664+0000] {dag.py:2726} INFO - Sync 1 DAGs
[2023-05-01T04:31:44.969+0000] {logging_mixin.py:149} INFO - [2023-05-01T04:31:44.969+0000] {dag.py:3486} INFO - Setting next_dagrun for example_branch_dop_operator_v3 to 2023-05-01T04:30:00+00:00, run_after=2023-05-01T04:31:00+00:00
[2023-05-01T04:31:45.101+0000] {processor.py:178} INFO - Processing /home/airflow/.local/lib/python3.8/site-packages/airflow/example_dags/example_branch_python_dop_operator_3.py took 0.771 seconds
[2023-05-01T04:32:16.020+0000] {processor.py:156} INFO - Started process (PID=461) to work on /home/airflow/.local/lib/python3.8/site-packages/airflow/example_dags/example_branch_python_dop_operator_3.py
[2023-05-01T04:32:16.027+0000] {processor.py:799} INFO - Processing file /home/airflow/.local/lib/python3.8/site-packages/airflow/example_dags/example_branch_python_dop_operator_3.py for tasks to queue
[2023-05-01T04:32:16.038+0000] {logging_mixin.py:149} INFO - [2023-05-01T04:32:16.036+0000] {dagbag.py:541} INFO - Filling up the DagBag from /home/airflow/.local/lib/python3.8/site-packages/airflow/example_dags/example_branch_python_dop_operator_3.py
[2023-05-01T04:32:16.126+0000] {processor.py:809} INFO - DAG(s) dict_keys(['example_branch_dop_operator_v3']) retrieved from /home/airflow/.local/lib/python3.8/site-packages/airflow/example_dags/example_branch_python_dop_operator_3.py
[2023-05-01T04:32:16.280+0000] {logging_mixin.py:149} INFO - [2023-05-01T04:32:16.279+0000] {dag.py:2726} INFO - Sync 1 DAGs
[2023-05-01T04:32:16.481+0000] {logging_mixin.py:149} INFO - [2023-05-01T04:32:16.480+0000] {dag.py:3486} INFO - Setting next_dagrun for example_branch_dop_operator_v3 to 2023-05-01T04:31:00+00:00, run_after=2023-05-01T04:32:00+00:00
[2023-05-01T04:32:16.589+0000] {processor.py:178} INFO - Processing /home/airflow/.local/lib/python3.8/site-packages/airflow/example_dags/example_branch_python_dop_operator_3.py took 0.588 seconds
[2023-05-01T04:32:47.424+0000] {processor.py:156} INFO - Started process (PID=586) to work on /home/airflow/.local/lib/python3.8/site-packages/airflow/example_dags/example_branch_python_dop_operator_3.py
[2023-05-01T04:32:47.428+0000] {processor.py:799} INFO - Processing file /home/airflow/.local/lib/python3.8/site-packages/airflow/example_dags/example_branch_python_dop_operator_3.py for tasks to queue
[2023-05-01T04:32:47.437+0000] {logging_mixin.py:149} INFO - [2023-05-01T04:32:47.437+0000] {dagbag.py:541} INFO - Filling up the DagBag from /home/airflow/.local/lib/python3.8/site-packages/airflow/example_dags/example_branch_python_dop_operator_3.py
[2023-05-01T04:32:47.513+0000] {processor.py:809} INFO - DAG(s) dict_keys(['example_branch_dop_operator_v3']) retrieved from /home/airflow/.local/lib/python3.8/site-packages/airflow/example_dags/example_branch_python_dop_operator_3.py
[2023-05-01T04:32:47.648+0000] {logging_mixin.py:149} INFO - [2023-05-01T04:32:47.647+0000] {dag.py:2726} INFO - Sync 1 DAGs
[2023-05-01T04:32:47.901+0000] {logging_mixin.py:149} INFO - [2023-05-01T04:32:47.900+0000] {dag.py:3486} INFO - Setting next_dagrun for example_branch_dop_operator_v3 to 2023-05-01T04:31:00+00:00, run_after=2023-05-01T04:32:00+00:00
[2023-05-01T04:32:47.998+0000] {processor.py:178} INFO - Processing /home/airflow/.local/lib/python3.8/site-packages/airflow/example_dags/example_branch_python_dop_operator_3.py took 0.590 seconds
[2023-05-01T04:33:18.310+0000] {processor.py:156} INFO - Started process (PID=696) to work on /home/airflow/.local/lib/python3.8/site-packages/airflow/example_dags/example_branch_python_dop_operator_3.py
[2023-05-01T04:33:18.316+0000] {processor.py:799} INFO - Processing file /home/airflow/.local/lib/python3.8/site-packages/airflow/example_dags/example_branch_python_dop_operator_3.py for tasks to queue
[2023-05-01T04:33:18.323+0000] {logging_mixin.py:149} INFO - [2023-05-01T04:33:18.322+0000] {dagbag.py:541} INFO - Filling up the DagBag from /home/airflow/.local/lib/python3.8/site-packages/airflow/example_dags/example_branch_python_dop_operator_3.py
[2023-05-01T04:33:18.371+0000] {processor.py:809} INFO - DAG(s) dict_keys(['example_branch_dop_operator_v3']) retrieved from /home/airflow/.local/lib/python3.8/site-packages/airflow/example_dags/example_branch_python_dop_operator_3.py
[2023-05-01T04:33:18.436+0000] {logging_mixin.py:149} INFO - [2023-05-01T04:33:18.434+0000] {dag.py:2726} INFO - Sync 1 DAGs
[2023-05-01T04:33:18.530+0000] {logging_mixin.py:149} INFO - [2023-05-01T04:33:18.530+0000] {dag.py:3486} INFO - Setting next_dagrun for example_branch_dop_operator_v3 to 2023-05-01T04:32:00+00:00, run_after=2023-05-01T04:33:00+00:00
[2023-05-01T04:33:18.573+0000] {processor.py:178} INFO - Processing /home/airflow/.local/lib/python3.8/site-packages/airflow/example_dags/example_branch_python_dop_operator_3.py took 0.275 seconds
[2023-05-01T04:33:49.383+0000] {processor.py:156} INFO - Started process (PID=823) to work on /home/airflow/.local/lib/python3.8/site-packages/airflow/example_dags/example_branch_python_dop_operator_3.py
[2023-05-01T04:33:49.388+0000] {processor.py:799} INFO - Processing file /home/airflow/.local/lib/python3.8/site-packages/airflow/example_dags/example_branch_python_dop_operator_3.py for tasks to queue
[2023-05-01T04:33:49.412+0000] {logging_mixin.py:149} INFO - [2023-05-01T04:33:49.411+0000] {dagbag.py:541} INFO - Filling up the DagBag from /home/airflow/.local/lib/python3.8/site-packages/airflow/example_dags/example_branch_python_dop_operator_3.py
[2023-05-01T04:33:49.578+0000] {processor.py:809} INFO - DAG(s) dict_keys(['example_branch_dop_operator_v3']) retrieved from /home/airflow/.local/lib/python3.8/site-packages/airflow/example_dags/example_branch_python_dop_operator_3.py
[2023-05-01T04:33:49.916+0000] {logging_mixin.py:149} INFO - [2023-05-01T04:33:49.915+0000] {dag.py:2726} INFO - Sync 1 DAGs
[2023-05-01T04:33:50.292+0000] {logging_mixin.py:149} INFO - [2023-05-01T04:33:50.291+0000] {dag.py:3486} INFO - Setting next_dagrun for example_branch_dop_operator_v3 to 2023-05-01T04:32:00+00:00, run_after=2023-05-01T04:33:00+00:00
[2023-05-01T04:33:50.561+0000] {processor.py:178} INFO - Processing /home/airflow/.local/lib/python3.8/site-packages/airflow/example_dags/example_branch_python_dop_operator_3.py took 1.230 seconds
[2023-05-01T04:34:21.211+0000] {processor.py:156} INFO - Started process (PID=936) to work on /home/airflow/.local/lib/python3.8/site-packages/airflow/example_dags/example_branch_python_dop_operator_3.py
[2023-05-01T04:34:21.217+0000] {processor.py:799} INFO - Processing file /home/airflow/.local/lib/python3.8/site-packages/airflow/example_dags/example_branch_python_dop_operator_3.py for tasks to queue
[2023-05-01T04:34:21.236+0000] {logging_mixin.py:149} INFO - [2023-05-01T04:34:21.221+0000] {dagbag.py:541} INFO - Filling up the DagBag from /home/airflow/.local/lib/python3.8/site-packages/airflow/example_dags/example_branch_python_dop_operator_3.py
[2023-05-01T04:34:21.309+0000] {processor.py:809} INFO - DAG(s) dict_keys(['example_branch_dop_operator_v3']) retrieved from /home/airflow/.local/lib/python3.8/site-packages/airflow/example_dags/example_branch_python_dop_operator_3.py
[2023-05-01T04:34:21.441+0000] {logging_mixin.py:149} INFO - [2023-05-01T04:34:21.439+0000] {dag.py:2726} INFO - Sync 1 DAGs
[2023-05-01T04:34:21.641+0000] {logging_mixin.py:149} INFO - [2023-05-01T04:34:21.640+0000] {dag.py:3486} INFO - Setting next_dagrun for example_branch_dop_operator_v3 to 2023-05-01T04:33:00+00:00, run_after=2023-05-01T04:34:00+00:00
[2023-05-01T04:34:21.724+0000] {processor.py:178} INFO - Processing /home/airflow/.local/lib/python3.8/site-packages/airflow/example_dags/example_branch_python_dop_operator_3.py took 0.520 seconds
[2023-05-01T04:34:52.061+0000] {processor.py:156} INFO - Started process (PID=1061) to work on /home/airflow/.local/lib/python3.8/site-packages/airflow/example_dags/example_branch_python_dop_operator_3.py
[2023-05-01T04:34:52.070+0000] {processor.py:799} INFO - Processing file /home/airflow/.local/lib/python3.8/site-packages/airflow/example_dags/example_branch_python_dop_operator_3.py for tasks to queue
[2023-05-01T04:34:52.077+0000] {logging_mixin.py:149} INFO - [2023-05-01T04:34:52.077+0000] {dagbag.py:541} INFO - Filling up the DagBag from /home/airflow/.local/lib/python3.8/site-packages/airflow/example_dags/example_branch_python_dop_operator_3.py
[2023-05-01T04:34:52.125+0000] {processor.py:809} INFO - DAG(s) dict_keys(['example_branch_dop_operator_v3']) retrieved from /home/airflow/.local/lib/python3.8/site-packages/airflow/example_dags/example_branch_python_dop_operator_3.py
[2023-05-01T04:34:52.190+0000] {logging_mixin.py:149} INFO - [2023-05-01T04:34:52.189+0000] {dag.py:2726} INFO - Sync 1 DAGs
[2023-05-01T04:34:52.289+0000] {logging_mixin.py:149} INFO - [2023-05-01T04:34:52.288+0000] {dag.py:3486} INFO - Setting next_dagrun for example_branch_dop_operator_v3 to 2023-05-01T04:33:00+00:00, run_after=2023-05-01T04:34:00+00:00
[2023-05-01T04:34:52.338+0000] {processor.py:178} INFO - Processing /home/airflow/.local/lib/python3.8/site-packages/airflow/example_dags/example_branch_python_dop_operator_3.py took 0.286 seconds
[2023-05-01T04:35:23.554+0000] {processor.py:156} INFO - Started process (PID=1175) to work on /home/airflow/.local/lib/python3.8/site-packages/airflow/example_dags/example_branch_python_dop_operator_3.py
[2023-05-01T04:35:23.557+0000] {processor.py:799} INFO - Processing file /home/airflow/.local/lib/python3.8/site-packages/airflow/example_dags/example_branch_python_dop_operator_3.py for tasks to queue
[2023-05-01T04:35:23.561+0000] {logging_mixin.py:149} INFO - [2023-05-01T04:35:23.560+0000] {dagbag.py:541} INFO - Filling up the DagBag from /home/airflow/.local/lib/python3.8/site-packages/airflow/example_dags/example_branch_python_dop_operator_3.py
[2023-05-01T04:35:23.590+0000] {processor.py:809} INFO - DAG(s) dict_keys(['example_branch_dop_operator_v3']) retrieved from /home/airflow/.local/lib/python3.8/site-packages/airflow/example_dags/example_branch_python_dop_operator_3.py
[2023-05-01T04:35:23.657+0000] {logging_mixin.py:149} INFO - [2023-05-01T04:35:23.656+0000] {dag.py:2726} INFO - Sync 1 DAGs
[2023-05-01T04:35:23.747+0000] {logging_mixin.py:149} INFO - [2023-05-01T04:35:23.747+0000] {dag.py:3486} INFO - Setting next_dagrun for example_branch_dop_operator_v3 to 2023-05-01T04:34:00+00:00, run_after=2023-05-01T04:35:00+00:00
[2023-05-01T04:35:23.793+0000] {processor.py:178} INFO - Processing /home/airflow/.local/lib/python3.8/site-packages/airflow/example_dags/example_branch_python_dop_operator_3.py took 0.246 seconds
[2023-05-01T04:35:56.785+0000] {processor.py:156} INFO - Started process (PID=1307) to work on /home/airflow/.local/lib/python3.8/site-packages/airflow/example_dags/example_branch_python_dop_operator_3.py
[2023-05-01T04:35:56.787+0000] {processor.py:799} INFO - Processing file /home/airflow/.local/lib/python3.8/site-packages/airflow/example_dags/example_branch_python_dop_operator_3.py for tasks to queue
[2023-05-01T04:35:56.792+0000] {logging_mixin.py:149} INFO - [2023-05-01T04:35:56.791+0000] {dagbag.py:541} INFO - Filling up the DagBag from /home/airflow/.local/lib/python3.8/site-packages/airflow/example_dags/example_branch_python_dop_operator_3.py
[2023-05-01T04:35:56.820+0000] {processor.py:809} INFO - DAG(s) dict_keys(['example_branch_dop_operator_v3']) retrieved from /home/airflow/.local/lib/python3.8/site-packages/airflow/example_dags/example_branch_python_dop_operator_3.py
[2023-05-01T04:35:56.906+0000] {logging_mixin.py:149} INFO - [2023-05-01T04:35:56.904+0000] {dag.py:2726} INFO - Sync 1 DAGs
[2023-05-01T04:35:57.017+0000] {logging_mixin.py:149} INFO - [2023-05-01T04:35:57.016+0000] {dag.py:3486} INFO - Setting next_dagrun for example_branch_dop_operator_v3 to 2023-05-01T04:34:00+00:00, run_after=2023-05-01T04:35:00+00:00
[2023-05-01T04:35:57.072+0000] {processor.py:178} INFO - Processing /home/airflow/.local/lib/python3.8/site-packages/airflow/example_dags/example_branch_python_dop_operator_3.py took 0.295 seconds
