[2023-05-01T04:31:14.831+0000] {processor.py:156} INFO - Started process (PID=230) to work on /home/airflow/.local/lib/python3.8/site-packages/airflow/example_dags/example_branch_day_of_week_operator.py
[2023-05-01T04:31:14.838+0000] {processor.py:799} INFO - Processing file /home/airflow/.local/lib/python3.8/site-packages/airflow/example_dags/example_branch_day_of_week_operator.py for tasks to queue
[2023-05-01T04:31:14.846+0000] {logging_mixin.py:149} INFO - [2023-05-01T04:31:14.845+0000] {dagbag.py:541} INFO - Filling up the DagBag from /home/airflow/.local/lib/python3.8/site-packages/airflow/example_dags/example_branch_day_of_week_operator.py
[2023-05-01T04:31:14.890+0000] {processor.py:809} INFO - DAG(s) dict_keys(['example_weekday_branch_operator']) retrieved from /home/airflow/.local/lib/python3.8/site-packages/airflow/example_dags/example_branch_day_of_week_operator.py
[2023-05-01T04:31:15.513+0000] {logging_mixin.py:149} INFO - [2023-05-01T04:31:15.512+0000] {manager.py:504} INFO - Created Permission View: can read on DAG:example_weekday_branch_operator
[2023-05-01T04:31:15.543+0000] {logging_mixin.py:149} INFO - [2023-05-01T04:31:15.543+0000] {manager.py:504} INFO - Created Permission View: can delete on DAG:example_weekday_branch_operator
[2023-05-01T04:31:15.565+0000] {logging_mixin.py:149} INFO - [2023-05-01T04:31:15.562+0000] {manager.py:504} INFO - Created Permission View: can edit on DAG:example_weekday_branch_operator
[2023-05-01T04:31:15.567+0000] {logging_mixin.py:149} INFO - [2023-05-01T04:31:15.567+0000] {dag.py:2726} INFO - Sync 1 DAGs
[2023-05-01T04:31:15.619+0000] {logging_mixin.py:149} INFO - [2023-05-01T04:31:15.618+0000] {dag.py:2747} INFO - Creating ORM DAG for example_weekday_branch_operator
[2023-05-01T04:31:15.678+0000] {logging_mixin.py:149} INFO - [2023-05-01T04:31:15.677+0000] {dag.py:3486} INFO - Setting next_dagrun for example_weekday_branch_operator to 2023-04-30T00:00:00+00:00, run_after=2023-05-01T00:00:00+00:00
[2023-05-01T04:31:15.746+0000] {processor.py:178} INFO - Processing /home/airflow/.local/lib/python3.8/site-packages/airflow/example_dags/example_branch_day_of_week_operator.py took 0.928 seconds
[2023-05-01T04:31:45.900+0000] {processor.py:156} INFO - Started process (PID=351) to work on /home/airflow/.local/lib/python3.8/site-packages/airflow/example_dags/example_branch_day_of_week_operator.py
[2023-05-01T04:31:45.909+0000] {processor.py:799} INFO - Processing file /home/airflow/.local/lib/python3.8/site-packages/airflow/example_dags/example_branch_day_of_week_operator.py for tasks to queue
[2023-05-01T04:31:45.923+0000] {logging_mixin.py:149} INFO - [2023-05-01T04:31:45.921+0000] {dagbag.py:541} INFO - Filling up the DagBag from /home/airflow/.local/lib/python3.8/site-packages/airflow/example_dags/example_branch_day_of_week_operator.py
[2023-05-01T04:31:46.007+0000] {processor.py:809} INFO - DAG(s) dict_keys(['example_weekday_branch_operator']) retrieved from /home/airflow/.local/lib/python3.8/site-packages/airflow/example_dags/example_branch_day_of_week_operator.py
[2023-05-01T04:31:46.232+0000] {logging_mixin.py:149} INFO - [2023-05-01T04:31:46.231+0000] {dag.py:2726} INFO - Sync 1 DAGs
[2023-05-01T04:31:46.531+0000] {logging_mixin.py:149} INFO - [2023-05-01T04:31:46.529+0000] {dag.py:3486} INFO - Setting next_dagrun for example_weekday_branch_operator to 2023-04-30T00:00:00+00:00, run_after=2023-05-01T00:00:00+00:00
[2023-05-01T04:31:46.743+0000] {processor.py:178} INFO - Processing /home/airflow/.local/lib/python3.8/site-packages/airflow/example_dags/example_branch_day_of_week_operator.py took 0.860 seconds
[2023-05-01T04:32:17.267+0000] {processor.py:156} INFO - Started process (PID=466) to work on /home/airflow/.local/lib/python3.8/site-packages/airflow/example_dags/example_branch_day_of_week_operator.py
[2023-05-01T04:32:17.271+0000] {processor.py:799} INFO - Processing file /home/airflow/.local/lib/python3.8/site-packages/airflow/example_dags/example_branch_day_of_week_operator.py for tasks to queue
[2023-05-01T04:32:17.285+0000] {logging_mixin.py:149} INFO - [2023-05-01T04:32:17.285+0000] {dagbag.py:541} INFO - Filling up the DagBag from /home/airflow/.local/lib/python3.8/site-packages/airflow/example_dags/example_branch_day_of_week_operator.py
[2023-05-01T04:32:17.336+0000] {processor.py:809} INFO - DAG(s) dict_keys(['example_weekday_branch_operator']) retrieved from /home/airflow/.local/lib/python3.8/site-packages/airflow/example_dags/example_branch_day_of_week_operator.py
[2023-05-01T04:32:17.465+0000] {logging_mixin.py:149} INFO - [2023-05-01T04:32:17.464+0000] {dag.py:2726} INFO - Sync 1 DAGs
[2023-05-01T04:32:17.602+0000] {logging_mixin.py:149} INFO - [2023-05-01T04:32:17.601+0000] {dag.py:3486} INFO - Setting next_dagrun for example_weekday_branch_operator to 2023-04-30T00:00:00+00:00, run_after=2023-05-01T00:00:00+00:00
[2023-05-01T04:32:17.702+0000] {processor.py:178} INFO - Processing /home/airflow/.local/lib/python3.8/site-packages/airflow/example_dags/example_branch_day_of_week_operator.py took 0.454 seconds
[2023-05-01T04:32:48.899+0000] {processor.py:156} INFO - Started process (PID=592) to work on /home/airflow/.local/lib/python3.8/site-packages/airflow/example_dags/example_branch_day_of_week_operator.py
[2023-05-01T04:32:48.907+0000] {processor.py:799} INFO - Processing file /home/airflow/.local/lib/python3.8/site-packages/airflow/example_dags/example_branch_day_of_week_operator.py for tasks to queue
[2023-05-01T04:32:48.915+0000] {logging_mixin.py:149} INFO - [2023-05-01T04:32:48.915+0000] {dagbag.py:541} INFO - Filling up the DagBag from /home/airflow/.local/lib/python3.8/site-packages/airflow/example_dags/example_branch_day_of_week_operator.py
[2023-05-01T04:32:48.998+0000] {processor.py:809} INFO - DAG(s) dict_keys(['example_weekday_branch_operator']) retrieved from /home/airflow/.local/lib/python3.8/site-packages/airflow/example_dags/example_branch_day_of_week_operator.py
[2023-05-01T04:32:49.131+0000] {logging_mixin.py:149} INFO - [2023-05-01T04:32:49.130+0000] {dag.py:2726} INFO - Sync 1 DAGs
[2023-05-01T04:32:49.314+0000] {logging_mixin.py:149} INFO - [2023-05-01T04:32:49.313+0000] {dag.py:3486} INFO - Setting next_dagrun for example_weekday_branch_operator to 2023-04-30T00:00:00+00:00, run_after=2023-05-01T00:00:00+00:00
[2023-05-01T04:32:49.418+0000] {processor.py:178} INFO - Processing /home/airflow/.local/lib/python3.8/site-packages/airflow/example_dags/example_branch_day_of_week_operator.py took 0.540 seconds
[2023-05-01T04:33:19.568+0000] {processor.py:156} INFO - Started process (PID=704) to work on /home/airflow/.local/lib/python3.8/site-packages/airflow/example_dags/example_branch_day_of_week_operator.py
[2023-05-01T04:33:19.570+0000] {processor.py:799} INFO - Processing file /home/airflow/.local/lib/python3.8/site-packages/airflow/example_dags/example_branch_day_of_week_operator.py for tasks to queue
[2023-05-01T04:33:19.574+0000] {logging_mixin.py:149} INFO - [2023-05-01T04:33:19.573+0000] {dagbag.py:541} INFO - Filling up the DagBag from /home/airflow/.local/lib/python3.8/site-packages/airflow/example_dags/example_branch_day_of_week_operator.py
[2023-05-01T04:33:19.600+0000] {processor.py:809} INFO - DAG(s) dict_keys(['example_weekday_branch_operator']) retrieved from /home/airflow/.local/lib/python3.8/site-packages/airflow/example_dags/example_branch_day_of_week_operator.py
[2023-05-01T04:33:19.663+0000] {logging_mixin.py:149} INFO - [2023-05-01T04:33:19.662+0000] {dag.py:2726} INFO - Sync 1 DAGs
[2023-05-01T04:33:19.741+0000] {logging_mixin.py:149} INFO - [2023-05-01T04:33:19.741+0000] {dag.py:3486} INFO - Setting next_dagrun for example_weekday_branch_operator to 2023-04-30T00:00:00+00:00, run_after=2023-05-01T00:00:00+00:00
[2023-05-01T04:33:19.788+0000] {processor.py:178} INFO - Processing /home/airflow/.local/lib/python3.8/site-packages/airflow/example_dags/example_branch_day_of_week_operator.py took 0.226 seconds
[2023-05-01T04:33:51.100+0000] {processor.py:156} INFO - Started process (PID=829) to work on /home/airflow/.local/lib/python3.8/site-packages/airflow/example_dags/example_branch_day_of_week_operator.py
[2023-05-01T04:33:51.103+0000] {processor.py:799} INFO - Processing file /home/airflow/.local/lib/python3.8/site-packages/airflow/example_dags/example_branch_day_of_week_operator.py for tasks to queue
[2023-05-01T04:33:51.112+0000] {logging_mixin.py:149} INFO - [2023-05-01T04:33:51.110+0000] {dagbag.py:541} INFO - Filling up the DagBag from /home/airflow/.local/lib/python3.8/site-packages/airflow/example_dags/example_branch_day_of_week_operator.py
[2023-05-01T04:33:51.149+0000] {processor.py:809} INFO - DAG(s) dict_keys(['example_weekday_branch_operator']) retrieved from /home/airflow/.local/lib/python3.8/site-packages/airflow/example_dags/example_branch_day_of_week_operator.py
[2023-05-01T04:33:51.404+0000] {logging_mixin.py:149} INFO - [2023-05-01T04:33:51.402+0000] {dag.py:2726} INFO - Sync 1 DAGs
[2023-05-01T04:33:51.524+0000] {logging_mixin.py:149} INFO - [2023-05-01T04:33:51.523+0000] {dag.py:3486} INFO - Setting next_dagrun for example_weekday_branch_operator to 2023-04-30T00:00:00+00:00, run_after=2023-05-01T00:00:00+00:00
[2023-05-01T04:33:51.580+0000] {processor.py:178} INFO - Processing /home/airflow/.local/lib/python3.8/site-packages/airflow/example_dags/example_branch_day_of_week_operator.py took 0.490 seconds
[2023-05-01T04:34:22.033+0000] {processor.py:156} INFO - Started process (PID=942) to work on /home/airflow/.local/lib/python3.8/site-packages/airflow/example_dags/example_branch_day_of_week_operator.py
[2023-05-01T04:34:22.046+0000] {processor.py:799} INFO - Processing file /home/airflow/.local/lib/python3.8/site-packages/airflow/example_dags/example_branch_day_of_week_operator.py for tasks to queue
[2023-05-01T04:34:22.051+0000] {logging_mixin.py:149} INFO - [2023-05-01T04:34:22.051+0000] {dagbag.py:541} INFO - Filling up the DagBag from /home/airflow/.local/lib/python3.8/site-packages/airflow/example_dags/example_branch_day_of_week_operator.py
[2023-05-01T04:34:22.172+0000] {processor.py:809} INFO - DAG(s) dict_keys(['example_weekday_branch_operator']) retrieved from /home/airflow/.local/lib/python3.8/site-packages/airflow/example_dags/example_branch_day_of_week_operator.py
[2023-05-01T04:34:22.369+0000] {logging_mixin.py:149} INFO - [2023-05-01T04:34:22.368+0000] {dag.py:2726} INFO - Sync 1 DAGs
[2023-05-01T04:34:22.599+0000] {logging_mixin.py:149} INFO - [2023-05-01T04:34:22.598+0000] {dag.py:3486} INFO - Setting next_dagrun for example_weekday_branch_operator to 2023-04-30T00:00:00+00:00, run_after=2023-05-01T00:00:00+00:00
[2023-05-01T04:34:22.755+0000] {processor.py:178} INFO - Processing /home/airflow/.local/lib/python3.8/site-packages/airflow/example_dags/example_branch_day_of_week_operator.py took 0.796 seconds
[2023-05-01T04:34:52.999+0000] {processor.py:156} INFO - Started process (PID=1068) to work on /home/airflow/.local/lib/python3.8/site-packages/airflow/example_dags/example_branch_day_of_week_operator.py
[2023-05-01T04:34:53.002+0000] {processor.py:799} INFO - Processing file /home/airflow/.local/lib/python3.8/site-packages/airflow/example_dags/example_branch_day_of_week_operator.py for tasks to queue
[2023-05-01T04:34:53.006+0000] {logging_mixin.py:149} INFO - [2023-05-01T04:34:53.005+0000] {dagbag.py:541} INFO - Filling up the DagBag from /home/airflow/.local/lib/python3.8/site-packages/airflow/example_dags/example_branch_day_of_week_operator.py
[2023-05-01T04:34:53.031+0000] {processor.py:809} INFO - DAG(s) dict_keys(['example_weekday_branch_operator']) retrieved from /home/airflow/.local/lib/python3.8/site-packages/airflow/example_dags/example_branch_day_of_week_operator.py
[2023-05-01T04:34:53.098+0000] {logging_mixin.py:149} INFO - [2023-05-01T04:34:53.097+0000] {dag.py:2726} INFO - Sync 1 DAGs
[2023-05-01T04:34:53.171+0000] {logging_mixin.py:149} INFO - [2023-05-01T04:34:53.170+0000] {dag.py:3486} INFO - Setting next_dagrun for example_weekday_branch_operator to 2023-04-30T00:00:00+00:00, run_after=2023-05-01T00:00:00+00:00
[2023-05-01T04:34:53.216+0000] {processor.py:178} INFO - Processing /home/airflow/.local/lib/python3.8/site-packages/airflow/example_dags/example_branch_day_of_week_operator.py took 0.224 seconds
[2023-05-01T04:35:24.541+0000] {processor.py:156} INFO - Started process (PID=1187) to work on /home/airflow/.local/lib/python3.8/site-packages/airflow/example_dags/example_branch_day_of_week_operator.py
[2023-05-01T04:35:24.546+0000] {processor.py:799} INFO - Processing file /home/airflow/.local/lib/python3.8/site-packages/airflow/example_dags/example_branch_day_of_week_operator.py for tasks to queue
[2023-05-01T04:35:24.552+0000] {logging_mixin.py:149} INFO - [2023-05-01T04:35:24.551+0000] {dagbag.py:541} INFO - Filling up the DagBag from /home/airflow/.local/lib/python3.8/site-packages/airflow/example_dags/example_branch_day_of_week_operator.py
[2023-05-01T04:35:24.587+0000] {processor.py:809} INFO - DAG(s) dict_keys(['example_weekday_branch_operator']) retrieved from /home/airflow/.local/lib/python3.8/site-packages/airflow/example_dags/example_branch_day_of_week_operator.py
[2023-05-01T04:35:24.670+0000] {logging_mixin.py:149} INFO - [2023-05-01T04:35:24.669+0000] {dag.py:2726} INFO - Sync 1 DAGs
[2023-05-01T04:35:24.747+0000] {logging_mixin.py:149} INFO - [2023-05-01T04:35:24.746+0000] {dag.py:3486} INFO - Setting next_dagrun for example_weekday_branch_operator to 2023-04-30T00:00:00+00:00, run_after=2023-05-01T00:00:00+00:00
[2023-05-01T04:35:24.791+0000] {processor.py:178} INFO - Processing /home/airflow/.local/lib/python3.8/site-packages/airflow/example_dags/example_branch_day_of_week_operator.py took 0.258 seconds
[2023-05-01T04:35:57.588+0000] {processor.py:156} INFO - Started process (PID=1313) to work on /home/airflow/.local/lib/python3.8/site-packages/airflow/example_dags/example_branch_day_of_week_operator.py
[2023-05-01T04:35:57.596+0000] {processor.py:799} INFO - Processing file /home/airflow/.local/lib/python3.8/site-packages/airflow/example_dags/example_branch_day_of_week_operator.py for tasks to queue
[2023-05-01T04:35:57.607+0000] {logging_mixin.py:149} INFO - [2023-05-01T04:35:57.604+0000] {dagbag.py:541} INFO - Filling up the DagBag from /home/airflow/.local/lib/python3.8/site-packages/airflow/example_dags/example_branch_day_of_week_operator.py
[2023-05-01T04:35:57.668+0000] {processor.py:809} INFO - DAG(s) dict_keys(['example_weekday_branch_operator']) retrieved from /home/airflow/.local/lib/python3.8/site-packages/airflow/example_dags/example_branch_day_of_week_operator.py
[2023-05-01T04:35:57.774+0000] {logging_mixin.py:149} INFO - [2023-05-01T04:35:57.770+0000] {dag.py:2726} INFO - Sync 1 DAGs
[2023-05-01T04:35:58.222+0000] {logging_mixin.py:149} INFO - [2023-05-01T04:35:58.213+0000] {dag.py:3486} INFO - Setting next_dagrun for example_weekday_branch_operator to 2023-04-30T00:00:00+00:00, run_after=2023-05-01T00:00:00+00:00
[2023-05-01T04:35:58.438+0000] {processor.py:178} INFO - Processing /home/airflow/.local/lib/python3.8/site-packages/airflow/example_dags/example_branch_day_of_week_operator.py took 0.863 seconds
