[2023-05-01T04:30:42.530+0000] {processor.py:156} INFO - Started process (PID=157) to work on /home/airflow/.local/lib/python3.8/site-packages/airflow/example_dags/example_skip_dag.py
[2023-05-01T04:30:42.533+0000] {processor.py:799} INFO - Processing file /home/airflow/.local/lib/python3.8/site-packages/airflow/example_dags/example_skip_dag.py for tasks to queue
[2023-05-01T04:30:42.537+0000] {logging_mixin.py:149} INFO - [2023-05-01T04:30:42.536+0000] {dagbag.py:541} INFO - Filling up the DagBag from /home/airflow/.local/lib/python3.8/site-packages/airflow/example_dags/example_skip_dag.py
[2023-05-01T04:30:42.568+0000] {processor.py:809} INFO - DAG(s) dict_keys(['example_skip_dag']) retrieved from /home/airflow/.local/lib/python3.8/site-packages/airflow/example_dags/example_skip_dag.py
[2023-05-01T04:30:43.285+0000] {logging_mixin.py:149} INFO - [2023-05-01T04:30:43.285+0000] {manager.py:504} INFO - Created Permission View: can read on DAG:example_skip_dag
[2023-05-01T04:30:43.320+0000] {logging_mixin.py:149} INFO - [2023-05-01T04:30:43.319+0000] {manager.py:504} INFO - Created Permission View: can delete on DAG:example_skip_dag
[2023-05-01T04:30:43.340+0000] {logging_mixin.py:149} INFO - [2023-05-01T04:30:43.339+0000] {manager.py:504} INFO - Created Permission View: can edit on DAG:example_skip_dag
[2023-05-01T04:30:43.342+0000] {logging_mixin.py:149} INFO - [2023-05-01T04:30:43.341+0000] {dag.py:2726} INFO - Sync 1 DAGs
[2023-05-01T04:30:43.388+0000] {logging_mixin.py:149} INFO - [2023-05-01T04:30:43.388+0000] {dag.py:2747} INFO - Creating ORM DAG for example_skip_dag
[2023-05-01T04:30:43.428+0000] {logging_mixin.py:149} INFO - [2023-05-01T04:30:43.428+0000] {dag.py:3486} INFO - Setting next_dagrun for example_skip_dag to 2023-04-30T04:30:43.426756+00:00, run_after=2023-05-01T04:30:43.426756+00:00
[2023-05-01T04:30:43.482+0000] {processor.py:178} INFO - Processing /home/airflow/.local/lib/python3.8/site-packages/airflow/example_dags/example_skip_dag.py took 0.964 seconds
[2023-05-01T04:31:29.281+0000] {processor.py:156} INFO - Started process (PID=291) to work on /home/airflow/.local/lib/python3.8/site-packages/airflow/example_dags/example_skip_dag.py
[2023-05-01T04:31:29.290+0000] {processor.py:799} INFO - Processing file /home/airflow/.local/lib/python3.8/site-packages/airflow/example_dags/example_skip_dag.py for tasks to queue
[2023-05-01T04:31:29.308+0000] {logging_mixin.py:149} INFO - [2023-05-01T04:31:29.306+0000] {dagbag.py:541} INFO - Filling up the DagBag from /home/airflow/.local/lib/python3.8/site-packages/airflow/example_dags/example_skip_dag.py
[2023-05-01T04:31:29.369+0000] {processor.py:809} INFO - DAG(s) dict_keys(['example_skip_dag']) retrieved from /home/airflow/.local/lib/python3.8/site-packages/airflow/example_dags/example_skip_dag.py
[2023-05-01T04:31:29.499+0000] {logging_mixin.py:149} INFO - [2023-05-01T04:31:29.498+0000] {dag.py:2726} INFO - Sync 1 DAGs
[2023-05-01T04:31:29.874+0000] {logging_mixin.py:149} INFO - [2023-05-01T04:31:29.850+0000] {dag.py:3486} INFO - Setting next_dagrun for example_skip_dag to 2023-04-30T04:31:29.833294+00:00, run_after=2023-05-01T04:31:29.833294+00:00
[2023-05-01T04:31:30.131+0000] {processor.py:178} INFO - Processing /home/airflow/.local/lib/python3.8/site-packages/airflow/example_dags/example_skip_dag.py took 0.893 seconds
[2023-05-01T04:32:00.581+0000] {processor.py:156} INFO - Started process (PID=406) to work on /home/airflow/.local/lib/python3.8/site-packages/airflow/example_dags/example_skip_dag.py
[2023-05-01T04:32:00.586+0000] {processor.py:799} INFO - Processing file /home/airflow/.local/lib/python3.8/site-packages/airflow/example_dags/example_skip_dag.py for tasks to queue
[2023-05-01T04:32:00.592+0000] {logging_mixin.py:149} INFO - [2023-05-01T04:32:00.590+0000] {dagbag.py:541} INFO - Filling up the DagBag from /home/airflow/.local/lib/python3.8/site-packages/airflow/example_dags/example_skip_dag.py
[2023-05-01T04:32:00.633+0000] {processor.py:809} INFO - DAG(s) dict_keys(['example_skip_dag']) retrieved from /home/airflow/.local/lib/python3.8/site-packages/airflow/example_dags/example_skip_dag.py
[2023-05-01T04:32:00.823+0000] {logging_mixin.py:149} INFO - [2023-05-01T04:32:00.821+0000] {dag.py:2726} INFO - Sync 1 DAGs
[2023-05-01T04:32:00.949+0000] {logging_mixin.py:149} INFO - [2023-05-01T04:32:00.948+0000] {dag.py:3486} INFO - Setting next_dagrun for example_skip_dag to 2023-04-30T04:32:00.947193+00:00, run_after=2023-05-01T04:32:00.947193+00:00
[2023-05-01T04:32:01.115+0000] {processor.py:178} INFO - Processing /home/airflow/.local/lib/python3.8/site-packages/airflow/example_dags/example_skip_dag.py took 0.547 seconds
[2023-05-01T04:32:33.477+0000] {processor.py:156} INFO - Started process (PID=531) to work on /home/airflow/.local/lib/python3.8/site-packages/airflow/example_dags/example_skip_dag.py
[2023-05-01T04:32:33.489+0000] {processor.py:799} INFO - Processing file /home/airflow/.local/lib/python3.8/site-packages/airflow/example_dags/example_skip_dag.py for tasks to queue
[2023-05-01T04:32:33.501+0000] {logging_mixin.py:149} INFO - [2023-05-01T04:32:33.501+0000] {dagbag.py:541} INFO - Filling up the DagBag from /home/airflow/.local/lib/python3.8/site-packages/airflow/example_dags/example_skip_dag.py
[2023-05-01T04:32:33.579+0000] {processor.py:809} INFO - DAG(s) dict_keys(['example_skip_dag']) retrieved from /home/airflow/.local/lib/python3.8/site-packages/airflow/example_dags/example_skip_dag.py
[2023-05-01T04:32:33.763+0000] {logging_mixin.py:149} INFO - [2023-05-01T04:32:33.762+0000] {dag.py:2726} INFO - Sync 1 DAGs
[2023-05-01T04:32:33.945+0000] {logging_mixin.py:149} INFO - [2023-05-01T04:32:33.945+0000] {dag.py:3486} INFO - Setting next_dagrun for example_skip_dag to 2023-04-30T04:32:33.941607+00:00, run_after=2023-05-01T04:32:33.941607+00:00
[2023-05-01T04:32:34.087+0000] {processor.py:178} INFO - Processing /home/airflow/.local/lib/python3.8/site-packages/airflow/example_dags/example_skip_dag.py took 0.638 seconds
[2023-05-01T04:33:04.624+0000] {processor.py:156} INFO - Started process (PID=648) to work on /home/airflow/.local/lib/python3.8/site-packages/airflow/example_dags/example_skip_dag.py
[2023-05-01T04:33:04.636+0000] {processor.py:799} INFO - Processing file /home/airflow/.local/lib/python3.8/site-packages/airflow/example_dags/example_skip_dag.py for tasks to queue
[2023-05-01T04:33:04.654+0000] {logging_mixin.py:149} INFO - [2023-05-01T04:33:04.650+0000] {dagbag.py:541} INFO - Filling up the DagBag from /home/airflow/.local/lib/python3.8/site-packages/airflow/example_dags/example_skip_dag.py
[2023-05-01T04:33:04.727+0000] {processor.py:809} INFO - DAG(s) dict_keys(['example_skip_dag']) retrieved from /home/airflow/.local/lib/python3.8/site-packages/airflow/example_dags/example_skip_dag.py
[2023-05-01T04:33:05.003+0000] {logging_mixin.py:149} INFO - [2023-05-01T04:33:05.001+0000] {dag.py:2726} INFO - Sync 1 DAGs
[2023-05-01T04:33:05.196+0000] {logging_mixin.py:149} INFO - [2023-05-01T04:33:05.195+0000] {dag.py:3486} INFO - Setting next_dagrun for example_skip_dag to 2023-04-30T04:33:05.190338+00:00, run_after=2023-05-01T04:33:05.190338+00:00
[2023-05-01T04:33:05.355+0000] {processor.py:178} INFO - Processing /home/airflow/.local/lib/python3.8/site-packages/airflow/example_dags/example_skip_dag.py took 0.765 seconds
[2023-05-01T04:33:35.840+0000] {processor.py:156} INFO - Started process (PID=760) to work on /home/airflow/.local/lib/python3.8/site-packages/airflow/example_dags/example_skip_dag.py
[2023-05-01T04:33:35.843+0000] {processor.py:799} INFO - Processing file /home/airflow/.local/lib/python3.8/site-packages/airflow/example_dags/example_skip_dag.py for tasks to queue
[2023-05-01T04:33:35.854+0000] {logging_mixin.py:149} INFO - [2023-05-01T04:33:35.853+0000] {dagbag.py:541} INFO - Filling up the DagBag from /home/airflow/.local/lib/python3.8/site-packages/airflow/example_dags/example_skip_dag.py
[2023-05-01T04:33:35.885+0000] {processor.py:809} INFO - DAG(s) dict_keys(['example_skip_dag']) retrieved from /home/airflow/.local/lib/python3.8/site-packages/airflow/example_dags/example_skip_dag.py
[2023-05-01T04:33:35.983+0000] {logging_mixin.py:149} INFO - [2023-05-01T04:33:35.981+0000] {dag.py:2726} INFO - Sync 1 DAGs
[2023-05-01T04:33:36.057+0000] {logging_mixin.py:149} INFO - [2023-05-01T04:33:36.056+0000] {dag.py:3486} INFO - Setting next_dagrun for example_skip_dag to 2023-04-30T04:33:36.055200+00:00, run_after=2023-05-01T04:33:36.055200+00:00
[2023-05-01T04:33:36.102+0000] {processor.py:178} INFO - Processing /home/airflow/.local/lib/python3.8/site-packages/airflow/example_dags/example_skip_dag.py took 0.269 seconds
[2023-05-01T04:34:06.259+0000] {processor.py:156} INFO - Started process (PID=885) to work on /home/airflow/.local/lib/python3.8/site-packages/airflow/example_dags/example_skip_dag.py
[2023-05-01T04:34:06.262+0000] {processor.py:799} INFO - Processing file /home/airflow/.local/lib/python3.8/site-packages/airflow/example_dags/example_skip_dag.py for tasks to queue
[2023-05-01T04:34:06.266+0000] {logging_mixin.py:149} INFO - [2023-05-01T04:34:06.266+0000] {dagbag.py:541} INFO - Filling up the DagBag from /home/airflow/.local/lib/python3.8/site-packages/airflow/example_dags/example_skip_dag.py
[2023-05-01T04:34:06.312+0000] {processor.py:809} INFO - DAG(s) dict_keys(['example_skip_dag']) retrieved from /home/airflow/.local/lib/python3.8/site-packages/airflow/example_dags/example_skip_dag.py
[2023-05-01T04:34:06.488+0000] {logging_mixin.py:149} INFO - [2023-05-01T04:34:06.487+0000] {dag.py:2726} INFO - Sync 1 DAGs
[2023-05-01T04:34:06.652+0000] {logging_mixin.py:149} INFO - [2023-05-01T04:34:06.651+0000] {dag.py:3486} INFO - Setting next_dagrun for example_skip_dag to 2023-04-30T04:34:06.649788+00:00, run_after=2023-05-01T04:34:06.649788+00:00
[2023-05-01T04:34:06.756+0000] {processor.py:178} INFO - Processing /home/airflow/.local/lib/python3.8/site-packages/airflow/example_dags/example_skip_dag.py took 0.513 seconds
[2023-05-01T04:34:36.877+0000] {processor.py:156} INFO - Started process (PID=1001) to work on /home/airflow/.local/lib/python3.8/site-packages/airflow/example_dags/example_skip_dag.py
[2023-05-01T04:34:36.879+0000] {processor.py:799} INFO - Processing file /home/airflow/.local/lib/python3.8/site-packages/airflow/example_dags/example_skip_dag.py for tasks to queue
[2023-05-01T04:34:36.883+0000] {logging_mixin.py:149} INFO - [2023-05-01T04:34:36.882+0000] {dagbag.py:541} INFO - Filling up the DagBag from /home/airflow/.local/lib/python3.8/site-packages/airflow/example_dags/example_skip_dag.py
[2023-05-01T04:34:36.916+0000] {processor.py:809} INFO - DAG(s) dict_keys(['example_skip_dag']) retrieved from /home/airflow/.local/lib/python3.8/site-packages/airflow/example_dags/example_skip_dag.py
[2023-05-01T04:34:36.999+0000] {logging_mixin.py:149} INFO - [2023-05-01T04:34:36.998+0000] {dag.py:2726} INFO - Sync 1 DAGs
[2023-05-01T04:34:37.075+0000] {logging_mixin.py:149} INFO - [2023-05-01T04:34:37.074+0000] {dag.py:3486} INFO - Setting next_dagrun for example_skip_dag to 2023-04-30T04:34:37.072949+00:00, run_after=2023-05-01T04:34:37.072949+00:00
[2023-05-01T04:34:37.124+0000] {processor.py:178} INFO - Processing /home/airflow/.local/lib/python3.8/site-packages/airflow/example_dags/example_skip_dag.py took 0.255 seconds
[2023-05-01T04:35:07.764+0000] {processor.py:156} INFO - Started process (PID=1127) to work on /home/airflow/.local/lib/python3.8/site-packages/airflow/example_dags/example_skip_dag.py
[2023-05-01T04:35:07.770+0000] {processor.py:799} INFO - Processing file /home/airflow/.local/lib/python3.8/site-packages/airflow/example_dags/example_skip_dag.py for tasks to queue
[2023-05-01T04:35:07.789+0000] {logging_mixin.py:149} INFO - [2023-05-01T04:35:07.788+0000] {dagbag.py:541} INFO - Filling up the DagBag from /home/airflow/.local/lib/python3.8/site-packages/airflow/example_dags/example_skip_dag.py
[2023-05-01T04:35:07.874+0000] {processor.py:809} INFO - DAG(s) dict_keys(['example_skip_dag']) retrieved from /home/airflow/.local/lib/python3.8/site-packages/airflow/example_dags/example_skip_dag.py
[2023-05-01T04:35:08.039+0000] {logging_mixin.py:149} INFO - [2023-05-01T04:35:08.034+0000] {dag.py:2726} INFO - Sync 1 DAGs
[2023-05-01T04:35:08.224+0000] {logging_mixin.py:149} INFO - [2023-05-01T04:35:08.219+0000] {dag.py:3486} INFO - Setting next_dagrun for example_skip_dag to 2023-04-30T04:35:08.217969+00:00, run_after=2023-05-01T04:35:08.217969+00:00
[2023-05-01T04:35:08.349+0000] {processor.py:178} INFO - Processing /home/airflow/.local/lib/python3.8/site-packages/airflow/example_dags/example_skip_dag.py took 0.615 seconds
[2023-05-01T04:35:39.204+0000] {processor.py:156} INFO - Started process (PID=1239) to work on /home/airflow/.local/lib/python3.8/site-packages/airflow/example_dags/example_skip_dag.py
[2023-05-01T04:35:39.208+0000] {processor.py:799} INFO - Processing file /home/airflow/.local/lib/python3.8/site-packages/airflow/example_dags/example_skip_dag.py for tasks to queue
[2023-05-01T04:35:39.216+0000] {logging_mixin.py:149} INFO - [2023-05-01T04:35:39.215+0000] {dagbag.py:541} INFO - Filling up the DagBag from /home/airflow/.local/lib/python3.8/site-packages/airflow/example_dags/example_skip_dag.py
[2023-05-01T04:35:39.248+0000] {processor.py:809} INFO - DAG(s) dict_keys(['example_skip_dag']) retrieved from /home/airflow/.local/lib/python3.8/site-packages/airflow/example_dags/example_skip_dag.py
[2023-05-01T04:35:39.340+0000] {logging_mixin.py:149} INFO - [2023-05-01T04:35:39.338+0000] {dag.py:2726} INFO - Sync 1 DAGs
[2023-05-01T04:35:39.405+0000] {logging_mixin.py:149} INFO - [2023-05-01T04:35:39.404+0000] {dag.py:3486} INFO - Setting next_dagrun for example_skip_dag to 2023-04-30T04:35:39.403176+00:00, run_after=2023-05-01T04:35:39.403176+00:00
[2023-05-01T04:35:39.483+0000] {processor.py:178} INFO - Processing /home/airflow/.local/lib/python3.8/site-packages/airflow/example_dags/example_skip_dag.py took 0.290 seconds
