[2023-05-01T04:31:10.539+0000] {processor.py:156} INFO - Started process (PID=220) to work on /home/airflow/.local/lib/python3.8/site-packages/airflow/example_dags/example_dag_decorator.py
[2023-05-01T04:31:10.544+0000] {processor.py:799} INFO - Processing file /home/airflow/.local/lib/python3.8/site-packages/airflow/example_dags/example_dag_decorator.py for tasks to queue
[2023-05-01T04:31:10.550+0000] {logging_mixin.py:149} INFO - [2023-05-01T04:31:10.549+0000] {dagbag.py:541} INFO - Filling up the DagBag from /home/airflow/.local/lib/python3.8/site-packages/airflow/example_dags/example_dag_decorator.py
[2023-05-01T04:31:10.639+0000] {logging_mixin.py:149} INFO - [2023-05-01T04:31:10.633+0000] {taskmixin.py:211} WARNING - Dependency <Task(_PythonDecoratedOperator): prepare_email>, send_email already registered for DAG: example_dag_decorator
[2023-05-01T04:31:10.649+0000] {logging_mixin.py:149} INFO - [2023-05-01T04:31:10.644+0000] {taskmixin.py:211} WARNING - Dependency <Task(EmailOperator): send_email>, prepare_email already registered for DAG: example_dag_decorator
[2023-05-01T04:31:10.751+0000] {processor.py:809} INFO - DAG(s) dict_keys(['example_dag_decorator']) retrieved from /home/airflow/.local/lib/python3.8/site-packages/airflow/example_dags/example_dag_decorator.py
[2023-05-01T04:31:11.794+0000] {logging_mixin.py:149} INFO - [2023-05-01T04:31:11.794+0000] {manager.py:504} INFO - Created Permission View: can read on DAG:example_dag_decorator
[2023-05-01T04:31:11.849+0000] {logging_mixin.py:149} INFO - [2023-05-01T04:31:11.848+0000] {manager.py:504} INFO - Created Permission View: can delete on DAG:example_dag_decorator
[2023-05-01T04:31:11.883+0000] {logging_mixin.py:149} INFO - [2023-05-01T04:31:11.882+0000] {manager.py:504} INFO - Created Permission View: can edit on DAG:example_dag_decorator
[2023-05-01T04:31:11.884+0000] {logging_mixin.py:149} INFO - [2023-05-01T04:31:11.884+0000] {dag.py:2726} INFO - Sync 1 DAGs
[2023-05-01T04:31:11.949+0000] {logging_mixin.py:149} INFO - [2023-05-01T04:31:11.949+0000] {dag.py:2747} INFO - Creating ORM DAG for example_dag_decorator
[2023-05-01T04:31:11.995+0000] {logging_mixin.py:149} INFO - [2023-05-01T04:31:11.994+0000] {dag.py:3486} INFO - Setting next_dagrun for example_dag_decorator to None, run_after=None
[2023-05-01T04:31:12.048+0000] {processor.py:178} INFO - Processing /home/airflow/.local/lib/python3.8/site-packages/airflow/example_dags/example_dag_decorator.py took 1.541 seconds
[2023-05-01T04:31:42.499+0000] {processor.py:156} INFO - Started process (PID=332) to work on /home/airflow/.local/lib/python3.8/site-packages/airflow/example_dags/example_dag_decorator.py
[2023-05-01T04:31:42.504+0000] {processor.py:799} INFO - Processing file /home/airflow/.local/lib/python3.8/site-packages/airflow/example_dags/example_dag_decorator.py for tasks to queue
[2023-05-01T04:31:42.530+0000] {logging_mixin.py:149} INFO - [2023-05-01T04:31:42.530+0000] {dagbag.py:541} INFO - Filling up the DagBag from /home/airflow/.local/lib/python3.8/site-packages/airflow/example_dags/example_dag_decorator.py
[2023-05-01T04:31:42.614+0000] {logging_mixin.py:149} INFO - [2023-05-01T04:31:42.613+0000] {taskmixin.py:211} WARNING - Dependency <Task(_PythonDecoratedOperator): prepare_email>, send_email already registered for DAG: example_dag_decorator
[2023-05-01T04:31:42.621+0000] {logging_mixin.py:149} INFO - [2023-05-01T04:31:42.621+0000] {taskmixin.py:211} WARNING - Dependency <Task(EmailOperator): send_email>, prepare_email already registered for DAG: example_dag_decorator
[2023-05-01T04:31:42.695+0000] {processor.py:809} INFO - DAG(s) dict_keys(['example_dag_decorator']) retrieved from /home/airflow/.local/lib/python3.8/site-packages/airflow/example_dags/example_dag_decorator.py
[2023-05-01T04:31:43.026+0000] {logging_mixin.py:149} INFO - [2023-05-01T04:31:43.024+0000] {dag.py:2726} INFO - Sync 1 DAGs
[2023-05-01T04:31:43.130+0000] {logging_mixin.py:149} INFO - [2023-05-01T04:31:43.130+0000] {dag.py:3486} INFO - Setting next_dagrun for example_dag_decorator to None, run_after=None
[2023-05-01T04:31:43.208+0000] {processor.py:178} INFO - Processing /home/airflow/.local/lib/python3.8/site-packages/airflow/example_dags/example_dag_decorator.py took 0.750 seconds
[2023-05-01T04:32:13.397+0000] {processor.py:156} INFO - Started process (PID=457) to work on /home/airflow/.local/lib/python3.8/site-packages/airflow/example_dags/example_dag_decorator.py
[2023-05-01T04:32:13.400+0000] {processor.py:799} INFO - Processing file /home/airflow/.local/lib/python3.8/site-packages/airflow/example_dags/example_dag_decorator.py for tasks to queue
[2023-05-01T04:32:13.405+0000] {logging_mixin.py:149} INFO - [2023-05-01T04:32:13.404+0000] {dagbag.py:541} INFO - Filling up the DagBag from /home/airflow/.local/lib/python3.8/site-packages/airflow/example_dags/example_dag_decorator.py
[2023-05-01T04:32:13.449+0000] {logging_mixin.py:149} INFO - [2023-05-01T04:32:13.437+0000] {taskmixin.py:211} WARNING - Dependency <Task(_PythonDecoratedOperator): prepare_email>, send_email already registered for DAG: example_dag_decorator
[2023-05-01T04:32:13.451+0000] {logging_mixin.py:149} INFO - [2023-05-01T04:32:13.450+0000] {taskmixin.py:211} WARNING - Dependency <Task(EmailOperator): send_email>, prepare_email already registered for DAG: example_dag_decorator
[2023-05-01T04:32:13.503+0000] {processor.py:809} INFO - DAG(s) dict_keys(['example_dag_decorator']) retrieved from /home/airflow/.local/lib/python3.8/site-packages/airflow/example_dags/example_dag_decorator.py
[2023-05-01T04:32:13.772+0000] {logging_mixin.py:149} INFO - [2023-05-01T04:32:13.771+0000] {dag.py:2726} INFO - Sync 1 DAGs
[2023-05-01T04:32:13.830+0000] {logging_mixin.py:149} INFO - [2023-05-01T04:32:13.829+0000] {dag.py:3486} INFO - Setting next_dagrun for example_dag_decorator to None, run_after=None
[2023-05-01T04:32:13.903+0000] {processor.py:178} INFO - Processing /home/airflow/.local/lib/python3.8/site-packages/airflow/example_dags/example_dag_decorator.py took 0.524 seconds
[2023-05-01T04:32:44.547+0000] {processor.py:156} INFO - Started process (PID=579) to work on /home/airflow/.local/lib/python3.8/site-packages/airflow/example_dags/example_dag_decorator.py
[2023-05-01T04:32:44.551+0000] {processor.py:799} INFO - Processing file /home/airflow/.local/lib/python3.8/site-packages/airflow/example_dags/example_dag_decorator.py for tasks to queue
[2023-05-01T04:32:44.558+0000] {logging_mixin.py:149} INFO - [2023-05-01T04:32:44.557+0000] {dagbag.py:541} INFO - Filling up the DagBag from /home/airflow/.local/lib/python3.8/site-packages/airflow/example_dags/example_dag_decorator.py
[2023-05-01T04:32:44.614+0000] {logging_mixin.py:149} INFO - [2023-05-01T04:32:44.608+0000] {taskmixin.py:211} WARNING - Dependency <Task(_PythonDecoratedOperator): prepare_email>, send_email already registered for DAG: example_dag_decorator
[2023-05-01T04:32:44.616+0000] {logging_mixin.py:149} INFO - [2023-05-01T04:32:44.615+0000] {taskmixin.py:211} WARNING - Dependency <Task(EmailOperator): send_email>, prepare_email already registered for DAG: example_dag_decorator
[2023-05-01T04:32:44.687+0000] {processor.py:809} INFO - DAG(s) dict_keys(['example_dag_decorator']) retrieved from /home/airflow/.local/lib/python3.8/site-packages/airflow/example_dags/example_dag_decorator.py
[2023-05-01T04:32:45.164+0000] {logging_mixin.py:149} INFO - [2023-05-01T04:32:45.163+0000] {dag.py:2726} INFO - Sync 1 DAGs
[2023-05-01T04:32:45.316+0000] {logging_mixin.py:149} INFO - [2023-05-01T04:32:45.315+0000] {dag.py:3486} INFO - Setting next_dagrun for example_dag_decorator to None, run_after=None
[2023-05-01T04:32:45.413+0000] {processor.py:178} INFO - Processing /home/airflow/.local/lib/python3.8/site-packages/airflow/example_dags/example_dag_decorator.py took 0.879 seconds
[2023-05-01T04:33:15.745+0000] {processor.py:156} INFO - Started process (PID=693) to work on /home/airflow/.local/lib/python3.8/site-packages/airflow/example_dags/example_dag_decorator.py
[2023-05-01T04:33:15.751+0000] {processor.py:799} INFO - Processing file /home/airflow/.local/lib/python3.8/site-packages/airflow/example_dags/example_dag_decorator.py for tasks to queue
[2023-05-01T04:33:15.757+0000] {logging_mixin.py:149} INFO - [2023-05-01T04:33:15.757+0000] {dagbag.py:541} INFO - Filling up the DagBag from /home/airflow/.local/lib/python3.8/site-packages/airflow/example_dags/example_dag_decorator.py
[2023-05-01T04:33:15.808+0000] {logging_mixin.py:149} INFO - [2023-05-01T04:33:15.807+0000] {taskmixin.py:211} WARNING - Dependency <Task(_PythonDecoratedOperator): prepare_email>, send_email already registered for DAG: example_dag_decorator
[2023-05-01T04:33:15.809+0000] {logging_mixin.py:149} INFO - [2023-05-01T04:33:15.809+0000] {taskmixin.py:211} WARNING - Dependency <Task(EmailOperator): send_email>, prepare_email already registered for DAG: example_dag_decorator
[2023-05-01T04:33:15.861+0000] {processor.py:809} INFO - DAG(s) dict_keys(['example_dag_decorator']) retrieved from /home/airflow/.local/lib/python3.8/site-packages/airflow/example_dags/example_dag_decorator.py
[2023-05-01T04:33:16.074+0000] {logging_mixin.py:149} INFO - [2023-05-01T04:33:16.073+0000] {dag.py:2726} INFO - Sync 1 DAGs
[2023-05-01T04:33:16.139+0000] {logging_mixin.py:149} INFO - [2023-05-01T04:33:16.139+0000] {dag.py:3486} INFO - Setting next_dagrun for example_dag_decorator to None, run_after=None
[2023-05-01T04:33:16.205+0000] {processor.py:178} INFO - Processing /home/airflow/.local/lib/python3.8/site-packages/airflow/example_dags/example_dag_decorator.py took 0.470 seconds
[2023-05-01T04:33:47.248+0000] {processor.py:156} INFO - Started process (PID=816) to work on /home/airflow/.local/lib/python3.8/site-packages/airflow/example_dags/example_dag_decorator.py
[2023-05-01T04:33:47.261+0000] {processor.py:799} INFO - Processing file /home/airflow/.local/lib/python3.8/site-packages/airflow/example_dags/example_dag_decorator.py for tasks to queue
[2023-05-01T04:33:47.266+0000] {logging_mixin.py:149} INFO - [2023-05-01T04:33:47.266+0000] {dagbag.py:541} INFO - Filling up the DagBag from /home/airflow/.local/lib/python3.8/site-packages/airflow/example_dags/example_dag_decorator.py
[2023-05-01T04:33:47.352+0000] {logging_mixin.py:149} INFO - [2023-05-01T04:33:47.351+0000] {taskmixin.py:211} WARNING - Dependency <Task(_PythonDecoratedOperator): prepare_email>, send_email already registered for DAG: example_dag_decorator
[2023-05-01T04:33:47.367+0000] {logging_mixin.py:149} INFO - [2023-05-01T04:33:47.367+0000] {taskmixin.py:211} WARNING - Dependency <Task(EmailOperator): send_email>, prepare_email already registered for DAG: example_dag_decorator
[2023-05-01T04:33:47.476+0000] {processor.py:809} INFO - DAG(s) dict_keys(['example_dag_decorator']) retrieved from /home/airflow/.local/lib/python3.8/site-packages/airflow/example_dags/example_dag_decorator.py
[2023-05-01T04:33:48.011+0000] {logging_mixin.py:149} INFO - [2023-05-01T04:33:48.010+0000] {dag.py:2726} INFO - Sync 1 DAGs
[2023-05-01T04:33:48.183+0000] {logging_mixin.py:149} INFO - [2023-05-01T04:33:48.182+0000] {dag.py:3486} INFO - Setting next_dagrun for example_dag_decorator to None, run_after=None
[2023-05-01T04:33:48.276+0000] {processor.py:178} INFO - Processing /home/airflow/.local/lib/python3.8/site-packages/airflow/example_dags/example_dag_decorator.py took 1.056 seconds
[2023-05-01T04:34:18.952+0000] {processor.py:156} INFO - Started process (PID=932) to work on /home/airflow/.local/lib/python3.8/site-packages/airflow/example_dags/example_dag_decorator.py
[2023-05-01T04:34:18.955+0000] {processor.py:799} INFO - Processing file /home/airflow/.local/lib/python3.8/site-packages/airflow/example_dags/example_dag_decorator.py for tasks to queue
[2023-05-01T04:34:18.959+0000] {logging_mixin.py:149} INFO - [2023-05-01T04:34:18.959+0000] {dagbag.py:541} INFO - Filling up the DagBag from /home/airflow/.local/lib/python3.8/site-packages/airflow/example_dags/example_dag_decorator.py
[2023-05-01T04:34:18.988+0000] {logging_mixin.py:149} INFO - [2023-05-01T04:34:18.987+0000] {taskmixin.py:211} WARNING - Dependency <Task(_PythonDecoratedOperator): prepare_email>, send_email already registered for DAG: example_dag_decorator
[2023-05-01T04:34:18.990+0000] {logging_mixin.py:149} INFO - [2023-05-01T04:34:18.989+0000] {taskmixin.py:211} WARNING - Dependency <Task(EmailOperator): send_email>, prepare_email already registered for DAG: example_dag_decorator
[2023-05-01T04:34:19.026+0000] {processor.py:809} INFO - DAG(s) dict_keys(['example_dag_decorator']) retrieved from /home/airflow/.local/lib/python3.8/site-packages/airflow/example_dags/example_dag_decorator.py
[2023-05-01T04:34:19.292+0000] {logging_mixin.py:149} INFO - [2023-05-01T04:34:19.290+0000] {dag.py:2726} INFO - Sync 1 DAGs
[2023-05-01T04:34:19.397+0000] {logging_mixin.py:149} INFO - [2023-05-01T04:34:19.396+0000] {dag.py:3486} INFO - Setting next_dagrun for example_dag_decorator to None, run_after=None
[2023-05-01T04:34:19.487+0000] {processor.py:178} INFO - Processing /home/airflow/.local/lib/python3.8/site-packages/airflow/example_dags/example_dag_decorator.py took 0.542 seconds
[2023-05-01T04:34:50.661+0000] {processor.py:156} INFO - Started process (PID=1058) to work on /home/airflow/.local/lib/python3.8/site-packages/airflow/example_dags/example_dag_decorator.py
[2023-05-01T04:34:50.664+0000] {processor.py:799} INFO - Processing file /home/airflow/.local/lib/python3.8/site-packages/airflow/example_dags/example_dag_decorator.py for tasks to queue
[2023-05-01T04:34:50.667+0000] {logging_mixin.py:149} INFO - [2023-05-01T04:34:50.667+0000] {dagbag.py:541} INFO - Filling up the DagBag from /home/airflow/.local/lib/python3.8/site-packages/airflow/example_dags/example_dag_decorator.py
[2023-05-01T04:34:50.695+0000] {logging_mixin.py:149} INFO - [2023-05-01T04:34:50.694+0000] {taskmixin.py:211} WARNING - Dependency <Task(_PythonDecoratedOperator): prepare_email>, send_email already registered for DAG: example_dag_decorator
[2023-05-01T04:34:50.711+0000] {logging_mixin.py:149} INFO - [2023-05-01T04:34:50.710+0000] {taskmixin.py:211} WARNING - Dependency <Task(EmailOperator): send_email>, prepare_email already registered for DAG: example_dag_decorator
[2023-05-01T04:34:50.749+0000] {processor.py:809} INFO - DAG(s) dict_keys(['example_dag_decorator']) retrieved from /home/airflow/.local/lib/python3.8/site-packages/airflow/example_dags/example_dag_decorator.py
[2023-05-01T04:34:50.997+0000] {logging_mixin.py:149} INFO - [2023-05-01T04:34:50.996+0000] {dag.py:2726} INFO - Sync 1 DAGs
[2023-05-01T04:34:51.062+0000] {logging_mixin.py:149} INFO - [2023-05-01T04:34:51.061+0000] {dag.py:3486} INFO - Setting next_dagrun for example_dag_decorator to None, run_after=None
[2023-05-01T04:34:51.108+0000] {processor.py:178} INFO - Processing /home/airflow/.local/lib/python3.8/site-packages/airflow/example_dags/example_dag_decorator.py took 0.471 seconds
[2023-05-01T04:35:22.845+0000] {processor.py:156} INFO - Started process (PID=1171) to work on /home/airflow/.local/lib/python3.8/site-packages/airflow/example_dags/example_dag_decorator.py
[2023-05-01T04:35:22.858+0000] {processor.py:799} INFO - Processing file /home/airflow/.local/lib/python3.8/site-packages/airflow/example_dags/example_dag_decorator.py for tasks to queue
[2023-05-01T04:35:22.867+0000] {logging_mixin.py:149} INFO - [2023-05-01T04:35:22.863+0000] {dagbag.py:541} INFO - Filling up the DagBag from /home/airflow/.local/lib/python3.8/site-packages/airflow/example_dags/example_dag_decorator.py
[2023-05-01T04:35:22.932+0000] {logging_mixin.py:149} INFO - [2023-05-01T04:35:22.920+0000] {taskmixin.py:211} WARNING - Dependency <Task(_PythonDecoratedOperator): prepare_email>, send_email already registered for DAG: example_dag_decorator
[2023-05-01T04:35:22.935+0000] {logging_mixin.py:149} INFO - [2023-05-01T04:35:22.934+0000] {taskmixin.py:211} WARNING - Dependency <Task(EmailOperator): send_email>, prepare_email already registered for DAG: example_dag_decorator
[2023-05-01T04:35:23.016+0000] {processor.py:809} INFO - DAG(s) dict_keys(['example_dag_decorator']) retrieved from /home/airflow/.local/lib/python3.8/site-packages/airflow/example_dags/example_dag_decorator.py
[2023-05-01T04:35:23.304+0000] {logging_mixin.py:149} INFO - [2023-05-01T04:35:23.299+0000] {dag.py:2726} INFO - Sync 1 DAGs
[2023-05-01T04:35:23.444+0000] {logging_mixin.py:149} INFO - [2023-05-01T04:35:23.443+0000] {dag.py:3486} INFO - Setting next_dagrun for example_dag_decorator to None, run_after=None
[2023-05-01T04:35:23.496+0000] {processor.py:178} INFO - Processing /home/airflow/.local/lib/python3.8/site-packages/airflow/example_dags/example_dag_decorator.py took 0.684 seconds
[2023-05-01T04:35:55.988+0000] {processor.py:156} INFO - Started process (PID=1303) to work on /home/airflow/.local/lib/python3.8/site-packages/airflow/example_dags/example_dag_decorator.py
[2023-05-01T04:35:55.994+0000] {processor.py:799} INFO - Processing file /home/airflow/.local/lib/python3.8/site-packages/airflow/example_dags/example_dag_decorator.py for tasks to queue
[2023-05-01T04:35:56.002+0000] {logging_mixin.py:149} INFO - [2023-05-01T04:35:56.002+0000] {dagbag.py:541} INFO - Filling up the DagBag from /home/airflow/.local/lib/python3.8/site-packages/airflow/example_dags/example_dag_decorator.py
[2023-05-01T04:35:56.058+0000] {logging_mixin.py:149} INFO - [2023-05-01T04:35:56.057+0000] {taskmixin.py:211} WARNING - Dependency <Task(_PythonDecoratedOperator): prepare_email>, send_email already registered for DAG: example_dag_decorator
[2023-05-01T04:35:56.060+0000] {logging_mixin.py:149} INFO - [2023-05-01T04:35:56.059+0000] {taskmixin.py:211} WARNING - Dependency <Task(EmailOperator): send_email>, prepare_email already registered for DAG: example_dag_decorator
[2023-05-01T04:35:56.109+0000] {processor.py:809} INFO - DAG(s) dict_keys(['example_dag_decorator']) retrieved from /home/airflow/.local/lib/python3.8/site-packages/airflow/example_dags/example_dag_decorator.py
[2023-05-01T04:35:56.450+0000] {logging_mixin.py:149} INFO - [2023-05-01T04:35:56.449+0000] {dag.py:2726} INFO - Sync 1 DAGs
[2023-05-01T04:35:56.597+0000] {logging_mixin.py:149} INFO - [2023-05-01T04:35:56.595+0000] {dag.py:3486} INFO - Setting next_dagrun for example_dag_decorator to None, run_after=None
[2023-05-01T04:35:56.719+0000] {processor.py:178} INFO - Processing /home/airflow/.local/lib/python3.8/site-packages/airflow/example_dags/example_dag_decorator.py took 0.758 seconds
