[2023-05-01T04:31:15.830+0000] {processor.py:156} INFO - Started process (PID=234) to work on /home/airflow/.local/lib/python3.8/site-packages/airflow/example_dags/example_bash_operator.py
[2023-05-01T04:31:15.833+0000] {processor.py:799} INFO - Processing file /home/airflow/.local/lib/python3.8/site-packages/airflow/example_dags/example_bash_operator.py for tasks to queue
[2023-05-01T04:31:15.837+0000] {logging_mixin.py:149} INFO - [2023-05-01T04:31:15.837+0000] {dagbag.py:541} INFO - Filling up the DagBag from /home/airflow/.local/lib/python3.8/site-packages/airflow/example_dags/example_bash_operator.py
[2023-05-01T04:31:15.919+0000] {processor.py:809} INFO - DAG(s) dict_keys(['example_bash_operator']) retrieved from /home/airflow/.local/lib/python3.8/site-packages/airflow/example_dags/example_bash_operator.py
[2023-05-01T04:31:16.657+0000] {logging_mixin.py:149} INFO - [2023-05-01T04:31:16.656+0000] {manager.py:504} INFO - Created Permission View: can read on DAG:example_bash_operator
[2023-05-01T04:31:16.697+0000] {logging_mixin.py:149} INFO - [2023-05-01T04:31:16.697+0000] {manager.py:504} INFO - Created Permission View: can delete on DAG:example_bash_operator
[2023-05-01T04:31:16.732+0000] {logging_mixin.py:149} INFO - [2023-05-01T04:31:16.732+0000] {manager.py:504} INFO - Created Permission View: can edit on DAG:example_bash_operator
[2023-05-01T04:31:16.734+0000] {logging_mixin.py:149} INFO - [2023-05-01T04:31:16.733+0000] {dag.py:2726} INFO - Sync 1 DAGs
[2023-05-01T04:31:16.806+0000] {logging_mixin.py:149} INFO - [2023-05-01T04:31:16.806+0000] {dag.py:2747} INFO - Creating ORM DAG for example_bash_operator
[2023-05-01T04:31:16.895+0000] {logging_mixin.py:149} INFO - [2023-05-01T04:31:16.894+0000] {dag.py:3486} INFO - Setting next_dagrun for example_bash_operator to 2023-04-30T00:00:00+00:00, run_after=2023-05-01T00:00:00+00:00
[2023-05-01T04:31:16.995+0000] {processor.py:178} INFO - Processing /home/airflow/.local/lib/python3.8/site-packages/airflow/example_dags/example_bash_operator.py took 1.175 seconds
[2023-05-01T04:31:48.247+0000] {processor.py:156} INFO - Started process (PID=358) to work on /home/airflow/.local/lib/python3.8/site-packages/airflow/example_dags/example_bash_operator.py
[2023-05-01T04:31:48.260+0000] {processor.py:799} INFO - Processing file /home/airflow/.local/lib/python3.8/site-packages/airflow/example_dags/example_bash_operator.py for tasks to queue
[2023-05-01T04:31:48.263+0000] {logging_mixin.py:149} INFO - [2023-05-01T04:31:48.263+0000] {dagbag.py:541} INFO - Filling up the DagBag from /home/airflow/.local/lib/python3.8/site-packages/airflow/example_dags/example_bash_operator.py
[2023-05-01T04:31:48.378+0000] {processor.py:809} INFO - DAG(s) dict_keys(['example_bash_operator']) retrieved from /home/airflow/.local/lib/python3.8/site-packages/airflow/example_dags/example_bash_operator.py
[2023-05-01T04:31:48.647+0000] {logging_mixin.py:149} INFO - [2023-05-01T04:31:48.646+0000] {dag.py:2726} INFO - Sync 1 DAGs
[2023-05-01T04:31:48.751+0000] {logging_mixin.py:149} INFO - [2023-05-01T04:31:48.751+0000] {dag.py:3486} INFO - Setting next_dagrun for example_bash_operator to 2023-04-30T00:00:00+00:00, run_after=2023-05-01T00:00:00+00:00
[2023-05-01T04:31:48.879+0000] {processor.py:178} INFO - Processing /home/airflow/.local/lib/python3.8/site-packages/airflow/example_dags/example_bash_operator.py took 0.652 seconds
[2023-05-01T04:32:19.100+0000] {processor.py:156} INFO - Started process (PID=471) to work on /home/airflow/.local/lib/python3.8/site-packages/airflow/example_dags/example_bash_operator.py
[2023-05-01T04:32:19.103+0000] {processor.py:799} INFO - Processing file /home/airflow/.local/lib/python3.8/site-packages/airflow/example_dags/example_bash_operator.py for tasks to queue
[2023-05-01T04:32:19.108+0000] {logging_mixin.py:149} INFO - [2023-05-01T04:32:19.107+0000] {dagbag.py:541} INFO - Filling up the DagBag from /home/airflow/.local/lib/python3.8/site-packages/airflow/example_dags/example_bash_operator.py
[2023-05-01T04:32:19.168+0000] {processor.py:809} INFO - DAG(s) dict_keys(['example_bash_operator']) retrieved from /home/airflow/.local/lib/python3.8/site-packages/airflow/example_dags/example_bash_operator.py
[2023-05-01T04:32:19.315+0000] {logging_mixin.py:149} INFO - [2023-05-01T04:32:19.314+0000] {dag.py:2726} INFO - Sync 1 DAGs
[2023-05-01T04:32:19.402+0000] {logging_mixin.py:149} INFO - [2023-05-01T04:32:19.401+0000] {dag.py:3486} INFO - Setting next_dagrun for example_bash_operator to 2023-04-30T00:00:00+00:00, run_after=2023-05-01T00:00:00+00:00
[2023-05-01T04:32:19.450+0000] {processor.py:178} INFO - Processing /home/airflow/.local/lib/python3.8/site-packages/airflow/example_dags/example_bash_operator.py took 0.358 seconds
[2023-05-01T04:32:50.132+0000] {processor.py:156} INFO - Started process (PID=596) to work on /home/airflow/.local/lib/python3.8/site-packages/airflow/example_dags/example_bash_operator.py
[2023-05-01T04:32:50.147+0000] {processor.py:799} INFO - Processing file /home/airflow/.local/lib/python3.8/site-packages/airflow/example_dags/example_bash_operator.py for tasks to queue
[2023-05-01T04:32:50.158+0000] {logging_mixin.py:149} INFO - [2023-05-01T04:32:50.157+0000] {dagbag.py:541} INFO - Filling up the DagBag from /home/airflow/.local/lib/python3.8/site-packages/airflow/example_dags/example_bash_operator.py
[2023-05-01T04:32:50.240+0000] {processor.py:809} INFO - DAG(s) dict_keys(['example_bash_operator']) retrieved from /home/airflow/.local/lib/python3.8/site-packages/airflow/example_dags/example_bash_operator.py
[2023-05-01T04:32:50.527+0000] {logging_mixin.py:149} INFO - [2023-05-01T04:32:50.526+0000] {dag.py:2726} INFO - Sync 1 DAGs
[2023-05-01T04:32:50.678+0000] {logging_mixin.py:149} INFO - [2023-05-01T04:32:50.677+0000] {dag.py:3486} INFO - Setting next_dagrun for example_bash_operator to 2023-04-30T00:00:00+00:00, run_after=2023-05-01T00:00:00+00:00
[2023-05-01T04:32:50.813+0000] {processor.py:178} INFO - Processing /home/airflow/.local/lib/python3.8/site-packages/airflow/example_dags/example_bash_operator.py took 0.698 seconds
[2023-05-01T04:33:20.915+0000] {processor.py:156} INFO - Started process (PID=708) to work on /home/airflow/.local/lib/python3.8/site-packages/airflow/example_dags/example_bash_operator.py
[2023-05-01T04:33:20.917+0000] {processor.py:799} INFO - Processing file /home/airflow/.local/lib/python3.8/site-packages/airflow/example_dags/example_bash_operator.py for tasks to queue
[2023-05-01T04:33:20.921+0000] {logging_mixin.py:149} INFO - [2023-05-01T04:33:20.920+0000] {dagbag.py:541} INFO - Filling up the DagBag from /home/airflow/.local/lib/python3.8/site-packages/airflow/example_dags/example_bash_operator.py
[2023-05-01T04:33:20.967+0000] {processor.py:809} INFO - DAG(s) dict_keys(['example_bash_operator']) retrieved from /home/airflow/.local/lib/python3.8/site-packages/airflow/example_dags/example_bash_operator.py
[2023-05-01T04:33:21.099+0000] {logging_mixin.py:149} INFO - [2023-05-01T04:33:21.099+0000] {dag.py:2726} INFO - Sync 1 DAGs
[2023-05-01T04:33:21.169+0000] {logging_mixin.py:149} INFO - [2023-05-01T04:33:21.168+0000] {dag.py:3486} INFO - Setting next_dagrun for example_bash_operator to 2023-04-30T00:00:00+00:00, run_after=2023-05-01T00:00:00+00:00
[2023-05-01T04:33:21.211+0000] {processor.py:178} INFO - Processing /home/airflow/.local/lib/python3.8/site-packages/airflow/example_dags/example_bash_operator.py took 0.303 seconds
[2023-05-01T04:33:52.052+0000] {processor.py:156} INFO - Started process (PID=837) to work on /home/airflow/.local/lib/python3.8/site-packages/airflow/example_dags/example_bash_operator.py
[2023-05-01T04:33:52.057+0000] {processor.py:799} INFO - Processing file /home/airflow/.local/lib/python3.8/site-packages/airflow/example_dags/example_bash_operator.py for tasks to queue
[2023-05-01T04:33:52.061+0000] {logging_mixin.py:149} INFO - [2023-05-01T04:33:52.061+0000] {dagbag.py:541} INFO - Filling up the DagBag from /home/airflow/.local/lib/python3.8/site-packages/airflow/example_dags/example_bash_operator.py
[2023-05-01T04:33:52.121+0000] {processor.py:809} INFO - DAG(s) dict_keys(['example_bash_operator']) retrieved from /home/airflow/.local/lib/python3.8/site-packages/airflow/example_dags/example_bash_operator.py
[2023-05-01T04:33:52.273+0000] {logging_mixin.py:149} INFO - [2023-05-01T04:33:52.272+0000] {dag.py:2726} INFO - Sync 1 DAGs
[2023-05-01T04:33:52.355+0000] {logging_mixin.py:149} INFO - [2023-05-01T04:33:52.354+0000] {dag.py:3486} INFO - Setting next_dagrun for example_bash_operator to 2023-04-30T00:00:00+00:00, run_after=2023-05-01T00:00:00+00:00
[2023-05-01T04:33:52.405+0000] {processor.py:178} INFO - Processing /home/airflow/.local/lib/python3.8/site-packages/airflow/example_dags/example_bash_operator.py took 0.370 seconds
[2023-05-01T04:34:23.423+0000] {processor.py:156} INFO - Started process (PID=952) to work on /home/airflow/.local/lib/python3.8/site-packages/airflow/example_dags/example_bash_operator.py
[2023-05-01T04:34:23.442+0000] {processor.py:799} INFO - Processing file /home/airflow/.local/lib/python3.8/site-packages/airflow/example_dags/example_bash_operator.py for tasks to queue
[2023-05-01T04:34:23.468+0000] {logging_mixin.py:149} INFO - [2023-05-01T04:34:23.467+0000] {dagbag.py:541} INFO - Filling up the DagBag from /home/airflow/.local/lib/python3.8/site-packages/airflow/example_dags/example_bash_operator.py
[2023-05-01T04:34:23.665+0000] {processor.py:809} INFO - DAG(s) dict_keys(['example_bash_operator']) retrieved from /home/airflow/.local/lib/python3.8/site-packages/airflow/example_dags/example_bash_operator.py
[2023-05-01T04:34:24.027+0000] {logging_mixin.py:149} INFO - [2023-05-01T04:34:24.026+0000] {dag.py:2726} INFO - Sync 1 DAGs
[2023-05-01T04:34:24.288+0000] {logging_mixin.py:149} INFO - [2023-05-01T04:34:24.287+0000] {dag.py:3486} INFO - Setting next_dagrun for example_bash_operator to 2023-04-30T00:00:00+00:00, run_after=2023-05-01T00:00:00+00:00
[2023-05-01T04:34:24.413+0000] {processor.py:178} INFO - Processing /home/airflow/.local/lib/python3.8/site-packages/airflow/example_dags/example_bash_operator.py took 1.005 seconds
[2023-05-01T04:34:54.597+0000] {processor.py:156} INFO - Started process (PID=1078) to work on /home/airflow/.local/lib/python3.8/site-packages/airflow/example_dags/example_bash_operator.py
[2023-05-01T04:34:54.604+0000] {processor.py:799} INFO - Processing file /home/airflow/.local/lib/python3.8/site-packages/airflow/example_dags/example_bash_operator.py for tasks to queue
[2023-05-01T04:34:54.611+0000] {logging_mixin.py:149} INFO - [2023-05-01T04:34:54.610+0000] {dagbag.py:541} INFO - Filling up the DagBag from /home/airflow/.local/lib/python3.8/site-packages/airflow/example_dags/example_bash_operator.py
[2023-05-01T04:34:54.711+0000] {processor.py:809} INFO - DAG(s) dict_keys(['example_bash_operator']) retrieved from /home/airflow/.local/lib/python3.8/site-packages/airflow/example_dags/example_bash_operator.py
[2023-05-01T04:34:54.933+0000] {logging_mixin.py:149} INFO - [2023-05-01T04:34:54.932+0000] {dag.py:2726} INFO - Sync 1 DAGs
[2023-05-01T04:34:55.010+0000] {logging_mixin.py:149} INFO - [2023-05-01T04:34:55.009+0000] {dag.py:3486} INFO - Setting next_dagrun for example_bash_operator to 2023-04-30T00:00:00+00:00, run_after=2023-05-01T00:00:00+00:00
[2023-05-01T04:34:55.055+0000] {processor.py:178} INFO - Processing /home/airflow/.local/lib/python3.8/site-packages/airflow/example_dags/example_bash_operator.py took 0.470 seconds
[2023-05-01T04:35:25.713+0000] {processor.py:156} INFO - Started process (PID=1201) to work on /home/airflow/.local/lib/python3.8/site-packages/airflow/example_dags/example_bash_operator.py
[2023-05-01T04:35:25.718+0000] {processor.py:799} INFO - Processing file /home/airflow/.local/lib/python3.8/site-packages/airflow/example_dags/example_bash_operator.py for tasks to queue
[2023-05-01T04:35:25.727+0000] {logging_mixin.py:149} INFO - [2023-05-01T04:35:25.726+0000] {dagbag.py:541} INFO - Filling up the DagBag from /home/airflow/.local/lib/python3.8/site-packages/airflow/example_dags/example_bash_operator.py
[2023-05-01T04:35:25.889+0000] {processor.py:809} INFO - DAG(s) dict_keys(['example_bash_operator']) retrieved from /home/airflow/.local/lib/python3.8/site-packages/airflow/example_dags/example_bash_operator.py
[2023-05-01T04:35:26.335+0000] {logging_mixin.py:149} INFO - [2023-05-01T04:35:26.334+0000] {dag.py:2726} INFO - Sync 1 DAGs
[2023-05-01T04:35:26.541+0000] {logging_mixin.py:149} INFO - [2023-05-01T04:35:26.541+0000] {dag.py:3486} INFO - Setting next_dagrun for example_bash_operator to 2023-04-30T00:00:00+00:00, run_after=2023-05-01T00:00:00+00:00
[2023-05-01T04:35:26.632+0000] {processor.py:178} INFO - Processing /home/airflow/.local/lib/python3.8/site-packages/airflow/example_dags/example_bash_operator.py took 0.936 seconds
[2023-05-01T04:35:58.538+0000] {processor.py:156} INFO - Started process (PID=1317) to work on /home/airflow/.local/lib/python3.8/site-packages/airflow/example_dags/example_bash_operator.py
[2023-05-01T04:35:58.542+0000] {processor.py:799} INFO - Processing file /home/airflow/.local/lib/python3.8/site-packages/airflow/example_dags/example_bash_operator.py for tasks to queue
[2023-05-01T04:35:58.578+0000] {logging_mixin.py:149} INFO - [2023-05-01T04:35:58.575+0000] {dagbag.py:541} INFO - Filling up the DagBag from /home/airflow/.local/lib/python3.8/site-packages/airflow/example_dags/example_bash_operator.py
[2023-05-01T04:35:58.784+0000] {processor.py:809} INFO - DAG(s) dict_keys(['example_bash_operator']) retrieved from /home/airflow/.local/lib/python3.8/site-packages/airflow/example_dags/example_bash_operator.py
[2023-05-01T04:36:01.718+0000] {logging_mixin.py:149} INFO - [2023-05-01T04:36:01.718+0000] {process_utils.py:258} INFO - Waiting up to 5 seconds for processes to exit...
