[2023-05-01T04:31:04.779+0000] {processor.py:156} INFO - Started process (PID=207) to work on /home/airflow/.local/lib/python3.8/site-packages/airflow/example_dags/example_latest_only.py
[2023-05-01T04:31:04.781+0000] {processor.py:799} INFO - Processing file /home/airflow/.local/lib/python3.8/site-packages/airflow/example_dags/example_latest_only.py for tasks to queue
[2023-05-01T04:31:04.784+0000] {logging_mixin.py:149} INFO - [2023-05-01T04:31:04.784+0000] {dagbag.py:541} INFO - Filling up the DagBag from /home/airflow/.local/lib/python3.8/site-packages/airflow/example_dags/example_latest_only.py
[2023-05-01T04:31:04.802+0000] {processor.py:809} INFO - DAG(s) dict_keys(['latest_only']) retrieved from /home/airflow/.local/lib/python3.8/site-packages/airflow/example_dags/example_latest_only.py
[2023-05-01T04:31:06.379+0000] {logging_mixin.py:149} INFO - [2023-05-01T04:31:06.378+0000] {manager.py:504} INFO - Created Permission View: can read on DAG:latest_only
[2023-05-01T04:31:06.459+0000] {logging_mixin.py:149} INFO - [2023-05-01T04:31:06.458+0000] {manager.py:504} INFO - Created Permission View: can delete on DAG:latest_only
[2023-05-01T04:31:06.493+0000] {logging_mixin.py:149} INFO - [2023-05-01T04:31:06.492+0000] {manager.py:504} INFO - Created Permission View: can edit on DAG:latest_only
[2023-05-01T04:31:06.503+0000] {logging_mixin.py:149} INFO - [2023-05-01T04:31:06.502+0000] {dag.py:2726} INFO - Sync 1 DAGs
[2023-05-01T04:31:06.589+0000] {logging_mixin.py:149} INFO - [2023-05-01T04:31:06.584+0000] {dag.py:2747} INFO - Creating ORM DAG for latest_only
[2023-05-01T04:31:06.678+0000] {logging_mixin.py:149} INFO - [2023-05-01T04:31:06.675+0000] {dag.py:3486} INFO - Setting next_dagrun for latest_only to 2023-05-01T00:31:06.669665+00:00, run_after=2023-05-01T04:31:06.669665+00:00
[2023-05-01T04:31:06.880+0000] {processor.py:178} INFO - Processing /home/airflow/.local/lib/python3.8/site-packages/airflow/example_dags/example_latest_only.py took 2.115 seconds
[2023-05-01T04:31:37.969+0000] {processor.py:156} INFO - Started process (PID=322) to work on /home/airflow/.local/lib/python3.8/site-packages/airflow/example_dags/example_latest_only.py
[2023-05-01T04:31:37.974+0000] {processor.py:799} INFO - Processing file /home/airflow/.local/lib/python3.8/site-packages/airflow/example_dags/example_latest_only.py for tasks to queue
[2023-05-01T04:31:37.995+0000] {logging_mixin.py:149} INFO - [2023-05-01T04:31:37.994+0000] {dagbag.py:541} INFO - Filling up the DagBag from /home/airflow/.local/lib/python3.8/site-packages/airflow/example_dags/example_latest_only.py
[2023-05-01T04:31:38.033+0000] {processor.py:809} INFO - DAG(s) dict_keys(['latest_only']) retrieved from /home/airflow/.local/lib/python3.8/site-packages/airflow/example_dags/example_latest_only.py
[2023-05-01T04:31:38.223+0000] {logging_mixin.py:149} INFO - [2023-05-01T04:31:38.221+0000] {dag.py:2726} INFO - Sync 1 DAGs
[2023-05-01T04:31:38.403+0000] {logging_mixin.py:149} INFO - [2023-05-01T04:31:38.402+0000] {dag.py:3486} INFO - Setting next_dagrun for latest_only to 2023-05-01T00:31:38.400530+00:00, run_after=2023-05-01T04:31:38.400530+00:00
[2023-05-01T04:31:38.539+0000] {processor.py:178} INFO - Processing /home/airflow/.local/lib/python3.8/site-packages/airflow/example_dags/example_latest_only.py took 0.597 seconds
[2023-05-01T04:32:08.723+0000] {processor.py:156} INFO - Started process (PID=447) to work on /home/airflow/.local/lib/python3.8/site-packages/airflow/example_dags/example_latest_only.py
[2023-05-01T04:32:08.728+0000] {processor.py:799} INFO - Processing file /home/airflow/.local/lib/python3.8/site-packages/airflow/example_dags/example_latest_only.py for tasks to queue
[2023-05-01T04:32:08.736+0000] {logging_mixin.py:149} INFO - [2023-05-01T04:32:08.736+0000] {dagbag.py:541} INFO - Filling up the DagBag from /home/airflow/.local/lib/python3.8/site-packages/airflow/example_dags/example_latest_only.py
[2023-05-01T04:32:08.784+0000] {processor.py:809} INFO - DAG(s) dict_keys(['latest_only']) retrieved from /home/airflow/.local/lib/python3.8/site-packages/airflow/example_dags/example_latest_only.py
[2023-05-01T04:32:08.948+0000] {logging_mixin.py:149} INFO - [2023-05-01T04:32:08.947+0000] {dag.py:2726} INFO - Sync 1 DAGs
[2023-05-01T04:32:09.196+0000] {logging_mixin.py:149} INFO - [2023-05-01T04:32:09.195+0000] {dag.py:3486} INFO - Setting next_dagrun for latest_only to 2023-05-01T00:32:09.190707+00:00, run_after=2023-05-01T04:32:09.190707+00:00
[2023-05-01T04:32:09.331+0000] {processor.py:178} INFO - Processing /home/airflow/.local/lib/python3.8/site-packages/airflow/example_dags/example_latest_only.py took 0.627 seconds
[2023-05-01T04:32:39.887+0000] {processor.py:156} INFO - Started process (PID=559) to work on /home/airflow/.local/lib/python3.8/site-packages/airflow/example_dags/example_latest_only.py
[2023-05-01T04:32:39.889+0000] {processor.py:799} INFO - Processing file /home/airflow/.local/lib/python3.8/site-packages/airflow/example_dags/example_latest_only.py for tasks to queue
[2023-05-01T04:32:39.893+0000] {logging_mixin.py:149} INFO - [2023-05-01T04:32:39.892+0000] {dagbag.py:541} INFO - Filling up the DagBag from /home/airflow/.local/lib/python3.8/site-packages/airflow/example_dags/example_latest_only.py
[2023-05-01T04:32:39.906+0000] {processor.py:809} INFO - DAG(s) dict_keys(['latest_only']) retrieved from /home/airflow/.local/lib/python3.8/site-packages/airflow/example_dags/example_latest_only.py
[2023-05-01T04:32:39.969+0000] {logging_mixin.py:149} INFO - [2023-05-01T04:32:39.968+0000] {dag.py:2726} INFO - Sync 1 DAGs
[2023-05-01T04:32:40.044+0000] {logging_mixin.py:149} INFO - [2023-05-01T04:32:40.043+0000] {dag.py:3486} INFO - Setting next_dagrun for latest_only to 2023-05-01T00:32:40.039827+00:00, run_after=2023-05-01T04:32:40.039827+00:00
[2023-05-01T04:32:40.137+0000] {processor.py:178} INFO - Processing /home/airflow/.local/lib/python3.8/site-packages/airflow/example_dags/example_latest_only.py took 0.256 seconds
[2023-05-01T04:33:12.859+0000] {processor.py:156} INFO - Started process (PID=684) to work on /home/airflow/.local/lib/python3.8/site-packages/airflow/example_dags/example_latest_only.py
[2023-05-01T04:33:12.862+0000] {processor.py:799} INFO - Processing file /home/airflow/.local/lib/python3.8/site-packages/airflow/example_dags/example_latest_only.py for tasks to queue
[2023-05-01T04:33:12.869+0000] {logging_mixin.py:149} INFO - [2023-05-01T04:33:12.869+0000] {dagbag.py:541} INFO - Filling up the DagBag from /home/airflow/.local/lib/python3.8/site-packages/airflow/example_dags/example_latest_only.py
[2023-05-01T04:33:12.905+0000] {processor.py:809} INFO - DAG(s) dict_keys(['latest_only']) retrieved from /home/airflow/.local/lib/python3.8/site-packages/airflow/example_dags/example_latest_only.py
[2023-05-01T04:33:13.113+0000] {logging_mixin.py:149} INFO - [2023-05-01T04:33:13.112+0000] {dag.py:2726} INFO - Sync 1 DAGs
[2023-05-01T04:33:13.285+0000] {logging_mixin.py:149} INFO - [2023-05-01T04:33:13.284+0000] {dag.py:3486} INFO - Setting next_dagrun for latest_only to 2023-05-01T00:33:13.283088+00:00, run_after=2023-05-01T04:33:13.283088+00:00
[2023-05-01T04:33:13.378+0000] {processor.py:178} INFO - Processing /home/airflow/.local/lib/python3.8/site-packages/airflow/example_dags/example_latest_only.py took 0.537 seconds
[2023-05-01T04:33:44.742+0000] {processor.py:156} INFO - Started process (PID=796) to work on /home/airflow/.local/lib/python3.8/site-packages/airflow/example_dags/example_latest_only.py
[2023-05-01T04:33:44.751+0000] {processor.py:799} INFO - Processing file /home/airflow/.local/lib/python3.8/site-packages/airflow/example_dags/example_latest_only.py for tasks to queue
[2023-05-01T04:33:44.762+0000] {logging_mixin.py:149} INFO - [2023-05-01T04:33:44.761+0000] {dagbag.py:541} INFO - Filling up the DagBag from /home/airflow/.local/lib/python3.8/site-packages/airflow/example_dags/example_latest_only.py
[2023-05-01T04:33:44.814+0000] {processor.py:809} INFO - DAG(s) dict_keys(['latest_only']) retrieved from /home/airflow/.local/lib/python3.8/site-packages/airflow/example_dags/example_latest_only.py
[2023-05-01T04:33:45.042+0000] {logging_mixin.py:149} INFO - [2023-05-01T04:33:45.040+0000] {dag.py:2726} INFO - Sync 1 DAGs
[2023-05-01T04:33:45.310+0000] {logging_mixin.py:149} INFO - [2023-05-01T04:33:45.309+0000] {dag.py:3486} INFO - Setting next_dagrun for latest_only to 2023-05-01T00:33:45.300276+00:00, run_after=2023-05-01T04:33:45.300276+00:00
[2023-05-01T04:33:45.470+0000] {processor.py:178} INFO - Processing /home/airflow/.local/lib/python3.8/site-packages/airflow/example_dags/example_latest_only.py took 0.744 seconds
[2023-05-01T04:34:16.045+0000] {processor.py:156} INFO - Started process (PID=922) to work on /home/airflow/.local/lib/python3.8/site-packages/airflow/example_dags/example_latest_only.py
[2023-05-01T04:34:16.050+0000] {processor.py:799} INFO - Processing file /home/airflow/.local/lib/python3.8/site-packages/airflow/example_dags/example_latest_only.py for tasks to queue
[2023-05-01T04:34:16.056+0000] {logging_mixin.py:149} INFO - [2023-05-01T04:34:16.054+0000] {dagbag.py:541} INFO - Filling up the DagBag from /home/airflow/.local/lib/python3.8/site-packages/airflow/example_dags/example_latest_only.py
[2023-05-01T04:34:16.080+0000] {processor.py:809} INFO - DAG(s) dict_keys(['latest_only']) retrieved from /home/airflow/.local/lib/python3.8/site-packages/airflow/example_dags/example_latest_only.py
[2023-05-01T04:34:16.204+0000] {logging_mixin.py:149} INFO - [2023-05-01T04:34:16.203+0000] {dag.py:2726} INFO - Sync 1 DAGs
[2023-05-01T04:34:16.341+0000] {logging_mixin.py:149} INFO - [2023-05-01T04:34:16.340+0000] {dag.py:3486} INFO - Setting next_dagrun for latest_only to 2023-05-01T00:34:16.339348+00:00, run_after=2023-05-01T04:34:16.339348+00:00
[2023-05-01T04:34:16.425+0000] {processor.py:178} INFO - Processing /home/airflow/.local/lib/python3.8/site-packages/airflow/example_dags/example_latest_only.py took 0.394 seconds
[2023-05-01T04:34:48.713+0000] {processor.py:156} INFO - Started process (PID=1048) to work on /home/airflow/.local/lib/python3.8/site-packages/airflow/example_dags/example_latest_only.py
[2023-05-01T04:34:48.719+0000] {processor.py:799} INFO - Processing file /home/airflow/.local/lib/python3.8/site-packages/airflow/example_dags/example_latest_only.py for tasks to queue
[2023-05-01T04:34:48.727+0000] {logging_mixin.py:149} INFO - [2023-05-01T04:34:48.725+0000] {dagbag.py:541} INFO - Filling up the DagBag from /home/airflow/.local/lib/python3.8/site-packages/airflow/example_dags/example_latest_only.py
[2023-05-01T04:34:48.754+0000] {processor.py:809} INFO - DAG(s) dict_keys(['latest_only']) retrieved from /home/airflow/.local/lib/python3.8/site-packages/airflow/example_dags/example_latest_only.py
[2023-05-01T04:34:48.914+0000] {logging_mixin.py:149} INFO - [2023-05-01T04:34:48.913+0000] {dag.py:2726} INFO - Sync 1 DAGs
[2023-05-01T04:34:49.072+0000] {logging_mixin.py:149} INFO - [2023-05-01T04:34:49.071+0000] {dag.py:3486} INFO - Setting next_dagrun for latest_only to 2023-05-01T00:34:49.069870+00:00, run_after=2023-05-01T04:34:49.069870+00:00
[2023-05-01T04:34:49.172+0000] {processor.py:178} INFO - Processing /home/airflow/.local/lib/python3.8/site-packages/airflow/example_dags/example_latest_only.py took 0.471 seconds
[2023-05-01T04:35:21.648+0000] {processor.py:156} INFO - Started process (PID=1161) to work on /home/airflow/.local/lib/python3.8/site-packages/airflow/example_dags/example_latest_only.py
[2023-05-01T04:35:21.652+0000] {processor.py:799} INFO - Processing file /home/airflow/.local/lib/python3.8/site-packages/airflow/example_dags/example_latest_only.py for tasks to queue
[2023-05-01T04:35:21.668+0000] {logging_mixin.py:149} INFO - [2023-05-01T04:35:21.667+0000] {dagbag.py:541} INFO - Filling up the DagBag from /home/airflow/.local/lib/python3.8/site-packages/airflow/example_dags/example_latest_only.py
[2023-05-01T04:35:21.710+0000] {processor.py:809} INFO - DAG(s) dict_keys(['latest_only']) retrieved from /home/airflow/.local/lib/python3.8/site-packages/airflow/example_dags/example_latest_only.py
[2023-05-01T04:35:21.783+0000] {logging_mixin.py:149} INFO - [2023-05-01T04:35:21.782+0000] {dag.py:2726} INFO - Sync 1 DAGs
[2023-05-01T04:35:21.858+0000] {logging_mixin.py:149} INFO - [2023-05-01T04:35:21.857+0000] {dag.py:3486} INFO - Setting next_dagrun for latest_only to 2023-05-01T00:35:21.855595+00:00, run_after=2023-05-01T04:35:21.855595+00:00
[2023-05-01T04:35:21.904+0000] {processor.py:178} INFO - Processing /home/airflow/.local/lib/python3.8/site-packages/airflow/example_dags/example_latest_only.py took 0.292 seconds
[2023-05-01T04:35:53.373+0000] {processor.py:156} INFO - Started process (PID=1286) to work on /home/airflow/.local/lib/python3.8/site-packages/airflow/example_dags/example_latest_only.py
[2023-05-01T04:35:53.390+0000] {processor.py:799} INFO - Processing file /home/airflow/.local/lib/python3.8/site-packages/airflow/example_dags/example_latest_only.py for tasks to queue
[2023-05-01T04:35:53.400+0000] {logging_mixin.py:149} INFO - [2023-05-01T04:35:53.397+0000] {dagbag.py:541} INFO - Filling up the DagBag from /home/airflow/.local/lib/python3.8/site-packages/airflow/example_dags/example_latest_only.py
[2023-05-01T04:35:53.441+0000] {processor.py:809} INFO - DAG(s) dict_keys(['latest_only']) retrieved from /home/airflow/.local/lib/python3.8/site-packages/airflow/example_dags/example_latest_only.py
[2023-05-01T04:35:53.510+0000] {logging_mixin.py:149} INFO - [2023-05-01T04:35:53.509+0000] {dag.py:2726} INFO - Sync 1 DAGs
[2023-05-01T04:35:53.626+0000] {logging_mixin.py:149} INFO - [2023-05-01T04:35:53.625+0000] {dag.py:3486} INFO - Setting next_dagrun for latest_only to 2023-05-01T00:35:53.624305+00:00, run_after=2023-05-01T04:35:53.624305+00:00
[2023-05-01T04:35:53.692+0000] {processor.py:178} INFO - Processing /home/airflow/.local/lib/python3.8/site-packages/airflow/example_dags/example_latest_only.py took 0.362 seconds
