[2023-05-01T04:30:41.384+0000] {processor.py:156} INFO - Started process (PID=153) to work on /home/airflow/.local/lib/python3.8/site-packages/airflow/example_dags/example_subdag_operator.py
[2023-05-01T04:30:41.386+0000] {processor.py:799} INFO - Processing file /home/airflow/.local/lib/python3.8/site-packages/airflow/example_dags/example_subdag_operator.py for tasks to queue
[2023-05-01T04:30:41.388+0000] {logging_mixin.py:149} INFO - [2023-05-01T04:30:41.388+0000] {dagbag.py:541} INFO - Filling up the DagBag from /home/airflow/.local/lib/python3.8/site-packages/airflow/example_dags/example_subdag_operator.py
[2023-05-01T04:30:41.469+0000] {processor.py:809} INFO - DAG(s) dict_keys(['example_subdag_operator.section-1', 'example_subdag_operator.section-2', 'example_subdag_operator']) retrieved from /home/airflow/.local/lib/python3.8/site-packages/airflow/example_dags/example_subdag_operator.py
[2023-05-01T04:30:42.118+0000] {logging_mixin.py:149} INFO - [2023-05-01T04:30:42.118+0000] {manager.py:504} INFO - Created Permission View: can read on DAG:example_subdag_operator
[2023-05-01T04:30:42.154+0000] {logging_mixin.py:149} INFO - [2023-05-01T04:30:42.153+0000] {manager.py:504} INFO - Created Permission View: can delete on DAG:example_subdag_operator
[2023-05-01T04:30:42.176+0000] {logging_mixin.py:149} INFO - [2023-05-01T04:30:42.175+0000] {manager.py:504} INFO - Created Permission View: can edit on DAG:example_subdag_operator
[2023-05-01T04:30:42.177+0000] {logging_mixin.py:149} INFO - [2023-05-01T04:30:42.177+0000] {dag.py:2726} INFO - Sync 3 DAGs
[2023-05-01T04:30:42.226+0000] {logging_mixin.py:149} INFO - [2023-05-01T04:30:42.225+0000] {dag.py:2747} INFO - Creating ORM DAG for example_subdag_operator.section-1
[2023-05-01T04:30:42.231+0000] {logging_mixin.py:149} INFO - [2023-05-01T04:30:42.230+0000] {dag.py:2747} INFO - Creating ORM DAG for example_subdag_operator.section-2
[2023-05-01T04:30:42.235+0000] {logging_mixin.py:149} INFO - [2023-05-01T04:30:42.234+0000] {dag.py:2747} INFO - Creating ORM DAG for example_subdag_operator
[2023-05-01T04:30:42.282+0000] {logging_mixin.py:149} INFO - [2023-05-01T04:30:42.281+0000] {dag.py:3486} INFO - Setting next_dagrun for example_subdag_operator to 2022-01-01T00:00:00+00:00, run_after=2022-01-01T00:00:00+00:00
[2023-05-01T04:30:42.284+0000] {logging_mixin.py:149} INFO - [2023-05-01T04:30:42.284+0000] {dag.py:3486} INFO - Setting next_dagrun for example_subdag_operator.section-1 to None, run_after=None
[2023-05-01T04:30:42.289+0000] {logging_mixin.py:149} INFO - [2023-05-01T04:30:42.288+0000] {dag.py:3486} INFO - Setting next_dagrun for example_subdag_operator.section-2 to None, run_after=None
[2023-05-01T04:30:42.323+0000] {logging_mixin.py:149} INFO - [2023-05-01T04:30:42.322+0000] {dag.py:2726} INFO - Sync 2 DAGs
[2023-05-01T04:30:42.351+0000] {logging_mixin.py:149} INFO - [2023-05-01T04:30:42.350+0000] {dag.py:3486} INFO - Setting next_dagrun for example_subdag_operator.section-1 to None, run_after=None
[2023-05-01T04:30:42.363+0000] {logging_mixin.py:149} INFO - [2023-05-01T04:30:42.363+0000] {dag.py:3486} INFO - Setting next_dagrun for example_subdag_operator.section-2 to None, run_after=None
[2023-05-01T04:30:42.420+0000] {processor.py:178} INFO - Processing /home/airflow/.local/lib/python3.8/site-packages/airflow/example_dags/example_subdag_operator.py took 1.049 seconds
[2023-05-01T04:31:28.239+0000] {processor.py:156} INFO - Started process (PID=287) to work on /home/airflow/.local/lib/python3.8/site-packages/airflow/example_dags/example_subdag_operator.py
[2023-05-01T04:31:28.257+0000] {processor.py:799} INFO - Processing file /home/airflow/.local/lib/python3.8/site-packages/airflow/example_dags/example_subdag_operator.py for tasks to queue
[2023-05-01T04:31:28.263+0000] {logging_mixin.py:149} INFO - [2023-05-01T04:31:28.262+0000] {dagbag.py:541} INFO - Filling up the DagBag from /home/airflow/.local/lib/python3.8/site-packages/airflow/example_dags/example_subdag_operator.py
[2023-05-01T04:31:28.429+0000] {processor.py:809} INFO - DAG(s) dict_keys(['example_subdag_operator.section-1', 'example_subdag_operator.section-2', 'example_subdag_operator']) retrieved from /home/airflow/.local/lib/python3.8/site-packages/airflow/example_dags/example_subdag_operator.py
[2023-05-01T04:31:28.671+0000] {logging_mixin.py:149} INFO - [2023-05-01T04:31:28.670+0000] {dag.py:2726} INFO - Sync 3 DAGs
[2023-05-01T04:31:28.903+0000] {logging_mixin.py:149} INFO - [2023-05-01T04:31:28.901+0000] {dag.py:3486} INFO - Setting next_dagrun for example_subdag_operator to 2022-01-01T00:00:00+00:00, run_after=2022-01-01T00:00:00+00:00
[2023-05-01T04:31:28.943+0000] {logging_mixin.py:149} INFO - [2023-05-01T04:31:28.940+0000] {dag.py:3486} INFO - Setting next_dagrun for example_subdag_operator.section-1 to None, run_after=None
[2023-05-01T04:31:28.954+0000] {logging_mixin.py:149} INFO - [2023-05-01T04:31:28.953+0000] {dag.py:3486} INFO - Setting next_dagrun for example_subdag_operator.section-2 to None, run_after=None
[2023-05-01T04:31:29.005+0000] {logging_mixin.py:149} INFO - [2023-05-01T04:31:29.005+0000] {dag.py:2726} INFO - Sync 2 DAGs
[2023-05-01T04:31:29.034+0000] {logging_mixin.py:149} INFO - [2023-05-01T04:31:29.034+0000] {dag.py:3486} INFO - Setting next_dagrun for example_subdag_operator.section-1 to None, run_after=None
[2023-05-01T04:31:29.037+0000] {logging_mixin.py:149} INFO - [2023-05-01T04:31:29.036+0000] {dag.py:3486} INFO - Setting next_dagrun for example_subdag_operator.section-2 to None, run_after=None
[2023-05-01T04:31:29.100+0000] {processor.py:178} INFO - Processing /home/airflow/.local/lib/python3.8/site-packages/airflow/example_dags/example_subdag_operator.py took 0.899 seconds
[2023-05-01T04:31:59.774+0000] {processor.py:156} INFO - Started process (PID=402) to work on /home/airflow/.local/lib/python3.8/site-packages/airflow/example_dags/example_subdag_operator.py
[2023-05-01T04:31:59.785+0000] {processor.py:799} INFO - Processing file /home/airflow/.local/lib/python3.8/site-packages/airflow/example_dags/example_subdag_operator.py for tasks to queue
[2023-05-01T04:31:59.798+0000] {logging_mixin.py:149} INFO - [2023-05-01T04:31:59.797+0000] {dagbag.py:541} INFO - Filling up the DagBag from /home/airflow/.local/lib/python3.8/site-packages/airflow/example_dags/example_subdag_operator.py
[2023-05-01T04:31:59.984+0000] {processor.py:809} INFO - DAG(s) dict_keys(['example_subdag_operator.section-1', 'example_subdag_operator.section-2', 'example_subdag_operator']) retrieved from /home/airflow/.local/lib/python3.8/site-packages/airflow/example_dags/example_subdag_operator.py
[2023-05-01T04:32:00.161+0000] {logging_mixin.py:149} INFO - [2023-05-01T04:32:00.154+0000] {dag.py:2726} INFO - Sync 3 DAGs
[2023-05-01T04:32:00.307+0000] {logging_mixin.py:149} INFO - [2023-05-01T04:32:00.307+0000] {dag.py:3486} INFO - Setting next_dagrun for example_subdag_operator to 2022-01-01T00:00:00+00:00, run_after=2022-01-01T00:00:00+00:00
[2023-05-01T04:32:00.329+0000] {logging_mixin.py:149} INFO - [2023-05-01T04:32:00.329+0000] {dag.py:3486} INFO - Setting next_dagrun for example_subdag_operator.section-1 to None, run_after=None
[2023-05-01T04:32:00.336+0000] {logging_mixin.py:149} INFO - [2023-05-01T04:32:00.334+0000] {dag.py:3486} INFO - Setting next_dagrun for example_subdag_operator.section-2 to None, run_after=None
[2023-05-01T04:32:00.382+0000] {logging_mixin.py:149} INFO - [2023-05-01T04:32:00.381+0000] {dag.py:2726} INFO - Sync 2 DAGs
[2023-05-01T04:32:00.415+0000] {logging_mixin.py:149} INFO - [2023-05-01T04:32:00.415+0000] {dag.py:3486} INFO - Setting next_dagrun for example_subdag_operator.section-1 to None, run_after=None
[2023-05-01T04:32:00.418+0000] {logging_mixin.py:149} INFO - [2023-05-01T04:32:00.417+0000] {dag.py:3486} INFO - Setting next_dagrun for example_subdag_operator.section-2 to None, run_after=None
[2023-05-01T04:32:00.492+0000] {processor.py:178} INFO - Processing /home/airflow/.local/lib/python3.8/site-packages/airflow/example_dags/example_subdag_operator.py took 0.742 seconds
[2023-05-01T04:32:31.574+0000] {processor.py:156} INFO - Started process (PID=527) to work on /home/airflow/.local/lib/python3.8/site-packages/airflow/example_dags/example_subdag_operator.py
[2023-05-01T04:32:31.577+0000] {processor.py:799} INFO - Processing file /home/airflow/.local/lib/python3.8/site-packages/airflow/example_dags/example_subdag_operator.py for tasks to queue
[2023-05-01T04:32:31.580+0000] {logging_mixin.py:149} INFO - [2023-05-01T04:32:31.580+0000] {dagbag.py:541} INFO - Filling up the DagBag from /home/airflow/.local/lib/python3.8/site-packages/airflow/example_dags/example_subdag_operator.py
[2023-05-01T04:32:31.807+0000] {processor.py:809} INFO - DAG(s) dict_keys(['example_subdag_operator.section-1', 'example_subdag_operator.section-2', 'example_subdag_operator']) retrieved from /home/airflow/.local/lib/python3.8/site-packages/airflow/example_dags/example_subdag_operator.py
[2023-05-01T04:32:32.093+0000] {logging_mixin.py:149} INFO - [2023-05-01T04:32:32.091+0000] {dag.py:2726} INFO - Sync 3 DAGs
[2023-05-01T04:32:32.308+0000] {logging_mixin.py:149} INFO - [2023-05-01T04:32:32.307+0000] {dag.py:3486} INFO - Setting next_dagrun for example_subdag_operator to 2022-01-01T00:00:00+00:00, run_after=2022-01-01T00:00:00+00:00
[2023-05-01T04:32:32.335+0000] {logging_mixin.py:149} INFO - [2023-05-01T04:32:32.335+0000] {dag.py:3486} INFO - Setting next_dagrun for example_subdag_operator.section-1 to None, run_after=None
[2023-05-01T04:32:32.344+0000] {logging_mixin.py:149} INFO - [2023-05-01T04:32:32.343+0000] {dag.py:3486} INFO - Setting next_dagrun for example_subdag_operator.section-2 to None, run_after=None
[2023-05-01T04:32:32.385+0000] {logging_mixin.py:149} INFO - [2023-05-01T04:32:32.384+0000] {dag.py:2726} INFO - Sync 2 DAGs
[2023-05-01T04:32:32.422+0000] {logging_mixin.py:149} INFO - [2023-05-01T04:32:32.422+0000] {dag.py:3486} INFO - Setting next_dagrun for example_subdag_operator.section-1 to None, run_after=None
[2023-05-01T04:32:32.424+0000] {logging_mixin.py:149} INFO - [2023-05-01T04:32:32.424+0000] {dag.py:3486} INFO - Setting next_dagrun for example_subdag_operator.section-2 to None, run_after=None
[2023-05-01T04:32:32.472+0000] {processor.py:178} INFO - Processing /home/airflow/.local/lib/python3.8/site-packages/airflow/example_dags/example_subdag_operator.py took 0.914 seconds
[2023-05-01T04:33:02.610+0000] {processor.py:156} INFO - Started process (PID=632) to work on /home/airflow/.local/lib/python3.8/site-packages/airflow/example_dags/example_subdag_operator.py
[2023-05-01T04:33:02.614+0000] {processor.py:799} INFO - Processing file /home/airflow/.local/lib/python3.8/site-packages/airflow/example_dags/example_subdag_operator.py for tasks to queue
[2023-05-01T04:33:02.621+0000] {logging_mixin.py:149} INFO - [2023-05-01T04:33:02.620+0000] {dagbag.py:541} INFO - Filling up the DagBag from /home/airflow/.local/lib/python3.8/site-packages/airflow/example_dags/example_subdag_operator.py
[2023-05-01T04:33:02.735+0000] {processor.py:809} INFO - DAG(s) dict_keys(['example_subdag_operator.section-1', 'example_subdag_operator.section-2', 'example_subdag_operator']) retrieved from /home/airflow/.local/lib/python3.8/site-packages/airflow/example_dags/example_subdag_operator.py
[2023-05-01T04:33:02.819+0000] {logging_mixin.py:149} INFO - [2023-05-01T04:33:02.818+0000] {dag.py:2726} INFO - Sync 3 DAGs
[2023-05-01T04:33:02.897+0000] {logging_mixin.py:149} INFO - [2023-05-01T04:33:02.896+0000] {dag.py:3486} INFO - Setting next_dagrun for example_subdag_operator to 2022-01-01T00:00:00+00:00, run_after=2022-01-01T00:00:00+00:00
[2023-05-01T04:33:02.909+0000] {logging_mixin.py:149} INFO - [2023-05-01T04:33:02.909+0000] {dag.py:3486} INFO - Setting next_dagrun for example_subdag_operator.section-1 to None, run_after=None
[2023-05-01T04:33:02.914+0000] {logging_mixin.py:149} INFO - [2023-05-01T04:33:02.914+0000] {dag.py:3486} INFO - Setting next_dagrun for example_subdag_operator.section-2 to None, run_after=None
[2023-05-01T04:33:02.937+0000] {logging_mixin.py:149} INFO - [2023-05-01T04:33:02.936+0000] {dag.py:2726} INFO - Sync 2 DAGs
[2023-05-01T04:33:02.954+0000] {logging_mixin.py:149} INFO - [2023-05-01T04:33:02.954+0000] {dag.py:3486} INFO - Setting next_dagrun for example_subdag_operator.section-1 to None, run_after=None
[2023-05-01T04:33:02.957+0000] {logging_mixin.py:149} INFO - [2023-05-01T04:33:02.957+0000] {dag.py:3486} INFO - Setting next_dagrun for example_subdag_operator.section-2 to None, run_after=None
[2023-05-01T04:33:02.987+0000] {processor.py:178} INFO - Processing /home/airflow/.local/lib/python3.8/site-packages/airflow/example_dags/example_subdag_operator.py took 0.390 seconds
[2023-05-01T04:33:33.776+0000] {processor.py:156} INFO - Started process (PID=756) to work on /home/airflow/.local/lib/python3.8/site-packages/airflow/example_dags/example_subdag_operator.py
[2023-05-01T04:33:33.778+0000] {processor.py:799} INFO - Processing file /home/airflow/.local/lib/python3.8/site-packages/airflow/example_dags/example_subdag_operator.py for tasks to queue
[2023-05-01T04:33:33.782+0000] {logging_mixin.py:149} INFO - [2023-05-01T04:33:33.781+0000] {dagbag.py:541} INFO - Filling up the DagBag from /home/airflow/.local/lib/python3.8/site-packages/airflow/example_dags/example_subdag_operator.py
[2023-05-01T04:33:33.842+0000] {processor.py:809} INFO - DAG(s) dict_keys(['example_subdag_operator.section-1', 'example_subdag_operator.section-2', 'example_subdag_operator']) retrieved from /home/airflow/.local/lib/python3.8/site-packages/airflow/example_dags/example_subdag_operator.py
[2023-05-01T04:33:33.915+0000] {logging_mixin.py:149} INFO - [2023-05-01T04:33:33.914+0000] {dag.py:2726} INFO - Sync 3 DAGs
[2023-05-01T04:33:33.982+0000] {logging_mixin.py:149} INFO - [2023-05-01T04:33:33.981+0000] {dag.py:3486} INFO - Setting next_dagrun for example_subdag_operator to 2022-01-01T00:00:00+00:00, run_after=2022-01-01T00:00:00+00:00
[2023-05-01T04:33:33.994+0000] {logging_mixin.py:149} INFO - [2023-05-01T04:33:33.993+0000] {dag.py:3486} INFO - Setting next_dagrun for example_subdag_operator.section-1 to None, run_after=None
[2023-05-01T04:33:33.997+0000] {logging_mixin.py:149} INFO - [2023-05-01T04:33:33.997+0000] {dag.py:3486} INFO - Setting next_dagrun for example_subdag_operator.section-2 to None, run_after=None
[2023-05-01T04:33:34.016+0000] {logging_mixin.py:149} INFO - [2023-05-01T04:33:34.016+0000] {dag.py:2726} INFO - Sync 2 DAGs
[2023-05-01T04:33:34.029+0000] {logging_mixin.py:149} INFO - [2023-05-01T04:33:34.028+0000] {dag.py:3486} INFO - Setting next_dagrun for example_subdag_operator.section-1 to None, run_after=None
[2023-05-01T04:33:34.031+0000] {logging_mixin.py:149} INFO - [2023-05-01T04:33:34.030+0000] {dag.py:3486} INFO - Setting next_dagrun for example_subdag_operator.section-2 to None, run_after=None
[2023-05-01T04:33:34.059+0000] {processor.py:178} INFO - Processing /home/airflow/.local/lib/python3.8/site-packages/airflow/example_dags/example_subdag_operator.py took 0.290 seconds
[2023-05-01T04:34:04.166+0000] {processor.py:156} INFO - Started process (PID=869) to work on /home/airflow/.local/lib/python3.8/site-packages/airflow/example_dags/example_subdag_operator.py
[2023-05-01T04:34:04.175+0000] {processor.py:799} INFO - Processing file /home/airflow/.local/lib/python3.8/site-packages/airflow/example_dags/example_subdag_operator.py for tasks to queue
[2023-05-01T04:34:04.179+0000] {logging_mixin.py:149} INFO - [2023-05-01T04:34:04.179+0000] {dagbag.py:541} INFO - Filling up the DagBag from /home/airflow/.local/lib/python3.8/site-packages/airflow/example_dags/example_subdag_operator.py
[2023-05-01T04:34:04.275+0000] {processor.py:809} INFO - DAG(s) dict_keys(['example_subdag_operator.section-1', 'example_subdag_operator.section-2', 'example_subdag_operator']) retrieved from /home/airflow/.local/lib/python3.8/site-packages/airflow/example_dags/example_subdag_operator.py
[2023-05-01T04:34:04.401+0000] {logging_mixin.py:149} INFO - [2023-05-01T04:34:04.400+0000] {dag.py:2726} INFO - Sync 3 DAGs
[2023-05-01T04:34:04.544+0000] {logging_mixin.py:149} INFO - [2023-05-01T04:34:04.543+0000] {dag.py:3486} INFO - Setting next_dagrun for example_subdag_operator to 2022-01-01T00:00:00+00:00, run_after=2022-01-01T00:00:00+00:00
[2023-05-01T04:34:04.575+0000] {logging_mixin.py:149} INFO - [2023-05-01T04:34:04.574+0000] {dag.py:3486} INFO - Setting next_dagrun for example_subdag_operator.section-1 to None, run_after=None
[2023-05-01T04:34:04.579+0000] {logging_mixin.py:149} INFO - [2023-05-01T04:34:04.578+0000] {dag.py:3486} INFO - Setting next_dagrun for example_subdag_operator.section-2 to None, run_after=None
[2023-05-01T04:34:04.621+0000] {logging_mixin.py:149} INFO - [2023-05-01T04:34:04.620+0000] {dag.py:2726} INFO - Sync 2 DAGs
[2023-05-01T04:34:04.641+0000] {logging_mixin.py:149} INFO - [2023-05-01T04:34:04.641+0000] {dag.py:3486} INFO - Setting next_dagrun for example_subdag_operator.section-1 to None, run_after=None
[2023-05-01T04:34:04.643+0000] {logging_mixin.py:149} INFO - [2023-05-01T04:34:04.643+0000] {dag.py:3486} INFO - Setting next_dagrun for example_subdag_operator.section-2 to None, run_after=None
[2023-05-01T04:34:04.684+0000] {processor.py:178} INFO - Processing /home/airflow/.local/lib/python3.8/site-packages/airflow/example_dags/example_subdag_operator.py took 0.534 seconds
[2023-05-01T04:34:35.393+0000] {processor.py:156} INFO - Started process (PID=995) to work on /home/airflow/.local/lib/python3.8/site-packages/airflow/example_dags/example_subdag_operator.py
[2023-05-01T04:34:35.396+0000] {processor.py:799} INFO - Processing file /home/airflow/.local/lib/python3.8/site-packages/airflow/example_dags/example_subdag_operator.py for tasks to queue
[2023-05-01T04:34:35.400+0000] {logging_mixin.py:149} INFO - [2023-05-01T04:34:35.399+0000] {dagbag.py:541} INFO - Filling up the DagBag from /home/airflow/.local/lib/python3.8/site-packages/airflow/example_dags/example_subdag_operator.py
[2023-05-01T04:34:35.474+0000] {processor.py:809} INFO - DAG(s) dict_keys(['example_subdag_operator.section-1', 'example_subdag_operator.section-2', 'example_subdag_operator']) retrieved from /home/airflow/.local/lib/python3.8/site-packages/airflow/example_dags/example_subdag_operator.py
[2023-05-01T04:34:35.545+0000] {logging_mixin.py:149} INFO - [2023-05-01T04:34:35.544+0000] {dag.py:2726} INFO - Sync 3 DAGs
[2023-05-01T04:34:35.635+0000] {logging_mixin.py:149} INFO - [2023-05-01T04:34:35.635+0000] {dag.py:3486} INFO - Setting next_dagrun for example_subdag_operator to 2022-01-01T00:00:00+00:00, run_after=2022-01-01T00:00:00+00:00
[2023-05-01T04:34:35.652+0000] {logging_mixin.py:149} INFO - [2023-05-01T04:34:35.651+0000] {dag.py:3486} INFO - Setting next_dagrun for example_subdag_operator.section-1 to None, run_after=None
[2023-05-01T04:34:35.658+0000] {logging_mixin.py:149} INFO - [2023-05-01T04:34:35.658+0000] {dag.py:3486} INFO - Setting next_dagrun for example_subdag_operator.section-2 to None, run_after=None
[2023-05-01T04:34:35.682+0000] {logging_mixin.py:149} INFO - [2023-05-01T04:34:35.681+0000] {dag.py:2726} INFO - Sync 2 DAGs
[2023-05-01T04:34:35.708+0000] {logging_mixin.py:149} INFO - [2023-05-01T04:34:35.708+0000] {dag.py:3486} INFO - Setting next_dagrun for example_subdag_operator.section-1 to None, run_after=None
[2023-05-01T04:34:35.722+0000] {logging_mixin.py:149} INFO - [2023-05-01T04:34:35.720+0000] {dag.py:3486} INFO - Setting next_dagrun for example_subdag_operator.section-2 to None, run_after=None
[2023-05-01T04:34:35.793+0000] {processor.py:178} INFO - Processing /home/airflow/.local/lib/python3.8/site-packages/airflow/example_dags/example_subdag_operator.py took 0.407 seconds
[2023-05-01T04:35:06.265+0000] {processor.py:156} INFO - Started process (PID=1118) to work on /home/airflow/.local/lib/python3.8/site-packages/airflow/example_dags/example_subdag_operator.py
[2023-05-01T04:35:06.268+0000] {processor.py:799} INFO - Processing file /home/airflow/.local/lib/python3.8/site-packages/airflow/example_dags/example_subdag_operator.py for tasks to queue
[2023-05-01T04:35:06.272+0000] {logging_mixin.py:149} INFO - [2023-05-01T04:35:06.271+0000] {dagbag.py:541} INFO - Filling up the DagBag from /home/airflow/.local/lib/python3.8/site-packages/airflow/example_dags/example_subdag_operator.py
[2023-05-01T04:35:06.350+0000] {processor.py:809} INFO - DAG(s) dict_keys(['example_subdag_operator.section-1', 'example_subdag_operator.section-2', 'example_subdag_operator']) retrieved from /home/airflow/.local/lib/python3.8/site-packages/airflow/example_dags/example_subdag_operator.py
[2023-05-01T04:35:06.422+0000] {logging_mixin.py:149} INFO - [2023-05-01T04:35:06.421+0000] {dag.py:2726} INFO - Sync 3 DAGs
[2023-05-01T04:35:06.488+0000] {logging_mixin.py:149} INFO - [2023-05-01T04:35:06.487+0000] {dag.py:3486} INFO - Setting next_dagrun for example_subdag_operator to 2022-01-01T00:00:00+00:00, run_after=2022-01-01T00:00:00+00:00
[2023-05-01T04:35:06.499+0000] {logging_mixin.py:149} INFO - [2023-05-01T04:35:06.498+0000] {dag.py:3486} INFO - Setting next_dagrun for example_subdag_operator.section-1 to None, run_after=None
[2023-05-01T04:35:06.507+0000] {logging_mixin.py:149} INFO - [2023-05-01T04:35:06.506+0000] {dag.py:3486} INFO - Setting next_dagrun for example_subdag_operator.section-2 to None, run_after=None
[2023-05-01T04:35:06.545+0000] {logging_mixin.py:149} INFO - [2023-05-01T04:35:06.545+0000] {dag.py:2726} INFO - Sync 2 DAGs
[2023-05-01T04:35:06.564+0000] {logging_mixin.py:149} INFO - [2023-05-01T04:35:06.564+0000] {dag.py:3486} INFO - Setting next_dagrun for example_subdag_operator.section-1 to None, run_after=None
[2023-05-01T04:35:06.573+0000] {logging_mixin.py:149} INFO - [2023-05-01T04:35:06.573+0000] {dag.py:3486} INFO - Setting next_dagrun for example_subdag_operator.section-2 to None, run_after=None
[2023-05-01T04:35:06.608+0000] {processor.py:178} INFO - Processing /home/airflow/.local/lib/python3.8/site-packages/airflow/example_dags/example_subdag_operator.py took 0.363 seconds
[2023-05-01T04:35:36.978+0000] {processor.py:156} INFO - Started process (PID=1234) to work on /home/airflow/.local/lib/python3.8/site-packages/airflow/example_dags/example_subdag_operator.py
[2023-05-01T04:35:36.984+0000] {processor.py:799} INFO - Processing file /home/airflow/.local/lib/python3.8/site-packages/airflow/example_dags/example_subdag_operator.py for tasks to queue
[2023-05-01T04:35:36.995+0000] {logging_mixin.py:149} INFO - [2023-05-01T04:35:36.994+0000] {dagbag.py:541} INFO - Filling up the DagBag from /home/airflow/.local/lib/python3.8/site-packages/airflow/example_dags/example_subdag_operator.py
[2023-05-01T04:35:37.135+0000] {processor.py:809} INFO - DAG(s) dict_keys(['example_subdag_operator.section-1', 'example_subdag_operator.section-2', 'example_subdag_operator']) retrieved from /home/airflow/.local/lib/python3.8/site-packages/airflow/example_dags/example_subdag_operator.py
[2023-05-01T04:35:37.218+0000] {logging_mixin.py:149} INFO - [2023-05-01T04:35:37.217+0000] {dag.py:2726} INFO - Sync 3 DAGs
[2023-05-01T04:35:37.280+0000] {logging_mixin.py:149} INFO - [2023-05-01T04:35:37.280+0000] {dag.py:3486} INFO - Setting next_dagrun for example_subdag_operator to 2022-01-01T00:00:00+00:00, run_after=2022-01-01T00:00:00+00:00
[2023-05-01T04:35:37.291+0000] {logging_mixin.py:149} INFO - [2023-05-01T04:35:37.290+0000] {dag.py:3486} INFO - Setting next_dagrun for example_subdag_operator.section-1 to None, run_after=None
[2023-05-01T04:35:37.294+0000] {logging_mixin.py:149} INFO - [2023-05-01T04:35:37.294+0000] {dag.py:3486} INFO - Setting next_dagrun for example_subdag_operator.section-2 to None, run_after=None
[2023-05-01T04:35:37.312+0000] {logging_mixin.py:149} INFO - [2023-05-01T04:35:37.311+0000] {dag.py:2726} INFO - Sync 2 DAGs
[2023-05-01T04:35:37.325+0000] {logging_mixin.py:149} INFO - [2023-05-01T04:35:37.325+0000] {dag.py:3486} INFO - Setting next_dagrun for example_subdag_operator.section-1 to None, run_after=None
[2023-05-01T04:35:37.327+0000] {logging_mixin.py:149} INFO - [2023-05-01T04:35:37.326+0000] {dag.py:3486} INFO - Setting next_dagrun for example_subdag_operator.section-2 to None, run_after=None
[2023-05-01T04:35:37.350+0000] {processor.py:178} INFO - Processing /home/airflow/.local/lib/python3.8/site-packages/airflow/example_dags/example_subdag_operator.py took 0.396 seconds
