[2023-05-01T04:30:49.120+0000] {processor.py:156} INFO - Started process (PID=185) to work on /home/airflow/.local/lib/python3.8/site-packages/airflow/example_dags/example_params_trigger_ui.py
[2023-05-01T04:30:49.144+0000] {processor.py:799} INFO - Processing file /home/airflow/.local/lib/python3.8/site-packages/airflow/example_dags/example_params_trigger_ui.py for tasks to queue
[2023-05-01T04:30:49.152+0000] {logging_mixin.py:149} INFO - [2023-05-01T04:30:49.151+0000] {dagbag.py:541} INFO - Filling up the DagBag from /home/airflow/.local/lib/python3.8/site-packages/airflow/example_dags/example_params_trigger_ui.py
[2023-05-01T04:30:49.484+0000] {processor.py:809} INFO - DAG(s) dict_keys(['example_params_trigger_ui']) retrieved from /home/airflow/.local/lib/python3.8/site-packages/airflow/example_dags/example_params_trigger_ui.py
[2023-05-01T04:30:52.855+0000] {logging_mixin.py:149} INFO - [2023-05-01T04:30:52.854+0000] {manager.py:504} INFO - Created Permission View: can read on DAG:example_params_trigger_ui
[2023-05-01T04:30:52.894+0000] {logging_mixin.py:149} INFO - [2023-05-01T04:30:52.893+0000] {manager.py:504} INFO - Created Permission View: can delete on DAG:example_params_trigger_ui
[2023-05-01T04:30:52.918+0000] {logging_mixin.py:149} INFO - [2023-05-01T04:30:52.917+0000] {manager.py:504} INFO - Created Permission View: can edit on DAG:example_params_trigger_ui
[2023-05-01T04:30:52.920+0000] {logging_mixin.py:149} INFO - [2023-05-01T04:30:52.919+0000] {dag.py:2726} INFO - Sync 1 DAGs
[2023-05-01T04:30:53.010+0000] {logging_mixin.py:149} INFO - [2023-05-01T04:30:53.009+0000] {dag.py:2747} INFO - Creating ORM DAG for example_params_trigger_ui
[2023-05-01T04:30:53.114+0000] {logging_mixin.py:149} INFO - [2023-05-01T04:30:53.110+0000] {dag.py:3486} INFO - Setting next_dagrun for example_params_trigger_ui to None, run_after=None
[2023-05-01T04:30:53.285+0000] {processor.py:178} INFO - Processing /home/airflow/.local/lib/python3.8/site-packages/airflow/example_dags/example_params_trigger_ui.py took 4.186 seconds
[2023-05-01T04:31:32.157+0000] {processor.py:156} INFO - Started process (PID=310) to work on /home/airflow/.local/lib/python3.8/site-packages/airflow/example_dags/example_params_trigger_ui.py
[2023-05-01T04:31:32.159+0000] {processor.py:799} INFO - Processing file /home/airflow/.local/lib/python3.8/site-packages/airflow/example_dags/example_params_trigger_ui.py for tasks to queue
[2023-05-01T04:31:32.171+0000] {logging_mixin.py:149} INFO - [2023-05-01T04:31:32.170+0000] {dagbag.py:541} INFO - Filling up the DagBag from /home/airflow/.local/lib/python3.8/site-packages/airflow/example_dags/example_params_trigger_ui.py
[2023-05-01T04:31:32.320+0000] {processor.py:809} INFO - DAG(s) dict_keys(['example_params_trigger_ui']) retrieved from /home/airflow/.local/lib/python3.8/site-packages/airflow/example_dags/example_params_trigger_ui.py
[2023-05-01T04:31:33.183+0000] {logging_mixin.py:149} INFO - [2023-05-01T04:31:33.182+0000] {dag.py:2726} INFO - Sync 1 DAGs
[2023-05-01T04:31:33.355+0000] {logging_mixin.py:149} INFO - [2023-05-01T04:31:33.354+0000] {dag.py:3486} INFO - Setting next_dagrun for example_params_trigger_ui to None, run_after=None
[2023-05-01T04:31:33.476+0000] {processor.py:178} INFO - Processing /home/airflow/.local/lib/python3.8/site-packages/airflow/example_dags/example_params_trigger_ui.py took 1.344 seconds
[2023-05-01T04:32:03.689+0000] {processor.py:156} INFO - Started process (PID=422) to work on /home/airflow/.local/lib/python3.8/site-packages/airflow/example_dags/example_params_trigger_ui.py
[2023-05-01T04:32:03.692+0000] {processor.py:799} INFO - Processing file /home/airflow/.local/lib/python3.8/site-packages/airflow/example_dags/example_params_trigger_ui.py for tasks to queue
[2023-05-01T04:32:03.700+0000] {logging_mixin.py:149} INFO - [2023-05-01T04:32:03.699+0000] {dagbag.py:541} INFO - Filling up the DagBag from /home/airflow/.local/lib/python3.8/site-packages/airflow/example_dags/example_params_trigger_ui.py
[2023-05-01T04:32:03.912+0000] {processor.py:809} INFO - DAG(s) dict_keys(['example_params_trigger_ui']) retrieved from /home/airflow/.local/lib/python3.8/site-packages/airflow/example_dags/example_params_trigger_ui.py
[2023-05-01T04:32:05.340+0000] {logging_mixin.py:149} INFO - [2023-05-01T04:32:05.338+0000] {dag.py:2726} INFO - Sync 1 DAGs
[2023-05-01T04:32:05.614+0000] {logging_mixin.py:149} INFO - [2023-05-01T04:32:05.613+0000] {dag.py:3486} INFO - Setting next_dagrun for example_params_trigger_ui to None, run_after=None
[2023-05-01T04:32:05.745+0000] {processor.py:178} INFO - Processing /home/airflow/.local/lib/python3.8/site-packages/airflow/example_dags/example_params_trigger_ui.py took 2.083 seconds
[2023-05-01T04:32:36.110+0000] {processor.py:156} INFO - Started process (PID=547) to work on /home/airflow/.local/lib/python3.8/site-packages/airflow/example_dags/example_params_trigger_ui.py
[2023-05-01T04:32:36.121+0000] {processor.py:799} INFO - Processing file /home/airflow/.local/lib/python3.8/site-packages/airflow/example_dags/example_params_trigger_ui.py for tasks to queue
[2023-05-01T04:32:36.125+0000] {logging_mixin.py:149} INFO - [2023-05-01T04:32:36.125+0000] {dagbag.py:541} INFO - Filling up the DagBag from /home/airflow/.local/lib/python3.8/site-packages/airflow/example_dags/example_params_trigger_ui.py
[2023-05-01T04:32:36.323+0000] {processor.py:809} INFO - DAG(s) dict_keys(['example_params_trigger_ui']) retrieved from /home/airflow/.local/lib/python3.8/site-packages/airflow/example_dags/example_params_trigger_ui.py
[2023-05-01T04:32:37.792+0000] {logging_mixin.py:149} INFO - [2023-05-01T04:32:37.791+0000] {dag.py:2726} INFO - Sync 1 DAGs
[2023-05-01T04:32:37.985+0000] {logging_mixin.py:149} INFO - [2023-05-01T04:32:37.984+0000] {dag.py:3486} INFO - Setting next_dagrun for example_params_trigger_ui to None, run_after=None
[2023-05-01T04:32:38.093+0000] {processor.py:178} INFO - Processing /home/airflow/.local/lib/python3.8/site-packages/airflow/example_dags/example_params_trigger_ui.py took 1.996 seconds
[2023-05-01T04:33:08.895+0000] {processor.py:156} INFO - Started process (PID=672) to work on /home/airflow/.local/lib/python3.8/site-packages/airflow/example_dags/example_params_trigger_ui.py
[2023-05-01T04:33:08.900+0000] {processor.py:799} INFO - Processing file /home/airflow/.local/lib/python3.8/site-packages/airflow/example_dags/example_params_trigger_ui.py for tasks to queue
[2023-05-01T04:33:08.909+0000] {logging_mixin.py:149} INFO - [2023-05-01T04:33:08.909+0000] {dagbag.py:541} INFO - Filling up the DagBag from /home/airflow/.local/lib/python3.8/site-packages/airflow/example_dags/example_params_trigger_ui.py
[2023-05-01T04:33:09.162+0000] {processor.py:809} INFO - DAG(s) dict_keys(['example_params_trigger_ui']) retrieved from /home/airflow/.local/lib/python3.8/site-packages/airflow/example_dags/example_params_trigger_ui.py
[2023-05-01T04:33:10.644+0000] {logging_mixin.py:149} INFO - [2023-05-01T04:33:10.638+0000] {dag.py:2726} INFO - Sync 1 DAGs
[2023-05-01T04:33:10.877+0000] {logging_mixin.py:149} INFO - [2023-05-01T04:33:10.873+0000] {dag.py:3486} INFO - Setting next_dagrun for example_params_trigger_ui to None, run_after=None
[2023-05-01T04:33:11.027+0000] {processor.py:178} INFO - Processing /home/airflow/.local/lib/python3.8/site-packages/airflow/example_dags/example_params_trigger_ui.py took 2.175 seconds
[2023-05-01T04:33:41.437+0000] {processor.py:156} INFO - Started process (PID=784) to work on /home/airflow/.local/lib/python3.8/site-packages/airflow/example_dags/example_params_trigger_ui.py
[2023-05-01T04:33:41.445+0000] {processor.py:799} INFO - Processing file /home/airflow/.local/lib/python3.8/site-packages/airflow/example_dags/example_params_trigger_ui.py for tasks to queue
[2023-05-01T04:33:41.450+0000] {logging_mixin.py:149} INFO - [2023-05-01T04:33:41.449+0000] {dagbag.py:541} INFO - Filling up the DagBag from /home/airflow/.local/lib/python3.8/site-packages/airflow/example_dags/example_params_trigger_ui.py
[2023-05-01T04:33:41.644+0000] {processor.py:809} INFO - DAG(s) dict_keys(['example_params_trigger_ui']) retrieved from /home/airflow/.local/lib/python3.8/site-packages/airflow/example_dags/example_params_trigger_ui.py
[2023-05-01T04:33:42.133+0000] {logging_mixin.py:149} INFO - [2023-05-01T04:33:42.132+0000] {dag.py:2726} INFO - Sync 1 DAGs
[2023-05-01T04:33:42.213+0000] {logging_mixin.py:149} INFO - [2023-05-01T04:33:42.212+0000] {dag.py:3486} INFO - Setting next_dagrun for example_params_trigger_ui to None, run_after=None
[2023-05-01T04:33:42.304+0000] {processor.py:178} INFO - Processing /home/airflow/.local/lib/python3.8/site-packages/airflow/example_dags/example_params_trigger_ui.py took 0.874 seconds
[2023-05-01T04:34:12.674+0000] {processor.py:156} INFO - Started process (PID=910) to work on /home/airflow/.local/lib/python3.8/site-packages/airflow/example_dags/example_params_trigger_ui.py
[2023-05-01T04:34:12.679+0000] {processor.py:799} INFO - Processing file /home/airflow/.local/lib/python3.8/site-packages/airflow/example_dags/example_params_trigger_ui.py for tasks to queue
[2023-05-01T04:34:12.684+0000] {logging_mixin.py:149} INFO - [2023-05-01T04:34:12.684+0000] {dagbag.py:541} INFO - Filling up the DagBag from /home/airflow/.local/lib/python3.8/site-packages/airflow/example_dags/example_params_trigger_ui.py
[2023-05-01T04:34:12.768+0000] {processor.py:809} INFO - DAG(s) dict_keys(['example_params_trigger_ui']) retrieved from /home/airflow/.local/lib/python3.8/site-packages/airflow/example_dags/example_params_trigger_ui.py
[2023-05-01T04:34:13.162+0000] {logging_mixin.py:149} INFO - [2023-05-01T04:34:13.161+0000] {dag.py:2726} INFO - Sync 1 DAGs
[2023-05-01T04:34:13.226+0000] {logging_mixin.py:149} INFO - [2023-05-01T04:34:13.226+0000] {dag.py:3486} INFO - Setting next_dagrun for example_params_trigger_ui to None, run_after=None
[2023-05-01T04:34:13.319+0000] {processor.py:178} INFO - Processing /home/airflow/.local/lib/python3.8/site-packages/airflow/example_dags/example_params_trigger_ui.py took 0.651 seconds
[2023-05-01T04:34:43.793+0000] {processor.py:156} INFO - Started process (PID=1017) to work on /home/airflow/.local/lib/python3.8/site-packages/airflow/example_dags/example_params_trigger_ui.py
[2023-05-01T04:34:43.801+0000] {processor.py:799} INFO - Processing file /home/airflow/.local/lib/python3.8/site-packages/airflow/example_dags/example_params_trigger_ui.py for tasks to queue
[2023-05-01T04:34:43.810+0000] {logging_mixin.py:149} INFO - [2023-05-01T04:34:43.810+0000] {dagbag.py:541} INFO - Filling up the DagBag from /home/airflow/.local/lib/python3.8/site-packages/airflow/example_dags/example_params_trigger_ui.py
[2023-05-01T04:34:44.361+0000] {processor.py:809} INFO - DAG(s) dict_keys(['example_params_trigger_ui']) retrieved from /home/airflow/.local/lib/python3.8/site-packages/airflow/example_dags/example_params_trigger_ui.py
[2023-05-01T04:34:45.046+0000] {logging_mixin.py:149} INFO - [2023-05-01T04:34:45.045+0000] {dag.py:2726} INFO - Sync 1 DAGs
[2023-05-01T04:34:45.264+0000] {logging_mixin.py:149} INFO - [2023-05-01T04:34:45.263+0000] {dag.py:3486} INFO - Setting next_dagrun for example_params_trigger_ui to None, run_after=None
[2023-05-01T04:34:45.436+0000] {processor.py:178} INFO - Processing /home/airflow/.local/lib/python3.8/site-packages/airflow/example_dags/example_params_trigger_ui.py took 1.671 seconds
[2023-05-01T04:35:15.688+0000] {processor.py:156} INFO - Started process (PID=1141) to work on /home/airflow/.local/lib/python3.8/site-packages/airflow/example_dags/example_params_trigger_ui.py
[2023-05-01T04:35:15.691+0000] {processor.py:799} INFO - Processing file /home/airflow/.local/lib/python3.8/site-packages/airflow/example_dags/example_params_trigger_ui.py for tasks to queue
[2023-05-01T04:35:15.695+0000] {logging_mixin.py:149} INFO - [2023-05-01T04:35:15.695+0000] {dagbag.py:541} INFO - Filling up the DagBag from /home/airflow/.local/lib/python3.8/site-packages/airflow/example_dags/example_params_trigger_ui.py
[2023-05-01T04:35:15.778+0000] {processor.py:809} INFO - DAG(s) dict_keys(['example_params_trigger_ui']) retrieved from /home/airflow/.local/lib/python3.8/site-packages/airflow/example_dags/example_params_trigger_ui.py
[2023-05-01T04:35:16.224+0000] {logging_mixin.py:149} INFO - [2023-05-01T04:35:16.223+0000] {dag.py:2726} INFO - Sync 1 DAGs
[2023-05-01T04:35:16.294+0000] {logging_mixin.py:149} INFO - [2023-05-01T04:35:16.293+0000] {dag.py:3486} INFO - Setting next_dagrun for example_params_trigger_ui to None, run_after=None
[2023-05-01T04:35:16.368+0000] {processor.py:178} INFO - Processing /home/airflow/.local/lib/python3.8/site-packages/airflow/example_dags/example_params_trigger_ui.py took 0.689 seconds
[2023-05-01T04:35:46.577+0000] {processor.py:156} INFO - Started process (PID=1267) to work on /home/airflow/.local/lib/python3.8/site-packages/airflow/example_dags/example_params_trigger_ui.py
[2023-05-01T04:35:46.580+0000] {processor.py:799} INFO - Processing file /home/airflow/.local/lib/python3.8/site-packages/airflow/example_dags/example_params_trigger_ui.py for tasks to queue
[2023-05-01T04:35:46.586+0000] {logging_mixin.py:149} INFO - [2023-05-01T04:35:46.585+0000] {dagbag.py:541} INFO - Filling up the DagBag from /home/airflow/.local/lib/python3.8/site-packages/airflow/example_dags/example_params_trigger_ui.py
[2023-05-01T04:35:46.756+0000] {processor.py:809} INFO - DAG(s) dict_keys(['example_params_trigger_ui']) retrieved from /home/airflow/.local/lib/python3.8/site-packages/airflow/example_dags/example_params_trigger_ui.py
[2023-05-01T04:35:47.612+0000] {logging_mixin.py:149} INFO - [2023-05-01T04:35:47.611+0000] {dag.py:2726} INFO - Sync 1 DAGs
[2023-05-01T04:35:47.728+0000] {logging_mixin.py:149} INFO - [2023-05-01T04:35:47.727+0000] {dag.py:3486} INFO - Setting next_dagrun for example_params_trigger_ui to None, run_after=None
[2023-05-01T04:35:47.805+0000] {processor.py:178} INFO - Processing /home/airflow/.local/lib/python3.8/site-packages/airflow/example_dags/example_params_trigger_ui.py took 1.245 seconds
