[2023-05-01T04:30:54.634+0000] {processor.py:156} INFO - Started process (PID=191) to work on /home/airflow/.local/lib/python3.8/site-packages/airflow/example_dags/example_latest_only_with_trigger.py
[2023-05-01T04:30:54.640+0000] {processor.py:799} INFO - Processing file /home/airflow/.local/lib/python3.8/site-packages/airflow/example_dags/example_latest_only_with_trigger.py for tasks to queue
[2023-05-01T04:30:54.643+0000] {logging_mixin.py:149} INFO - [2023-05-01T04:30:54.642+0000] {dagbag.py:541} INFO - Filling up the DagBag from /home/airflow/.local/lib/python3.8/site-packages/airflow/example_dags/example_latest_only_with_trigger.py
[2023-05-01T04:30:54.673+0000] {processor.py:809} INFO - DAG(s) dict_keys(['latest_only_with_trigger']) retrieved from /home/airflow/.local/lib/python3.8/site-packages/airflow/example_dags/example_latest_only_with_trigger.py
[2023-05-01T04:30:55.747+0000] {logging_mixin.py:149} INFO - [2023-05-01T04:30:55.746+0000] {manager.py:504} INFO - Created Permission View: can read on DAG:latest_only_with_trigger
[2023-05-01T04:30:55.789+0000] {logging_mixin.py:149} INFO - [2023-05-01T04:30:55.788+0000] {manager.py:504} INFO - Created Permission View: can delete on DAG:latest_only_with_trigger
[2023-05-01T04:30:55.818+0000] {logging_mixin.py:149} INFO - [2023-05-01T04:30:55.817+0000] {manager.py:504} INFO - Created Permission View: can edit on DAG:latest_only_with_trigger
[2023-05-01T04:30:55.823+0000] {logging_mixin.py:149} INFO - [2023-05-01T04:30:55.822+0000] {dag.py:2726} INFO - Sync 1 DAGs
[2023-05-01T04:30:55.912+0000] {logging_mixin.py:149} INFO - [2023-05-01T04:30:55.911+0000] {dag.py:2747} INFO - Creating ORM DAG for latest_only_with_trigger
[2023-05-01T04:30:55.967+0000] {logging_mixin.py:149} INFO - [2023-05-01T04:30:55.966+0000] {dag.py:3486} INFO - Setting next_dagrun for latest_only_with_trigger to 2023-05-01T00:30:55.964625+00:00, run_after=2023-05-01T04:30:55.964625+00:00
[2023-05-01T04:30:56.059+0000] {processor.py:178} INFO - Processing /home/airflow/.local/lib/python3.8/site-packages/airflow/example_dags/example_latest_only_with_trigger.py took 1.434 seconds
[2023-05-01T04:31:34.019+0000] {processor.py:156} INFO - Started process (PID=316) to work on /home/airflow/.local/lib/python3.8/site-packages/airflow/example_dags/example_latest_only_with_trigger.py
[2023-05-01T04:31:34.022+0000] {processor.py:799} INFO - Processing file /home/airflow/.local/lib/python3.8/site-packages/airflow/example_dags/example_latest_only_with_trigger.py for tasks to queue
[2023-05-01T04:31:34.033+0000] {logging_mixin.py:149} INFO - [2023-05-01T04:31:34.032+0000] {dagbag.py:541} INFO - Filling up the DagBag from /home/airflow/.local/lib/python3.8/site-packages/airflow/example_dags/example_latest_only_with_trigger.py
[2023-05-01T04:31:34.073+0000] {processor.py:809} INFO - DAG(s) dict_keys(['latest_only_with_trigger']) retrieved from /home/airflow/.local/lib/python3.8/site-packages/airflow/example_dags/example_latest_only_with_trigger.py
[2023-05-01T04:31:34.220+0000] {logging_mixin.py:149} INFO - [2023-05-01T04:31:34.217+0000] {dag.py:2726} INFO - Sync 1 DAGs
[2023-05-01T04:31:34.349+0000] {logging_mixin.py:149} INFO - [2023-05-01T04:31:34.348+0000] {dag.py:3486} INFO - Setting next_dagrun for latest_only_with_trigger to 2023-05-01T00:31:34.347302+00:00, run_after=2023-05-01T04:31:34.347302+00:00
[2023-05-01T04:31:34.394+0000] {processor.py:178} INFO - Processing /home/airflow/.local/lib/python3.8/site-packages/airflow/example_dags/example_latest_only_with_trigger.py took 0.401 seconds
[2023-05-01T04:32:06.613+0000] {processor.py:156} INFO - Started process (PID=438) to work on /home/airflow/.local/lib/python3.8/site-packages/airflow/example_dags/example_latest_only_with_trigger.py
[2023-05-01T04:32:06.615+0000] {processor.py:799} INFO - Processing file /home/airflow/.local/lib/python3.8/site-packages/airflow/example_dags/example_latest_only_with_trigger.py for tasks to queue
[2023-05-01T04:32:06.624+0000] {logging_mixin.py:149} INFO - [2023-05-01T04:32:06.623+0000] {dagbag.py:541} INFO - Filling up the DagBag from /home/airflow/.local/lib/python3.8/site-packages/airflow/example_dags/example_latest_only_with_trigger.py
[2023-05-01T04:32:06.656+0000] {processor.py:809} INFO - DAG(s) dict_keys(['latest_only_with_trigger']) retrieved from /home/airflow/.local/lib/python3.8/site-packages/airflow/example_dags/example_latest_only_with_trigger.py
[2023-05-01T04:32:06.780+0000] {logging_mixin.py:149} INFO - [2023-05-01T04:32:06.779+0000] {dag.py:2726} INFO - Sync 1 DAGs
[2023-05-01T04:32:06.908+0000] {logging_mixin.py:149} INFO - [2023-05-01T04:32:06.907+0000] {dag.py:3486} INFO - Setting next_dagrun for latest_only_with_trigger to 2023-05-01T00:32:06.906194+00:00, run_after=2023-05-01T04:32:06.906194+00:00
[2023-05-01T04:32:07.156+0000] {processor.py:178} INFO - Processing /home/airflow/.local/lib/python3.8/site-packages/airflow/example_dags/example_latest_only_with_trigger.py took 0.563 seconds
[2023-05-01T04:32:38.802+0000] {processor.py:156} INFO - Started process (PID=553) to work on /home/airflow/.local/lib/python3.8/site-packages/airflow/example_dags/example_latest_only_with_trigger.py
[2023-05-01T04:32:38.805+0000] {processor.py:799} INFO - Processing file /home/airflow/.local/lib/python3.8/site-packages/airflow/example_dags/example_latest_only_with_trigger.py for tasks to queue
[2023-05-01T04:32:38.814+0000] {logging_mixin.py:149} INFO - [2023-05-01T04:32:38.813+0000] {dagbag.py:541} INFO - Filling up the DagBag from /home/airflow/.local/lib/python3.8/site-packages/airflow/example_dags/example_latest_only_with_trigger.py
[2023-05-01T04:32:38.846+0000] {processor.py:809} INFO - DAG(s) dict_keys(['latest_only_with_trigger']) retrieved from /home/airflow/.local/lib/python3.8/site-packages/airflow/example_dags/example_latest_only_with_trigger.py
[2023-05-01T04:32:39.010+0000] {logging_mixin.py:149} INFO - [2023-05-01T04:32:39.008+0000] {dag.py:2726} INFO - Sync 1 DAGs
[2023-05-01T04:32:39.254+0000] {logging_mixin.py:149} INFO - [2023-05-01T04:32:39.253+0000] {dag.py:3486} INFO - Setting next_dagrun for latest_only_with_trigger to 2023-05-01T00:32:39.252312+00:00, run_after=2023-05-01T04:32:39.252312+00:00
[2023-05-01T04:32:39.324+0000] {processor.py:178} INFO - Processing /home/airflow/.local/lib/python3.8/site-packages/airflow/example_dags/example_latest_only_with_trigger.py took 0.538 seconds
[2023-05-01T04:33:11.289+0000] {processor.py:156} INFO - Started process (PID=678) to work on /home/airflow/.local/lib/python3.8/site-packages/airflow/example_dags/example_latest_only_with_trigger.py
[2023-05-01T04:33:11.300+0000] {processor.py:799} INFO - Processing file /home/airflow/.local/lib/python3.8/site-packages/airflow/example_dags/example_latest_only_with_trigger.py for tasks to queue
[2023-05-01T04:33:11.316+0000] {logging_mixin.py:149} INFO - [2023-05-01T04:33:11.315+0000] {dagbag.py:541} INFO - Filling up the DagBag from /home/airflow/.local/lib/python3.8/site-packages/airflow/example_dags/example_latest_only_with_trigger.py
[2023-05-01T04:33:11.382+0000] {processor.py:809} INFO - DAG(s) dict_keys(['latest_only_with_trigger']) retrieved from /home/airflow/.local/lib/python3.8/site-packages/airflow/example_dags/example_latest_only_with_trigger.py
[2023-05-01T04:33:11.684+0000] {logging_mixin.py:149} INFO - [2023-05-01T04:33:11.683+0000] {dag.py:2726} INFO - Sync 1 DAGs
[2023-05-01T04:33:11.896+0000] {logging_mixin.py:149} INFO - [2023-05-01T04:33:11.895+0000] {dag.py:3486} INFO - Setting next_dagrun for latest_only_with_trigger to 2023-05-01T00:33:11.893654+00:00, run_after=2023-05-01T04:33:11.893654+00:00
[2023-05-01T04:33:12.107+0000] {processor.py:178} INFO - Processing /home/airflow/.local/lib/python3.8/site-packages/airflow/example_dags/example_latest_only_with_trigger.py took 0.856 seconds
[2023-05-01T04:33:42.413+0000] {processor.py:156} INFO - Started process (PID=790) to work on /home/airflow/.local/lib/python3.8/site-packages/airflow/example_dags/example_latest_only_with_trigger.py
[2023-05-01T04:33:42.416+0000] {processor.py:799} INFO - Processing file /home/airflow/.local/lib/python3.8/site-packages/airflow/example_dags/example_latest_only_with_trigger.py for tasks to queue
[2023-05-01T04:33:42.424+0000] {logging_mixin.py:149} INFO - [2023-05-01T04:33:42.421+0000] {dagbag.py:541} INFO - Filling up the DagBag from /home/airflow/.local/lib/python3.8/site-packages/airflow/example_dags/example_latest_only_with_trigger.py
[2023-05-01T04:33:42.455+0000] {processor.py:809} INFO - DAG(s) dict_keys(['latest_only_with_trigger']) retrieved from /home/airflow/.local/lib/python3.8/site-packages/airflow/example_dags/example_latest_only_with_trigger.py
[2023-05-01T04:33:42.564+0000] {logging_mixin.py:149} INFO - [2023-05-01T04:33:42.563+0000] {dag.py:2726} INFO - Sync 1 DAGs
[2023-05-01T04:33:42.693+0000] {logging_mixin.py:149} INFO - [2023-05-01T04:33:42.692+0000] {dag.py:3486} INFO - Setting next_dagrun for latest_only_with_trigger to 2023-05-01T00:33:42.691223+00:00, run_after=2023-05-01T04:33:42.691223+00:00
[2023-05-01T04:33:42.735+0000] {processor.py:178} INFO - Processing /home/airflow/.local/lib/python3.8/site-packages/airflow/example_dags/example_latest_only_with_trigger.py took 0.339 seconds
[2023-05-01T04:34:14.243+0000] {processor.py:156} INFO - Started process (PID=916) to work on /home/airflow/.local/lib/python3.8/site-packages/airflow/example_dags/example_latest_only_with_trigger.py
[2023-05-01T04:34:14.246+0000] {processor.py:799} INFO - Processing file /home/airflow/.local/lib/python3.8/site-packages/airflow/example_dags/example_latest_only_with_trigger.py for tasks to queue
[2023-05-01T04:34:14.252+0000] {logging_mixin.py:149} INFO - [2023-05-01T04:34:14.249+0000] {dagbag.py:541} INFO - Filling up the DagBag from /home/airflow/.local/lib/python3.8/site-packages/airflow/example_dags/example_latest_only_with_trigger.py
[2023-05-01T04:34:14.276+0000] {processor.py:809} INFO - DAG(s) dict_keys(['latest_only_with_trigger']) retrieved from /home/airflow/.local/lib/python3.8/site-packages/airflow/example_dags/example_latest_only_with_trigger.py
[2023-05-01T04:34:14.417+0000] {logging_mixin.py:149} INFO - [2023-05-01T04:34:14.416+0000] {dag.py:2726} INFO - Sync 1 DAGs
[2023-05-01T04:34:14.554+0000] {logging_mixin.py:149} INFO - [2023-05-01T04:34:14.551+0000] {dag.py:3486} INFO - Setting next_dagrun for latest_only_with_trigger to 2023-05-01T00:34:14.550723+00:00, run_after=2023-05-01T04:34:14.550723+00:00
[2023-05-01T04:34:14.642+0000] {processor.py:178} INFO - Processing /home/airflow/.local/lib/python3.8/site-packages/airflow/example_dags/example_latest_only_with_trigger.py took 0.416 seconds
[2023-05-01T04:34:47.751+0000] {processor.py:156} INFO - Started process (PID=1042) to work on /home/airflow/.local/lib/python3.8/site-packages/airflow/example_dags/example_latest_only_with_trigger.py
[2023-05-01T04:34:47.754+0000] {processor.py:799} INFO - Processing file /home/airflow/.local/lib/python3.8/site-packages/airflow/example_dags/example_latest_only_with_trigger.py for tasks to queue
[2023-05-01T04:34:47.758+0000] {logging_mixin.py:149} INFO - [2023-05-01T04:34:47.758+0000] {dagbag.py:541} INFO - Filling up the DagBag from /home/airflow/.local/lib/python3.8/site-packages/airflow/example_dags/example_latest_only_with_trigger.py
[2023-05-01T04:34:47.786+0000] {processor.py:809} INFO - DAG(s) dict_keys(['latest_only_with_trigger']) retrieved from /home/airflow/.local/lib/python3.8/site-packages/airflow/example_dags/example_latest_only_with_trigger.py
[2023-05-01T04:34:47.945+0000] {logging_mixin.py:149} INFO - [2023-05-01T04:34:47.944+0000] {dag.py:2726} INFO - Sync 1 DAGs
[2023-05-01T04:34:48.163+0000] {logging_mixin.py:149} INFO - [2023-05-01T04:34:48.162+0000] {dag.py:3486} INFO - Setting next_dagrun for latest_only_with_trigger to 2023-05-01T00:34:48.161559+00:00, run_after=2023-05-01T04:34:48.161559+00:00
[2023-05-01T04:34:48.306+0000] {processor.py:178} INFO - Processing /home/airflow/.local/lib/python3.8/site-packages/airflow/example_dags/example_latest_only_with_trigger.py took 0.575 seconds
[2023-05-01T04:35:19.950+0000] {processor.py:156} INFO - Started process (PID=1155) to work on /home/airflow/.local/lib/python3.8/site-packages/airflow/example_dags/example_latest_only_with_trigger.py
[2023-05-01T04:35:19.953+0000] {processor.py:799} INFO - Processing file /home/airflow/.local/lib/python3.8/site-packages/airflow/example_dags/example_latest_only_with_trigger.py for tasks to queue
[2023-05-01T04:35:19.958+0000] {logging_mixin.py:149} INFO - [2023-05-01T04:35:19.958+0000] {dagbag.py:541} INFO - Filling up the DagBag from /home/airflow/.local/lib/python3.8/site-packages/airflow/example_dags/example_latest_only_with_trigger.py
[2023-05-01T04:35:19.985+0000] {processor.py:809} INFO - DAG(s) dict_keys(['latest_only_with_trigger']) retrieved from /home/airflow/.local/lib/python3.8/site-packages/airflow/example_dags/example_latest_only_with_trigger.py
[2023-05-01T04:35:20.133+0000] {logging_mixin.py:149} INFO - [2023-05-01T04:35:20.131+0000] {dag.py:2726} INFO - Sync 1 DAGs
[2023-05-01T04:35:20.301+0000] {logging_mixin.py:149} INFO - [2023-05-01T04:35:20.300+0000] {dag.py:3486} INFO - Setting next_dagrun for latest_only_with_trigger to 2023-05-01T00:35:20.298755+00:00, run_after=2023-05-01T04:35:20.298755+00:00
[2023-05-01T04:35:20.355+0000] {processor.py:178} INFO - Processing /home/airflow/.local/lib/python3.8/site-packages/airflow/example_dags/example_latest_only_with_trigger.py took 0.422 seconds
[2023-05-01T04:35:50.689+0000] {processor.py:156} INFO - Started process (PID=1273) to work on /home/airflow/.local/lib/python3.8/site-packages/airflow/example_dags/example_latest_only_with_trigger.py
[2023-05-01T04:35:50.694+0000] {processor.py:799} INFO - Processing file /home/airflow/.local/lib/python3.8/site-packages/airflow/example_dags/example_latest_only_with_trigger.py for tasks to queue
[2023-05-01T04:35:50.700+0000] {logging_mixin.py:149} INFO - [2023-05-01T04:35:50.700+0000] {dagbag.py:541} INFO - Filling up the DagBag from /home/airflow/.local/lib/python3.8/site-packages/airflow/example_dags/example_latest_only_with_trigger.py
[2023-05-01T04:35:50.726+0000] {processor.py:809} INFO - DAG(s) dict_keys(['latest_only_with_trigger']) retrieved from /home/airflow/.local/lib/python3.8/site-packages/airflow/example_dags/example_latest_only_with_trigger.py
[2023-05-01T04:35:50.936+0000] {logging_mixin.py:149} INFO - [2023-05-01T04:35:50.935+0000] {dag.py:2726} INFO - Sync 1 DAGs
[2023-05-01T04:35:51.123+0000] {logging_mixin.py:149} INFO - [2023-05-01T04:35:51.122+0000] {dag.py:3486} INFO - Setting next_dagrun for latest_only_with_trigger to 2023-05-01T00:35:51.118644+00:00, run_after=2023-05-01T04:35:51.118644+00:00
[2023-05-01T04:35:51.219+0000] {processor.py:178} INFO - Processing /home/airflow/.local/lib/python3.8/site-packages/airflow/example_dags/example_latest_only_with_trigger.py took 0.545 seconds
