[2023-05-01T04:30:27.457+0000] {processor.py:156} INFO - Started process (PID=134) to work on /home/airflow/.local/lib/python3.8/site-packages/airflow/example_dags/tutorial.py
[2023-05-01T04:30:27.460+0000] {processor.py:799} INFO - Processing file /home/airflow/.local/lib/python3.8/site-packages/airflow/example_dags/tutorial.py for tasks to queue
[2023-05-01T04:30:27.462+0000] {logging_mixin.py:149} INFO - [2023-05-01T04:30:27.462+0000] {dagbag.py:541} INFO - Filling up the DagBag from /home/airflow/.local/lib/python3.8/site-packages/airflow/example_dags/tutorial.py
[2023-05-01T04:30:27.516+0000] {processor.py:809} INFO - DAG(s) dict_keys(['tutorial']) retrieved from /home/airflow/.local/lib/python3.8/site-packages/airflow/example_dags/tutorial.py
[2023-05-01T04:30:30.346+0000] {logging_mixin.py:149} INFO - [2023-05-01T04:30:30.340+0000] {manager.py:504} INFO - Created Permission View: can read on DAG:tutorial
[2023-05-01T04:30:30.433+0000] {logging_mixin.py:149} INFO - [2023-05-01T04:30:30.432+0000] {manager.py:504} INFO - Created Permission View: can delete on DAG:tutorial
[2023-05-01T04:30:30.496+0000] {logging_mixin.py:149} INFO - [2023-05-01T04:30:30.495+0000] {manager.py:504} INFO - Created Permission View: can edit on DAG:tutorial
[2023-05-01T04:30:30.498+0000] {logging_mixin.py:149} INFO - [2023-05-01T04:30:30.497+0000] {dag.py:2726} INFO - Sync 1 DAGs
[2023-05-01T04:30:30.609+0000] {logging_mixin.py:149} INFO - [2023-05-01T04:30:30.609+0000] {dag.py:2747} INFO - Creating ORM DAG for tutorial
[2023-05-01T04:30:30.813+0000] {logging_mixin.py:149} INFO - [2023-05-01T04:30:30.812+0000] {dag.py:3486} INFO - Setting next_dagrun for tutorial to 2023-04-30T04:30:30.797901+00:00, run_after=2023-05-01T04:30:30.797901+00:00
[2023-05-01T04:30:31.110+0000] {processor.py:178} INFO - Processing /home/airflow/.local/lib/python3.8/site-packages/airflow/example_dags/tutorial.py took 3.670 seconds
[2023-05-01T04:31:23.182+0000] {processor.py:156} INFO - Started process (PID=262) to work on /home/airflow/.local/lib/python3.8/site-packages/airflow/example_dags/tutorial.py
[2023-05-01T04:31:23.186+0000] {processor.py:799} INFO - Processing file /home/airflow/.local/lib/python3.8/site-packages/airflow/example_dags/tutorial.py for tasks to queue
[2023-05-01T04:31:23.196+0000] {logging_mixin.py:149} INFO - [2023-05-01T04:31:23.194+0000] {dagbag.py:541} INFO - Filling up the DagBag from /home/airflow/.local/lib/python3.8/site-packages/airflow/example_dags/tutorial.py
[2023-05-01T04:31:23.231+0000] {processor.py:809} INFO - DAG(s) dict_keys(['tutorial']) retrieved from /home/airflow/.local/lib/python3.8/site-packages/airflow/example_dags/tutorial.py
[2023-05-01T04:31:23.416+0000] {logging_mixin.py:149} INFO - [2023-05-01T04:31:23.415+0000] {dag.py:2726} INFO - Sync 1 DAGs
[2023-05-01T04:31:23.659+0000] {logging_mixin.py:149} INFO - [2023-05-01T04:31:23.658+0000] {dag.py:3486} INFO - Setting next_dagrun for tutorial to 2023-04-30T04:31:23.653295+00:00, run_after=2023-05-01T04:31:23.653295+00:00
[2023-05-01T04:31:23.848+0000] {processor.py:178} INFO - Processing /home/airflow/.local/lib/python3.8/site-packages/airflow/example_dags/tutorial.py took 0.681 seconds
[2023-05-01T04:31:54.016+0000] {processor.py:156} INFO - Started process (PID=378) to work on /home/airflow/.local/lib/python3.8/site-packages/airflow/example_dags/tutorial.py
[2023-05-01T04:31:54.018+0000] {processor.py:799} INFO - Processing file /home/airflow/.local/lib/python3.8/site-packages/airflow/example_dags/tutorial.py for tasks to queue
[2023-05-01T04:31:54.023+0000] {logging_mixin.py:149} INFO - [2023-05-01T04:31:54.022+0000] {dagbag.py:541} INFO - Filling up the DagBag from /home/airflow/.local/lib/python3.8/site-packages/airflow/example_dags/tutorial.py
[2023-05-01T04:31:54.050+0000] {processor.py:809} INFO - DAG(s) dict_keys(['tutorial']) retrieved from /home/airflow/.local/lib/python3.8/site-packages/airflow/example_dags/tutorial.py
[2023-05-01T04:31:54.158+0000] {logging_mixin.py:149} INFO - [2023-05-01T04:31:54.157+0000] {dag.py:2726} INFO - Sync 1 DAGs
[2023-05-01T04:31:54.261+0000] {logging_mixin.py:149} INFO - [2023-05-01T04:31:54.260+0000] {dag.py:3486} INFO - Setting next_dagrun for tutorial to 2023-04-30T04:31:54.259004+00:00, run_after=2023-05-01T04:31:54.259004+00:00
[2023-05-01T04:31:54.328+0000] {processor.py:178} INFO - Processing /home/airflow/.local/lib/python3.8/site-packages/airflow/example_dags/tutorial.py took 0.324 seconds
[2023-05-01T04:32:24.919+0000] {processor.py:156} INFO - Started process (PID=500) to work on /home/airflow/.local/lib/python3.8/site-packages/airflow/example_dags/tutorial.py
[2023-05-01T04:32:24.932+0000] {processor.py:799} INFO - Processing file /home/airflow/.local/lib/python3.8/site-packages/airflow/example_dags/tutorial.py for tasks to queue
[2023-05-01T04:32:24.946+0000] {logging_mixin.py:149} INFO - [2023-05-01T04:32:24.945+0000] {dagbag.py:541} INFO - Filling up the DagBag from /home/airflow/.local/lib/python3.8/site-packages/airflow/example_dags/tutorial.py
[2023-05-01T04:32:25.025+0000] {processor.py:809} INFO - DAG(s) dict_keys(['tutorial']) retrieved from /home/airflow/.local/lib/python3.8/site-packages/airflow/example_dags/tutorial.py
[2023-05-01T04:32:25.191+0000] {logging_mixin.py:149} INFO - [2023-05-01T04:32:25.190+0000] {dag.py:2726} INFO - Sync 1 DAGs
[2023-05-01T04:32:25.407+0000] {logging_mixin.py:149} INFO - [2023-05-01T04:32:25.406+0000] {dag.py:3486} INFO - Setting next_dagrun for tutorial to 2023-04-30T04:32:25.404877+00:00, run_after=2023-05-01T04:32:25.404877+00:00
[2023-05-01T04:32:25.515+0000] {processor.py:178} INFO - Processing /home/airflow/.local/lib/python3.8/site-packages/airflow/example_dags/tutorial.py took 0.648 seconds
[2023-05-01T04:32:55.788+0000] {processor.py:156} INFO - Started process (PID=616) to work on /home/airflow/.local/lib/python3.8/site-packages/airflow/example_dags/tutorial.py
[2023-05-01T04:32:55.800+0000] {processor.py:799} INFO - Processing file /home/airflow/.local/lib/python3.8/site-packages/airflow/example_dags/tutorial.py for tasks to queue
[2023-05-01T04:32:55.804+0000] {logging_mixin.py:149} INFO - [2023-05-01T04:32:55.803+0000] {dagbag.py:541} INFO - Filling up the DagBag from /home/airflow/.local/lib/python3.8/site-packages/airflow/example_dags/tutorial.py
[2023-05-01T04:32:55.837+0000] {processor.py:809} INFO - DAG(s) dict_keys(['tutorial']) retrieved from /home/airflow/.local/lib/python3.8/site-packages/airflow/example_dags/tutorial.py
[2023-05-01T04:32:55.945+0000] {logging_mixin.py:149} INFO - [2023-05-01T04:32:55.944+0000] {dag.py:2726} INFO - Sync 1 DAGs
[2023-05-01T04:32:56.079+0000] {logging_mixin.py:149} INFO - [2023-05-01T04:32:56.078+0000] {dag.py:3486} INFO - Setting next_dagrun for tutorial to 2023-04-30T04:32:56.077648+00:00, run_after=2023-05-01T04:32:56.077648+00:00
[2023-05-01T04:32:56.172+0000] {processor.py:178} INFO - Processing /home/airflow/.local/lib/python3.8/site-packages/airflow/example_dags/tutorial.py took 0.390 seconds
[2023-05-01T04:33:27.051+0000] {processor.py:156} INFO - Started process (PID=739) to work on /home/airflow/.local/lib/python3.8/site-packages/airflow/example_dags/tutorial.py
[2023-05-01T04:33:27.073+0000] {processor.py:799} INFO - Processing file /home/airflow/.local/lib/python3.8/site-packages/airflow/example_dags/tutorial.py for tasks to queue
[2023-05-01T04:33:27.077+0000] {logging_mixin.py:149} INFO - [2023-05-01T04:33:27.076+0000] {dagbag.py:541} INFO - Filling up the DagBag from /home/airflow/.local/lib/python3.8/site-packages/airflow/example_dags/tutorial.py
[2023-05-01T04:33:27.146+0000] {processor.py:809} INFO - DAG(s) dict_keys(['tutorial']) retrieved from /home/airflow/.local/lib/python3.8/site-packages/airflow/example_dags/tutorial.py
[2023-05-01T04:33:27.296+0000] {logging_mixin.py:149} INFO - [2023-05-01T04:33:27.295+0000] {dag.py:2726} INFO - Sync 1 DAGs
[2023-05-01T04:33:27.481+0000] {logging_mixin.py:149} INFO - [2023-05-01T04:33:27.480+0000] {dag.py:3486} INFO - Setting next_dagrun for tutorial to 2023-04-30T04:33:27.474184+00:00, run_after=2023-05-01T04:33:27.474184+00:00
[2023-05-01T04:33:27.634+0000] {processor.py:178} INFO - Processing /home/airflow/.local/lib/python3.8/site-packages/airflow/example_dags/tutorial.py took 0.617 seconds
[2023-05-01T04:33:58.335+0000] {processor.py:156} INFO - Started process (PID=853) to work on /home/airflow/.local/lib/python3.8/site-packages/airflow/example_dags/tutorial.py
[2023-05-01T04:33:58.337+0000] {processor.py:799} INFO - Processing file /home/airflow/.local/lib/python3.8/site-packages/airflow/example_dags/tutorial.py for tasks to queue
[2023-05-01T04:33:58.341+0000] {logging_mixin.py:149} INFO - [2023-05-01T04:33:58.340+0000] {dagbag.py:541} INFO - Filling up the DagBag from /home/airflow/.local/lib/python3.8/site-packages/airflow/example_dags/tutorial.py
[2023-05-01T04:33:58.356+0000] {processor.py:809} INFO - DAG(s) dict_keys(['tutorial']) retrieved from /home/airflow/.local/lib/python3.8/site-packages/airflow/example_dags/tutorial.py
[2023-05-01T04:33:58.436+0000] {logging_mixin.py:149} INFO - [2023-05-01T04:33:58.436+0000] {dag.py:2726} INFO - Sync 1 DAGs
[2023-05-01T04:33:58.506+0000] {logging_mixin.py:149} INFO - [2023-05-01T04:33:58.506+0000] {dag.py:3486} INFO - Setting next_dagrun for tutorial to 2023-04-30T04:33:58.504858+00:00, run_after=2023-05-01T04:33:58.504858+00:00
[2023-05-01T04:33:58.555+0000] {processor.py:178} INFO - Processing /home/airflow/.local/lib/python3.8/site-packages/airflow/example_dags/tutorial.py took 0.226 seconds
[2023-05-01T04:34:28.777+0000] {processor.py:156} INFO - Started process (PID=979) to work on /home/airflow/.local/lib/python3.8/site-packages/airflow/example_dags/tutorial.py
[2023-05-01T04:34:28.780+0000] {processor.py:799} INFO - Processing file /home/airflow/.local/lib/python3.8/site-packages/airflow/example_dags/tutorial.py for tasks to queue
[2023-05-01T04:34:28.788+0000] {logging_mixin.py:149} INFO - [2023-05-01T04:34:28.785+0000] {dagbag.py:541} INFO - Filling up the DagBag from /home/airflow/.local/lib/python3.8/site-packages/airflow/example_dags/tutorial.py
[2023-05-01T04:34:28.831+0000] {processor.py:809} INFO - DAG(s) dict_keys(['tutorial']) retrieved from /home/airflow/.local/lib/python3.8/site-packages/airflow/example_dags/tutorial.py
[2023-05-01T04:34:28.913+0000] {logging_mixin.py:149} INFO - [2023-05-01T04:34:28.913+0000] {dag.py:2726} INFO - Sync 1 DAGs
[2023-05-01T04:34:28.987+0000] {logging_mixin.py:149} INFO - [2023-05-01T04:34:28.986+0000] {dag.py:3486} INFO - Setting next_dagrun for tutorial to 2023-04-30T04:34:28.984946+00:00, run_after=2023-05-01T04:34:28.984946+00:00
[2023-05-01T04:34:29.061+0000] {processor.py:178} INFO - Processing /home/airflow/.local/lib/python3.8/site-packages/airflow/example_dags/tutorial.py took 0.307 seconds
[2023-05-01T04:34:59.294+0000] {processor.py:156} INFO - Started process (PID=1090) to work on /home/airflow/.local/lib/python3.8/site-packages/airflow/example_dags/tutorial.py
[2023-05-01T04:34:59.296+0000] {processor.py:799} INFO - Processing file /home/airflow/.local/lib/python3.8/site-packages/airflow/example_dags/tutorial.py for tasks to queue
[2023-05-01T04:34:59.300+0000] {logging_mixin.py:149} INFO - [2023-05-01T04:34:59.299+0000] {dagbag.py:541} INFO - Filling up the DagBag from /home/airflow/.local/lib/python3.8/site-packages/airflow/example_dags/tutorial.py
[2023-05-01T04:34:59.317+0000] {processor.py:809} INFO - DAG(s) dict_keys(['tutorial']) retrieved from /home/airflow/.local/lib/python3.8/site-packages/airflow/example_dags/tutorial.py
[2023-05-01T04:34:59.379+0000] {logging_mixin.py:149} INFO - [2023-05-01T04:34:59.379+0000] {dag.py:2726} INFO - Sync 1 DAGs
[2023-05-01T04:34:59.444+0000] {logging_mixin.py:149} INFO - [2023-05-01T04:34:59.443+0000] {dag.py:3486} INFO - Setting next_dagrun for tutorial to 2023-04-30T04:34:59.442617+00:00, run_after=2023-05-01T04:34:59.442617+00:00
[2023-05-01T04:34:59.487+0000] {processor.py:178} INFO - Processing /home/airflow/.local/lib/python3.8/site-packages/airflow/example_dags/tutorial.py took 0.199 seconds
[2023-05-01T04:35:29.929+0000] {processor.py:156} INFO - Started process (PID=1216) to work on /home/airflow/.local/lib/python3.8/site-packages/airflow/example_dags/tutorial.py
[2023-05-01T04:35:29.943+0000] {processor.py:799} INFO - Processing file /home/airflow/.local/lib/python3.8/site-packages/airflow/example_dags/tutorial.py for tasks to queue
[2023-05-01T04:35:29.948+0000] {logging_mixin.py:149} INFO - [2023-05-01T04:35:29.947+0000] {dagbag.py:541} INFO - Filling up the DagBag from /home/airflow/.local/lib/python3.8/site-packages/airflow/example_dags/tutorial.py
[2023-05-01T04:35:29.983+0000] {processor.py:809} INFO - DAG(s) dict_keys(['tutorial']) retrieved from /home/airflow/.local/lib/python3.8/site-packages/airflow/example_dags/tutorial.py
[2023-05-01T04:35:30.109+0000] {logging_mixin.py:149} INFO - [2023-05-01T04:35:30.108+0000] {dag.py:2726} INFO - Sync 1 DAGs
[2023-05-01T04:35:30.301+0000] {logging_mixin.py:149} INFO - [2023-05-01T04:35:30.300+0000] {dag.py:3486} INFO - Setting next_dagrun for tutorial to 2023-04-30T04:35:30.299006+00:00, run_after=2023-05-01T04:35:30.299006+00:00
[2023-05-01T04:35:30.351+0000] {processor.py:178} INFO - Processing /home/airflow/.local/lib/python3.8/site-packages/airflow/example_dags/tutorial.py took 0.444 seconds
