[2023-05-01T04:30:19.920+0000] {processor.py:156} INFO - Started process (PID=117) to work on /home/airflow/.local/lib/python3.8/site-packages/airflow/example_dags/tutorial_dag.py
[2023-05-01T04:30:19.933+0000] {processor.py:799} INFO - Processing file /home/airflow/.local/lib/python3.8/site-packages/airflow/example_dags/tutorial_dag.py for tasks to queue
[2023-05-01T04:30:19.935+0000] {logging_mixin.py:149} INFO - [2023-05-01T04:30:19.935+0000] {dagbag.py:541} INFO - Filling up the DagBag from /home/airflow/.local/lib/python3.8/site-packages/airflow/example_dags/tutorial_dag.py
[2023-05-01T04:30:19.998+0000] {processor.py:809} INFO - DAG(s) dict_keys(['tutorial_dag']) retrieved from /home/airflow/.local/lib/python3.8/site-packages/airflow/example_dags/tutorial_dag.py
[2023-05-01T04:30:21.099+0000] {logging_mixin.py:149} INFO - [2023-05-01T04:30:21.098+0000] {manager.py:504} INFO - Created Permission View: can read on DAG:tutorial_dag
[2023-05-01T04:30:21.130+0000] {logging_mixin.py:149} INFO - [2023-05-01T04:30:21.129+0000] {manager.py:504} INFO - Created Permission View: can delete on DAG:tutorial_dag
[2023-05-01T04:30:21.155+0000] {logging_mixin.py:149} INFO - [2023-05-01T04:30:21.155+0000] {manager.py:504} INFO - Created Permission View: can edit on DAG:tutorial_dag
[2023-05-01T04:30:21.157+0000] {logging_mixin.py:149} INFO - [2023-05-01T04:30:21.157+0000] {dag.py:2726} INFO - Sync 1 DAGs
[2023-05-01T04:30:21.222+0000] {logging_mixin.py:149} INFO - [2023-05-01T04:30:21.217+0000] {dag.py:2747} INFO - Creating ORM DAG for tutorial_dag
[2023-05-01T04:30:21.288+0000] {logging_mixin.py:149} INFO - [2023-05-01T04:30:21.288+0000] {dag.py:3486} INFO - Setting next_dagrun for tutorial_dag to None, run_after=None
[2023-05-01T04:30:21.391+0000] {processor.py:178} INFO - Processing /home/airflow/.local/lib/python3.8/site-packages/airflow/example_dags/tutorial_dag.py took 1.491 seconds
[2023-05-01T04:31:21.162+0000] {processor.py:156} INFO - Started process (PID=256) to work on /home/airflow/.local/lib/python3.8/site-packages/airflow/example_dags/tutorial_dag.py
[2023-05-01T04:31:21.167+0000] {processor.py:799} INFO - Processing file /home/airflow/.local/lib/python3.8/site-packages/airflow/example_dags/tutorial_dag.py for tasks to queue
[2023-05-01T04:31:21.176+0000] {logging_mixin.py:149} INFO - [2023-05-01T04:31:21.172+0000] {dagbag.py:541} INFO - Filling up the DagBag from /home/airflow/.local/lib/python3.8/site-packages/airflow/example_dags/tutorial_dag.py
[2023-05-01T04:31:21.201+0000] {processor.py:809} INFO - DAG(s) dict_keys(['tutorial_dag']) retrieved from /home/airflow/.local/lib/python3.8/site-packages/airflow/example_dags/tutorial_dag.py
[2023-05-01T04:31:21.332+0000] {logging_mixin.py:149} INFO - [2023-05-01T04:31:21.330+0000] {dag.py:2726} INFO - Sync 1 DAGs
[2023-05-01T04:31:21.450+0000] {logging_mixin.py:149} INFO - [2023-05-01T04:31:21.449+0000] {dag.py:3486} INFO - Setting next_dagrun for tutorial_dag to None, run_after=None
[2023-05-01T04:31:21.540+0000] {processor.py:178} INFO - Processing /home/airflow/.local/lib/python3.8/site-packages/airflow/example_dags/tutorial_dag.py took 0.393 seconds
[2023-05-01T04:31:51.907+0000] {processor.py:156} INFO - Started process (PID=372) to work on /home/airflow/.local/lib/python3.8/site-packages/airflow/example_dags/tutorial_dag.py
[2023-05-01T04:31:51.916+0000] {processor.py:799} INFO - Processing file /home/airflow/.local/lib/python3.8/site-packages/airflow/example_dags/tutorial_dag.py for tasks to queue
[2023-05-01T04:31:51.925+0000] {logging_mixin.py:149} INFO - [2023-05-01T04:31:51.924+0000] {dagbag.py:541} INFO - Filling up the DagBag from /home/airflow/.local/lib/python3.8/site-packages/airflow/example_dags/tutorial_dag.py
[2023-05-01T04:31:51.968+0000] {processor.py:809} INFO - DAG(s) dict_keys(['tutorial_dag']) retrieved from /home/airflow/.local/lib/python3.8/site-packages/airflow/example_dags/tutorial_dag.py
[2023-05-01T04:31:52.110+0000] {logging_mixin.py:149} INFO - [2023-05-01T04:31:52.109+0000] {dag.py:2726} INFO - Sync 1 DAGs
[2023-05-01T04:31:52.256+0000] {logging_mixin.py:149} INFO - [2023-05-01T04:31:52.256+0000] {dag.py:3486} INFO - Setting next_dagrun for tutorial_dag to None, run_after=None
[2023-05-01T04:31:52.398+0000] {processor.py:178} INFO - Processing /home/airflow/.local/lib/python3.8/site-packages/airflow/example_dags/tutorial_dag.py took 0.514 seconds
[2023-05-01T04:32:23.204+0000] {processor.py:156} INFO - Started process (PID=484) to work on /home/airflow/.local/lib/python3.8/site-packages/airflow/example_dags/tutorial_dag.py
[2023-05-01T04:32:23.208+0000] {processor.py:799} INFO - Processing file /home/airflow/.local/lib/python3.8/site-packages/airflow/example_dags/tutorial_dag.py for tasks to queue
[2023-05-01T04:32:23.213+0000] {logging_mixin.py:149} INFO - [2023-05-01T04:32:23.213+0000] {dagbag.py:541} INFO - Filling up the DagBag from /home/airflow/.local/lib/python3.8/site-packages/airflow/example_dags/tutorial_dag.py
[2023-05-01T04:32:23.250+0000] {processor.py:809} INFO - DAG(s) dict_keys(['tutorial_dag']) retrieved from /home/airflow/.local/lib/python3.8/site-packages/airflow/example_dags/tutorial_dag.py
[2023-05-01T04:32:23.331+0000] {logging_mixin.py:149} INFO - [2023-05-01T04:32:23.330+0000] {dag.py:2726} INFO - Sync 1 DAGs
[2023-05-01T04:32:23.473+0000] {logging_mixin.py:149} INFO - [2023-05-01T04:32:23.472+0000] {dag.py:3486} INFO - Setting next_dagrun for tutorial_dag to None, run_after=None
[2023-05-01T04:32:23.549+0000] {processor.py:178} INFO - Processing /home/airflow/.local/lib/python3.8/site-packages/airflow/example_dags/tutorial_dag.py took 0.358 seconds
[2023-05-01T04:32:53.657+0000] {processor.py:156} INFO - Started process (PID=608) to work on /home/airflow/.local/lib/python3.8/site-packages/airflow/example_dags/tutorial_dag.py
[2023-05-01T04:32:53.665+0000] {processor.py:799} INFO - Processing file /home/airflow/.local/lib/python3.8/site-packages/airflow/example_dags/tutorial_dag.py for tasks to queue
[2023-05-01T04:32:53.673+0000] {logging_mixin.py:149} INFO - [2023-05-01T04:32:53.673+0000] {dagbag.py:541} INFO - Filling up the DagBag from /home/airflow/.local/lib/python3.8/site-packages/airflow/example_dags/tutorial_dag.py
[2023-05-01T04:32:53.717+0000] {processor.py:809} INFO - DAG(s) dict_keys(['tutorial_dag']) retrieved from /home/airflow/.local/lib/python3.8/site-packages/airflow/example_dags/tutorial_dag.py
[2023-05-01T04:32:53.885+0000] {logging_mixin.py:149} INFO - [2023-05-01T04:32:53.882+0000] {dag.py:2726} INFO - Sync 1 DAGs
[2023-05-01T04:32:54.044+0000] {logging_mixin.py:149} INFO - [2023-05-01T04:32:54.043+0000] {dag.py:3486} INFO - Setting next_dagrun for tutorial_dag to None, run_after=None
[2023-05-01T04:32:54.156+0000] {processor.py:178} INFO - Processing /home/airflow/.local/lib/python3.8/site-packages/airflow/example_dags/tutorial_dag.py took 0.520 seconds
[2023-05-01T04:33:24.401+0000] {processor.py:156} INFO - Started process (PID=717) to work on /home/airflow/.local/lib/python3.8/site-packages/airflow/example_dags/tutorial_dag.py
[2023-05-01T04:33:24.410+0000] {processor.py:799} INFO - Processing file /home/airflow/.local/lib/python3.8/site-packages/airflow/example_dags/tutorial_dag.py for tasks to queue
[2023-05-01T04:33:24.417+0000] {logging_mixin.py:149} INFO - [2023-05-01T04:33:24.416+0000] {dagbag.py:541} INFO - Filling up the DagBag from /home/airflow/.local/lib/python3.8/site-packages/airflow/example_dags/tutorial_dag.py
[2023-05-01T04:33:24.451+0000] {processor.py:809} INFO - DAG(s) dict_keys(['tutorial_dag']) retrieved from /home/airflow/.local/lib/python3.8/site-packages/airflow/example_dags/tutorial_dag.py
[2023-05-01T04:33:24.566+0000] {logging_mixin.py:149} INFO - [2023-05-01T04:33:24.565+0000] {dag.py:2726} INFO - Sync 1 DAGs
[2023-05-01T04:33:24.783+0000] {logging_mixin.py:149} INFO - [2023-05-01T04:33:24.783+0000] {dag.py:3486} INFO - Setting next_dagrun for tutorial_dag to None, run_after=None
[2023-05-01T04:33:24.919+0000] {processor.py:178} INFO - Processing /home/airflow/.local/lib/python3.8/site-packages/airflow/example_dags/tutorial_dag.py took 0.523 seconds
[2023-05-01T04:33:55.524+0000] {processor.py:156} INFO - Started process (PID=842) to work on /home/airflow/.local/lib/python3.8/site-packages/airflow/example_dags/tutorial_dag.py
[2023-05-01T04:33:55.530+0000] {processor.py:799} INFO - Processing file /home/airflow/.local/lib/python3.8/site-packages/airflow/example_dags/tutorial_dag.py for tasks to queue
[2023-05-01T04:33:55.543+0000] {logging_mixin.py:149} INFO - [2023-05-01T04:33:55.543+0000] {dagbag.py:541} INFO - Filling up the DagBag from /home/airflow/.local/lib/python3.8/site-packages/airflow/example_dags/tutorial_dag.py
[2023-05-01T04:33:55.564+0000] {processor.py:809} INFO - DAG(s) dict_keys(['tutorial_dag']) retrieved from /home/airflow/.local/lib/python3.8/site-packages/airflow/example_dags/tutorial_dag.py
[2023-05-01T04:33:55.735+0000] {logging_mixin.py:149} INFO - [2023-05-01T04:33:55.734+0000] {dag.py:2726} INFO - Sync 1 DAGs
[2023-05-01T04:33:55.806+0000] {logging_mixin.py:149} INFO - [2023-05-01T04:33:55.805+0000] {dag.py:3486} INFO - Setting next_dagrun for tutorial_dag to None, run_after=None
[2023-05-01T04:33:55.866+0000] {processor.py:178} INFO - Processing /home/airflow/.local/lib/python3.8/site-packages/airflow/example_dags/tutorial_dag.py took 0.350 seconds
[2023-05-01T04:34:26.606+0000] {processor.py:156} INFO - Started process (PID=966) to work on /home/airflow/.local/lib/python3.8/site-packages/airflow/example_dags/tutorial_dag.py
[2023-05-01T04:34:26.615+0000] {processor.py:799} INFO - Processing file /home/airflow/.local/lib/python3.8/site-packages/airflow/example_dags/tutorial_dag.py for tasks to queue
[2023-05-01T04:34:26.625+0000] {logging_mixin.py:149} INFO - [2023-05-01T04:34:26.625+0000] {dagbag.py:541} INFO - Filling up the DagBag from /home/airflow/.local/lib/python3.8/site-packages/airflow/example_dags/tutorial_dag.py
[2023-05-01T04:34:26.713+0000] {processor.py:809} INFO - DAG(s) dict_keys(['tutorial_dag']) retrieved from /home/airflow/.local/lib/python3.8/site-packages/airflow/example_dags/tutorial_dag.py
[2023-05-01T04:34:26.922+0000] {logging_mixin.py:149} INFO - [2023-05-01T04:34:26.920+0000] {dag.py:2726} INFO - Sync 1 DAGs
[2023-05-01T04:34:27.067+0000] {logging_mixin.py:149} INFO - [2023-05-01T04:34:27.067+0000] {dag.py:3486} INFO - Setting next_dagrun for tutorial_dag to None, run_after=None
[2023-05-01T04:34:27.191+0000] {processor.py:178} INFO - Processing /home/airflow/.local/lib/python3.8/site-packages/airflow/example_dags/tutorial_dag.py took 0.609 seconds
[2023-05-01T04:34:58.000+0000] {processor.py:156} INFO - Started process (PID=1081) to work on /home/airflow/.local/lib/python3.8/site-packages/airflow/example_dags/tutorial_dag.py
[2023-05-01T04:34:58.004+0000] {processor.py:799} INFO - Processing file /home/airflow/.local/lib/python3.8/site-packages/airflow/example_dags/tutorial_dag.py for tasks to queue
[2023-05-01T04:34:58.010+0000] {logging_mixin.py:149} INFO - [2023-05-01T04:34:58.009+0000] {dagbag.py:541} INFO - Filling up the DagBag from /home/airflow/.local/lib/python3.8/site-packages/airflow/example_dags/tutorial_dag.py
[2023-05-01T04:34:58.033+0000] {processor.py:809} INFO - DAG(s) dict_keys(['tutorial_dag']) retrieved from /home/airflow/.local/lib/python3.8/site-packages/airflow/example_dags/tutorial_dag.py
[2023-05-01T04:34:58.169+0000] {logging_mixin.py:149} INFO - [2023-05-01T04:34:58.168+0000] {dag.py:2726} INFO - Sync 1 DAGs
[2023-05-01T04:34:58.312+0000] {logging_mixin.py:149} INFO - [2023-05-01T04:34:58.312+0000] {dag.py:3486} INFO - Setting next_dagrun for tutorial_dag to None, run_after=None
[2023-05-01T04:34:58.399+0000] {processor.py:178} INFO - Processing /home/airflow/.local/lib/python3.8/site-packages/airflow/example_dags/tutorial_dag.py took 0.415 seconds
[2023-05-01T04:35:28.626+0000] {processor.py:156} INFO - Started process (PID=1208) to work on /home/airflow/.local/lib/python3.8/site-packages/airflow/example_dags/tutorial_dag.py
[2023-05-01T04:35:28.629+0000] {processor.py:799} INFO - Processing file /home/airflow/.local/lib/python3.8/site-packages/airflow/example_dags/tutorial_dag.py for tasks to queue
[2023-05-01T04:35:28.635+0000] {logging_mixin.py:149} INFO - [2023-05-01T04:35:28.635+0000] {dagbag.py:541} INFO - Filling up the DagBag from /home/airflow/.local/lib/python3.8/site-packages/airflow/example_dags/tutorial_dag.py
[2023-05-01T04:35:28.667+0000] {processor.py:809} INFO - DAG(s) dict_keys(['tutorial_dag']) retrieved from /home/airflow/.local/lib/python3.8/site-packages/airflow/example_dags/tutorial_dag.py
[2023-05-01T04:35:28.874+0000] {logging_mixin.py:149} INFO - [2023-05-01T04:35:28.872+0000] {dag.py:2726} INFO - Sync 1 DAGs
[2023-05-01T04:35:28.960+0000] {logging_mixin.py:149} INFO - [2023-05-01T04:35:28.960+0000] {dag.py:3486} INFO - Setting next_dagrun for tutorial_dag to None, run_after=None
[2023-05-01T04:35:29.059+0000] {processor.py:178} INFO - Processing /home/airflow/.local/lib/python3.8/site-packages/airflow/example_dags/tutorial_dag.py took 0.451 seconds
