[2023-05-01T04:30:16.973+0000] {processor.py:156} INFO - Started process (PID=115) to work on /home/airflow/.local/lib/python3.8/site-packages/airflow/example_dags/tutorial_taskflow_api_virtualenv.py
[2023-05-01T04:30:16.983+0000] {processor.py:799} INFO - Processing file /home/airflow/.local/lib/python3.8/site-packages/airflow/example_dags/tutorial_taskflow_api_virtualenv.py for tasks to queue
[2023-05-01T04:30:16.987+0000] {logging_mixin.py:149} INFO - [2023-05-01T04:30:16.986+0000] {dagbag.py:541} INFO - Filling up the DagBag from /home/airflow/.local/lib/python3.8/site-packages/airflow/example_dags/tutorial_taskflow_api_virtualenv.py
[2023-05-01T04:30:17.191+0000] {processor.py:809} INFO - DAG(s) dict_keys(['tutorial_taskflow_api_virtualenv']) retrieved from /home/airflow/.local/lib/python3.8/site-packages/airflow/example_dags/tutorial_taskflow_api_virtualenv.py
[2023-05-01T04:30:19.405+0000] {logging_mixin.py:149} INFO - [2023-05-01T04:30:19.404+0000] {manager.py:504} INFO - Created Permission View: can read on DAG:tutorial_taskflow_api_virtualenv
[2023-05-01T04:30:19.495+0000] {logging_mixin.py:149} INFO - [2023-05-01T04:30:19.494+0000] {manager.py:504} INFO - Created Permission View: can delete on DAG:tutorial_taskflow_api_virtualenv
[2023-05-01T04:30:19.542+0000] {logging_mixin.py:149} INFO - [2023-05-01T04:30:19.541+0000] {manager.py:504} INFO - Created Permission View: can edit on DAG:tutorial_taskflow_api_virtualenv
[2023-05-01T04:30:19.547+0000] {logging_mixin.py:149} INFO - [2023-05-01T04:30:19.545+0000] {dag.py:2726} INFO - Sync 1 DAGs
[2023-05-01T04:30:19.636+0000] {logging_mixin.py:149} INFO - [2023-05-01T04:30:19.635+0000] {dag.py:2747} INFO - Creating ORM DAG for tutorial_taskflow_api_virtualenv
[2023-05-01T04:30:19.715+0000] {logging_mixin.py:149} INFO - [2023-05-01T04:30:19.715+0000] {dag.py:3486} INFO - Setting next_dagrun for tutorial_taskflow_api_virtualenv to None, run_after=None
[2023-05-01T04:30:19.809+0000] {processor.py:178} INFO - Processing /home/airflow/.local/lib/python3.8/site-packages/airflow/example_dags/tutorial_taskflow_api_virtualenv.py took 2.937 seconds
[2023-05-01T04:31:20.631+0000] {processor.py:156} INFO - Started process (PID=253) to work on /home/airflow/.local/lib/python3.8/site-packages/airflow/example_dags/tutorial_taskflow_api_virtualenv.py
[2023-05-01T04:31:20.642+0000] {processor.py:799} INFO - Processing file /home/airflow/.local/lib/python3.8/site-packages/airflow/example_dags/tutorial_taskflow_api_virtualenv.py for tasks to queue
[2023-05-01T04:31:20.653+0000] {logging_mixin.py:149} INFO - [2023-05-01T04:31:20.652+0000] {dagbag.py:541} INFO - Filling up the DagBag from /home/airflow/.local/lib/python3.8/site-packages/airflow/example_dags/tutorial_taskflow_api_virtualenv.py
[2023-05-01T04:31:20.716+0000] {processor.py:809} INFO - DAG(s) dict_keys(['tutorial_taskflow_api_virtualenv']) retrieved from /home/airflow/.local/lib/python3.8/site-packages/airflow/example_dags/tutorial_taskflow_api_virtualenv.py
[2023-05-01T04:31:20.869+0000] {logging_mixin.py:149} INFO - [2023-05-01T04:31:20.868+0000] {dag.py:2726} INFO - Sync 1 DAGs
[2023-05-01T04:31:20.990+0000] {logging_mixin.py:149} INFO - [2023-05-01T04:31:20.990+0000] {dag.py:3486} INFO - Setting next_dagrun for tutorial_taskflow_api_virtualenv to None, run_after=None
[2023-05-01T04:31:21.073+0000] {processor.py:178} INFO - Processing /home/airflow/.local/lib/python3.8/site-packages/airflow/example_dags/tutorial_taskflow_api_virtualenv.py took 0.459 seconds
[2023-05-01T04:31:51.864+0000] {processor.py:156} INFO - Started process (PID=370) to work on /home/airflow/.local/lib/python3.8/site-packages/airflow/example_dags/tutorial_taskflow_api_virtualenv.py
[2023-05-01T04:31:51.868+0000] {processor.py:799} INFO - Processing file /home/airflow/.local/lib/python3.8/site-packages/airflow/example_dags/tutorial_taskflow_api_virtualenv.py for tasks to queue
[2023-05-01T04:31:51.873+0000] {logging_mixin.py:149} INFO - [2023-05-01T04:31:51.873+0000] {dagbag.py:541} INFO - Filling up the DagBag from /home/airflow/.local/lib/python3.8/site-packages/airflow/example_dags/tutorial_taskflow_api_virtualenv.py
[2023-05-01T04:31:51.937+0000] {processor.py:809} INFO - DAG(s) dict_keys(['tutorial_taskflow_api_virtualenv']) retrieved from /home/airflow/.local/lib/python3.8/site-packages/airflow/example_dags/tutorial_taskflow_api_virtualenv.py
[2023-05-01T04:31:52.108+0000] {logging_mixin.py:149} INFO - [2023-05-01T04:31:52.106+0000] {dag.py:2726} INFO - Sync 1 DAGs
[2023-05-01T04:31:52.252+0000] {logging_mixin.py:149} INFO - [2023-05-01T04:31:52.252+0000] {dag.py:3486} INFO - Setting next_dagrun for tutorial_taskflow_api_virtualenv to None, run_after=None
[2023-05-01T04:31:52.400+0000] {processor.py:178} INFO - Processing /home/airflow/.local/lib/python3.8/site-packages/airflow/example_dags/tutorial_taskflow_api_virtualenv.py took 0.546 seconds
[2023-05-01T04:32:23.193+0000] {processor.py:156} INFO - Started process (PID=483) to work on /home/airflow/.local/lib/python3.8/site-packages/airflow/example_dags/tutorial_taskflow_api_virtualenv.py
[2023-05-01T04:32:23.198+0000] {processor.py:799} INFO - Processing file /home/airflow/.local/lib/python3.8/site-packages/airflow/example_dags/tutorial_taskflow_api_virtualenv.py for tasks to queue
[2023-05-01T04:32:23.203+0000] {logging_mixin.py:149} INFO - [2023-05-01T04:32:23.202+0000] {dagbag.py:541} INFO - Filling up the DagBag from /home/airflow/.local/lib/python3.8/site-packages/airflow/example_dags/tutorial_taskflow_api_virtualenv.py
[2023-05-01T04:32:23.252+0000] {processor.py:809} INFO - DAG(s) dict_keys(['tutorial_taskflow_api_virtualenv']) retrieved from /home/airflow/.local/lib/python3.8/site-packages/airflow/example_dags/tutorial_taskflow_api_virtualenv.py
[2023-05-01T04:32:23.369+0000] {logging_mixin.py:149} INFO - [2023-05-01T04:32:23.367+0000] {dag.py:2726} INFO - Sync 1 DAGs
[2023-05-01T04:32:23.505+0000] {logging_mixin.py:149} INFO - [2023-05-01T04:32:23.505+0000] {dag.py:3486} INFO - Setting next_dagrun for tutorial_taskflow_api_virtualenv to None, run_after=None
[2023-05-01T04:32:23.593+0000] {processor.py:178} INFO - Processing /home/airflow/.local/lib/python3.8/site-packages/airflow/example_dags/tutorial_taskflow_api_virtualenv.py took 0.416 seconds
[2023-05-01T04:32:53.826+0000] {processor.py:156} INFO - Started process (PID=610) to work on /home/airflow/.local/lib/python3.8/site-packages/airflow/example_dags/tutorial_taskflow_api_virtualenv.py
[2023-05-01T04:32:53.829+0000] {processor.py:799} INFO - Processing file /home/airflow/.local/lib/python3.8/site-packages/airflow/example_dags/tutorial_taskflow_api_virtualenv.py for tasks to queue
[2023-05-01T04:32:53.836+0000] {logging_mixin.py:149} INFO - [2023-05-01T04:32:53.835+0000] {dagbag.py:541} INFO - Filling up the DagBag from /home/airflow/.local/lib/python3.8/site-packages/airflow/example_dags/tutorial_taskflow_api_virtualenv.py
[2023-05-01T04:32:53.861+0000] {processor.py:809} INFO - DAG(s) dict_keys(['tutorial_taskflow_api_virtualenv']) retrieved from /home/airflow/.local/lib/python3.8/site-packages/airflow/example_dags/tutorial_taskflow_api_virtualenv.py
[2023-05-01T04:32:53.978+0000] {logging_mixin.py:149} INFO - [2023-05-01T04:32:53.977+0000] {dag.py:2726} INFO - Sync 1 DAGs
[2023-05-01T04:32:54.112+0000] {logging_mixin.py:149} INFO - [2023-05-01T04:32:54.111+0000] {dag.py:3486} INFO - Setting next_dagrun for tutorial_taskflow_api_virtualenv to None, run_after=None
[2023-05-01T04:32:54.203+0000] {processor.py:178} INFO - Processing /home/airflow/.local/lib/python3.8/site-packages/airflow/example_dags/tutorial_taskflow_api_virtualenv.py took 0.389 seconds
[2023-05-01T04:33:24.404+0000] {processor.py:156} INFO - Started process (PID=716) to work on /home/airflow/.local/lib/python3.8/site-packages/airflow/example_dags/tutorial_taskflow_api_virtualenv.py
[2023-05-01T04:33:24.406+0000] {processor.py:799} INFO - Processing file /home/airflow/.local/lib/python3.8/site-packages/airflow/example_dags/tutorial_taskflow_api_virtualenv.py for tasks to queue
[2023-05-01T04:33:24.412+0000] {logging_mixin.py:149} INFO - [2023-05-01T04:33:24.411+0000] {dagbag.py:541} INFO - Filling up the DagBag from /home/airflow/.local/lib/python3.8/site-packages/airflow/example_dags/tutorial_taskflow_api_virtualenv.py
[2023-05-01T04:33:24.454+0000] {processor.py:809} INFO - DAG(s) dict_keys(['tutorial_taskflow_api_virtualenv']) retrieved from /home/airflow/.local/lib/python3.8/site-packages/airflow/example_dags/tutorial_taskflow_api_virtualenv.py
[2023-05-01T04:33:24.570+0000] {logging_mixin.py:149} INFO - [2023-05-01T04:33:24.568+0000] {dag.py:2726} INFO - Sync 1 DAGs
[2023-05-01T04:33:24.655+0000] {logging_mixin.py:149} INFO - [2023-05-01T04:33:24.654+0000] {dag.py:3486} INFO - Setting next_dagrun for tutorial_taskflow_api_virtualenv to None, run_after=None
[2023-05-01T04:33:24.726+0000] {processor.py:178} INFO - Processing /home/airflow/.local/lib/python3.8/site-packages/airflow/example_dags/tutorial_taskflow_api_virtualenv.py took 0.343 seconds
[2023-05-01T04:33:55.511+0000] {processor.py:156} INFO - Started process (PID=841) to work on /home/airflow/.local/lib/python3.8/site-packages/airflow/example_dags/tutorial_taskflow_api_virtualenv.py
[2023-05-01T04:33:55.515+0000] {processor.py:799} INFO - Processing file /home/airflow/.local/lib/python3.8/site-packages/airflow/example_dags/tutorial_taskflow_api_virtualenv.py for tasks to queue
[2023-05-01T04:33:55.530+0000] {logging_mixin.py:149} INFO - [2023-05-01T04:33:55.529+0000] {dagbag.py:541} INFO - Filling up the DagBag from /home/airflow/.local/lib/python3.8/site-packages/airflow/example_dags/tutorial_taskflow_api_virtualenv.py
[2023-05-01T04:33:55.582+0000] {processor.py:809} INFO - DAG(s) dict_keys(['tutorial_taskflow_api_virtualenv']) retrieved from /home/airflow/.local/lib/python3.8/site-packages/airflow/example_dags/tutorial_taskflow_api_virtualenv.py
[2023-05-01T04:33:55.650+0000] {logging_mixin.py:149} INFO - [2023-05-01T04:33:55.649+0000] {dag.py:2726} INFO - Sync 1 DAGs
[2023-05-01T04:33:55.717+0000] {logging_mixin.py:149} INFO - [2023-05-01T04:33:55.716+0000] {dag.py:3486} INFO - Setting next_dagrun for tutorial_taskflow_api_virtualenv to None, run_after=None
[2023-05-01T04:33:55.762+0000] {processor.py:178} INFO - Processing /home/airflow/.local/lib/python3.8/site-packages/airflow/example_dags/tutorial_taskflow_api_virtualenv.py took 0.260 seconds
[2023-05-01T04:34:26.595+0000] {processor.py:156} INFO - Started process (PID=964) to work on /home/airflow/.local/lib/python3.8/site-packages/airflow/example_dags/tutorial_taskflow_api_virtualenv.py
[2023-05-01T04:34:26.602+0000] {processor.py:799} INFO - Processing file /home/airflow/.local/lib/python3.8/site-packages/airflow/example_dags/tutorial_taskflow_api_virtualenv.py for tasks to queue
[2023-05-01T04:34:26.621+0000] {logging_mixin.py:149} INFO - [2023-05-01T04:34:26.619+0000] {dagbag.py:541} INFO - Filling up the DagBag from /home/airflow/.local/lib/python3.8/site-packages/airflow/example_dags/tutorial_taskflow_api_virtualenv.py
[2023-05-01T04:34:26.705+0000] {processor.py:809} INFO - DAG(s) dict_keys(['tutorial_taskflow_api_virtualenv']) retrieved from /home/airflow/.local/lib/python3.8/site-packages/airflow/example_dags/tutorial_taskflow_api_virtualenv.py
[2023-05-01T04:34:26.917+0000] {logging_mixin.py:149} INFO - [2023-05-01T04:34:26.916+0000] {dag.py:2726} INFO - Sync 1 DAGs
[2023-05-01T04:34:27.073+0000] {logging_mixin.py:149} INFO - [2023-05-01T04:34:27.071+0000] {dag.py:3486} INFO - Setting next_dagrun for tutorial_taskflow_api_virtualenv to None, run_after=None
[2023-05-01T04:34:27.188+0000] {processor.py:178} INFO - Processing /home/airflow/.local/lib/python3.8/site-packages/airflow/example_dags/tutorial_taskflow_api_virtualenv.py took 0.630 seconds
[2023-05-01T04:34:57.990+0000] {processor.py:156} INFO - Started process (PID=1080) to work on /home/airflow/.local/lib/python3.8/site-packages/airflow/example_dags/tutorial_taskflow_api_virtualenv.py
[2023-05-01T04:34:57.996+0000] {processor.py:799} INFO - Processing file /home/airflow/.local/lib/python3.8/site-packages/airflow/example_dags/tutorial_taskflow_api_virtualenv.py for tasks to queue
[2023-05-01T04:34:58.005+0000] {logging_mixin.py:149} INFO - [2023-05-01T04:34:58.004+0000] {dagbag.py:541} INFO - Filling up the DagBag from /home/airflow/.local/lib/python3.8/site-packages/airflow/example_dags/tutorial_taskflow_api_virtualenv.py
[2023-05-01T04:34:58.049+0000] {processor.py:809} INFO - DAG(s) dict_keys(['tutorial_taskflow_api_virtualenv']) retrieved from /home/airflow/.local/lib/python3.8/site-packages/airflow/example_dags/tutorial_taskflow_api_virtualenv.py
[2023-05-01T04:34:58.181+0000] {logging_mixin.py:149} INFO - [2023-05-01T04:34:58.180+0000] {dag.py:2726} INFO - Sync 1 DAGs
[2023-05-01T04:34:58.310+0000] {logging_mixin.py:149} INFO - [2023-05-01T04:34:58.309+0000] {dag.py:3486} INFO - Setting next_dagrun for tutorial_taskflow_api_virtualenv to None, run_after=None
[2023-05-01T04:34:58.395+0000] {processor.py:178} INFO - Processing /home/airflow/.local/lib/python3.8/site-packages/airflow/example_dags/tutorial_taskflow_api_virtualenv.py took 0.420 seconds
[2023-05-01T04:35:28.589+0000] {processor.py:156} INFO - Started process (PID=1206) to work on /home/airflow/.local/lib/python3.8/site-packages/airflow/example_dags/tutorial_taskflow_api_virtualenv.py
[2023-05-01T04:35:28.599+0000] {processor.py:799} INFO - Processing file /home/airflow/.local/lib/python3.8/site-packages/airflow/example_dags/tutorial_taskflow_api_virtualenv.py for tasks to queue
[2023-05-01T04:35:28.609+0000] {logging_mixin.py:149} INFO - [2023-05-01T04:35:28.609+0000] {dagbag.py:541} INFO - Filling up the DagBag from /home/airflow/.local/lib/python3.8/site-packages/airflow/example_dags/tutorial_taskflow_api_virtualenv.py
[2023-05-01T04:35:28.693+0000] {processor.py:809} INFO - DAG(s) dict_keys(['tutorial_taskflow_api_virtualenv']) retrieved from /home/airflow/.local/lib/python3.8/site-packages/airflow/example_dags/tutorial_taskflow_api_virtualenv.py
[2023-05-01T04:35:28.992+0000] {logging_mixin.py:149} INFO - [2023-05-01T04:35:28.990+0000] {dag.py:2726} INFO - Sync 1 DAGs
[2023-05-01T04:35:29.079+0000] {logging_mixin.py:149} INFO - [2023-05-01T04:35:29.079+0000] {dag.py:3486} INFO - Setting next_dagrun for tutorial_taskflow_api_virtualenv to None, run_after=None
[2023-05-01T04:35:29.148+0000] {processor.py:178} INFO - Processing /home/airflow/.local/lib/python3.8/site-packages/airflow/example_dags/tutorial_taskflow_api_virtualenv.py took 0.579 seconds
