[2023-05-01T04:30:21.614+0000] {processor.py:156} INFO - Started process (PID=120) to work on /home/airflow/.local/lib/python3.8/site-packages/airflow/example_dags/tutorial_taskflow_api.py
[2023-05-01T04:30:21.618+0000] {processor.py:799} INFO - Processing file /home/airflow/.local/lib/python3.8/site-packages/airflow/example_dags/tutorial_taskflow_api.py for tasks to queue
[2023-05-01T04:30:21.623+0000] {logging_mixin.py:149} INFO - [2023-05-01T04:30:21.621+0000] {dagbag.py:541} INFO - Filling up the DagBag from /home/airflow/.local/lib/python3.8/site-packages/airflow/example_dags/tutorial_taskflow_api.py
[2023-05-01T04:30:21.679+0000] {processor.py:809} INFO - DAG(s) dict_keys(['tutorial_taskflow_api']) retrieved from /home/airflow/.local/lib/python3.8/site-packages/airflow/example_dags/tutorial_taskflow_api.py
[2023-05-01T04:30:23.309+0000] {logging_mixin.py:149} INFO - [2023-05-01T04:30:23.308+0000] {manager.py:504} INFO - Created Permission View: can read on DAG:tutorial_taskflow_api
[2023-05-01T04:30:23.364+0000] {logging_mixin.py:149} INFO - [2023-05-01T04:30:23.363+0000] {manager.py:504} INFO - Created Permission View: can delete on DAG:tutorial_taskflow_api
[2023-05-01T04:30:23.404+0000] {logging_mixin.py:149} INFO - [2023-05-01T04:30:23.403+0000] {manager.py:504} INFO - Created Permission View: can edit on DAG:tutorial_taskflow_api
[2023-05-01T04:30:23.407+0000] {logging_mixin.py:149} INFO - [2023-05-01T04:30:23.406+0000] {dag.py:2726} INFO - Sync 1 DAGs
[2023-05-01T04:30:23.486+0000] {logging_mixin.py:149} INFO - [2023-05-01T04:30:23.485+0000] {dag.py:2747} INFO - Creating ORM DAG for tutorial_taskflow_api
[2023-05-01T04:30:23.560+0000] {logging_mixin.py:149} INFO - [2023-05-01T04:30:23.559+0000] {dag.py:3486} INFO - Setting next_dagrun for tutorial_taskflow_api to None, run_after=None
[2023-05-01T04:30:23.683+0000] {processor.py:178} INFO - Processing /home/airflow/.local/lib/python3.8/site-packages/airflow/example_dags/tutorial_taskflow_api.py took 2.134 seconds
[2023-05-01T04:31:21.656+0000] {processor.py:156} INFO - Started process (PID=258) to work on /home/airflow/.local/lib/python3.8/site-packages/airflow/example_dags/tutorial_taskflow_api.py
[2023-05-01T04:31:21.675+0000] {processor.py:799} INFO - Processing file /home/airflow/.local/lib/python3.8/site-packages/airflow/example_dags/tutorial_taskflow_api.py for tasks to queue
[2023-05-01T04:31:21.685+0000] {logging_mixin.py:149} INFO - [2023-05-01T04:31:21.684+0000] {dagbag.py:541} INFO - Filling up the DagBag from /home/airflow/.local/lib/python3.8/site-packages/airflow/example_dags/tutorial_taskflow_api.py
[2023-05-01T04:31:21.737+0000] {processor.py:809} INFO - DAG(s) dict_keys(['tutorial_taskflow_api']) retrieved from /home/airflow/.local/lib/python3.8/site-packages/airflow/example_dags/tutorial_taskflow_api.py
[2023-05-01T04:31:21.979+0000] {logging_mixin.py:149} INFO - [2023-05-01T04:31:21.978+0000] {dag.py:2726} INFO - Sync 1 DAGs
[2023-05-01T04:31:22.208+0000] {logging_mixin.py:149} INFO - [2023-05-01T04:31:22.197+0000] {dag.py:3486} INFO - Setting next_dagrun for tutorial_taskflow_api to None, run_after=None
[2023-05-01T04:31:22.358+0000] {processor.py:178} INFO - Processing /home/airflow/.local/lib/python3.8/site-packages/airflow/example_dags/tutorial_taskflow_api.py took 0.718 seconds
[2023-05-01T04:31:52.530+0000] {processor.py:156} INFO - Started process (PID=374) to work on /home/airflow/.local/lib/python3.8/site-packages/airflow/example_dags/tutorial_taskflow_api.py
[2023-05-01T04:31:52.533+0000] {processor.py:799} INFO - Processing file /home/airflow/.local/lib/python3.8/site-packages/airflow/example_dags/tutorial_taskflow_api.py for tasks to queue
[2023-05-01T04:31:52.538+0000] {logging_mixin.py:149} INFO - [2023-05-01T04:31:52.538+0000] {dagbag.py:541} INFO - Filling up the DagBag from /home/airflow/.local/lib/python3.8/site-packages/airflow/example_dags/tutorial_taskflow_api.py
[2023-05-01T04:31:52.570+0000] {processor.py:809} INFO - DAG(s) dict_keys(['tutorial_taskflow_api']) retrieved from /home/airflow/.local/lib/python3.8/site-packages/airflow/example_dags/tutorial_taskflow_api.py
[2023-05-01T04:31:52.716+0000] {logging_mixin.py:149} INFO - [2023-05-01T04:31:52.715+0000] {dag.py:2726} INFO - Sync 1 DAGs
[2023-05-01T04:31:52.829+0000] {logging_mixin.py:149} INFO - [2023-05-01T04:31:52.828+0000] {dag.py:3486} INFO - Setting next_dagrun for tutorial_taskflow_api to None, run_after=None
[2023-05-01T04:31:52.909+0000] {processor.py:178} INFO - Processing /home/airflow/.local/lib/python3.8/site-packages/airflow/example_dags/tutorial_taskflow_api.py took 0.402 seconds
[2023-05-01T04:32:23.625+0000] {processor.py:156} INFO - Started process (PID=487) to work on /home/airflow/.local/lib/python3.8/site-packages/airflow/example_dags/tutorial_taskflow_api.py
[2023-05-01T04:32:23.627+0000] {processor.py:799} INFO - Processing file /home/airflow/.local/lib/python3.8/site-packages/airflow/example_dags/tutorial_taskflow_api.py for tasks to queue
[2023-05-01T04:32:23.635+0000] {logging_mixin.py:149} INFO - [2023-05-01T04:32:23.630+0000] {dagbag.py:541} INFO - Filling up the DagBag from /home/airflow/.local/lib/python3.8/site-packages/airflow/example_dags/tutorial_taskflow_api.py
[2023-05-01T04:32:23.658+0000] {processor.py:809} INFO - DAG(s) dict_keys(['tutorial_taskflow_api']) retrieved from /home/airflow/.local/lib/python3.8/site-packages/airflow/example_dags/tutorial_taskflow_api.py
[2023-05-01T04:32:23.725+0000] {logging_mixin.py:149} INFO - [2023-05-01T04:32:23.724+0000] {dag.py:2726} INFO - Sync 1 DAGs
[2023-05-01T04:32:23.787+0000] {logging_mixin.py:149} INFO - [2023-05-01T04:32:23.786+0000] {dag.py:3486} INFO - Setting next_dagrun for tutorial_taskflow_api to None, run_after=None
[2023-05-01T04:32:23.870+0000] {processor.py:178} INFO - Processing /home/airflow/.local/lib/python3.8/site-packages/airflow/example_dags/tutorial_taskflow_api.py took 0.252 seconds
[2023-05-01T04:32:54.283+0000] {processor.py:156} INFO - Started process (PID=612) to work on /home/airflow/.local/lib/python3.8/site-packages/airflow/example_dags/tutorial_taskflow_api.py
[2023-05-01T04:32:54.288+0000] {processor.py:799} INFO - Processing file /home/airflow/.local/lib/python3.8/site-packages/airflow/example_dags/tutorial_taskflow_api.py for tasks to queue
[2023-05-01T04:32:54.297+0000] {logging_mixin.py:149} INFO - [2023-05-01T04:32:54.296+0000] {dagbag.py:541} INFO - Filling up the DagBag from /home/airflow/.local/lib/python3.8/site-packages/airflow/example_dags/tutorial_taskflow_api.py
[2023-05-01T04:32:54.339+0000] {processor.py:809} INFO - DAG(s) dict_keys(['tutorial_taskflow_api']) retrieved from /home/airflow/.local/lib/python3.8/site-packages/airflow/example_dags/tutorial_taskflow_api.py
[2023-05-01T04:32:54.466+0000] {logging_mixin.py:149} INFO - [2023-05-01T04:32:54.465+0000] {dag.py:2726} INFO - Sync 1 DAGs
[2023-05-01T04:32:54.608+0000] {logging_mixin.py:149} INFO - [2023-05-01T04:32:54.607+0000] {dag.py:3486} INFO - Setting next_dagrun for tutorial_taskflow_api to None, run_after=None
[2023-05-01T04:32:54.690+0000] {processor.py:178} INFO - Processing /home/airflow/.local/lib/python3.8/site-packages/airflow/example_dags/tutorial_taskflow_api.py took 0.421 seconds
[2023-05-01T04:33:25.695+0000] {processor.py:156} INFO - Started process (PID=733) to work on /home/airflow/.local/lib/python3.8/site-packages/airflow/example_dags/tutorial_taskflow_api.py
[2023-05-01T04:33:25.701+0000] {processor.py:799} INFO - Processing file /home/airflow/.local/lib/python3.8/site-packages/airflow/example_dags/tutorial_taskflow_api.py for tasks to queue
[2023-05-01T04:33:25.715+0000] {logging_mixin.py:149} INFO - [2023-05-01T04:33:25.714+0000] {dagbag.py:541} INFO - Filling up the DagBag from /home/airflow/.local/lib/python3.8/site-packages/airflow/example_dags/tutorial_taskflow_api.py
[2023-05-01T04:33:25.759+0000] {processor.py:809} INFO - DAG(s) dict_keys(['tutorial_taskflow_api']) retrieved from /home/airflow/.local/lib/python3.8/site-packages/airflow/example_dags/tutorial_taskflow_api.py
[2023-05-01T04:33:25.848+0000] {logging_mixin.py:149} INFO - [2023-05-01T04:33:25.846+0000] {dag.py:2726} INFO - Sync 1 DAGs
[2023-05-01T04:33:25.999+0000] {logging_mixin.py:149} INFO - [2023-05-01T04:33:25.996+0000] {dag.py:3486} INFO - Setting next_dagrun for tutorial_taskflow_api to None, run_after=None
[2023-05-01T04:33:26.120+0000] {processor.py:178} INFO - Processing /home/airflow/.local/lib/python3.8/site-packages/airflow/example_dags/tutorial_taskflow_api.py took 0.437 seconds
[2023-05-01T04:33:56.307+0000] {processor.py:156} INFO - Started process (PID=849) to work on /home/airflow/.local/lib/python3.8/site-packages/airflow/example_dags/tutorial_taskflow_api.py
[2023-05-01T04:33:56.310+0000] {processor.py:799} INFO - Processing file /home/airflow/.local/lib/python3.8/site-packages/airflow/example_dags/tutorial_taskflow_api.py for tasks to queue
[2023-05-01T04:33:56.314+0000] {logging_mixin.py:149} INFO - [2023-05-01T04:33:56.314+0000] {dagbag.py:541} INFO - Filling up the DagBag from /home/airflow/.local/lib/python3.8/site-packages/airflow/example_dags/tutorial_taskflow_api.py
[2023-05-01T04:33:56.335+0000] {processor.py:809} INFO - DAG(s) dict_keys(['tutorial_taskflow_api']) retrieved from /home/airflow/.local/lib/python3.8/site-packages/airflow/example_dags/tutorial_taskflow_api.py
[2023-05-01T04:33:56.409+0000] {logging_mixin.py:149} INFO - [2023-05-01T04:33:56.408+0000] {dag.py:2726} INFO - Sync 1 DAGs
[2023-05-01T04:33:56.475+0000] {logging_mixin.py:149} INFO - [2023-05-01T04:33:56.475+0000] {dag.py:3486} INFO - Setting next_dagrun for tutorial_taskflow_api to None, run_after=None
[2023-05-01T04:33:56.518+0000] {processor.py:178} INFO - Processing /home/airflow/.local/lib/python3.8/site-packages/airflow/example_dags/tutorial_taskflow_api.py took 0.221 seconds
[2023-05-01T04:34:28.183+0000] {processor.py:156} INFO - Started process (PID=972) to work on /home/airflow/.local/lib/python3.8/site-packages/airflow/example_dags/tutorial_taskflow_api.py
[2023-05-01T04:34:28.187+0000] {processor.py:799} INFO - Processing file /home/airflow/.local/lib/python3.8/site-packages/airflow/example_dags/tutorial_taskflow_api.py for tasks to queue
[2023-05-01T04:34:28.194+0000] {logging_mixin.py:149} INFO - [2023-05-01T04:34:28.193+0000] {dagbag.py:541} INFO - Filling up the DagBag from /home/airflow/.local/lib/python3.8/site-packages/airflow/example_dags/tutorial_taskflow_api.py
[2023-05-01T04:34:28.224+0000] {processor.py:809} INFO - DAG(s) dict_keys(['tutorial_taskflow_api']) retrieved from /home/airflow/.local/lib/python3.8/site-packages/airflow/example_dags/tutorial_taskflow_api.py
[2023-05-01T04:34:28.396+0000] {logging_mixin.py:149} INFO - [2023-05-01T04:34:28.395+0000] {dag.py:2726} INFO - Sync 1 DAGs
[2023-05-01T04:34:28.509+0000] {logging_mixin.py:149} INFO - [2023-05-01T04:34:28.508+0000] {dag.py:3486} INFO - Setting next_dagrun for tutorial_taskflow_api to None, run_after=None
[2023-05-01T04:34:28.604+0000] {processor.py:178} INFO - Processing /home/airflow/.local/lib/python3.8/site-packages/airflow/example_dags/tutorial_taskflow_api.py took 0.434 seconds
[2023-05-01T04:34:59.042+0000] {processor.py:156} INFO - Started process (PID=1088) to work on /home/airflow/.local/lib/python3.8/site-packages/airflow/example_dags/tutorial_taskflow_api.py
[2023-05-01T04:34:59.044+0000] {processor.py:799} INFO - Processing file /home/airflow/.local/lib/python3.8/site-packages/airflow/example_dags/tutorial_taskflow_api.py for tasks to queue
[2023-05-01T04:34:59.049+0000] {logging_mixin.py:149} INFO - [2023-05-01T04:34:59.048+0000] {dagbag.py:541} INFO - Filling up the DagBag from /home/airflow/.local/lib/python3.8/site-packages/airflow/example_dags/tutorial_taskflow_api.py
[2023-05-01T04:34:59.068+0000] {processor.py:809} INFO - DAG(s) dict_keys(['tutorial_taskflow_api']) retrieved from /home/airflow/.local/lib/python3.8/site-packages/airflow/example_dags/tutorial_taskflow_api.py
[2023-05-01T04:34:59.132+0000] {logging_mixin.py:149} INFO - [2023-05-01T04:34:59.131+0000] {dag.py:2726} INFO - Sync 1 DAGs
[2023-05-01T04:34:59.200+0000] {logging_mixin.py:149} INFO - [2023-05-01T04:34:59.199+0000] {dag.py:3486} INFO - Setting next_dagrun for tutorial_taskflow_api to None, run_after=None
[2023-05-01T04:34:59.244+0000] {processor.py:178} INFO - Processing /home/airflow/.local/lib/python3.8/site-packages/airflow/example_dags/tutorial_taskflow_api.py took 0.210 seconds
[2023-05-01T04:35:29.769+0000] {processor.py:156} INFO - Started process (PID=1214) to work on /home/airflow/.local/lib/python3.8/site-packages/airflow/example_dags/tutorial_taskflow_api.py
[2023-05-01T04:35:29.775+0000] {processor.py:799} INFO - Processing file /home/airflow/.local/lib/python3.8/site-packages/airflow/example_dags/tutorial_taskflow_api.py for tasks to queue
[2023-05-01T04:35:29.784+0000] {logging_mixin.py:149} INFO - [2023-05-01T04:35:29.783+0000] {dagbag.py:541} INFO - Filling up the DagBag from /home/airflow/.local/lib/python3.8/site-packages/airflow/example_dags/tutorial_taskflow_api.py
[2023-05-01T04:35:29.839+0000] {processor.py:809} INFO - DAG(s) dict_keys(['tutorial_taskflow_api']) retrieved from /home/airflow/.local/lib/python3.8/site-packages/airflow/example_dags/tutorial_taskflow_api.py
[2023-05-01T04:35:29.978+0000] {logging_mixin.py:149} INFO - [2023-05-01T04:35:29.977+0000] {dag.py:2726} INFO - Sync 1 DAGs
[2023-05-01T04:35:30.142+0000] {logging_mixin.py:149} INFO - [2023-05-01T04:35:30.141+0000] {dag.py:3486} INFO - Setting next_dagrun for tutorial_taskflow_api to None, run_after=None
[2023-05-01T04:35:30.266+0000] {processor.py:178} INFO - Processing /home/airflow/.local/lib/python3.8/site-packages/airflow/example_dags/tutorial_taskflow_api.py took 0.513 seconds
